Log file open, 08/10/18 13:04:00
LogWindows: Failed to load 'aqProf.dll' (GetLastError=126)
LogWindows: File 'aqProf.dll' does not exist
LogWindows: Failed to load 'VSPerf140.dll' (GetLastError=126)
LogWindows: File 'VSPerf140.dll' does not exist
LogWindows: Failed to load 'VtuneApi.dll' (GetLastError=126)
LogWindows: File 'VtuneApi.dll' does not exist
LogWindows: Failed to load 'VtuneApi32e.dll' (GetLastError=126)
LogWindows: File 'VtuneApi32e.dll' does not exist
LogInit: Display: Running engine for game: CS205
LogPlatformFile: Not using cached read wrapper
LogTaskGraph: Started task graph with 5 named threads and 23 total threads with 3 sets of task threads.
LogStats: Stats thread started at 0.280133
LogD3D11RHI: Loaded GFSDK_Aftermath_Lib.x64.dll
LogICUInternationalization: Display: ICU TimeZone Detection - Raw Offset: +12:00, Platform Override: ''
LogPluginManager: Mounting plugin Paper2D
LogPluginManager: Mounting plugin AISupport
LogPluginManager: Mounting plugin LightPropagationVolume
LogPluginManager: Mounting plugin CLionSourceCodeAccess
LogPluginManager: Mounting plugin CodeLiteSourceCodeAccess
LogPluginManager: Mounting plugin GitSourceControl
LogPluginManager: Mounting plugin KDevelopSourceCodeAccess
LogPluginManager: Mounting plugin NullSourceCodeAccess
LogPluginManager: Mounting plugin PerforceSourceControl
LogPluginManager: Mounting plugin SubversionSourceControl
LogPluginManager: Mounting plugin UObjectPlugin
LogPluginManager: Mounting plugin VisualStudioCodeSourceCodeAccess
LogPluginManager: Mounting plugin VisualStudioSourceCodeAccess
LogPluginManager: Mounting plugin XCodeSourceCodeAccess
LogPluginManager: Mounting plugin AssetManagerEditor
LogPluginManager: Mounting plugin CryptoKeys
LogPluginManager: Mounting plugin DataValidation
LogPluginManager: Mounting plugin FacialAnimation
LogPluginManager: Mounting plugin GameplayTagsEditor
LogPluginManager: Mounting plugin MacGraphicsSwitching
LogPluginManager: Mounting plugin MeshEditor
LogPluginManager: Mounting plugin MobileLauncherProfileWizard
LogPluginManager: Mounting plugin PluginBrowser
LogPluginManager: Mounting plugin SpeedTreeImporter
LogPluginManager: Mounting plugin DatasmithContent
LogPluginManager: Mounting plugin AlembicImporter
LogPluginManager: Mounting plugin AppleImageUtils
LogPluginManager: Mounting plugin AppleVision
LogPluginManager: Mounting plugin BackChannel
LogPluginManager: Mounting plugin CharacterAI
LogPluginManager: Mounting plugin GeometryCache
LogPluginManager: Mounting plugin HTML5Networking
LogPluginManager: Mounting plugin ProxyLODPlugin
LogPluginManager: Mounting plugin MagicLeap
LogPluginManager: Mounting plugin MagicLeapEmulator
LogPluginManager: Mounting plugin MagicLeapMedia
LogPluginManager: Mounting plugin AndroidMedia
LogPluginManager: Mounting plugin AvfMedia
LogPluginManager: Mounting plugin ImgMedia
LogPluginManager: Mounting plugin LinearTimecode
LogPluginManager: Mounting plugin MediaCompositing
LogPluginManager: Mounting plugin MediaPlayerEditor
LogPluginManager: Mounting plugin WmfMedia
LogPluginManager: Mounting plugin TcpMessaging
LogPluginManager: Mounting plugin UdpMessaging
LogPluginManager: Mounting plugin ActorSequence
LogPluginManager: Mounting plugin LevelSequenceEditor
LogPluginManager: Mounting plugin MatineeToLevelSequence
LogPluginManager: Mounting plugin NetcodeUnitTest
LogPluginManager: Mounting plugin NUTUnrealEngine4
LogPluginManager: Mounting plugin OnlineSubsystemGooglePlay
LogPluginManager: Mounting plugin OnlineSubsystemIOS
LogPluginManager: Mounting plugin OnlineSubsystem
LogPluginManager: Mounting plugin OnlineSubsystemNull
LogPluginManager: Mounting plugin OnlineSubsystemUtils
LogPluginManager: Mounting plugin LauncherChunkInstaller
LogPluginManager: Mounting plugin AndroidDeviceProfileSelector
LogPluginManager: Mounting plugin AndroidMoviePlayer
LogPluginManager: Mounting plugin AndroidPermission
LogPluginManager: Mounting plugin AppleMoviePlayer
LogPluginManager: Mounting plugin ArchVisCharacter
LogPluginManager: Mounting plugin AudioCapture
LogPluginManager: Mounting plugin CableComponent
LogPluginManager: Mounting plugin CustomMeshComponent
LogPluginManager: Mounting plugin EditableMesh
LogPluginManager: Mounting plugin ExampleDeviceProfileSelector
LogPluginManager: Mounting plugin GoogleCloudMessaging
LogPluginManager: Mounting plugin ImmediatePhysics
LogPluginManager: Mounting plugin IOSDeviceProfileSelector
LogPluginManager: Mounting plugin LinuxDeviceProfileSelector
LogPluginManager: Mounting plugin LocationServicesBPLibrary
LogPluginManager: Mounting plugin MobilePatchingUtils
LogPluginManager: Mounting plugin OculusVR
LogPluginManager: Plugin shader directory ../../../Engine/Plugins/Runtime/Oculus/OculusVR/Shaders found
LogPluginManager: Mapping shader source directory ../../../Engine/Plugins/Runtime/Oculus/OculusVR/Shaders to virtual directory /Plugin/OculusVR
LogPluginManager: Mounting plugin PhysXVehicles
LogPluginManager: Mounting plugin ProceduralMeshComponent
LogPluginManager: Mounting plugin RuntimePhysXCooking
LogPluginManager: Mounting plugin SteamVR
LogPluginManager: Mounting plugin WindowsMoviePlayer
LogStreaming: Display: Took  0.128s to configure plugins.
LogInit: Using libcurl 7.55.1-DEV
LogInit:  - built for x86_64-pc-win32
LogInit:  - supports SSL with OpenSSL/1.0.2h
LogInit:  - supports HTTP deflate (compression) using libz 1.2.8
LogInit:  - other features:
LogInit:      CURL_VERSION_SSL
LogInit:      CURL_VERSION_LIBZ
LogInit:      CURL_VERSION_IPV6
LogInit:      CURL_VERSION_ASYNCHDNS
LogInit:      CURL_VERSION_LARGEFILE
LogInit:      CURL_VERSION_IDN
LogInit:  CurlRequestOptions (configurable via config and command line):
LogInit:  - bVerifyPeer = false  - Libcurl will NOT verify peer certificate
LogInit:  - bUseHttpProxy = false  - Libcurl will NOT use HTTP proxy
LogInit:  - bDontReuseConnections = false  - Libcurl will reuse connections
LogInit:  - CertBundlePath = nullptr  - Libcurl will use whatever was configured at build time.
LogInit:  - MaxHostConnections = 16  - Libcurl will limit the number of connections to a host
LogInit:  - LocalHostAddr = Default
LogInit:  - BufferSize = 65536
LogModuleManager: Warning: ModuleManager: Unable to load module 'OnlineSubsystemSteam'  - 0 instances of that module name found.
LogInit: WinSock: version 1.1 (2.2), MaxSocks=32767, MaxUdp=65467
LogInit: Build: ++UE4+Release-4.20-CL-4212847
LogInit: Engine Version: 4.20.0-4212847+++UE4+Release-4.20
LogInit: Compatible Engine Version: 4.20.0-4212847+++UE4+Release-4.20
LogInit: Net CL: 4212847
LogInit: OS: Windows 10 (), CPU: Intel(R) Core(TM) i7-7700 CPU @ 3.60GHz, GPU: NVIDIA GeForce GTX 1070
LogInit: Compiled (64-bit): Jul 14 2018 09:51:14
LogInit: Compiled with Visual C++: 19.13.26129.00
LogInit: Build Configuration: Development
LogInit: Branch Name: ++UE4+Release-4.20
LogInit: Command Line:  
LogInit: Base Directory: C:/Program Files/Epic Games/UE_4.20/Engine/Binaries/Win64/
LogInit: Installed Engine Build: 1
LogDevObjectVersion: Number of dev versions registered: 20
LogDevObjectVersion:   Dev-Blueprints (B0D832E4-1F89-4F0D-ACCF-7EB736FD4AA2): 10
LogDevObjectVersion:   Dev-Build (E1C64328-A22C-4D53-A36C-8E866417BD8C): 0
LogDevObjectVersion:   Dev-Core (375EC13C-06E4-48FB-B500-84F0262A717E): 2
LogDevObjectVersion:   Dev-Editor (E4B068ED-F494-42E9-A231-DA0B2E46BB41): 24
LogDevObjectVersion:   Dev-Framework (CFFC743F-43B0-4480-9391-14DF171D2073): 34
LogDevObjectVersion:   Dev-Mobile (B02B49B5-BB20-44E9-A304-32B752E40360): 2
LogDevObjectVersion:   Dev-Networking (A4E4105C-59A1-49B5-A7C5-40C4547EDFEE): 0
LogDevObjectVersion:   Dev-Online (39C831C9-5AE6-47DC-9A44-9C173E1C8E7C): 0
LogDevObjectVersion:   Dev-Physics (78F01B33-EBEA-4F98-B9B4-84EACCB95AA2): 0
LogDevObjectVersion:   Dev-Platform (6631380F-2D4D-43E0-8009-CF276956A95A): 0
LogDevObjectVersion:   Dev-Rendering (12F88B9F-8875-4AFC-A67C-D90C383ABD29): 26
LogDevObjectVersion:   Dev-Sequencer (7B5AE74C-D270-4C10-A958-57980B212A5A): 9
LogDevObjectVersion:   Dev-VR (D7296918-1DD6-4BDD-9DE2-64A83CC13884): 2
LogDevObjectVersion:   Dev-LoadTimes (C2A15278-BFE7-4AFE-6C17-90FF531DF755): 1
LogDevObjectVersion:   Private-Geometry (6EACA3D4-40EC-4CC1-B786-8BED09428FC5): 3
LogDevObjectVersion:   Dev-AnimPhys (29E575DD-E0A3-4627-9D10-D276232CDCEA): 17
LogDevObjectVersion:   Dev-ReflectionCapture (6B266CEC-1EC7-4B8F-A30B-E4D90942FC07): 1
LogDevObjectVersion:   Dev-Automation (0DF73D61-A23F-47EA-B727-89E90C41499A): 1
LogDevObjectVersion:   FortniteMain (601D1886-AC64-4F84-AA16-D3DE0DEAC7D6): 12
LogDevObjectVersion:   Dev-Enterprise (9DFFBCD6-494F-0158-E221-12823C92A888): 1
LogStreaming: Display: Took  0.015s to delete old logs.
LogInit: Presizing for max 8388607 objects, including 0 objects not considered by GC, pre-allocating 0 bytes for permanent pool.
LogInit: Object subsystem initialized
[2018.08.10-01.04.01:330][  0]LogInit: Selected Device Profile: [Windows]
[2018.08.10-01.04.01:330][  0]LogInit: Applying CVar settings loaded from the selected device profile: [Windows]
[2018.08.10-01.04.01:338][  0]LogHAL: Display: Platform has ~ 16 GB [17136259072 / 17179869184 / 16], which maps to Larger [LargestMinGB=32, LargerMinGB=12, DefaultMinGB=8, SmallerMinGB=6, SmallestMinGB=0)
[2018.08.10-01.04.01:338][  0]LogInit: Setting Device Profile CVar: [[r.Vulkan.UseRealUBs:1]]
[2018.08.10-01.04.01:338][  0]LogInit: Going up to parent DeviceProfile []
[2018.08.10-01.04.01:339][  0]LogInit: Computer: A02065
[2018.08.10-01.04.01:339][  0]LogInit: User: ames
[2018.08.10-01.04.01:339][  0]LogInit: CPU Page size=4096, Cores=4
[2018.08.10-01.04.01:339][  0]LogInit: High frequency timer resolution =3.515627 MHz
[2018.08.10-01.04.01:339][  0]LogMemory: Memory total: Physical=16.0GB (16GB approx)
[2018.08.10-01.04.01:339][  0]LogMemory: Platform Memory Stats for Windows
[2018.08.10-01.04.01:339][  0]LogMemory: Process Physical Memory: 100.57 MB used, 100.57 MB peak
[2018.08.10-01.04.01:339][  0]LogMemory: Process Virtual Memory: 89.41 MB used, 89.41 MB peak
[2018.08.10-01.04.01:339][  0]LogMemory: Physical Memory: 5187.78 MB used,  11154.63 MB free, 16342.41 MB total
[2018.08.10-01.04.01:339][  0]LogMemory: Virtual Memory: 4637.46 MB used,  11154.63 MB free, 134217728.00 MB total
[2018.08.10-01.04.01:362][  0]LogInit: Using OS detected language (en-US).
[2018.08.10-01.04.01:362][  0]LogInit: Using OS detected locale (en-NZ).
[2018.08.10-01.04.01:362][  0]LogTextLocalizationManager: No specific localization for 'en-US' exists, so the 'en' localization will be used.
[2018.08.10-01.04.01:695][  0]LogStreaming: Display: Took  0.334s to InitEngineTextLocalization.
[2018.08.10-01.04.01:696][  0]LogInit: Setting process to per monitor DPI aware
[2018.08.10-01.04.01:741][  0]LogSlate: New Slate User Created.  User Index 0, Is Virtual User: 0
[2018.08.10-01.04.01:741][  0]LogSlate: Slate User Registered.  User Index 0, Is Virtual User: 0
[2018.08.10-01.04.02:135][  0]LogHMD: Failed to initialize OpenVR with code 110
[2018.08.10-01.04.02:135][  0]LogD3D11RHI: D3D11 adapters:
[2018.08.10-01.04.02:181][  0]LogD3D11RHI:    0. 'NVIDIA GeForce GTX 1070' (Feature Level 11_0)
[2018.08.10-01.04.02:181][  0]LogD3D11RHI:       8096/0/8171 MB DedicatedVideo/DedicatedSystem/SharedSystem, Outputs:2, VendorId:0x10de
[2018.08.10-01.04.02:183][  0]LogD3D11RHI:    1. 'Microsoft Basic Render Driver' (Feature Level 11_0)
[2018.08.10-01.04.02:183][  0]LogD3D11RHI:       0/0/8171 MB DedicatedVideo/DedicatedSystem/SharedSystem, Outputs:0, VendorId:0x1414
[2018.08.10-01.04.02:183][  0]LogD3D11RHI: Chosen D3D11 Adapter: 0
[2018.08.10-01.04.02:188][  0]LogD3D11RHI: Creating new Direct3DDevice
[2018.08.10-01.04.02:188][  0]LogD3D11RHI:     GPU DeviceId: 0x1b81 (for the marketing name, search the web for "GPU Device Id")
[2018.08.10-01.04.02:188][  0]LogWindows: EnumDisplayDevices:
[2018.08.10-01.04.02:188][  0]LogWindows:    0. 'NVIDIA GeForce GTX 1070' (P:0 D:1)
[2018.08.10-01.04.02:188][  0]LogWindows:    1. 'NVIDIA GeForce GTX 1070' (P:1 D:1)
[2018.08.10-01.04.02:188][  0]LogWindows:    2. 'NVIDIA GeForce GTX 1070' (P:0 D:0)
[2018.08.10-01.04.02:188][  0]LogWindows:    3. 'NVIDIA GeForce GTX 1070' (P:0 D:0)
[2018.08.10-01.04.02:188][  0]LogWindows: DebugString: FoundDriverCount:4 
[2018.08.10-01.04.02:188][  0]LogD3D11RHI:     Adapter Name: NVIDIA GeForce GTX 1070
[2018.08.10-01.04.02:188][  0]LogD3D11RHI:   Driver Version: 388.13 (internal:23.21.13.8813, unified:388.13)
[2018.08.10-01.04.02:188][  0]LogD3D11RHI:      Driver Date: 10-27-2017
[2018.08.10-01.04.02:188][  0]LogRHI: Texture pool is 5667 MB (70% of 8096 MB)
[2018.08.10-01.04.02:212][  0]LogD3D11RHI: Async texture creation enabled
[2018.08.10-01.04.02:222][  0]LogD3D11RHI: GPU Timing Frequency: 1000.000000 (Debug: 2 1)
[2018.08.10-01.04.02:225][  0]LogShaderCompilers: Guid format shader working directory is -40 characters bigger than the processId version (../../../../../../Users/ames/Desktop/CS205-Fingureblaster/Respos/FingerBlasters/CS205/Intermediate/Shaders/WorkingDirectory/3888/).
[2018.08.10-01.04.02:225][  0]LogShaderCompilers: Cleaned the shader compiler working directory 'C:/Users/ames/AppData/Local/Temp/UnrealShaderWorkingDir/B2C369E34D143CC0C25D29BF31B2FA05/'.
[2018.08.10-01.04.02:487][  0]LogTemp: Display: Loaded TP AllDesktopTargetPlatform
[2018.08.10-01.04.02:504][  0]LogTemp: Display: Loaded TP MacClientTargetPlatform
[2018.08.10-01.04.02:519][  0]LogTemp: Display: Loaded TP MacNoEditorTargetPlatform
[2018.08.10-01.04.02:534][  0]LogTemp: Display: Loaded TP MacServerTargetPlatform
[2018.08.10-01.04.02:549][  0]LogTemp: Display: Loaded TP MacTargetPlatform
[2018.08.10-01.04.02:562][  0]LogTemp: Display: Loaded TP WindowsClientTargetPlatform
[2018.08.10-01.04.02:576][  0]LogTemp: Display: Loaded TP WindowsNoEditorTargetPlatform
[2018.08.10-01.04.02:589][  0]LogTemp: Display: Loaded TP WindowsServerTargetPlatform
[2018.08.10-01.04.02:595][  0]LogTemp: Display: Loaded TP WindowsTargetPlatform
[2018.08.10-01.04.02:673][  0]LogTemp: Display: Loaded TP AndroidTargetPlatform
[2018.08.10-01.04.02:673][  0]LogTemp: Display: Loaded TP AndroidTargetPlatform
[2018.08.10-01.04.02:673][  0]LogTemp: Display: Loaded TP AndroidTargetPlatform
[2018.08.10-01.04.02:673][  0]LogTemp: Display: Loaded TP AndroidTargetPlatform
[2018.08.10-01.04.02:673][  0]LogTemp: Display: Loaded TP AndroidTargetPlatform
[2018.08.10-01.04.02:673][  0]LogTemp: Display: Loaded TP AndroidTargetPlatform
[2018.08.10-01.04.02:673][  0]LogTemp: Display: Loaded TP AndroidTargetPlatform
[2018.08.10-01.04.02:673][  0]LogTemp: Display: Loaded TP AndroidTargetPlatform
[2018.08.10-01.04.02:673][  0]LogTemp: Display: Loaded TP AndroidTargetPlatform
[2018.08.10-01.04.02:673][  0]LogTemp: Display: Loaded TP AndroidTargetPlatform
[2018.08.10-01.04.02:673][  0]LogTemp: Display: Loaded TP AndroidTargetPlatform
[2018.08.10-01.04.02:673][  0]LogTemp: Display: Loaded TP AndroidTargetPlatform
[2018.08.10-01.04.02:673][  0]LogTemp: Display: Loaded TP AndroidTargetPlatform
[2018.08.10-01.04.02:673][  0]LogTemp: Display: Loaded TP AndroidTargetPlatform
[2018.08.10-01.04.02:673][  0]LogTemp: Display: Loaded TP AndroidTargetPlatform
[2018.08.10-01.04.02:673][  0]LogTemp: Display: Loaded TP AndroidTargetPlatform
[2018.08.10-01.04.02:673][  0]LogTemp: Display: Loaded TP AndroidTargetPlatform
[2018.08.10-01.04.02:673][  0]LogTemp: Display: Loaded TP AndroidTargetPlatform
[2018.08.10-01.04.02:675][  0]LogTemp: Display: Loaded TP HTML5TargetPlatform
[2018.08.10-01.04.02:736][  0]LogTemp: Display: Loaded TP IOSTargetPlatform
[2018.08.10-01.04.02:736][  0]LogTemp: Display: Loaded TP IOSTargetPlatform
[2018.08.10-01.04.02:758][  0]LogTemp: Display: Loaded TP TVOSTargetPlatform
[2018.08.10-01.04.02:758][  0]LogTemp: Display: Loaded TP TVOSTargetPlatform
[2018.08.10-01.04.02:770][  0]LogTemp: Display: Loaded TP LinuxClientTargetPlatform
[2018.08.10-01.04.02:783][  0]LogTemp: Display: Loaded TP LinuxNoEditorTargetPlatform
[2018.08.10-01.04.02:794][  0]LogTemp: Display: Loaded TP LinuxServerTargetPlatform
[2018.08.10-01.04.02:809][  0]LogTemp: Display: Loaded TP LinuxTargetPlatform
[2018.08.10-01.04.02:818][  0]LogTemp: Display: Loaded TP LuminTargetPlatform
[2018.08.10-01.04.02:818][  0]LogTargetPlatformManager: Display: Building Assets For Windows
[2018.08.10-01.04.02:886][  0]LogXGEController: Cannot use XGE Controller as Incredibuild is not installed on this machine.
[2018.08.10-01.04.02:886][  0]LogShaderCompilers: Cannot use XGE Shader Compiler as Incredibuild is not installed on this machine.
[2018.08.10-01.04.02:886][  0]LogShaderCompilers: Display: Using Local Shader Compiler.
[2018.08.10-01.04.03:704][  0]LogDerivedDataCache: Display: Max Cache Size: 512 MB
[2018.08.10-01.04.03:755][  0]LogDerivedDataCache: Loaded boot cache 0.05s 71MB C:/Users/ames/AppData/Local/UnrealEngine/4.20/DerivedDataCache/Boot.ddc.
[2018.08.10-01.04.03:755][  0]LogDerivedDataCache: Display: Loaded Boot cache: C:/Users/ames/AppData/Local/UnrealEngine/4.20/DerivedDataCache/Boot.ddc
[2018.08.10-01.04.03:755][  0]LogDerivedDataCache: FDerivedDataBackendGraph:  Pak pak cache file ../../../../../../Users/ames/Desktop/CS205-Fingureblaster/Respos/FingerBlasters/CS205/DerivedDataCache/DDC.ddp not found, will not use a pak cache.
[2018.08.10-01.04.03:755][  0]LogDerivedDataCache: Unable to find inner node Pak for hierarchical cache Hierarchy.
[2018.08.10-01.04.03:755][  0]LogDerivedDataCache: FDerivedDataBackendGraph:  CompressedPak pak cache file ../../../../../../Users/ames/Desktop/CS205-Fingureblaster/Respos/FingerBlasters/CS205/DerivedDataCache/Compressed.ddp not found, will not use a pak cache.
[2018.08.10-01.04.03:755][  0]LogDerivedDataCache: Unable to find inner node CompressedPak for hierarchical cache Hierarchy.
[2018.08.10-01.04.03:768][  0]LogDerivedDataCache: Display: Pak cache opened for reading ../../../Engine/DerivedDataCache/Compressed.ddp.
[2018.08.10-01.04.03:781][  0]LogDerivedDataCache: Using Local data cache path C:/Users/ames/AppData/Local/UnrealEngine/Common/DerivedDataCache: Writable
[2018.08.10-01.04.03:781][  0]LogDerivedDataCache: Shared data cache path not found in *engine.ini, will not use an Shared cache.
[2018.08.10-01.04.03:781][  0]LogDerivedDataCache: Unable to find inner node Shared for hierarchical cache Hierarchy.
[2018.08.10-01.04.03:800][  0]LogMaterial: Verifying Global Shaders for PCD3D_SM5
[2018.08.10-01.04.03:801][  0]LogSlate: Using FreeType 2.6.0
[2018.08.10-01.04.03:803][  0]LogSlate: SlateFontServices - WITH_FREETYPE: 1, WITH_HARFBUZZ: 1
[2018.08.10-01.04.03:924][  0]LogAssetRegistry: FAssetRegistry took 0.0258 seconds to start up
[2018.08.10-01.04.04:211][  0]LogInit: Selected Device Profile: [Windows]
[2018.08.10-01.04.04:343][  0]LogSimplygon: Simplygon DLL not present - disabling.
[2018.08.10-01.04.04:347][  0]LogMeshReduction: Using SimplygonSwarm for distributed automatic mesh merging
[2018.08.10-01.04.04:347][  0]LogMeshReduction: Using ProxyLODMeshReduction for automatic mesh merging
[2018.08.10-01.04.04:348][  0]LogMeshReduction: Using QuadricMeshReduction for automatic static mesh reduction
[2018.08.10-01.04.04:348][  0]LogMeshReduction: No automatic skeletal mesh reduction module available
[2018.08.10-01.04.04:364][  0]LogNetVersion: CS205 1.0.0, NetCL: 4212847, EngineNetVer: 5, GameNetVer: 0 (Checksum: 3832072326)
[2018.08.10-01.04.04:874][  0]LogPackageLocalizationCache: Processed 11 localized package path(s) for 2 prioritized culture(s) in 0.101385 seconds
[2018.08.10-01.04.04:881][  0]LogUObjectArray: 38425 objects as part of root set at end of initial load.
[2018.08.10-01.04.04:881][  0]LogUObjectAllocator: 6690864 out of 0 bytes used by permanent object pool.
[2018.08.10-01.04.04:881][  0]LogUObjectArray: CloseDisregardForGC: 0/0 objects in disregard for GC pool
[2018.08.10-01.04.06:258][  0]LogTcpMessaging: Initializing TcpMessaging bridge
[2018.08.10-01.04.06:272][  0]LogUdpMessaging: Initializing bridge on interface 0.0.0.0:0 to multicast group 230.0.0.1:6666.
[2018.08.10-01.04.06:429][  0]SourceControl: Source control is disabled
[2018.08.10-01.04.06:902][  0]LogAndroidPermission: UAndroidPermissionCallbackProxy::GetInstance
[2018.08.10-01.04.06:974][  0]LogOcInput: OculusInput pre-init called
[2018.08.10-01.04.07:038][  0]LogEngine: Initializing Engine...
[2018.08.10-01.04.07:039][  0]LogHMD: Failed to initialize OpenVR with code 110
[2018.08.10-01.04.07:040][  0]LogStats: UGameplayTagsManager::ConstructGameplayTagTree: ImportINI prefixes -  0.000 s
[2018.08.10-01.04.07:040][  0]LogStats: UGameplayTagsManager::ConstructGameplayTagTree: Construct from data asset -  0.000 s
[2018.08.10-01.04.07:040][  0]LogStats: UGameplayTagsManager::ConstructGameplayTagTree: ImportINI -  0.000 s
[2018.08.10-01.04.07:040][  0]LogStats: UGameplayTagsManager::ConstructGameplayTagTree: GameplayTagTreeChangedEvent.Broadcast -  0.000 s
[2018.08.10-01.04.07:256][  0]LogInit: Initializing FReadOnlyCVARCache
[2018.08.10-01.04.07:270][  0]LogAIModule: Creating AISystem for world Untitled
[2018.08.10-01.04.07:286][  0]LogInit: XAudio2 using 'Headset Earphone (2- SteelSeries Arctis 7 Chat)' : 1 channels at 48 kHz using 16 bits per sample (channel mask 0x0)
[2018.08.10-01.04.07:297][  0]LogInit: FAudioDevice initialized.
[2018.08.10-01.04.07:297][  0]LogNetVersion: Set ProjectVersion to 1.0.0.0. Version Checksum will be recalculated on next use.
[2018.08.10-01.04.07:355][  0]LogDerivedDataCache: Saved boot cache 0.06s 71MB C:/Users/ames/AppData/Local/UnrealEngine/4.20/DerivedDataCache/Boot.ddc.
[2018.08.10-01.04.07:364][  0]LogInit: Texture streaming: Enabled
[2018.08.10-01.04.07:380][  0]LogEngineSessionManager: EngineSessionManager initialized
[2018.08.10-01.04.07:391][  0]LogInit: Transaction tracking system initialized
[2018.08.10-01.04.07:415][  0]BlueprintLog: New page: Editor Load
[2018.08.10-01.04.07:493][  0]LocalizationService: Localization service is disabled
[2018.08.10-01.04.08:022][  0]LogCook: Display: Max memory allowance for cook 16384mb min free memory 0mb
[2018.08.10-01.04.08:022][  0]LogCook: Display: Mobile HDR setting 1
[2018.08.10-01.04.08:022][  0]LogGameplayTags: Display: UGameplayTagsManager::DoneAddingNativeTags. DelegateIsBound: 0
[2018.08.10-01.04.08:022][  0]LogStats: UGameplayTagsManager::ConstructGameplayTagTree: ImportINI prefixes -  0.000 s
[2018.08.10-01.04.08:022][  0]LogStats: UGameplayTagsManager::ConstructGameplayTagTree: Construct from data asset -  0.000 s
[2018.08.10-01.04.08:022][  0]LogStats: UGameplayTagsManager::ConstructGameplayTagTree: ImportINI -  0.000 s
[2018.08.10-01.04.08:022][  0]LogStats: UGameplayTagsManager::ConstructGameplayTagTree: GameplayTagTreeChangedEvent.Broadcast -  0.000 s
[2018.08.10-01.04.08:152][  0]LogFileCache: Scanning file cache for directory 'C:/Users/ames/Desktop/CS205-Fingureblaster/Respos/FingerBlasters/CS205/Content/' took 0.01s
[2018.08.10-01.04.08:152][  0]Cmd: MAP LOAD FILE="../../../../../../Users/ames/Desktop/CS205-Fingureblaster/Respos/FingerBlasters/CS205/Content/Map/MainMenu.umap" TEMPLATE=0 SHOWPROGRESS=1 FEATURELEVEL=3
[2018.08.10-01.04.08:153][  0]LightingResults: New page: Lighting Build
[2018.08.10-01.04.08:155][  0]MapCheck: New page: Map Check
[2018.08.10-01.04.08:155][  0]LightingResults: New page: Lighting Build
[2018.08.10-01.04.08:411][  0]LogAIModule: Creating AISystem for world MainMenu
[2018.08.10-01.04.08:411][  0]LogEditorServer: Finished looking for orphan Actors (0.000 secs)
[2018.08.10-01.04.08:431][  0]Cmd: MAP CHECKDEP NOCLEARLOG
[2018.08.10-01.04.08:594][  0]MapCheck: Map check complete: 0 Error(s), 0 Warning(s), took 161.856ms to complete.
[2018.08.10-01.04.08:594][  0]LogFileHelpers: Loading map 'MainMenu' took 0.442
[2018.08.10-01.04.08:695][  0]LogSlate: Updating window title bar state: overlay mode, drag disabled, window buttons hidden, title bar hidden
[2018.08.10-01.04.08:703][  0]LogSlate: Updating window title bar state: overlay mode, drag disabled, window buttons hidden, title bar hidden
[2018.08.10-01.04.08:710][  0]LogSlate: Updating window title bar state: overlay mode, drag disabled, window buttons hidden, title bar hidden
[2018.08.10-01.04.08:717][  0]LogSlate: Updating window title bar state: overlay mode, drag disabled, window buttons hidden, title bar hidden
[2018.08.10-01.04.08:723][  0]LogCollectionManager: Loaded 0 collections in 0.001475 seconds
[2018.08.10-01.04.08:769][  0]LogFileCache: Scanning file cache for directory 'C:/Users/ames/Desktop/CS205-Fingureblaster/Respos/FingerBlasters/CS205/Saved/Collections/' took 0.01s
[2018.08.10-01.04.08:769][  0]LogFileCache: Scanning file cache for directory 'C:/Users/ames/Desktop/CS205-Fingureblaster/Respos/FingerBlasters/CS205/Content/Developers/ames/Collections/' took 0.01s
[2018.08.10-01.04.08:769][  0]LogFileCache: Scanning file cache for directory 'C:/Users/ames/Desktop/CS205-Fingureblaster/Respos/FingerBlasters/CS205/Content/Collections/' took 0.01s
[2018.08.10-01.04.08:769][  0]LogCollectionManager: Rebuilt the GUID cache for 0 collections in 0.000001 seconds
[2018.08.10-01.04.08:778][  0]LogContentBrowser: Native class hierarchy populated in 0.0084 seconds. Added 2572 classes and 603 folders.
[2018.08.10-01.04.08:784][  0]LogContentBrowser: Native class hierarchy updated for 'WidgetCarousel' in 0.0002 seconds. Added 0 classes and 0 folders.
[2018.08.10-01.04.08:852][  0]LogContentBrowser: Native class hierarchy updated for 'AddContentDialog' in 0.0004 seconds. Added 0 classes and 0 folders.
[2018.08.10-01.04.08:857][  0]LogContentBrowser: Native class hierarchy updated for 'SceneOutliner' in 0.0002 seconds. Added 1 classes and 2 folders.
[2018.08.10-01.04.08:913][  0]LogSlate: Took 0.000781 seconds to synchronously load lazily loaded font '../../../Engine/Content/Slate/Fonts/Roboto-Regular.ttf' (155K)
[2018.08.10-01.04.08:915][  0]LogSlate: Took 0.000635 seconds to synchronously load lazily loaded font '../../../Engine/Content/Slate/Fonts/Roboto-Bold.ttf' (160K)
[2018.08.10-01.04.08:921][  0]LogSlate: Took 0.000727 seconds to synchronously load lazily loaded font '../../../Engine/Content/Editor/Slate/Fonts/FontAwesome.ttf' (139K)
[2018.08.10-01.04.08:992][  0]LogRenderer: Reallocating scene render targets to support 1208x552 Format 10 NumSamples 1 (Frame:1).
[2018.08.10-01.04.09:096][  0]LogContentBrowser: Native class hierarchy updated for 'HierarchicalLODOutliner' in 0.0003 seconds. Added 0 classes and 0 folders.
[2018.08.10-01.04.09:096][  0]LogLoad: (Engine Initialization) Total time: 9.36 seconds
[2018.08.10-01.04.09:096][  0]LogLoad: (Engine Initialization) Total Blueprint compile time: 0.00 seconds
[2018.08.10-01.04.09:105][  0]LogWindowsTextInputMethodSystem: Display: IME system now deactivated.
[2018.08.10-01.04.09:123][  0]LogAssetRegistry: Asset discovery search completed in 5.2219 seconds
[2018.08.10-01.04.09:125][  0]LogCollectionManager: Rebuilt the object cache for 0 collections in 0.000001 seconds (found 0 objects)
[2018.08.10-01.04.09:125][  0]LogCollectionManager: Fixed up redirectors for 0 collections in 0.000036 seconds (updated 0 objects)
[2018.08.10-01.04.09:127][  0]LogContentStreaming: Texture pool size now 3000 MB
[2018.08.10-01.04.09:155][  0]LogSlate: Took 0.000512 seconds to synchronously load lazily loaded font '../../../Engine/Content/Slate/Fonts/Roboto-Light.ttf' (167K)
[2018.08.10-01.04.16:450][752]LogSlate: FSceneViewport::OnFocusLost() reason 2
[2018.08.10-01.04.34:685][162]LogSlate: FSceneViewport::OnFocusLost() reason 0
[2018.08.10-01.04.34:916][162]LogSlate: Took 0.000602 seconds to synchronously load lazily loaded font '../../../Engine/Content/Slate/Fonts/Roboto-Light.ttf' (167K)
[2018.08.10-01.04.34:922][162]LogAssetEditorManager: Opening Asset editor for WidgetBlueprint /Game/UI/MainMenu/ServerMenu.ServerMenu
[2018.08.10-01.04.35:306][162]LogContentBrowser: Native class hierarchy updated for 'BlueprintGraph' in 0.0005 seconds. Added 116 classes and 0 folders.
[2018.08.10-01.04.35:927][162]LogSlate: Took 0.001483 seconds to synchronously load lazily loaded font '../../../Engine/Content/Slate/Fonts/Roboto-BoldCondensed.ttf' (158K)
[2018.08.10-01.04.38:489][449]LogSlate: Took 0.001638 seconds to synchronously load lazily loaded font '../../../Engine/Content/Slate/Fonts/Roboto-Italic.ttf' (157K)
[2018.08.10-01.05.32:997][946]BlueprintLog: New page: Compile ServerMenu
[2018.08.10-01.05.33:724][  4]Cmd: OBJ SAVEPACKAGE PACKAGE="/Game/UI/MainMenu/ServerMenu" FILE="../../../../../../Users/ames/Desktop/CS205-Fingureblaster/Respos/FingerBlasters/CS205/Content/UI/MainMenu/ServerMenu.uasset" SILENT=true
[2018.08.10-01.05.33:807][  4]LogSavePackage: Moving '../../../../../../Users/ames/Desktop/CS205-Fingureblaster/Respos/FingerBlasters/CS205/Saved/ServerMenu5297A699422C9C8AE556929DE2E26C27.tmp' to '../../../../../../Users/ames/Desktop/CS205-Fingureblaster/Respos/FingerBlasters/CS205/Content/UI/MainMenu/ServerMenu.uasset'
[2018.08.10-01.06.34:989][678]Cmd: OBJ SAVEPACKAGE PACKAGE="/Game/UI/MainMenu/ServerMenu" FILE="../../../../../../Users/ames/Desktop/CS205-Fingureblaster/Respos/FingerBlasters/CS205/Content/UI/MainMenu/ServerMenu.uasset" SILENT=true
[2018.08.10-01.06.35:072][678]LogSavePackage: Moving '../../../../../../Users/ames/Desktop/CS205-Fingureblaster/Respos/FingerBlasters/CS205/Saved/ServerMenu3E58CB1B422B687942723BB146537D3E.tmp' to '../../../../../../Users/ames/Desktop/CS205-Fingureblaster/Respos/FingerBlasters/CS205/Content/UI/MainMenu/ServerMenu.uasset'
[2018.08.10-06.45.31:622][672]LogWindowsTextInputMethodSystem: Display: IME system now deactivated.
[2018.08.10-06.45.31:623][672]LogWindowsTextInputMethodSystem: Display: IME system now deactivated.
[2018.08.10-06.45.32:930][827]LogSlate: FSceneViewport::OnFocusLost() reason 0
[2018.08.10-06.45.33:145][835]LogSlate: Window 'CS205 - Unreal Editor' being destroyed
[2018.08.10-06.45.33:341][836]Cmd: QUIT_EDITOR
[2018.08.10-06.45.33:369][836]LogWindowsTextInputMethodSystem: Display: IME system now deactivated.
[2018.08.10-06.45.33:380][836]LogExit: Preparing to exit.
[2018.08.10-06.45.33:760][836]LogExit: Editor shut down
[2018.08.10-06.45.33:760][836]LogExit: Transaction tracking system shut down
[2018.08.10-06.45.34:556][836]LogExit: Object subsystem successfully closed.
[2018.08.10-06.45.34:585][836]LogShaderCompilers: Display: Shaders left to compile 0
[2018.08.10-06.45.34:591][836]LogD3D11RHI: Shutdown
[2018.08.10-06.45.34:591][836]LogD3D11RHI: CleanupD3DDevice
[2018.08.10-06.45.34:595][836]LogD3D11RHI: ~FD3D11DynamicRHI
[2018.08.10-06.45.34:683][836]LogModuleManager: Shutting down and abandoning module SequencerWidgets (615)
[2018.08.10-06.45.34:683][836]LogModuleManager: Shutting down and abandoning module BlueprintGraph (613)
[2018.08.10-06.45.34:683][836]LogModuleManager: Shutting down and abandoning module HierarchicalLODOutliner (611)
[2018.08.10-06.45.34:683][836]LogModuleManager: Shutting down and abandoning module SceneOutliner (609)
[2018.08.10-06.45.34:683][836]LogModuleManager: Shutting down and abandoning module AddContentDialog (607)
[2018.08.10-06.45.34:684][836]LogModuleManager: Shutting down and abandoning module WidgetCarousel (606)
[2018.08.10-06.45.34:684][836]LogModuleManager: Shutting down and abandoning module EditorWidgets (603)
[2018.08.10-06.45.34:684][836]LogModuleManager: Shutting down and abandoning module CollectionManager (601)
[2018.08.10-06.45.34:685][836]LogModuleManager: Shutting down and abandoning module StatsViewer (599)
[2018.08.10-06.45.34:686][836]LogModuleManager: Shutting down and abandoning module FoliageEdit (597)
[2018.08.10-06.45.34:686][836]LogModuleManager: Shutting down and abandoning module LandscapeEditor (595)
[2018.08.10-06.45.34:688][836]LogModuleManager: Shutting down and abandoning module MeshPaintMode (593)
[2018.08.10-06.45.34:688][836]LogModuleManager: Shutting down and abandoning module SceneDepthPickerMode (591)
[2018.08.10-06.45.34:688][836]LogModuleManager: Shutting down and abandoning module ActorPickerMode (589)
[2018.08.10-06.45.34:688][836]LogModuleManager: Shutting down and abandoning module GeometryMode (587)
[2018.08.10-06.45.34:688][836]LogModuleManager: Shutting down and abandoning module TextureAlignMode (585)
[2018.08.10-06.45.34:688][836]LogModuleManager: Shutting down and abandoning module BspMode (583)
[2018.08.10-06.45.34:688][836]LogModuleManager: Shutting down and abandoning module PIEPreviewDeviceProfileSelector (581)
[2018.08.10-06.45.34:689][836]LogModuleManager: Shutting down and abandoning module SequenceRecorderSections (579)
[2018.08.10-06.45.34:689][836]LogModuleManager: Shutting down and abandoning module AutomationWorker (577)
[2018.08.10-06.45.34:689][836]LogModuleManager: Shutting down and abandoning module AudioCaptureEditor (575)
[2018.08.10-06.45.34:689][836]LogModuleManager: Shutting down and abandoning module SequenceRecorder (574)
[2018.08.10-06.45.34:689][836]LogModuleManager: Shutting down and abandoning module MatineeToLevelSequence (571)
[2018.08.10-06.45.34:689][836]LogModuleManager: Shutting down and abandoning module LevelSequenceEditor (569)
[2018.08.10-06.45.34:690][836]LogModuleManager: Shutting down and abandoning module PlacementMode (568)
[2018.08.10-06.45.34:690][836]LogModuleManager: Shutting down and abandoning module MaterialEditor (567)
[2018.08.10-06.45.34:692][836]LogModuleManager: Shutting down and abandoning module WmfMediaFactory (563)
[2018.08.10-06.45.34:692][836]LogModuleManager: Shutting down and abandoning module WmfMediaEditor (561)
[2018.08.10-06.45.34:692][836]LogModuleManager: Shutting down and abandoning module MediaPlayerEditor (559)
[2018.08.10-06.45.34:694][836]LogModuleManager: Shutting down and abandoning module OpenExrWrapper (557)
[2018.08.10-06.45.34:694][836]LogModuleManager: Shutting down and abandoning module ImgMediaFactory (555)
[2018.08.10-06.45.34:694][836]LogModuleManager: Shutting down and abandoning module ImgMediaEditor (553)
[2018.08.10-06.45.34:694][836]LogModuleManager: Shutting down and abandoning module AvfMediaFactory (551)
[2018.08.10-06.45.34:694][836]LogModuleManager: Shutting down and abandoning module AvfMediaEditor (549)
[2018.08.10-06.45.34:694][836]LogModuleManager: Shutting down and abandoning module AndroidMediaFactory (547)
[2018.08.10-06.45.34:694][836]LogModuleManager: Shutting down and abandoning module AndroidMediaEditor (545)
[2018.08.10-06.45.34:694][836]LogModuleManager: Shutting down and abandoning module MagicLeapCameraPreviewFactory (543)
[2018.08.10-06.45.34:694][836]LogModuleManager: Shutting down and abandoning module MagicLeapMediaFactory (541)
[2018.08.10-06.45.34:694][836]LogModuleManager: Shutting down and abandoning module MagicLeapMediaEditor (539)
[2018.08.10-06.45.34:694][836]LogModuleManager: Shutting down and abandoning module CharacterAI (537)
[2018.08.10-06.45.34:694][836]LogModuleManager: Shutting down and abandoning module SmartSnapping (535)
[2018.08.10-06.45.34:694][836]LogModuleManager: Shutting down and abandoning module SessionServices (533)
[2018.08.10-06.45.34:694][836]LogModuleManager: Shutting down and abandoning module ViewportSnapping (531)
[2018.08.10-06.45.34:694][836]LogModuleManager: Shutting down and abandoning module ViewportInteraction (529)
[2018.08.10-06.45.34:694][836]LogModuleManager: Shutting down and abandoning module ClothPainter (527)
[2018.08.10-06.45.34:695][836]LogModuleManager: Shutting down and abandoning module SkeletalMeshEditor (526)
[2018.08.10-06.45.34:696][836]LogModuleManager: Shutting down and abandoning module LogVisualizer (523)
[2018.08.10-06.45.34:698][836]LogModuleManager: Shutting down and abandoning module IntroTutorials (521)
[2018.08.10-06.45.34:698][836]LogModuleManager: Shutting down and abandoning module GameProjectGeneration (520)
[2018.08.10-06.45.34:699][836]LogModuleManager: Shutting down and abandoning module LuminPlatformEditor (517)
[2018.08.10-06.45.34:699][836]LogModuleManager: Shutting down and abandoning module IOSPlatformEditor (515)
[2018.08.10-06.45.34:699][836]LogModuleManager: Shutting down and abandoning module HTML5PlatformEditor (513)
[2018.08.10-06.45.34:699][836]LogModuleManager: Shutting down and abandoning module AndroidPlatformEditor (511)
[2018.08.10-06.45.34:699][836]LogModuleManager: Shutting down and abandoning module AndroidDeviceDetection (510)
[2018.08.10-06.45.35:871][836]LogModuleManager: Shutting down and abandoning module WindowsPlatformEditor (507)
[2018.08.10-06.45.35:871][836]LogModuleManager: Shutting down and abandoning module LuminRuntimeSettings (505)
[2018.08.10-06.45.35:871][836]LogModuleManager: Shutting down and abandoning module IOSRuntimeSettings (503)
[2018.08.10-06.45.35:871][836]LogModuleManager: Shutting down and abandoning module AndroidRuntimeSettings (501)
[2018.08.10-06.45.35:871][836]LogModuleManager: Shutting down and abandoning module InputBindingEditor (499)
[2018.08.10-06.45.35:872][836]LogModuleManager: Shutting down and abandoning module MergeActors (497)
[2018.08.10-06.45.35:873][836]LogModuleManager: Shutting down and abandoning module LocalizationDashboard (495)
[2018.08.10-06.45.35:873][836]LogModuleManager: Shutting down and abandoning module LocalizationService (494)
[2018.08.10-06.45.35:874][836]LogModuleManager: Shutting down and abandoning module HardwareTargeting (491)
[2018.08.10-06.45.35:874][836]LogModuleManager: Shutting down and abandoning module DeviceProfileEditor (489)
[2018.08.10-06.45.35:874][836]LogModuleManager: Shutting down and abandoning module UndoHistory (487)
[2018.08.10-06.45.35:874][836]LogModuleManager: Shutting down and abandoning module XmlParser (485)
[2018.08.10-06.45.35:874][836]LogModuleManager: Shutting down and abandoning module Blutility (483)
[2018.08.10-06.45.35:875][836]LogModuleManager: Shutting down and abandoning module ProjectSettingsViewer (481)
[2018.08.10-06.45.35:875][836]LogModuleManager: Shutting down and abandoning module ProjectTargetPlatformEditor (480)
[2018.08.10-06.45.35:875][836]LogModuleManager: Shutting down and abandoning module EditorSettingsViewer (477)
[2018.08.10-06.45.35:875][836]LogModuleManager: Shutting down and abandoning module SettingsEditor (475)
[2018.08.10-06.45.35:876][836]LogModuleManager: Shutting down and abandoning module ProjectLauncher (473)
[2018.08.10-06.45.35:877][836]LogModuleManager: Shutting down and abandoning module SessionFrontend (471)
[2018.08.10-06.45.35:877][836]LogModuleManager: Shutting down and abandoning module ProfilerClient (469)
[2018.08.10-06.45.35:877][836]LogModuleManager: Shutting down and abandoning module DeviceManager (467)
[2018.08.10-06.45.35:878][836]LogModuleManager: Shutting down and abandoning module TargetDeviceServices (466)
[2018.08.10-06.45.35:933][836]LogModuleManager: Shutting down and abandoning module AutomationController (463)
[2018.08.10-06.45.35:934][836]LogModuleManager: Shutting down and abandoning module AutomationWindow (461)
[2018.08.10-06.45.35:934][836]LogModuleManager: Shutting down and abandoning module Layers (459)
[2018.08.10-06.45.35:936][836]LogModuleManager: Shutting down and abandoning module ComponentVisualizers (457)
[2018.08.10-06.45.35:936][836]LogModuleManager: Shutting down and abandoning module DetailCustomizations (455)
[2018.08.10-06.45.35:937][836]LogModuleManager: Shutting down and abandoning module PackagesDialog (453)
[2018.08.10-06.45.35:937][836]LogModuleManager: Shutting down and abandoning module Persona (451)
[2018.08.10-06.45.35:938][836]LogModuleManager: Shutting down and abandoning module AdvancedPreviewScene (450)
[2018.08.10-06.45.35:938][836]LogModuleManager: Shutting down and abandoning module AnimGraph (448)
[2018.08.10-06.45.35:938][836]LogModuleManager: Shutting down and abandoning module Kismet (445)
[2018.08.10-06.45.35:943][836]LogModuleManager: Shutting down and abandoning module GraphEditor (443)
[2018.08.10-06.45.35:944][836]LogModuleManager: Shutting down and abandoning module ClassViewer (441)
[2018.08.10-06.45.35:944][836]LogModuleManager: Shutting down and abandoning module Toolbox (439)
[2018.08.10-06.45.35:944][836]LogModuleManager: Shutting down and abandoning module ModuleUI (437)
[2018.08.10-06.45.35:944][836]LogModuleManager: Shutting down and abandoning module MovieSceneTools (435)
[2018.08.10-06.45.35:944][836]LogModuleManager: Shutting down and abandoning module OutputLog (433)
[2018.08.10-06.45.35:945][836]LogModuleManager: Shutting down and abandoning module GammaUI (431)
[2018.08.10-06.45.35:945][836]LogModuleManager: Shutting down and abandoning module Documentation (429)
[2018.08.10-06.45.35:945][836]LogModuleManager: Shutting down and abandoning module MovieSceneTracks (427)
[2018.08.10-06.45.35:945][836]LogModuleManager: Shutting down and abandoning module MovieScene (425)
[2018.08.10-06.45.35:945][836]LogModuleManager: Shutting down and abandoning module StreamingPauseRendering (423)
[2018.08.10-06.45.35:945][836]LogModuleManager: Shutting down and abandoning module LauncherPlatform (421)
[2018.08.10-06.45.35:945][836]LogModuleManager: Shutting down and abandoning module AnalyticsET (419)
[2018.08.10-06.45.35:945][836]LogModuleManager: Shutting down and abandoning module PortalServices (417)
[2018.08.10-06.45.35:945][836]LogModuleManager: Shutting down and abandoning module PortalRpc (415)
[2018.08.10-06.45.35:945][836]LogModuleManager: Shutting down and abandoning module MessagingRpc (413)
[2018.08.10-06.45.35:945][836]LogModuleManager: Shutting down and abandoning module AIModule (411)
[2018.08.10-06.45.35:946][836]LogModuleManager: Shutting down and abandoning module GameplayDebugger (410)
[2018.08.10-06.45.35:947][836]LogModuleManager: Shutting down and abandoning module AITestSuite (408)
[2018.08.10-06.45.35:947][836]LogModuleManager: Shutting down and abandoning module NavigationSystem (406)
[2018.08.10-06.45.35:947][836]LogModuleManager: Shutting down and abandoning module DesktopPlatform (403)
[2018.08.10-06.45.35:947][836]LogModuleManager: Shutting down and abandoning module ProfilerService (401)
[2018.08.10-06.45.36:095][836]LogModuleManager: Shutting down and abandoning module TaskGraph (399)
[2018.08.10-06.45.36:097][836]LogModuleManager: Shutting down and abandoning module SteamVRController (397)
[2018.08.10-06.45.36:097][836]LogModuleManager: Shutting down and abandoning module ProceduralMeshComponentEditor (395)
[2018.08.10-06.45.36:097][836]LogModuleManager: Shutting down and abandoning module ProceduralMeshComponent (393)
[2018.08.10-06.45.36:098][836]LogModuleManager: Shutting down and abandoning module OculusInput (391)
[2018.08.10-06.45.36:098][836]LogModuleManager: Shutting down and abandoning module MobilePatchingUtils (389)
[2018.08.10-06.45.36:098][836]LogModuleManager: Shutting down and abandoning module EditableMesh (387)
[2018.08.10-06.45.36:099][836]LogModuleManager: Shutting down and abandoning module CustomMeshComponent (385)
[2018.08.10-06.45.36:099][836]LogModuleManager: Shutting down and abandoning module CableComponent (383)
[2018.08.10-06.45.36:099][836]LogModuleManager: Shutting down and abandoning module AudioCapture (381)
[2018.08.10-06.45.36:099][836]LogModuleManager: Shutting down and abandoning module ArchVisCharacter (379)
[2018.08.10-06.45.36:099][836]LogModuleManager: Shutting down and abandoning module AndroidPermission (377)
[2018.08.10-06.45.36:099][836]LogModuleManager: Shutting down and abandoning module NUTUnrealEngine4 (375)
[2018.08.10-06.45.36:099][836]LogModuleManager: Shutting down and abandoning module NetcodeUnitTest (373)
[2018.08.10-06.45.36:100][836]LogModuleManager: Shutting down and abandoning module MediaCompositingEditor (371)
[2018.08.10-06.45.36:100][836]LogModuleManager: Shutting down and abandoning module MediaCompositing (369)
[2018.08.10-06.45.36:100][836]LogModuleManager: Shutting down and abandoning module LinearTimecode (367)
[2018.08.10-06.45.36:101][836]LogModuleManager: Shutting down and abandoning module ImgMedia (365)
[2018.08.10-06.45.36:104][836]LogModuleManager: Shutting down and abandoning module HTML5Networking (363)
[2018.08.10-06.45.36:104][836]LogModuleManager: Shutting down and abandoning module GeometryCacheTracks (361)
[2018.08.10-06.45.36:104][836]LogModuleManager: Shutting down and abandoning module GeometryCacheSequencer (359)
[2018.08.10-06.45.36:104][836]LogModuleManager: Shutting down and abandoning module BackChannel (357)
[2018.08.10-06.45.36:104][836]LogModuleManager: Shutting down and abandoning module AppleVision (355)
[2018.08.10-06.45.36:105][836]LogModuleManager: Shutting down and abandoning module AppleImageUtils (353)
[2018.08.10-06.45.36:105][836]LogModuleManager: Shutting down and abandoning module AlembicImporter (351)
[2018.08.10-06.45.36:105][836]LogModuleManager: Shutting down and abandoning module AlembicLibrary (350)
[2018.08.10-06.45.36:105][836]LogModuleManager: Shutting down and abandoning module GeometryCache (349)
[2018.08.10-06.45.36:105][836]LogModuleManager: Shutting down and abandoning module GeometryCacheEd (348)
[2018.08.10-06.45.36:105][836]LogModuleManager: Shutting down and abandoning module DatasmithContentEditor (343)
[2018.08.10-06.45.36:105][836]LogModuleManager: Shutting down and abandoning module DatasmithContent (341)
[2018.08.10-06.45.36:105][836]LogModuleManager: Shutting down and abandoning module SpeedTreeImporter (339)
[2018.08.10-06.45.36:105][836]LogModuleManager: Shutting down and abandoning module PluginBrowser (337)
[2018.08.10-06.45.36:107][836]LogModuleManager: Shutting down and abandoning module MobileLauncherProfileWizard (335)
[2018.08.10-06.45.36:107][836]LogModuleManager: Shutting down and abandoning module PolygonModeling (333)
[2018.08.10-06.45.36:107][836]LogModuleManager: Shutting down and abandoning module MeshEditor (331)
[2018.08.10-06.45.36:108][836]LogModuleManager: Shutting down and abandoning module CryptoKeysOpenSSL (329)
[2018.08.10-06.45.36:108][836]LogModuleManager: Shutting down and abandoning module CryptoKeys (327)
[2018.08.10-06.45.36:108][836]LogModuleManager: Shutting down and abandoning module VisualStudioSourceCodeAccess (325)
[2018.08.10-06.45.36:108][836]LogModuleManager: Shutting down and abandoning module VisualStudioCodeSourceCodeAccess (323)
[2018.08.10-06.45.36:108][836]LogModuleManager: Shutting down and abandoning module UObjectPlugin (321)
[2018.08.10-06.45.36:108][836]LogModuleManager: Shutting down and abandoning module SubversionSourceControl (319)
[2018.08.10-06.45.36:109][836]LogModuleManager: Shutting down and abandoning module PerforceSourceControl (317)
[2018.08.10-06.45.36:110][836]LogModuleManager: Shutting down and abandoning module GitSourceControl (315)
[2018.08.10-06.45.36:110][836]LogModuleManager: Shutting down and abandoning module SourceControl (314)
[2018.08.10-06.45.36:110][836]LogModuleManager: Shutting down and abandoning module CLionSourceCodeAccess (311)
[2018.08.10-06.45.36:110][836]LogModuleManager: Shutting down and abandoning module LightPropagationVolumeEditor (309)
[2018.08.10-06.45.36:110][836]LogModuleManager: Shutting down and abandoning module PaperTiledImporter (307)
[2018.08.10-06.45.36:111][836]LogModuleManager: Shutting down and abandoning module PaperSpriteSheetImporter (305)
[2018.08.10-06.45.36:111][836]LogModuleManager: Shutting down and abandoning module Paper2DEditor (303)
[2018.08.10-06.45.36:112][836]LogModuleManager: Shutting down and abandoning module MeshPaint (302)
[2018.08.10-06.45.36:112][836]LogModuleManager: Shutting down and abandoning module RuntimePhysXCooking (299)
[2018.08.10-06.45.36:112][836]LogModuleManager: Shutting down and abandoning module PhysXVehiclesEditor (297)
[2018.08.10-06.45.36:112][836]LogModuleManager: Shutting down and abandoning module PhysXVehicles (295)
[2018.08.10-06.45.36:112][836]LogModuleManager: Shutting down and abandoning module OculusEditor (293)
[2018.08.10-06.45.36:112][836]LogModuleManager: Shutting down and abandoning module LocationServicesBPLibrary (291)
[2018.08.10-06.45.36:112][836]LogModuleManager: Shutting down and abandoning module ImmediatePhysicsEditor (289)
[2018.08.10-06.45.36:112][836]LogModuleManager: Shutting down and abandoning module ImmediatePhysics (287)
[2018.08.10-06.45.36:113][836]LogModuleManager: Shutting down and abandoning module ActorSequence (285)
[2018.08.10-06.45.36:113][836]LogModuleManager: Shutting down and abandoning module UdpMessaging (283)
[2018.08.10-06.45.36:213][836]LogModuleManager: Shutting down and abandoning module TcpMessaging (281)
[2018.08.10-06.45.36:314][836]LogModuleManager: Shutting down and abandoning module MagicLeapAudio (279)
[2018.08.10-06.45.36:314][836]LogModuleManager: Shutting down and abandoning module GameplayTagsEditor (277)
[2018.08.10-06.45.36:314][836]LogModuleManager: Shutting down and abandoning module FacialAnimationEditor (275)
[2018.08.10-06.45.36:314][836]LogModuleManager: Shutting down and abandoning module FacialAnimation (273)
[2018.08.10-06.45.36:314][836]LogModuleManager: Shutting down and abandoning module DataValidation (271)
[2018.08.10-06.45.36:314][836]LogModuleManager: Shutting down and abandoning module AssetManagerEditor (269)
[2018.08.10-06.45.36:315][836]LogModuleManager: Shutting down and abandoning module LevelEditor (268)
[2018.08.10-06.45.36:317][836]LogModuleManager: Shutting down and abandoning module PixelInspectorModule (267)
[2018.08.10-06.45.36:317][836]LogModuleManager: Shutting down and abandoning module CommonMenuExtensions (265)
[2018.08.10-06.45.36:318][836]LogModuleManager: Shutting down and abandoning module MainFrame (263)
[2018.08.10-06.45.36:318][836]LogModuleManager: Shutting down and abandoning module HotReload (262)
[2018.08.10-06.45.36:319][836]LogModuleManager: Shutting down and abandoning module ContentBrowser (258)
[2018.08.10-06.45.36:320][836]LogModuleManager: Shutting down and abandoning module TreeMap (256)
[2018.08.10-06.45.36:321][836]LogModuleManager: Shutting down and abandoning module LightPropagationVolumeRuntime (253)
[2018.08.10-06.45.36:321][836]LogModuleManager: Shutting down and abandoning module AISupportModule (251)
[2018.08.10-06.45.36:321][836]LogModuleManager: Shutting down and abandoning module Paper2D (249)
[2018.08.10-06.45.36:322][836]LogModuleManager: Shutting down and abandoning module WindowsMoviePlayer (247)
[2018.08.10-06.45.36:323][836]LogModuleManager: Shutting down and abandoning module WmfMedia (245)
[2018.08.10-06.45.36:324][836]LogModuleManager: Shutting down and abandoning module Media (244)
[2018.08.10-06.45.36:330][836]LogModuleManager: Shutting down and abandoning module PacketHandler (241)
[2018.08.10-06.45.36:330][836]LogModuleManager: Shutting down and abandoning module ClothingSystemEditor (239)
[2018.08.10-06.45.36:331][836]LogModuleManager: Shutting down and abandoning module ClothingSystemRuntime (237)
[2018.08.10-06.45.36:331][836]LogModuleManager: Shutting down and abandoning module MediaAssets (235)
[2018.08.10-06.45.36:331][836]LogModuleManager: Shutting down and abandoning module Overlay (233)
[2018.08.10-06.45.36:331][836]LogModuleManager: Shutting down and abandoning module OverlayEditor (232)
[2018.08.10-06.45.36:331][836]LogModuleManager: Shutting down and abandoning module VREditor (229)
[2018.08.10-06.45.36:332][836]LogModuleManager: Shutting down and abandoning module StringTableEditor (227)
[2018.08.10-06.45.36:332][836]LogModuleManager: Shutting down and abandoning module GameplayTasksEditor (225)
[2018.08.10-06.45.36:332][836]LogModuleManager: Shutting down and abandoning module BehaviorTreeEditor (223)
[2018.08.10-06.45.36:334][836]LogModuleManager: Shutting down and abandoning module FunctionalTesting (221)
[2018.08.10-06.45.36:334][836]LogModuleManager: Shutting down and abandoning module CollisionAnalyzer (219)
[2018.08.10-06.45.36:336][836]LogModuleManager: Shutting down and abandoning module WorkspaceMenuStructure (218)
[2018.08.10-06.45.36:336][836]LogModuleManager: Shutting down and abandoning module UMG (215)
[2018.08.10-06.45.36:336][836]LogModuleManager: Shutting down and abandoning module UMGEditor (214)
[2018.08.10-06.45.36:336][836]LogModuleManager: Shutting down and abandoning module Sequencer (213)
[2018.08.10-06.45.36:337][836]LogModuleManager: Shutting down and abandoning module MessageLog (210)
[2018.08.10-06.45.36:337][836]LogModuleManager: Shutting down and abandoning module SlateReflector (205)
[2018.08.10-06.45.36:339][836]LogModuleManager: Shutting down and abandoning module Slate (203)
[2018.08.10-06.45.36:339][836]LogModuleManager: Shutting down and abandoning module EditorStyle (201)
[2018.08.10-06.45.36:341][836]LogModuleManager: Shutting down and abandoning module MRMesh (199)
[2018.08.10-06.45.36:341][836]LogModuleManager: Shutting down and abandoning module SourceCodeAccess (197)
[2018.08.10-06.45.36:342][836]LogModuleManager: Shutting down and abandoning module HeadMountedDisplay (195)
[2018.08.10-06.45.36:342][836]LogModuleManager: Shutting down and abandoning module XAudio2 (193)
[2018.08.10-06.45.36:342][836]LogModuleManager: Shutting down and abandoning module Networking (191)
[2018.08.10-06.45.36:342][836]LogModuleManager: Shutting down and abandoning module Core (189)
[2018.08.10-06.45.36:342][836]LogModuleManager: Shutting down and abandoning module LevelSequence (187)
[2018.08.10-06.45.36:342][836]LogModuleManager: Shutting down and abandoning module KismetCompiler (185)
[2018.08.10-06.45.36:342][836]LogModuleManager: Shutting down and abandoning module MeshUtilities (183)
[2018.08.10-06.45.36:343][836]LogModuleManager: Shutting down and abandoning module MeshMergeUtilities (182)
[2018.08.10-06.45.36:344][836]LogModuleManager: Shutting down and abandoning module MeshReductionInterface (181)
[2018.08.10-06.45.36:344][836]LogModuleManager: Shutting down and abandoning module SimplygonSwarm (180)
[2018.08.10-06.45.36:344][836]LogModuleManager: Shutting down and abandoning module ProxyLODMeshReduction (178)
[2018.08.10-06.45.36:345][836]LogModuleManager: Shutting down and abandoning module SimplygonMeshReduction (176)
[2018.08.10-06.45.36:345][836]LogModuleManager: Shutting down and abandoning module QuadricMeshReduction (174)
[2018.08.10-06.45.36:346][836]LogModuleManager: Shutting down and abandoning module MaterialBaking (170)
[2018.08.10-06.45.36:346][836]LogModuleManager: Shutting down and abandoning module DirectoryWatcher (166)
[2018.08.10-06.45.36:346][836]LogModuleManager: Shutting down and abandoning module DerivedDataCache (163)
[2018.08.10-06.45.36:367][836]LogDerivedDataCache: Shutdown
[2018.08.10-06.45.36:367][836]LogModuleManager: Shutting down and abandoning module XGEController (161)
[2018.08.10-06.45.36:368][836]LogModuleManager: Shutting down and abandoning module TargetPlatform (159)
[2018.08.10-06.45.36:368][836]LogModuleManager: Shutting down and abandoning module VulkanShaderFormat (158)
[2018.08.10-06.45.36:368][836]LogModuleManager: Shutting down and abandoning module ShaderFormatVectorVM (156)
[2018.08.10-06.45.36:368][836]LogModuleManager: Shutting down and abandoning module ShaderFormatOpenGL (154)
[2018.08.10-06.45.36:369][836]LogModuleManager: Shutting down and abandoning module ShaderFormatD3D (152)
[2018.08.10-06.45.36:369][836]LogModuleManager: Shutting down and abandoning module MetalShaderFormat (150)
[2018.08.10-06.45.36:369][836]LogModuleManager: Shutting down and abandoning module TextureFormatUncompressed (148)
[2018.08.10-06.45.36:369][836]LogModuleManager: Shutting down and abandoning module TextureFormatPVR (146)
[2018.08.10-06.45.36:369][836]LogModuleManager: Shutting down and abandoning module TextureFormatDXT (144)
[2018.08.10-06.45.36:370][836]LogModuleManager: Shutting down and abandoning module TextureFormatIntelISPCTexComp (142)
[2018.08.10-06.45.36:371][836]LogModuleManager: Shutting down and abandoning module TextureFormatASTC (140)
[2018.08.10-06.45.36:371][836]LogModuleManager: Shutting down and abandoning module ImageWrapper (139)
[2018.08.10-06.45.36:371][836]LogModuleManager: Shutting down and abandoning module TextureFormatAndroid (136)
[2018.08.10-06.45.36:371][836]LogModuleManager: Shutting down and abandoning module AudioFormatOpus (134)
[2018.08.10-06.45.36:371][836]LogModuleManager: Shutting down and abandoning module AudioFormatOgg (132)
[2018.08.10-06.45.36:371][836]LogModuleManager: Shutting down and abandoning module AudioFormatADPCM (130)
[2018.08.10-06.45.36:371][836]LogModuleManager: Shutting down and abandoning module LuminTargetPlatform (128)
[2018.08.10-06.45.36:371][836]LogModuleManager: Shutting down and abandoning module LinuxTargetPlatform (126)
[2018.08.10-06.45.36:371][836]LogModuleManager: Shutting down and abandoning module LinuxServerTargetPlatform (124)
[2018.08.10-06.45.36:371][836]LogModuleManager: Shutting down and abandoning module LinuxNoEditorTargetPlatform (122)
[2018.08.10-06.45.36:371][836]LogModuleManager: Shutting down and abandoning module LinuxClientTargetPlatform (120)
[2018.08.10-06.45.36:372][836]LogModuleManager: Shutting down and abandoning module TVOSTargetPlatform (118)
[2018.08.10-06.45.36:372][836]LogModuleManager: Shutting down and abandoning module Messaging (116)
[2018.08.10-06.45.36:372][836]LogModuleManager: Shutting down and abandoning module IOSTargetPlatform (114)
[2018.08.10-06.45.36:373][836]LogModuleManager: Shutting down and abandoning module HTML5TargetPlatform (112)
[2018.08.10-06.45.36:373][836]LogModuleManager: Shutting down and abandoning module AndroidTargetPlatform (110)
[2018.08.10-06.45.36:381][836]LogModuleManager: Shutting down and abandoning module WindowsTargetPlatform (108)
[2018.08.10-06.45.36:381][836]LogModuleManager: Shutting down and abandoning module WindowsServerTargetPlatform (106)
[2018.08.10-06.45.36:381][836]LogModuleManager: Shutting down and abandoning module WindowsNoEditorTargetPlatform (104)
[2018.08.10-06.45.36:381][836]LogModuleManager: Shutting down and abandoning module WindowsClientTargetPlatform (102)
[2018.08.10-06.45.36:381][836]LogModuleManager: Shutting down and abandoning module MacTargetPlatform (100)
[2018.08.10-06.45.36:381][836]LogModuleManager: Shutting down and abandoning module MacServerTargetPlatform (98)
[2018.08.10-06.45.36:381][836]LogModuleManager: Shutting down and abandoning module MacNoEditorTargetPlatform (96)
[2018.08.10-06.45.36:381][836]LogModuleManager: Shutting down and abandoning module MacClientTargetPlatform (94)
[2018.08.10-06.45.36:381][836]LogModuleManager: Shutting down and abandoning module AllDesktopTargetPlatform (92)
[2018.08.10-06.45.36:381][836]LogModuleManager: Shutting down and abandoning module InputCore (89)
[2018.08.10-06.45.36:381][836]LogModuleManager: Shutting down and abandoning module Settings (87)
[2018.08.10-06.45.36:381][836]LogModuleManager: Shutting down and abandoning module PhysXCooking (85)
[2018.08.10-06.45.36:381][836]LogModuleManager: Shutting down and abandoning module SteamVR (83)
[2018.08.10-06.45.36:381][836]LogModuleManager: Shutting down and abandoning module OculusHMD (81)
[2018.08.10-06.45.36:382][836]LogModuleManager: Shutting down and abandoning module ExampleDeviceProfileSelector (79)
[2018.08.10-06.45.36:382][836]LogModuleManager: Shutting down and abandoning module LauncherChunkInstaller (77)
[2018.08.10-06.45.36:382][836]LogModuleManager: Shutting down and abandoning module OnlineBlueprintSupport (75)
[2018.08.10-06.45.36:382][836]LogModuleManager: Shutting down and abandoning module OnlineSubsystem (71)
[2018.08.10-06.45.36:384][836]LogModuleManager: Shutting down and abandoning module XMPP (65)
[2018.08.10-06.45.36:385][836]LogModuleManager: Shutting down and abandoning module WebSockets (64)
[2018.08.10-06.45.36:407][836]LogModuleManager: Shutting down and abandoning module HTTP (61)
[2018.08.10-06.45.36:407][836]LogHttp: Display: Http module shutting down, but needs to wait on 1 outstanding Http requests:
[2018.08.10-06.45.36:408][836]LogHttp: Display: 	verb=[POST] url=[https://datarouter.ol.epicgames.com/datarouter/api/v1/public/data?SessionID=%7BB4975961-4592-AB81-3627-C5B414D4E88D%7D&AppID=UEEditor.Rocket.Release&AppVersion=4.20.0-4212847%2B%2B%2BUE4%2BRelease-4.20&UserID=bfb86c0144cdfa8d48051e819cefa2ad%7Cbc15334574d94df5ba3f8e153b4c9d6c%7C6ee1bc56-865b-4470-b12f-446bfea6588d&AppEnvironment=datacollector-binary&UploadType=eteventstream] status=Processing
[2018.08.10-06.45.36:419][836]LogModuleManager: Shutting down and abandoning module SSL (60)
[2018.08.10-06.45.36:421][836]LogModuleManager: Shutting down and abandoning module MagicLeapEmulator (56)
[2018.08.10-06.45.36:421][836]LogModuleManager: Shutting down and abandoning module MagicLeapPrivileges (54)
[2018.08.10-06.45.36:421][836]LogModuleManager: Shutting down and abandoning module MagicLeapIdentity (52)
[2018.08.10-06.45.36:422][836]LogModuleManager: Shutting down and abandoning module MagicLeapHelperVulkan (50)
[2018.08.10-06.45.36:422][836]LogModuleManager: Shutting down and abandoning module MagicLeapHelperOpenGL (48)
[2018.08.10-06.45.36:422][836]LogModuleManager: Shutting down and abandoning module MagicLeapSecureStorage (46)
[2018.08.10-06.45.36:422][836]LogModuleManager: Shutting down and abandoning module MagicLeapGestures (44)
[2018.08.10-06.45.36:422][836]LogModuleManager: Shutting down and abandoning module MagicLeapEyeTracker (42)
[2018.08.10-06.45.36:422][836]LogModuleManager: Shutting down and abandoning module MagicLeapController (40)
[2018.08.10-06.45.36:422][836]LogSlate: Slate User Destroyed.  User Index 0, Is Virtual User: 0
[2018.08.10-06.45.36:422][836]LogModuleManager: Shutting down and abandoning module MagicLeap (38)
[2018.08.10-06.45.36:423][836]LogModuleManager: Shutting down and abandoning module AnimationModifiers (36)
[2018.08.10-06.45.36:424][836]LogModuleManager: Shutting down and abandoning module PropertyEditor (35)
[2018.08.10-06.45.36:424][836]LogModuleManager: Shutting down and abandoning module AudioEditor (32)
[2018.08.10-06.45.36:425][836]LogModuleManager: Shutting down and abandoning module TextureCompressor (30)
[2018.08.10-06.45.36:426][836]LogModuleManager: Shutting down and abandoning module ShaderCore (28)
[2018.08.10-06.45.36:426][836]LogModuleManager: Shutting down and abandoning module Landscape (26)
[2018.08.10-06.45.36:426][836]LogModuleManager: Shutting down and abandoning module SlateRHIRenderer (24)
[2018.08.10-06.45.36:427][836]LogModuleManager: Shutting down and abandoning module OpenGLDrv (22)
[2018.08.10-06.45.36:427][836]LogModuleManager: Shutting down and abandoning module D3D11RHI (20)
[2018.08.10-06.45.36:427][836]LogModuleManager: Shutting down and abandoning module AnimGraphRuntime (18)
[2018.08.10-06.45.36:428][836]LogModuleManager: Shutting down and abandoning module Renderer (16)
[2018.08.10-06.45.36:428][836]LogModuleManager: Shutting down and abandoning module Engine (14)
[2018.08.10-06.45.36:428][836]LogModuleManager: Shutting down and abandoning module CoreUObject (12)
[2018.08.10-06.45.36:428][836]LogModuleManager: Shutting down and abandoning module NetworkFile (10)
[2018.08.10-06.45.36:428][836]LogModuleManager: Shutting down and abandoning module CookedIterativeFile (8)
[2018.08.10-06.45.36:428][836]LogModuleManager: Shutting down and abandoning module StreamingFile (6)
[2018.08.10-06.45.36:428][836]LogModuleManager: Shutting down and abandoning module SandboxFile (4)
[2018.08.10-06.45.36:428][836]LogModuleManager: Shutting down and abandoning module PakFile (2)
[2018.08.10-06.45.36:434][836]LogExit: Exiting.
[2018.08.10-06.45.36:447][836]Log file closed, 08/10/18 18:45:36
