Log file open, 08/09/18 11:37:32
LogWindows: Failed to load 'aqProf.dll' (GetLastError=126)
LogWindows: File 'aqProf.dll' does not exist
LogWindows: Failed to load 'VSPerf140.dll' (GetLastError=126)
LogWindows: File 'VSPerf140.dll' does not exist
LogWindows: Failed to load 'VtuneApi.dll' (GetLastError=126)
LogWindows: File 'VtuneApi.dll' does not exist
LogWindows: Failed to load 'VtuneApi32e.dll' (GetLastError=126)
LogWindows: File 'VtuneApi32e.dll' does not exist
LogInit: Display: Running engine for game: CS205
LogPlatformFile: Not using cached read wrapper
LogTaskGraph: Started task graph with 5 named threads and 23 total threads with 3 sets of task threads.
LogStats: Stats thread started at 0.744491
LogD3D11RHI: Loaded GFSDK_Aftermath_Lib.x64.dll
LogICUInternationalization: Display: ICU TimeZone Detection - Raw Offset: +12:00, Platform Override: ''
LogPluginManager: Mounting plugin Paper2D
LogPluginManager: Mounting plugin AISupport
LogPluginManager: Mounting plugin LightPropagationVolume
LogPluginManager: Mounting plugin CLionSourceCodeAccess
LogPluginManager: Mounting plugin CodeLiteSourceCodeAccess
LogPluginManager: Mounting plugin GitSourceControl
LogPluginManager: Mounting plugin KDevelopSourceCodeAccess
LogPluginManager: Mounting plugin NullSourceCodeAccess
LogPluginManager: Mounting plugin PerforceSourceControl
LogPluginManager: Mounting plugin SubversionSourceControl
LogPluginManager: Mounting plugin UObjectPlugin
LogPluginManager: Mounting plugin VisualStudioCodeSourceCodeAccess
LogPluginManager: Mounting plugin VisualStudioSourceCodeAccess
LogPluginManager: Mounting plugin XCodeSourceCodeAccess
LogPluginManager: Mounting plugin AssetManagerEditor
LogPluginManager: Mounting plugin CryptoKeys
LogPluginManager: Mounting plugin DataValidation
LogPluginManager: Mounting plugin FacialAnimation
LogPluginManager: Mounting plugin GameplayTagsEditor
LogPluginManager: Mounting plugin MacGraphicsSwitching
LogPluginManager: Mounting plugin MeshEditor
LogPluginManager: Mounting plugin MobileLauncherProfileWizard
LogPluginManager: Mounting plugin PluginBrowser
LogPluginManager: Mounting plugin SpeedTreeImporter
LogPluginManager: Mounting plugin DatasmithContent
LogPluginManager: Mounting plugin AlembicImporter
LogPluginManager: Mounting plugin AppleImageUtils
LogPluginManager: Mounting plugin AppleVision
LogPluginManager: Mounting plugin BackChannel
LogPluginManager: Mounting plugin CharacterAI
LogPluginManager: Mounting plugin GeometryCache
LogPluginManager: Mounting plugin HTML5Networking
LogPluginManager: Mounting plugin ProxyLODPlugin
LogPluginManager: Mounting plugin MagicLeap
LogPluginManager: Mounting plugin MagicLeapEmulator
LogPluginManager: Mounting plugin MagicLeapMedia
LogPluginManager: Mounting plugin AndroidMedia
LogPluginManager: Mounting plugin AvfMedia
LogPluginManager: Mounting plugin ImgMedia
LogPluginManager: Mounting plugin LinearTimecode
LogPluginManager: Mounting plugin MediaCompositing
LogPluginManager: Mounting plugin MediaPlayerEditor
LogPluginManager: Mounting plugin WmfMedia
LogPluginManager: Mounting plugin TcpMessaging
LogPluginManager: Mounting plugin UdpMessaging
LogPluginManager: Mounting plugin ActorSequence
LogPluginManager: Mounting plugin LevelSequenceEditor
LogPluginManager: Mounting plugin MatineeToLevelSequence
LogPluginManager: Mounting plugin NetcodeUnitTest
LogPluginManager: Mounting plugin NUTUnrealEngine4
LogPluginManager: Mounting plugin OnlineSubsystemGooglePlay
LogPluginManager: Mounting plugin OnlineSubsystemIOS
LogPluginManager: Mounting plugin OnlineSubsystem
LogPluginManager: Mounting plugin OnlineSubsystemNull
LogPluginManager: Mounting plugin OnlineSubsystemUtils
LogPluginManager: Mounting plugin LauncherChunkInstaller
LogPluginManager: Mounting plugin AndroidDeviceProfileSelector
LogPluginManager: Mounting plugin AndroidMoviePlayer
LogPluginManager: Mounting plugin AndroidPermission
LogPluginManager: Mounting plugin AppleMoviePlayer
LogPluginManager: Mounting plugin ArchVisCharacter
LogPluginManager: Mounting plugin AudioCapture
LogPluginManager: Mounting plugin CableComponent
LogPluginManager: Mounting plugin CustomMeshComponent
LogPluginManager: Mounting plugin EditableMesh
LogPluginManager: Mounting plugin ExampleDeviceProfileSelector
LogPluginManager: Mounting plugin GoogleCloudMessaging
LogPluginManager: Mounting plugin ImmediatePhysics
LogPluginManager: Mounting plugin IOSDeviceProfileSelector
LogPluginManager: Mounting plugin LinuxDeviceProfileSelector
LogPluginManager: Mounting plugin LocationServicesBPLibrary
LogPluginManager: Mounting plugin MobilePatchingUtils
LogPluginManager: Mounting plugin OculusVR
LogPluginManager: Plugin shader directory ../../../Engine/Plugins/Runtime/Oculus/OculusVR/Shaders found
LogPluginManager: Mapping shader source directory ../../../Engine/Plugins/Runtime/Oculus/OculusVR/Shaders to virtual directory /Plugin/OculusVR
LogPluginManager: Mounting plugin PhysXVehicles
LogPluginManager: Mounting plugin ProceduralMeshComponent
LogPluginManager: Mounting plugin RuntimePhysXCooking
LogPluginManager: Mounting plugin SteamVR
LogPluginManager: Mounting plugin WindowsMoviePlayer
LogStreaming: Display: Took  0.182s to configure plugins.
LogInit: Using libcurl 7.55.1-DEV
LogInit:  - built for x86_64-pc-win32
LogInit:  - supports SSL with OpenSSL/1.0.2h
LogInit:  - supports HTTP deflate (compression) using libz 1.2.8
LogInit:  - other features:
LogInit:      CURL_VERSION_SSL
LogInit:      CURL_VERSION_LIBZ
LogInit:      CURL_VERSION_IPV6
LogInit:      CURL_VERSION_ASYNCHDNS
LogInit:      CURL_VERSION_LARGEFILE
LogInit:      CURL_VERSION_IDN
LogInit:  CurlRequestOptions (configurable via config and command line):
LogInit:  - bVerifyPeer = false  - Libcurl will NOT verify peer certificate
LogInit:  - bUseHttpProxy = false  - Libcurl will NOT use HTTP proxy
LogInit:  - bDontReuseConnections = false  - Libcurl will reuse connections
LogInit:  - CertBundlePath = nullptr  - Libcurl will use whatever was configured at build time.
LogInit:  - MaxHostConnections = 16  - Libcurl will limit the number of connections to a host
LogInit:  - LocalHostAddr = Default
LogInit:  - BufferSize = 65536
LogInit: WinSock: version 1.1 (2.2), MaxSocks=32767, MaxUdp=65467
LogInit: Build: ++UE4+Release-4.20-CL-4212847
LogInit: Engine Version: 4.20.0-4212847+++UE4+Release-4.20
LogInit: Compatible Engine Version: 4.20.0-4212847+++UE4+Release-4.20
LogInit: Net CL: 4212847
LogInit: OS: Windows 10 (), CPU: Intel(R) Core(TM) i7-7700 CPU @ 3.60GHz, GPU: NVIDIA GeForce GTX 1070
LogInit: Compiled (64-bit): Jul 14 2018 09:51:14
LogInit: Compiled with Visual C++: 19.13.26129.00
LogInit: Build Configuration: Development
LogInit: Branch Name: ++UE4+Release-4.20
LogInit: Command Line:  
LogInit: Base Directory: C:/Program Files/Epic Games/UE_4.20/Engine/Binaries/Win64/
LogInit: Installed Engine Build: 1
LogDevObjectVersion: Number of dev versions registered: 20
LogDevObjectVersion:   Dev-Blueprints (B0D832E4-1F89-4F0D-ACCF-7EB736FD4AA2): 10
LogDevObjectVersion:   Dev-Build (E1C64328-A22C-4D53-A36C-8E866417BD8C): 0
LogDevObjectVersion:   Dev-Core (375EC13C-06E4-48FB-B500-84F0262A717E): 2
LogDevObjectVersion:   Dev-Editor (E4B068ED-F494-42E9-A231-DA0B2E46BB41): 24
LogDevObjectVersion:   Dev-Framework (CFFC743F-43B0-4480-9391-14DF171D2073): 34
LogDevObjectVersion:   Dev-Mobile (B02B49B5-BB20-44E9-A304-32B752E40360): 2
LogDevObjectVersion:   Dev-Networking (A4E4105C-59A1-49B5-A7C5-40C4547EDFEE): 0
LogDevObjectVersion:   Dev-Online (39C831C9-5AE6-47DC-9A44-9C173E1C8E7C): 0
LogDevObjectVersion:   Dev-Physics (78F01B33-EBEA-4F98-B9B4-84EACCB95AA2): 0
LogDevObjectVersion:   Dev-Platform (6631380F-2D4D-43E0-8009-CF276956A95A): 0
LogDevObjectVersion:   Dev-Rendering (12F88B9F-8875-4AFC-A67C-D90C383ABD29): 26
LogDevObjectVersion:   Dev-Sequencer (7B5AE74C-D270-4C10-A958-57980B212A5A): 9
LogDevObjectVersion:   Dev-VR (D7296918-1DD6-4BDD-9DE2-64A83CC13884): 2
LogDevObjectVersion:   Dev-LoadTimes (C2A15278-BFE7-4AFE-6C17-90FF531DF755): 1
LogDevObjectVersion:   Private-Geometry (6EACA3D4-40EC-4CC1-B786-8BED09428FC5): 3
LogDevObjectVersion:   Dev-AnimPhys (29E575DD-E0A3-4627-9D10-D276232CDCEA): 17
LogDevObjectVersion:   Dev-ReflectionCapture (6B266CEC-1EC7-4B8F-A30B-E4D90942FC07): 1
LogDevObjectVersion:   Dev-Automation (0DF73D61-A23F-47EA-B727-89E90C41499A): 1
LogDevObjectVersion:   FortniteMain (601D1886-AC64-4F84-AA16-D3DE0DEAC7D6): 12
LogDevObjectVersion:   Dev-Enterprise (9DFFBCD6-494F-0158-E221-12823C92A888): 1
LogStreaming: Display: Took  0.018s to delete old logs.
LogInit: Presizing for max 8388607 objects, including 0 objects not considered by GC, pre-allocating 0 bytes for permanent pool.
LogInit: Object subsystem initialized
[2018.08.08-23.37.33:399][  0]LogInit: Selected Device Profile: [Windows]
[2018.08.08-23.37.33:399][  0]LogInit: Applying CVar settings loaded from the selected device profile: [Windows]
[2018.08.08-23.37.33:411][  0]LogHAL: Display: Platform has ~ 16 GB [17136259072 / 17179869184 / 16], which maps to Larger [LargestMinGB=32, LargerMinGB=12, DefaultMinGB=8, SmallerMinGB=6, SmallestMinGB=0)
[2018.08.08-23.37.33:411][  0]LogInit: Setting Device Profile CVar: [[r.Vulkan.UseRealUBs:1]]
[2018.08.08-23.37.33:412][  0]LogInit: Going up to parent DeviceProfile []
[2018.08.08-23.37.33:415][  0]LogInit: Computer: A02065
[2018.08.08-23.37.33:415][  0]LogInit: User: ames
[2018.08.08-23.37.33:415][  0]LogInit: CPU Page size=4096, Cores=4
[2018.08.08-23.37.33:415][  0]LogInit: High frequency timer resolution =3.515631 MHz
[2018.08.08-23.37.33:415][  0]LogMemory: Memory total: Physical=16.0GB (16GB approx)
[2018.08.08-23.37.33:415][  0]LogMemory: Platform Memory Stats for Windows
[2018.08.08-23.37.33:415][  0]LogMemory: Process Physical Memory: 100.57 MB used, 100.57 MB peak
[2018.08.08-23.37.33:415][  0]LogMemory: Process Virtual Memory: 89.21 MB used, 89.21 MB peak
[2018.08.08-23.37.33:415][  0]LogMemory: Physical Memory: 3462.31 MB used,  12880.10 MB free, 16342.41 MB total
[2018.08.08-23.37.33:415][  0]LogMemory: Virtual Memory: 4637.46 MB used,  12880.10 MB free, 134217728.00 MB total
[2018.08.08-23.37.33:529][  0]LogInit: Using OS detected language (en-US).
[2018.08.08-23.37.33:529][  0]LogInit: Using OS detected locale (en-NZ).
[2018.08.08-23.37.33:532][  0]LogTextLocalizationManager: No specific localization for 'en-US' exists, so the 'en' localization will be used.
[2018.08.08-23.37.33:903][  0]LogStreaming: Display: Took  0.372s to InitEngineTextLocalization.
[2018.08.08-23.37.33:903][  0]LogInit: Setting process to per monitor DPI aware
[2018.08.08-23.37.33:968][  0]LogSlate: New Slate User Created.  User Index 0, Is Virtual User: 0
[2018.08.08-23.37.33:968][  0]LogSlate: Slate User Registered.  User Index 0, Is Virtual User: 0
[2018.08.08-23.37.34:559][  0]LogHMD: Failed to initialize OpenVR with code 110
[2018.08.08-23.37.34:559][  0]LogD3D11RHI: D3D11 adapters:
[2018.08.08-23.37.34:615][  0]LogD3D11RHI:    0. 'NVIDIA GeForce GTX 1070' (Feature Level 11_0)
[2018.08.08-23.37.34:615][  0]LogD3D11RHI:       8096/0/8171 MB DedicatedVideo/DedicatedSystem/SharedSystem, Outputs:2, VendorId:0x10de
[2018.08.08-23.37.34:617][  0]LogD3D11RHI:    1. 'Microsoft Basic Render Driver' (Feature Level 11_0)
[2018.08.08-23.37.34:617][  0]LogD3D11RHI:       0/0/8171 MB DedicatedVideo/DedicatedSystem/SharedSystem, Outputs:0, VendorId:0x1414
[2018.08.08-23.37.34:617][  0]LogD3D11RHI: Chosen D3D11 Adapter: 0
[2018.08.08-23.37.34:623][  0]LogD3D11RHI: Creating new Direct3DDevice
[2018.08.08-23.37.34:623][  0]LogD3D11RHI:     GPU DeviceId: 0x1b81 (for the marketing name, search the web for "GPU Device Id")
[2018.08.08-23.37.34:623][  0]LogWindows: EnumDisplayDevices:
[2018.08.08-23.37.34:623][  0]LogWindows:    0. 'NVIDIA GeForce GTX 1070' (P:0 D:1)
[2018.08.08-23.37.34:623][  0]LogWindows:    1. 'NVIDIA GeForce GTX 1070' (P:1 D:1)
[2018.08.08-23.37.34:623][  0]LogWindows:    2. 'NVIDIA GeForce GTX 1070' (P:0 D:0)
[2018.08.08-23.37.34:623][  0]LogWindows:    3. 'NVIDIA GeForce GTX 1070' (P:0 D:0)
[2018.08.08-23.37.34:625][  0]LogWindows: DebugString: FoundDriverCount:4 
[2018.08.08-23.37.34:625][  0]LogD3D11RHI:     Adapter Name: NVIDIA GeForce GTX 1070
[2018.08.08-23.37.34:625][  0]LogD3D11RHI:   Driver Version: 388.13 (internal:23.21.13.8813, unified:388.13)
[2018.08.08-23.37.34:625][  0]LogD3D11RHI:      Driver Date: 10-27-2017
[2018.08.08-23.37.34:625][  0]LogRHI: Texture pool is 5667 MB (70% of 8096 MB)
[2018.08.08-23.37.34:651][  0]LogD3D11RHI: Async texture creation enabled
[2018.08.08-23.37.34:671][  0]LogD3D11RHI: GPU Timing Frequency: 1000.000000 (Debug: 2 1)
[2018.08.08-23.37.34:676][  0]LogShaderCompilers: Guid format shader working directory is -40 characters bigger than the processId version (../../../../../../Users/ames/Desktop/CS205-Fingureblaster/Respos/FingerBlasters/CS205/Intermediate/Shaders/WorkingDirectory/7216/).
[2018.08.08-23.37.34:676][  0]LogShaderCompilers: Cleaned the shader compiler working directory 'C:/Users/ames/AppData/Local/Temp/UnrealShaderWorkingDir/B588C107446943DE00107588EDB2464D/'.
[2018.08.08-23.37.35:216][  0]LogTemp: Display: Loaded TP AllDesktopTargetPlatform
[2018.08.08-23.37.35:230][  0]LogTemp: Display: Loaded TP MacClientTargetPlatform
[2018.08.08-23.37.35:244][  0]LogTemp: Display: Loaded TP MacNoEditorTargetPlatform
[2018.08.08-23.37.35:259][  0]LogTemp: Display: Loaded TP MacServerTargetPlatform
[2018.08.08-23.37.35:275][  0]LogTemp: Display: Loaded TP MacTargetPlatform
[2018.08.08-23.37.35:291][  0]LogTemp: Display: Loaded TP WindowsClientTargetPlatform
[2018.08.08-23.37.35:305][  0]LogTemp: Display: Loaded TP WindowsNoEditorTargetPlatform
[2018.08.08-23.37.35:320][  0]LogTemp: Display: Loaded TP WindowsServerTargetPlatform
[2018.08.08-23.37.35:328][  0]LogTemp: Display: Loaded TP WindowsTargetPlatform
[2018.08.08-23.37.35:407][  0]LogTemp: Display: Loaded TP AndroidTargetPlatform
[2018.08.08-23.37.35:407][  0]LogTemp: Display: Loaded TP AndroidTargetPlatform
[2018.08.08-23.37.35:407][  0]LogTemp: Display: Loaded TP AndroidTargetPlatform
[2018.08.08-23.37.35:407][  0]LogTemp: Display: Loaded TP AndroidTargetPlatform
[2018.08.08-23.37.35:407][  0]LogTemp: Display: Loaded TP AndroidTargetPlatform
[2018.08.08-23.37.35:407][  0]LogTemp: Display: Loaded TP AndroidTargetPlatform
[2018.08.08-23.37.35:407][  0]LogTemp: Display: Loaded TP AndroidTargetPlatform
[2018.08.08-23.37.35:407][  0]LogTemp: Display: Loaded TP AndroidTargetPlatform
[2018.08.08-23.37.35:407][  0]LogTemp: Display: Loaded TP AndroidTargetPlatform
[2018.08.08-23.37.35:407][  0]LogTemp: Display: Loaded TP AndroidTargetPlatform
[2018.08.08-23.37.35:407][  0]LogTemp: Display: Loaded TP AndroidTargetPlatform
[2018.08.08-23.37.35:407][  0]LogTemp: Display: Loaded TP AndroidTargetPlatform
[2018.08.08-23.37.35:407][  0]LogTemp: Display: Loaded TP AndroidTargetPlatform
[2018.08.08-23.37.35:407][  0]LogTemp: Display: Loaded TP AndroidTargetPlatform
[2018.08.08-23.37.35:407][  0]LogTemp: Display: Loaded TP AndroidTargetPlatform
[2018.08.08-23.37.35:407][  0]LogTemp: Display: Loaded TP AndroidTargetPlatform
[2018.08.08-23.37.35:407][  0]LogTemp: Display: Loaded TP AndroidTargetPlatform
[2018.08.08-23.37.35:407][  0]LogTemp: Display: Loaded TP AndroidTargetPlatform
[2018.08.08-23.37.35:411][  0]LogTemp: Display: Loaded TP HTML5TargetPlatform
[2018.08.08-23.37.35:476][  0]LogTemp: Display: Loaded TP IOSTargetPlatform
[2018.08.08-23.37.35:476][  0]LogTemp: Display: Loaded TP IOSTargetPlatform
[2018.08.08-23.37.35:499][  0]LogTemp: Display: Loaded TP TVOSTargetPlatform
[2018.08.08-23.37.35:499][  0]LogTemp: Display: Loaded TP TVOSTargetPlatform
[2018.08.08-23.37.35:514][  0]LogTemp: Display: Loaded TP LinuxClientTargetPlatform
[2018.08.08-23.37.35:527][  0]LogTemp: Display: Loaded TP LinuxNoEditorTargetPlatform
[2018.08.08-23.37.35:540][  0]LogTemp: Display: Loaded TP LinuxServerTargetPlatform
[2018.08.08-23.37.35:555][  0]LogTemp: Display: Loaded TP LinuxTargetPlatform
[2018.08.08-23.37.35:565][  0]LogTemp: Display: Loaded TP LuminTargetPlatform
[2018.08.08-23.37.35:566][  0]LogTargetPlatformManager: Display: Building Assets For Windows
[2018.08.08-23.37.35:698][  0]LogXGEController: Cleaning working directory: C:/Users/ames/AppData/Local/Temp/UnrealXGEWorkingDir/
[2018.08.08-23.37.35:698][  0]LogXGEController: Cannot use XGE Controller as Incredibuild is not installed on this machine.
[2018.08.08-23.37.35:698][  0]LogShaderCompilers: Cannot use XGE Shader Compiler as Incredibuild is not installed on this machine.
[2018.08.08-23.37.35:698][  0]LogShaderCompilers: Display: Using Local Shader Compiler.
[2018.08.08-23.37.36:749][  0]LogDerivedDataCache: Display: Max Cache Size: 512 MB
[2018.08.08-23.37.37:091][  0]LogDerivedDataCache: Loaded boot cache 0.34s 71MB C:/Users/ames/AppData/Local/UnrealEngine/4.20/DerivedDataCache/Boot.ddc.
[2018.08.08-23.37.37:092][  0]LogDerivedDataCache: Display: Loaded Boot cache: C:/Users/ames/AppData/Local/UnrealEngine/4.20/DerivedDataCache/Boot.ddc
[2018.08.08-23.37.37:092][  0]LogDerivedDataCache: FDerivedDataBackendGraph:  Pak pak cache file ../../../../../../Users/ames/Desktop/CS205-Fingureblaster/Respos/FingerBlasters/CS205/DerivedDataCache/DDC.ddp not found, will not use a pak cache.
[2018.08.08-23.37.37:092][  0]LogDerivedDataCache: Unable to find inner node Pak for hierarchical cache Hierarchy.
[2018.08.08-23.37.37:092][  0]LogDerivedDataCache: FDerivedDataBackendGraph:  CompressedPak pak cache file ../../../../../../Users/ames/Desktop/CS205-Fingureblaster/Respos/FingerBlasters/CS205/DerivedDataCache/Compressed.ddp not found, will not use a pak cache.
[2018.08.08-23.37.37:092][  0]LogDerivedDataCache: Unable to find inner node CompressedPak for hierarchical cache Hierarchy.
[2018.08.08-23.37.37:109][  0]LogDerivedDataCache: Display: Pak cache opened for reading ../../../Engine/DerivedDataCache/Compressed.ddp.
[2018.08.08-23.37.37:123][  0]LogDerivedDataCache: Using Local data cache path C:/Users/ames/AppData/Local/UnrealEngine/Common/DerivedDataCache: Writable
[2018.08.08-23.37.37:123][  0]LogDerivedDataCache: Shared data cache path not found in *engine.ini, will not use an Shared cache.
[2018.08.08-23.37.37:123][  0]LogDerivedDataCache: Unable to find inner node Shared for hierarchical cache Hierarchy.
[2018.08.08-23.37.37:141][  0]LogMaterial: Verifying Global Shaders for PCD3D_SM5
[2018.08.08-23.37.37:147][  0]LogSlate: Using FreeType 2.6.0
[2018.08.08-23.37.37:152][  0]LogSlate: SlateFontServices - WITH_FREETYPE: 1, WITH_HARFBUZZ: 1
[2018.08.08-23.37.37:336][  0]LogAssetRegistry: FAssetRegistry took 0.0283 seconds to start up
[2018.08.08-23.37.37:685][  0]LogInit: Selected Device Profile: [Windows]
[2018.08.08-23.37.37:924][  0]LogSimplygon: Simplygon DLL not present - disabling.
[2018.08.08-23.37.37:946][  0]LogMeshReduction: Using SimplygonSwarm for distributed automatic mesh merging
[2018.08.08-23.37.37:946][  0]LogMeshReduction: Using ProxyLODMeshReduction for automatic mesh merging
[2018.08.08-23.37.37:947][  0]LogMeshReduction: Using QuadricMeshReduction for automatic static mesh reduction
[2018.08.08-23.37.37:947][  0]LogMeshReduction: No automatic skeletal mesh reduction module available
[2018.08.08-23.37.37:982][  0]LogNetVersion: CS205 1.0.0, NetCL: 4212847, EngineNetVer: 5, GameNetVer: 0 (Checksum: 3832072326)
[2018.08.08-23.37.38:854][  0]LogPackageLocalizationCache: Processed 11 localized package path(s) for 2 prioritized culture(s) in 0.179319 seconds
[2018.08.08-23.37.38:861][  0]LogUObjectArray: 38425 objects as part of root set at end of initial load.
[2018.08.08-23.37.38:861][  0]LogUObjectAllocator: 6690864 out of 0 bytes used by permanent object pool.
[2018.08.08-23.37.38:861][  0]LogUObjectArray: CloseDisregardForGC: 0/0 objects in disregard for GC pool
[2018.08.08-23.37.41:113][  0]LogTcpMessaging: Initializing TcpMessaging bridge
[2018.08.08-23.37.41:131][  0]LogUdpMessaging: Initializing bridge on interface 0.0.0.0:0 to multicast group 230.0.0.1:6666.
[2018.08.08-23.37.41:399][  0]SourceControl: Source control is disabled
[2018.08.08-23.37.42:020][  0]LogAndroidPermission: UAndroidPermissionCallbackProxy::GetInstance
[2018.08.08-23.37.42:119][  0]LogOcInput: OculusInput pre-init called
[2018.08.08-23.37.42:215][  0]LogEngine: Initializing Engine...
[2018.08.08-23.37.42:216][  0]LogHMD: Failed to initialize OpenVR with code 110
[2018.08.08-23.37.42:219][  0]LogStats: UGameplayTagsManager::ConstructGameplayTagTree: ImportINI prefixes -  0.000 s
[2018.08.08-23.37.42:219][  0]LogStats: UGameplayTagsManager::ConstructGameplayTagTree: Construct from data asset -  0.000 s
[2018.08.08-23.37.42:219][  0]LogStats: UGameplayTagsManager::ConstructGameplayTagTree: ImportINI -  0.000 s
[2018.08.08-23.37.42:219][  0]LogStats: UGameplayTagsManager::ConstructGameplayTagTree: GameplayTagTreeChangedEvent.Broadcast -  0.000 s
[2018.08.08-23.37.42:450][  0]LogInit: Initializing FReadOnlyCVARCache
[2018.08.08-23.37.42:493][  0]LogAIModule: Creating AISystem for world Untitled
[2018.08.08-23.37.42:521][  0]LogInit: XAudio2 using 'Headphones (3- SteelSeries Arctis 7 Game)' : 2 channels at 48 kHz using 16 bits per sample (channel mask 0x3)
[2018.08.08-23.37.42:542][  0]LogInit: FAudioDevice initialized.
[2018.08.08-23.37.42:543][  0]LogNetVersion: Set ProjectVersion to 1.0.0.0. Version Checksum will be recalculated on next use.
[2018.08.08-23.37.42:598][  0]LogDerivedDataCache: Saved boot cache 0.05s 71MB C:/Users/ames/AppData/Local/UnrealEngine/4.20/DerivedDataCache/Boot.ddc.
[2018.08.08-23.37.42:604][  0]LogInit: Texture streaming: Enabled
[2018.08.08-23.37.42:630][  0]LogEngineSessionManager: EngineSessionManager initialized
[2018.08.08-23.37.42:651][  0]LogWindowsTextInputMethodSystem: Display: IME system now deactivated.
[2018.08.08-23.37.42:682][  0]LogInit: Transaction tracking system initialized
[2018.08.08-23.37.42:737][  0]BlueprintLog: New page: Editor Load
[2018.08.08-23.37.42:935][  0]LocalizationService: Localization service is disabled
[2018.08.08-23.37.43:626][  0]LogCook: Display: Max memory allowance for cook 16384mb min free memory 0mb
[2018.08.08-23.37.43:627][  0]LogCook: Display: Mobile HDR setting 1
[2018.08.08-23.37.43:627][  0]LogGameplayTags: Display: UGameplayTagsManager::DoneAddingNativeTags. DelegateIsBound: 0
[2018.08.08-23.37.43:627][  0]LogStats: UGameplayTagsManager::ConstructGameplayTagTree: ImportINI prefixes -  0.000 s
[2018.08.08-23.37.43:627][  0]LogStats: UGameplayTagsManager::ConstructGameplayTagTree: Construct from data asset -  0.000 s
[2018.08.08-23.37.43:627][  0]LogStats: UGameplayTagsManager::ConstructGameplayTagTree: ImportINI -  0.000 s
[2018.08.08-23.37.43:627][  0]LogStats: UGameplayTagsManager::ConstructGameplayTagTree: GameplayTagTreeChangedEvent.Broadcast -  0.000 s
[2018.08.08-23.37.43:905][  0]LogFileCache: Scanning file cache for directory 'C:/Users/ames/Desktop/CS205-Fingureblaster/Respos/FingerBlasters/CS205/Content/' took 0.01s
[2018.08.08-23.37.43:905][  0]Cmd: MAP LOAD FILE="../../../../../../Users/ames/Desktop/CS205-Fingureblaster/Respos/FingerBlasters/CS205/Content/Map/MainMenu.umap" TEMPLATE=0 SHOWPROGRESS=1 FEATURELEVEL=3
[2018.08.08-23.37.43:907][  0]LightingResults: New page: Lighting Build
[2018.08.08-23.37.43:914][  0]MapCheck: New page: Map Check
[2018.08.08-23.37.43:914][  0]LightingResults: New page: Lighting Build
[2018.08.08-23.37.44:260][  0]LogAIModule: Creating AISystem for world MainMenu
[2018.08.08-23.37.44:264][  0]LogEditorServer: Finished looking for orphan Actors (0.000 secs)
[2018.08.08-23.37.44:290][  0]Cmd: MAP CHECKDEP NOCLEARLOG
[2018.08.08-23.37.44:450][  0]MapCheck: Map check complete: 0 Error(s), 0 Warning(s), took 159.9ms to complete.
[2018.08.08-23.37.44:450][  0]LogFileHelpers: Loading map 'MainMenu' took 0.543
[2018.08.08-23.37.44:605][  0]LogSlate: Updating window title bar state: overlay mode, drag disabled, window buttons hidden, title bar hidden
[2018.08.08-23.37.44:616][  0]LogSlate: Updating window title bar state: overlay mode, drag disabled, window buttons hidden, title bar hidden
[2018.08.08-23.37.44:625][  0]LogSlate: Updating window title bar state: overlay mode, drag disabled, window buttons hidden, title bar hidden
[2018.08.08-23.37.44:634][  0]LogSlate: Updating window title bar state: overlay mode, drag disabled, window buttons hidden, title bar hidden
[2018.08.08-23.37.44:649][  0]LogCollectionManager: Loaded 0 collections in 0.001847 seconds
[2018.08.08-23.37.44:708][  0]LogFileCache: Scanning file cache for directory 'C:/Users/ames/Desktop/CS205-Fingureblaster/Respos/FingerBlasters/CS205/Saved/Collections/' took 0.01s
[2018.08.08-23.37.44:708][  0]LogFileCache: Scanning file cache for directory 'C:/Users/ames/Desktop/CS205-Fingureblaster/Respos/FingerBlasters/CS205/Content/Developers/ames/Collections/' took 0.01s
[2018.08.08-23.37.44:708][  0]LogFileCache: Scanning file cache for directory 'C:/Users/ames/Desktop/CS205-Fingureblaster/Respos/FingerBlasters/CS205/Content/Collections/' took 0.01s
[2018.08.08-23.37.44:708][  0]LogCollectionManager: Rebuilt the GUID cache for 0 collections in 0.000000 seconds
[2018.08.08-23.37.44:725][  0]LogContentBrowser: Native class hierarchy populated in 0.0160 seconds. Added 2572 classes and 603 folders.
[2018.08.08-23.37.44:741][  0]LogContentBrowser: Native class hierarchy updated for 'WidgetCarousel' in 0.0003 seconds. Added 0 classes and 0 folders.
[2018.08.08-23.37.44:925][  0]LogContentBrowser: Native class hierarchy updated for 'AddContentDialog' in 0.0003 seconds. Added 0 classes and 0 folders.
[2018.08.08-23.37.44:937][  0]LogContentBrowser: Native class hierarchy updated for 'SceneOutliner' in 0.0003 seconds. Added 1 classes and 2 folders.
[2018.08.08-23.37.45:090][  0]LogSlate: Took 0.002301 seconds to synchronously load lazily loaded font '../../../Engine/Content/Slate/Fonts/Roboto-Regular.ttf' (155K)
[2018.08.08-23.37.45:094][  0]LogSlate: Took 0.001857 seconds to synchronously load lazily loaded font '../../../Engine/Content/Slate/Fonts/Roboto-Bold.ttf' (160K)
[2018.08.08-23.37.45:114][  0]LogSlate: Took 0.008638 seconds to synchronously load lazily loaded font '../../../Engine/Content/Editor/Slate/Fonts/FontAwesome.ttf' (139K)
[2018.08.08-23.37.45:233][  0]LogRenderer: Reallocating scene render targets to support 1208x552 Format 10 NumSamples 1 (Frame:1).
[2018.08.08-23.37.45:385][  0]LogContentBrowser: Native class hierarchy updated for 'HierarchicalLODOutliner' in 0.0002 seconds. Added 0 classes and 0 folders.
[2018.08.08-23.37.45:385][  0]LogLoad: (Engine Initialization) Total time: 15.70 seconds
[2018.08.08-23.37.45:385][  0]LogLoad: (Engine Initialization) Total Blueprint compile time: 0.00 seconds
[2018.08.08-23.37.45:417][  0]LogContentStreaming: Texture pool size now 3000 MB
[2018.08.08-23.37.45:447][  0]LogSlate: Took 0.001440 seconds to synchronously load lazily loaded font '../../../Engine/Content/Slate/Fonts/Roboto-Light.ttf' (167K)
[2018.08.08-23.37.45:474][  1]LogAssetRegistry: Asset discovery search completed in 8.1229 seconds
[2018.08.08-23.37.45:476][  1]LogCollectionManager: Rebuilt the object cache for 0 collections in 0.000000 seconds (found 0 objects)
[2018.08.08-23.37.45:476][  1]LogCollectionManager: Fixed up redirectors for 0 collections in 0.000051 seconds (updated 0 objects)
[2018.08.08-23.37.47:804][274]LogSlate: FSceneViewport::OnFocusLost() reason 0
[2018.08.08-23.37.50:601][601]LogSlate: Took 0.000258 seconds to synchronously load lazily loaded font '../../../Engine/Content/Slate/Fonts/Roboto-Light.ttf' (167K)
[2018.08.08-23.37.50:606][601]LogAssetEditorManager: Opening Asset editor for WidgetBlueprint /Game/UI/MainMenu/ServerMenu.ServerMenu
[2018.08.08-23.37.51:080][601]LogContentBrowser: Native class hierarchy updated for 'BlueprintGraph' in 0.0005 seconds. Added 116 classes and 0 folders.
[2018.08.08-23.37.51:806][601]LogSlate: Took 0.001612 seconds to synchronously load lazily loaded font '../../../Engine/Content/Slate/Fonts/Roboto-BoldCondensed.ttf' (158K)
[2018.08.08-23.37.54:219][783]LogSlate: Window 'ServerMenu' being destroyed
[2018.08.08-23.37.55:086][866]LogSlate: Took 0.001589 seconds to synchronously load lazily loaded font '../../../Engine/Content/Slate/Fonts/Roboto-Italic.ttf' (157K)
[2018.08.09-03.15.05:905][314]Cmd: OBJ SAVEPACKAGE PACKAGE="/Game/UI/MainMenu/ServerMenu" FILE="../../../../../../Users/ames/Desktop/CS205-Fingureblaster/Respos/FingerBlasters/CS205/Content/UI/MainMenu/ServerMenu.uasset" SILENT=true
[2018.08.09-03.15.06:026][314]LogSavePackage: Moving '../../../../../../Users/ames/Desktop/CS205-Fingureblaster/Respos/FingerBlasters/CS205/Saved/ServerMenuBB8B5F5E4F210EC957DD24B3DE73DB00.tmp' to '../../../../../../Users/ames/Desktop/CS205-Fingureblaster/Respos/FingerBlasters/CS205/Content/UI/MainMenu/ServerMenu.uasset'
[2018.08.09-04.41.00:041][460]LogWindowsTextInputMethodSystem: Display: IME system now deactivated.
[2018.08.09-04.41.00:041][460]LogWindowsTextInputMethodSystem: Display: IME system now deactivated.
[2018.08.09-04.41.12:580][158]LogSlate: Window 'CS205 - Unreal Editor' being destroyed
[2018.08.09-04.41.12:581][158]LogWindowsTextInputMethodSystem: Display: IME system now deactivated.
[2018.08.09-04.41.12:793][159]Cmd: QUIT_EDITOR
[2018.08.09-04.41.12:841][159]LogExit: Preparing to exit.
[2018.08.09-04.41.13:900][159]LogExit: Editor shut down
[2018.08.09-04.41.13:901][159]LogExit: Transaction tracking system shut down
[2018.08.09-04.41.14:633][159]LogExit: Object subsystem successfully closed.
[2018.08.09-04.41.14:657][159]LogShaderCompilers: Display: Shaders left to compile 0
[2018.08.09-04.41.14:660][159]LogD3D11RHI: Shutdown
[2018.08.09-04.41.14:661][159]LogD3D11RHI: CleanupD3DDevice
[2018.08.09-04.41.14:666][159]LogD3D11RHI: ~FD3D11DynamicRHI
[2018.08.09-04.41.14:781][159]LogModuleManager: Shutting down and abandoning module SequencerWidgets (614)
[2018.08.09-04.41.14:781][159]LogModuleManager: Shutting down and abandoning module BlueprintGraph (612)
[2018.08.09-04.41.14:781][159]LogModuleManager: Shutting down and abandoning module HierarchicalLODOutliner (610)
[2018.08.09-04.41.14:781][159]LogModuleManager: Shutting down and abandoning module SceneOutliner (608)
[2018.08.09-04.41.14:781][159]LogModuleManager: Shutting down and abandoning module AddContentDialog (606)
[2018.08.09-04.41.14:783][159]LogModuleManager: Shutting down and abandoning module WidgetCarousel (605)
[2018.08.09-04.41.14:783][159]LogModuleManager: Shutting down and abandoning module EditorWidgets (602)
[2018.08.09-04.41.14:783][159]LogModuleManager: Shutting down and abandoning module CollectionManager (600)
[2018.08.09-04.41.14:784][159]LogModuleManager: Shutting down and abandoning module StatsViewer (598)
[2018.08.09-04.41.14:785][159]LogModuleManager: Shutting down and abandoning module FoliageEdit (596)
[2018.08.09-04.41.14:785][159]LogModuleManager: Shutting down and abandoning module LandscapeEditor (594)
[2018.08.09-04.41.14:788][159]LogModuleManager: Shutting down and abandoning module MeshPaintMode (592)
[2018.08.09-04.41.14:788][159]LogModuleManager: Shutting down and abandoning module SceneDepthPickerMode (590)
[2018.08.09-04.41.14:788][159]LogModuleManager: Shutting down and abandoning module ActorPickerMode (588)
[2018.08.09-04.41.14:788][159]LogModuleManager: Shutting down and abandoning module GeometryMode (586)
[2018.08.09-04.41.14:788][159]LogModuleManager: Shutting down and abandoning module TextureAlignMode (584)
[2018.08.09-04.41.14:788][159]LogModuleManager: Shutting down and abandoning module BspMode (582)
[2018.08.09-04.41.14:788][159]LogModuleManager: Shutting down and abandoning module PIEPreviewDeviceProfileSelector (580)
[2018.08.09-04.41.14:788][159]LogModuleManager: Shutting down and abandoning module SequenceRecorderSections (578)
[2018.08.09-04.41.14:788][159]LogModuleManager: Shutting down and abandoning module AutomationWorker (576)
[2018.08.09-04.41.14:789][159]LogModuleManager: Shutting down and abandoning module AudioCaptureEditor (574)
[2018.08.09-04.41.14:789][159]LogModuleManager: Shutting down and abandoning module SequenceRecorder (573)
[2018.08.09-04.41.14:789][159]LogModuleManager: Shutting down and abandoning module MatineeToLevelSequence (570)
[2018.08.09-04.41.14:790][159]LogModuleManager: Shutting down and abandoning module LevelSequenceEditor (568)
[2018.08.09-04.41.14:791][159]LogModuleManager: Shutting down and abandoning module PlacementMode (567)
[2018.08.09-04.41.14:792][159]LogModuleManager: Shutting down and abandoning module MaterialEditor (566)
[2018.08.09-04.41.14:794][159]LogModuleManager: Shutting down and abandoning module WmfMediaFactory (562)
[2018.08.09-04.41.14:794][159]LogModuleManager: Shutting down and abandoning module WmfMediaEditor (560)
[2018.08.09-04.41.14:794][159]LogModuleManager: Shutting down and abandoning module MediaPlayerEditor (558)
[2018.08.09-04.41.14:795][159]LogModuleManager: Shutting down and abandoning module OpenExrWrapper (556)
[2018.08.09-04.41.14:795][159]LogModuleManager: Shutting down and abandoning module ImgMediaFactory (554)
[2018.08.09-04.41.14:795][159]LogModuleManager: Shutting down and abandoning module ImgMediaEditor (552)
[2018.08.09-04.41.14:795][159]LogModuleManager: Shutting down and abandoning module AvfMediaFactory (550)
[2018.08.09-04.41.14:795][159]LogModuleManager: Shutting down and abandoning module AvfMediaEditor (548)
[2018.08.09-04.41.14:795][159]LogModuleManager: Shutting down and abandoning module AndroidMediaFactory (546)
[2018.08.09-04.41.14:795][159]LogModuleManager: Shutting down and abandoning module AndroidMediaEditor (544)
[2018.08.09-04.41.14:795][159]LogModuleManager: Shutting down and abandoning module MagicLeapCameraPreviewFactory (542)
[2018.08.09-04.41.14:795][159]LogModuleManager: Shutting down and abandoning module MagicLeapMediaFactory (540)
[2018.08.09-04.41.14:795][159]LogModuleManager: Shutting down and abandoning module MagicLeapMediaEditor (538)
[2018.08.09-04.41.14:795][159]LogModuleManager: Shutting down and abandoning module CharacterAI (536)
[2018.08.09-04.41.14:795][159]LogModuleManager: Shutting down and abandoning module SmartSnapping (534)
[2018.08.09-04.41.14:795][159]LogModuleManager: Shutting down and abandoning module SessionServices (532)
[2018.08.09-04.41.14:795][159]LogModuleManager: Shutting down and abandoning module ViewportSnapping (530)
[2018.08.09-04.41.14:795][159]LogModuleManager: Shutting down and abandoning module ViewportInteraction (528)
[2018.08.09-04.41.14:795][159]LogModuleManager: Shutting down and abandoning module ClothPainter (526)
[2018.08.09-04.41.14:797][159]LogModuleManager: Shutting down and abandoning module SkeletalMeshEditor (525)
[2018.08.09-04.41.14:797][159]LogModuleManager: Shutting down and abandoning module LogVisualizer (522)
[2018.08.09-04.41.14:798][159]LogModuleManager: Shutting down and abandoning module IntroTutorials (520)
[2018.08.09-04.41.14:800][159]LogModuleManager: Shutting down and abandoning module GameProjectGeneration (519)
[2018.08.09-04.41.14:800][159]LogModuleManager: Shutting down and abandoning module LuminPlatformEditor (516)
[2018.08.09-04.41.14:800][159]LogModuleManager: Shutting down and abandoning module IOSPlatformEditor (514)
[2018.08.09-04.41.14:801][159]LogModuleManager: Shutting down and abandoning module HTML5PlatformEditor (512)
[2018.08.09-04.41.14:801][159]LogModuleManager: Shutting down and abandoning module AndroidPlatformEditor (510)
[2018.08.09-04.41.14:801][159]LogModuleManager: Shutting down and abandoning module AndroidDeviceDetection (509)
[2018.08.09-04.41.15:477][159]LogModuleManager: Shutting down and abandoning module WindowsPlatformEditor (506)
[2018.08.09-04.41.15:477][159]LogModuleManager: Shutting down and abandoning module LuminRuntimeSettings (504)
[2018.08.09-04.41.15:477][159]LogModuleManager: Shutting down and abandoning module IOSRuntimeSettings (502)
[2018.08.09-04.41.15:477][159]LogModuleManager: Shutting down and abandoning module AndroidRuntimeSettings (500)
[2018.08.09-04.41.15:477][159]LogModuleManager: Shutting down and abandoning module InputBindingEditor (498)
[2018.08.09-04.41.15:478][159]LogModuleManager: Shutting down and abandoning module MergeActors (496)
[2018.08.09-04.41.15:479][159]LogModuleManager: Shutting down and abandoning module LocalizationDashboard (494)
[2018.08.09-04.41.15:479][159]LogModuleManager: Shutting down and abandoning module LocalizationService (493)
[2018.08.09-04.41.15:480][159]LogModuleManager: Shutting down and abandoning module HardwareTargeting (490)
[2018.08.09-04.41.15:480][159]LogModuleManager: Shutting down and abandoning module DeviceProfileEditor (488)
[2018.08.09-04.41.15:480][159]LogModuleManager: Shutting down and abandoning module UndoHistory (486)
[2018.08.09-04.41.15:480][159]LogModuleManager: Shutting down and abandoning module XmlParser (484)
[2018.08.09-04.41.15:481][159]LogModuleManager: Shutting down and abandoning module Blutility (482)
[2018.08.09-04.41.15:481][159]LogModuleManager: Shutting down and abandoning module ProjectSettingsViewer (480)
[2018.08.09-04.41.15:481][159]LogModuleManager: Shutting down and abandoning module ProjectTargetPlatformEditor (479)
[2018.08.09-04.41.15:481][159]LogModuleManager: Shutting down and abandoning module EditorSettingsViewer (476)
[2018.08.09-04.41.15:481][159]LogModuleManager: Shutting down and abandoning module SettingsEditor (474)
[2018.08.09-04.41.15:483][159]LogModuleManager: Shutting down and abandoning module ProjectLauncher (472)
[2018.08.09-04.41.15:484][159]LogModuleManager: Shutting down and abandoning module SessionFrontend (470)
[2018.08.09-04.41.15:485][159]LogModuleManager: Shutting down and abandoning module ProfilerClient (468)
[2018.08.09-04.41.15:485][159]LogModuleManager: Shutting down and abandoning module DeviceManager (466)
[2018.08.09-04.41.15:485][159]LogModuleManager: Shutting down and abandoning module TargetDeviceServices (465)
[2018.08.09-04.41.15:540][159]LogModuleManager: Shutting down and abandoning module AutomationController (462)
[2018.08.09-04.41.15:541][159]LogModuleManager: Shutting down and abandoning module AutomationWindow (460)
[2018.08.09-04.41.15:542][159]LogModuleManager: Shutting down and abandoning module Layers (458)
[2018.08.09-04.41.15:543][159]LogModuleManager: Shutting down and abandoning module ComponentVisualizers (456)
[2018.08.09-04.41.15:543][159]LogModuleManager: Shutting down and abandoning module DetailCustomizations (454)
[2018.08.09-04.41.15:545][159]LogModuleManager: Shutting down and abandoning module PackagesDialog (452)
[2018.08.09-04.41.15:545][159]LogModuleManager: Shutting down and abandoning module Persona (450)
[2018.08.09-04.41.15:547][159]LogModuleManager: Shutting down and abandoning module AdvancedPreviewScene (449)
[2018.08.09-04.41.15:547][159]LogModuleManager: Shutting down and abandoning module AnimGraph (447)
[2018.08.09-04.41.15:547][159]LogModuleManager: Shutting down and abandoning module Kismet (444)
[2018.08.09-04.41.15:554][159]LogModuleManager: Shutting down and abandoning module GraphEditor (442)
[2018.08.09-04.41.15:554][159]LogModuleManager: Shutting down and abandoning module ClassViewer (440)
[2018.08.09-04.41.15:554][159]LogModuleManager: Shutting down and abandoning module Toolbox (438)
[2018.08.09-04.41.15:554][159]LogModuleManager: Shutting down and abandoning module ModuleUI (436)
[2018.08.09-04.41.15:554][159]LogModuleManager: Shutting down and abandoning module MovieSceneTools (434)
[2018.08.09-04.41.15:556][159]LogModuleManager: Shutting down and abandoning module OutputLog (432)
[2018.08.09-04.41.15:556][159]LogModuleManager: Shutting down and abandoning module GammaUI (430)
[2018.08.09-04.41.15:556][159]LogModuleManager: Shutting down and abandoning module Documentation (428)
[2018.08.09-04.41.15:556][159]LogModuleManager: Shutting down and abandoning module MovieSceneTracks (426)
[2018.08.09-04.41.15:556][159]LogModuleManager: Shutting down and abandoning module MovieScene (424)
[2018.08.09-04.41.15:556][159]LogModuleManager: Shutting down and abandoning module StreamingPauseRendering (422)
[2018.08.09-04.41.15:556][159]LogModuleManager: Shutting down and abandoning module LauncherPlatform (420)
[2018.08.09-04.41.15:556][159]LogModuleManager: Shutting down and abandoning module AnalyticsET (418)
[2018.08.09-04.41.15:556][159]LogModuleManager: Shutting down and abandoning module PortalServices (416)
[2018.08.09-04.41.15:556][159]LogModuleManager: Shutting down and abandoning module PortalRpc (414)
[2018.08.09-04.41.15:556][159]LogModuleManager: Shutting down and abandoning module MessagingRpc (412)
[2018.08.09-04.41.15:556][159]LogModuleManager: Shutting down and abandoning module AIModule (410)
[2018.08.09-04.41.15:558][159]LogModuleManager: Shutting down and abandoning module GameplayDebugger (409)
[2018.08.09-04.41.15:558][159]LogModuleManager: Shutting down and abandoning module AITestSuite (407)
[2018.08.09-04.41.15:559][159]LogModuleManager: Shutting down and abandoning module NavigationSystem (405)
[2018.08.09-04.41.15:559][159]LogModuleManager: Shutting down and abandoning module DesktopPlatform (402)
[2018.08.09-04.41.15:559][159]LogModuleManager: Shutting down and abandoning module ProfilerService (400)
[2018.08.09-04.41.15:742][159]LogModuleManager: Shutting down and abandoning module TaskGraph (398)
[2018.08.09-04.41.15:743][159]LogModuleManager: Shutting down and abandoning module SteamVRController (396)
[2018.08.09-04.41.15:743][159]LogModuleManager: Shutting down and abandoning module ProceduralMeshComponentEditor (394)
[2018.08.09-04.41.15:743][159]LogModuleManager: Shutting down and abandoning module ProceduralMeshComponent (392)
[2018.08.09-04.41.15:743][159]LogModuleManager: Shutting down and abandoning module OculusInput (390)
[2018.08.09-04.41.15:743][159]LogModuleManager: Shutting down and abandoning module MobilePatchingUtils (388)
[2018.08.09-04.41.15:743][159]LogModuleManager: Shutting down and abandoning module EditableMesh (386)
[2018.08.09-04.41.15:744][159]LogModuleManager: Shutting down and abandoning module CustomMeshComponent (384)
[2018.08.09-04.41.15:744][159]LogModuleManager: Shutting down and abandoning module CableComponent (382)
[2018.08.09-04.41.15:744][159]LogModuleManager: Shutting down and abandoning module AudioCapture (380)
[2018.08.09-04.41.15:744][159]LogModuleManager: Shutting down and abandoning module ArchVisCharacter (378)
[2018.08.09-04.41.15:744][159]LogModuleManager: Shutting down and abandoning module AndroidPermission (376)
[2018.08.09-04.41.15:744][159]LogModuleManager: Shutting down and abandoning module NUTUnrealEngine4 (374)
[2018.08.09-04.41.15:744][159]LogModuleManager: Shutting down and abandoning module NetcodeUnitTest (372)
[2018.08.09-04.41.15:746][159]LogModuleManager: Shutting down and abandoning module MediaCompositingEditor (370)
[2018.08.09-04.41.15:746][159]LogModuleManager: Shutting down and abandoning module MediaCompositing (368)
[2018.08.09-04.41.15:746][159]LogModuleManager: Shutting down and abandoning module LinearTimecode (366)
[2018.08.09-04.41.15:746][159]LogModuleManager: Shutting down and abandoning module ImgMedia (364)
[2018.08.09-04.41.15:749][159]LogModuleManager: Shutting down and abandoning module HTML5Networking (362)
[2018.08.09-04.41.15:749][159]LogModuleManager: Shutting down and abandoning module GeometryCacheTracks (360)
[2018.08.09-04.41.15:749][159]LogModuleManager: Shutting down and abandoning module GeometryCacheSequencer (358)
[2018.08.09-04.41.15:749][159]LogModuleManager: Shutting down and abandoning module BackChannel (356)
[2018.08.09-04.41.15:750][159]LogModuleManager: Shutting down and abandoning module AppleVision (354)
[2018.08.09-04.41.15:750][159]LogModuleManager: Shutting down and abandoning module AppleImageUtils (352)
[2018.08.09-04.41.15:750][159]LogModuleManager: Shutting down and abandoning module AlembicImporter (350)
[2018.08.09-04.41.15:750][159]LogModuleManager: Shutting down and abandoning module AlembicLibrary (349)
[2018.08.09-04.41.15:750][159]LogModuleManager: Shutting down and abandoning module GeometryCache (348)
[2018.08.09-04.41.15:750][159]LogModuleManager: Shutting down and abandoning module GeometryCacheEd (347)
[2018.08.09-04.41.15:750][159]LogModuleManager: Shutting down and abandoning module DatasmithContentEditor (342)
[2018.08.09-04.41.15:750][159]LogModuleManager: Shutting down and abandoning module DatasmithContent (340)
[2018.08.09-04.41.15:751][159]LogModuleManager: Shutting down and abandoning module SpeedTreeImporter (338)
[2018.08.09-04.41.15:751][159]LogModuleManager: Shutting down and abandoning module PluginBrowser (336)
[2018.08.09-04.41.15:753][159]LogModuleManager: Shutting down and abandoning module MobileLauncherProfileWizard (334)
[2018.08.09-04.41.15:754][159]LogModuleManager: Shutting down and abandoning module PolygonModeling (332)
[2018.08.09-04.41.15:754][159]LogModuleManager: Shutting down and abandoning module MeshEditor (330)
[2018.08.09-04.41.15:754][159]LogModuleManager: Shutting down and abandoning module CryptoKeysOpenSSL (328)
[2018.08.09-04.41.15:754][159]LogModuleManager: Shutting down and abandoning module CryptoKeys (326)
[2018.08.09-04.41.15:754][159]LogModuleManager: Shutting down and abandoning module VisualStudioSourceCodeAccess (324)
[2018.08.09-04.41.15:755][159]LogModuleManager: Shutting down and abandoning module VisualStudioCodeSourceCodeAccess (322)
[2018.08.09-04.41.15:755][159]LogModuleManager: Shutting down and abandoning module UObjectPlugin (320)
[2018.08.09-04.41.15:755][159]LogModuleManager: Shutting down and abandoning module SubversionSourceControl (318)
[2018.08.09-04.41.15:756][159]LogModuleManager: Shutting down and abandoning module PerforceSourceControl (316)
[2018.08.09-04.41.15:757][159]LogModuleManager: Shutting down and abandoning module GitSourceControl (314)
[2018.08.09-04.41.15:757][159]LogModuleManager: Shutting down and abandoning module SourceControl (313)
[2018.08.09-04.41.15:758][159]LogModuleManager: Shutting down and abandoning module CLionSourceCodeAccess (310)
[2018.08.09-04.41.15:758][159]LogModuleManager: Shutting down and abandoning module LightPropagationVolumeEditor (308)
[2018.08.09-04.41.15:758][159]LogModuleManager: Shutting down and abandoning module PaperTiledImporter (306)
[2018.08.09-04.41.15:758][159]LogModuleManager: Shutting down and abandoning module PaperSpriteSheetImporter (304)
[2018.08.09-04.41.15:758][159]LogModuleManager: Shutting down and abandoning module Paper2DEditor (302)
[2018.08.09-04.41.15:759][159]LogModuleManager: Shutting down and abandoning module MeshPaint (301)
[2018.08.09-04.41.15:760][159]LogModuleManager: Shutting down and abandoning module RuntimePhysXCooking (298)
[2018.08.09-04.41.15:760][159]LogModuleManager: Shutting down and abandoning module PhysXVehiclesEditor (296)
[2018.08.09-04.41.15:760][159]LogModuleManager: Shutting down and abandoning module PhysXVehicles (294)
[2018.08.09-04.41.15:760][159]LogModuleManager: Shutting down and abandoning module OculusEditor (292)
[2018.08.09-04.41.15:760][159]LogModuleManager: Shutting down and abandoning module LocationServicesBPLibrary (290)
[2018.08.09-04.41.15:760][159]LogModuleManager: Shutting down and abandoning module ImmediatePhysicsEditor (288)
[2018.08.09-04.41.15:760][159]LogModuleManager: Shutting down and abandoning module ImmediatePhysics (286)
[2018.08.09-04.41.15:760][159]LogModuleManager: Shutting down and abandoning module ActorSequence (284)
[2018.08.09-04.41.15:760][159]LogModuleManager: Shutting down and abandoning module UdpMessaging (282)
[2018.08.09-04.41.15:861][159]LogModuleManager: Shutting down and abandoning module TcpMessaging (280)
[2018.08.09-04.41.15:962][159]LogModuleManager: Shutting down and abandoning module MagicLeapAudio (278)
[2018.08.09-04.41.15:962][159]LogModuleManager: Shutting down and abandoning module GameplayTagsEditor (276)
[2018.08.09-04.41.15:962][159]LogModuleManager: Shutting down and abandoning module FacialAnimationEditor (274)
[2018.08.09-04.41.15:962][159]LogModuleManager: Shutting down and abandoning module FacialAnimation (272)
[2018.08.09-04.41.15:962][159]LogModuleManager: Shutting down and abandoning module DataValidation (270)
[2018.08.09-04.41.15:962][159]LogModuleManager: Shutting down and abandoning module AssetManagerEditor (268)
[2018.08.09-04.41.15:963][159]LogModuleManager: Shutting down and abandoning module LevelEditor (267)
[2018.08.09-04.41.15:964][159]LogModuleManager: Shutting down and abandoning module PixelInspectorModule (266)
[2018.08.09-04.41.15:965][159]LogModuleManager: Shutting down and abandoning module CommonMenuExtensions (264)
[2018.08.09-04.41.15:965][159]LogModuleManager: Shutting down and abandoning module MainFrame (262)
[2018.08.09-04.41.15:966][159]LogModuleManager: Shutting down and abandoning module HotReload (261)
[2018.08.09-04.41.15:967][159]LogModuleManager: Shutting down and abandoning module ContentBrowser (257)
[2018.08.09-04.41.15:967][159]LogModuleManager: Shutting down and abandoning module TreeMap (255)
[2018.08.09-04.41.15:968][159]LogModuleManager: Shutting down and abandoning module LightPropagationVolumeRuntime (252)
[2018.08.09-04.41.15:968][159]LogModuleManager: Shutting down and abandoning module AISupportModule (250)
[2018.08.09-04.41.15:968][159]LogModuleManager: Shutting down and abandoning module Paper2D (248)
[2018.08.09-04.41.15:968][159]LogModuleManager: Shutting down and abandoning module WindowsMoviePlayer (246)
[2018.08.09-04.41.15:969][159]LogModuleManager: Shutting down and abandoning module WmfMedia (244)
[2018.08.09-04.41.15:971][159]LogModuleManager: Shutting down and abandoning module Media (243)
[2018.08.09-04.41.15:976][159]LogModuleManager: Shutting down and abandoning module PacketHandler (240)
[2018.08.09-04.41.15:977][159]LogModuleManager: Shutting down and abandoning module ClothingSystemEditor (238)
[2018.08.09-04.41.15:977][159]LogModuleManager: Shutting down and abandoning module ClothingSystemRuntime (236)
[2018.08.09-04.41.15:978][159]LogModuleManager: Shutting down and abandoning module MediaAssets (234)
[2018.08.09-04.41.15:978][159]LogModuleManager: Shutting down and abandoning module Overlay (232)
[2018.08.09-04.41.15:978][159]LogModuleManager: Shutting down and abandoning module OverlayEditor (231)
[2018.08.09-04.41.15:978][159]LogModuleManager: Shutting down and abandoning module VREditor (228)
[2018.08.09-04.41.15:978][159]LogModuleManager: Shutting down and abandoning module StringTableEditor (226)
[2018.08.09-04.41.15:979][159]LogModuleManager: Shutting down and abandoning module GameplayTasksEditor (224)
[2018.08.09-04.41.15:979][159]LogModuleManager: Shutting down and abandoning module BehaviorTreeEditor (222)
[2018.08.09-04.41.15:981][159]LogModuleManager: Shutting down and abandoning module FunctionalTesting (220)
[2018.08.09-04.41.15:981][159]LogModuleManager: Shutting down and abandoning module CollisionAnalyzer (218)
[2018.08.09-04.41.15:982][159]LogModuleManager: Shutting down and abandoning module WorkspaceMenuStructure (217)
[2018.08.09-04.41.15:984][159]LogModuleManager: Shutting down and abandoning module UMG (214)
[2018.08.09-04.41.15:984][159]LogModuleManager: Shutting down and abandoning module UMGEditor (213)
[2018.08.09-04.41.15:984][159]LogModuleManager: Shutting down and abandoning module Sequencer (212)
[2018.08.09-04.41.15:984][159]LogModuleManager: Shutting down and abandoning module MessageLog (209)
[2018.08.09-04.41.15:985][159]LogModuleManager: Shutting down and abandoning module SlateReflector (204)
[2018.08.09-04.41.15:986][159]LogModuleManager: Shutting down and abandoning module Slate (202)
[2018.08.09-04.41.15:986][159]LogModuleManager: Shutting down and abandoning module EditorStyle (200)
[2018.08.09-04.41.15:990][159]LogModuleManager: Shutting down and abandoning module MRMesh (198)
[2018.08.09-04.41.15:991][159]LogModuleManager: Shutting down and abandoning module SourceCodeAccess (196)
[2018.08.09-04.41.15:991][159]LogModuleManager: Shutting down and abandoning module HeadMountedDisplay (194)
[2018.08.09-04.41.15:991][159]LogModuleManager: Shutting down and abandoning module XAudio2 (192)
[2018.08.09-04.41.15:991][159]LogModuleManager: Shutting down and abandoning module Networking (190)
[2018.08.09-04.41.15:991][159]LogModuleManager: Shutting down and abandoning module Core (188)
[2018.08.09-04.41.15:991][159]LogModuleManager: Shutting down and abandoning module LevelSequence (186)
[2018.08.09-04.41.15:991][159]LogModuleManager: Shutting down and abandoning module KismetCompiler (184)
[2018.08.09-04.41.15:991][159]LogModuleManager: Shutting down and abandoning module MeshUtilities (182)
[2018.08.09-04.41.15:992][159]LogModuleManager: Shutting down and abandoning module MeshMergeUtilities (181)
[2018.08.09-04.41.15:992][159]LogModuleManager: Shutting down and abandoning module MeshReductionInterface (180)
[2018.08.09-04.41.15:992][159]LogModuleManager: Shutting down and abandoning module SimplygonSwarm (179)
[2018.08.09-04.41.15:993][159]LogModuleManager: Shutting down and abandoning module ProxyLODMeshReduction (177)
[2018.08.09-04.41.15:993][159]LogModuleManager: Shutting down and abandoning module SimplygonMeshReduction (175)
[2018.08.09-04.41.15:993][159]LogModuleManager: Shutting down and abandoning module QuadricMeshReduction (173)
[2018.08.09-04.41.15:994][159]LogModuleManager: Shutting down and abandoning module MaterialBaking (169)
[2018.08.09-04.41.15:994][159]LogModuleManager: Shutting down and abandoning module DirectoryWatcher (165)
[2018.08.09-04.41.15:994][159]LogModuleManager: Shutting down and abandoning module DerivedDataCache (162)
[2018.08.09-04.41.16:076][159]LogDerivedDataCache: Shutdown
[2018.08.09-04.41.16:076][159]LogModuleManager: Shutting down and abandoning module XGEController (160)
[2018.08.09-04.41.16:076][159]LogXGEController: Cleaning working directory: C:/Users/ames/AppData/Local/Temp/UnrealXGEWorkingDir/
[2018.08.09-04.41.16:076][159]LogModuleManager: Shutting down and abandoning module TargetPlatform (158)
[2018.08.09-04.41.16:076][159]LogModuleManager: Shutting down and abandoning module VulkanShaderFormat (157)
[2018.08.09-04.41.16:077][159]LogModuleManager: Shutting down and abandoning module ShaderFormatVectorVM (155)
[2018.08.09-04.41.16:077][159]LogModuleManager: Shutting down and abandoning module ShaderFormatOpenGL (153)
[2018.08.09-04.41.16:077][159]LogModuleManager: Shutting down and abandoning module ShaderFormatD3D (151)
[2018.08.09-04.41.16:077][159]LogModuleManager: Shutting down and abandoning module MetalShaderFormat (149)
[2018.08.09-04.41.16:078][159]LogModuleManager: Shutting down and abandoning module TextureFormatUncompressed (147)
[2018.08.09-04.41.16:078][159]LogModuleManager: Shutting down and abandoning module TextureFormatPVR (145)
[2018.08.09-04.41.16:078][159]LogModuleManager: Shutting down and abandoning module TextureFormatDXT (143)
[2018.08.09-04.41.16:078][159]LogModuleManager: Shutting down and abandoning module TextureFormatIntelISPCTexComp (141)
[2018.08.09-04.41.16:078][159]LogModuleManager: Shutting down and abandoning module TextureFormatASTC (139)
[2018.08.09-04.41.16:079][159]LogModuleManager: Shutting down and abandoning module ImageWrapper (138)
[2018.08.09-04.41.16:079][159]LogModuleManager: Shutting down and abandoning module TextureFormatAndroid (135)
[2018.08.09-04.41.16:079][159]LogModuleManager: Shutting down and abandoning module AudioFormatOpus (133)
[2018.08.09-04.41.16:079][159]LogModuleManager: Shutting down and abandoning module AudioFormatOgg (131)
[2018.08.09-04.41.16:079][159]LogModuleManager: Shutting down and abandoning module AudioFormatADPCM (129)
[2018.08.09-04.41.16:079][159]LogModuleManager: Shutting down and abandoning module LuminTargetPlatform (127)
[2018.08.09-04.41.16:079][159]LogModuleManager: Shutting down and abandoning module LinuxTargetPlatform (125)
[2018.08.09-04.41.16:079][159]LogModuleManager: Shutting down and abandoning module LinuxServerTargetPlatform (123)
[2018.08.09-04.41.16:079][159]LogModuleManager: Shutting down and abandoning module LinuxNoEditorTargetPlatform (121)
[2018.08.09-04.41.16:079][159]LogModuleManager: Shutting down and abandoning module LinuxClientTargetPlatform (119)
[2018.08.09-04.41.16:080][159]LogModuleManager: Shutting down and abandoning module TVOSTargetPlatform (117)
[2018.08.09-04.41.16:081][159]LogModuleManager: Shutting down and abandoning module Messaging (115)
[2018.08.09-04.41.16:081][159]LogModuleManager: Shutting down and abandoning module IOSTargetPlatform (113)
[2018.08.09-04.41.16:082][159]LogModuleManager: Shutting down and abandoning module HTML5TargetPlatform (111)
[2018.08.09-04.41.16:082][159]LogModuleManager: Shutting down and abandoning module AndroidTargetPlatform (109)
[2018.08.09-04.41.16:088][159]LogModuleManager: Shutting down and abandoning module WindowsTargetPlatform (107)
[2018.08.09-04.41.16:088][159]LogModuleManager: Shutting down and abandoning module WindowsServerTargetPlatform (105)
[2018.08.09-04.41.16:088][159]LogModuleManager: Shutting down and abandoning module WindowsNoEditorTargetPlatform (103)
[2018.08.09-04.41.16:088][159]LogModuleManager: Shutting down and abandoning module WindowsClientTargetPlatform (101)
[2018.08.09-04.41.16:088][159]LogModuleManager: Shutting down and abandoning module MacTargetPlatform (99)
[2018.08.09-04.41.16:088][159]LogModuleManager: Shutting down and abandoning module MacServerTargetPlatform (97)
[2018.08.09-04.41.16:088][159]LogModuleManager: Shutting down and abandoning module MacNoEditorTargetPlatform (95)
[2018.08.09-04.41.16:088][159]LogModuleManager: Shutting down and abandoning module MacClientTargetPlatform (93)
[2018.08.09-04.41.16:089][159]LogModuleManager: Shutting down and abandoning module AllDesktopTargetPlatform (91)
[2018.08.09-04.41.16:089][159]LogModuleManager: Shutting down and abandoning module InputCore (88)
[2018.08.09-04.41.16:089][159]LogModuleManager: Shutting down and abandoning module Settings (86)
[2018.08.09-04.41.16:089][159]LogModuleManager: Shutting down and abandoning module PhysXCooking (84)
[2018.08.09-04.41.16:089][159]LogModuleManager: Shutting down and abandoning module SteamVR (82)
[2018.08.09-04.41.16:089][159]LogModuleManager: Shutting down and abandoning module OculusHMD (80)
[2018.08.09-04.41.16:089][159]LogModuleManager: Shutting down and abandoning module ExampleDeviceProfileSelector (78)
[2018.08.09-04.41.16:089][159]LogModuleManager: Shutting down and abandoning module LauncherChunkInstaller (76)
[2018.08.09-04.41.16:089][159]LogModuleManager: Shutting down and abandoning module OnlineBlueprintSupport (74)
[2018.08.09-04.41.16:089][159]LogModuleManager: Shutting down and abandoning module OnlineSubsystem (70)
[2018.08.09-04.41.16:091][159]LogModuleManager: Shutting down and abandoning module XMPP (65)
[2018.08.09-04.41.16:093][159]LogModuleManager: Shutting down and abandoning module WebSockets (64)
[2018.08.09-04.41.16:129][159]LogModuleManager: Shutting down and abandoning module HTTP (61)
[2018.08.09-04.41.16:129][159]LogHttp: Display: Http module shutting down, but needs to wait on 1 outstanding Http requests:
[2018.08.09-04.41.16:130][159]LogHttp: Display: 	verb=[POST] url=[https://datarouter.ol.epicgames.com/datarouter/api/v1/public/data?SessionID=%7B899A4328-4643-D0A7-F14A-CE98F58844D4%7D&AppID=UEEditor.Rocket.Release&AppVersion=4.20.0-4212847%2B%2B%2BUE4%2BRelease-4.20&UserID=bfb86c0144cdfa8d48051e819cefa2ad%7Cbc15334574d94df5ba3f8e153b4c9d6c%7C6ee1bc56-865b-4470-b12f-446bfea6588d&AppEnvironment=datacollector-binary&UploadType=eteventstream] status=Processing
[2018.08.09-04.41.16:137][159]LogModuleManager: Shutting down and abandoning module SSL (60)
[2018.08.09-04.41.16:139][159]LogModuleManager: Shutting down and abandoning module MagicLeapEmulator (56)
[2018.08.09-04.41.16:139][159]LogModuleManager: Shutting down and abandoning module MagicLeapPrivileges (54)
[2018.08.09-04.41.16:139][159]LogModuleManager: Shutting down and abandoning module MagicLeapIdentity (52)
[2018.08.09-04.41.16:139][159]LogModuleManager: Shutting down and abandoning module MagicLeapHelperVulkan (50)
[2018.08.09-04.41.16:139][159]LogModuleManager: Shutting down and abandoning module MagicLeapHelperOpenGL (48)
[2018.08.09-04.41.16:139][159]LogModuleManager: Shutting down and abandoning module MagicLeapSecureStorage (46)
[2018.08.09-04.41.16:139][159]LogModuleManager: Shutting down and abandoning module MagicLeapGestures (44)
[2018.08.09-04.41.16:139][159]LogModuleManager: Shutting down and abandoning module MagicLeapEyeTracker (42)
[2018.08.09-04.41.16:139][159]LogModuleManager: Shutting down and abandoning module MagicLeapController (40)
[2018.08.09-04.41.16:139][159]LogSlate: Slate User Destroyed.  User Index 0, Is Virtual User: 0
[2018.08.09-04.41.16:139][159]LogModuleManager: Shutting down and abandoning module MagicLeap (38)
[2018.08.09-04.41.16:139][159]LogModuleManager: Shutting down and abandoning module AnimationModifiers (36)
[2018.08.09-04.41.16:140][159]LogModuleManager: Shutting down and abandoning module PropertyEditor (35)
[2018.08.09-04.41.16:141][159]LogModuleManager: Shutting down and abandoning module AudioEditor (32)
[2018.08.09-04.41.16:142][159]LogModuleManager: Shutting down and abandoning module TextureCompressor (30)
[2018.08.09-04.41.16:143][159]LogModuleManager: Shutting down and abandoning module ShaderCore (28)
[2018.08.09-04.41.16:143][159]LogModuleManager: Shutting down and abandoning module Landscape (26)
[2018.08.09-04.41.16:143][159]LogModuleManager: Shutting down and abandoning module SlateRHIRenderer (24)
[2018.08.09-04.41.16:144][159]LogModuleManager: Shutting down and abandoning module OpenGLDrv (22)
[2018.08.09-04.41.16:144][159]LogModuleManager: Shutting down and abandoning module D3D11RHI (20)
[2018.08.09-04.41.16:144][159]LogModuleManager: Shutting down and abandoning module AnimGraphRuntime (18)
[2018.08.09-04.41.16:145][159]LogModuleManager: Shutting down and abandoning module Renderer (16)
[2018.08.09-04.41.16:145][159]LogModuleManager: Shutting down and abandoning module Engine (14)
[2018.08.09-04.41.16:145][159]LogModuleManager: Shutting down and abandoning module CoreUObject (12)
[2018.08.09-04.41.16:145][159]LogModuleManager: Shutting down and abandoning module NetworkFile (10)
[2018.08.09-04.41.16:145][159]LogModuleManager: Shutting down and abandoning module CookedIterativeFile (8)
[2018.08.09-04.41.16:145][159]LogModuleManager: Shutting down and abandoning module StreamingFile (6)
[2018.08.09-04.41.16:145][159]LogModuleManager: Shutting down and abandoning module SandboxFile (4)
[2018.08.09-04.41.16:145][159]LogModuleManager: Shutting down and abandoning module PakFile (2)
[2018.08.09-04.41.16:153][159]LogExit: Exiting.
[2018.08.09-04.41.16:160][159]Log file closed, 08/09/18 16:41:16
