Log file open, 08/23/18 14:04:21
LogWindows: Failed to load 'aqProf.dll' (GetLastError=126)
LogWindows: File 'aqProf.dll' does not exist
LogWindows: Failed to load 'VSPerf140.dll' (GetLastError=126)
LogWindows: File 'VSPerf140.dll' does not exist
LogWindows: Failed to load 'VtuneApi.dll' (GetLastError=126)
LogWindows: File 'VtuneApi.dll' does not exist
LogWindows: Failed to load 'VtuneApi32e.dll' (GetLastError=126)
LogWindows: File 'VtuneApi32e.dll' does not exist
LogInit: Display: Running engine for game: CS205
LogPlatformFile: Not using cached read wrapper
LogTaskGraph: Started task graph with 5 named threads and 23 total threads with 3 sets of task threads.
LogStats: Stats thread started at 0.263292
LogD3D11RHI: Loaded GFSDK_Aftermath_Lib.x64.dll
LogICUInternationalization: Display: ICU TimeZone Detection - Raw Offset: +12:00, Platform Override: ''
LogPluginManager: Mounting plugin Paper2D
LogPluginManager: Mounting plugin AISupport
LogPluginManager: Mounting plugin LightPropagationVolume
LogPluginManager: Mounting plugin CLionSourceCodeAccess
LogPluginManager: Mounting plugin CodeLiteSourceCodeAccess
LogPluginManager: Mounting plugin GitSourceControl
LogPluginManager: Mounting plugin KDevelopSourceCodeAccess
LogPluginManager: Mounting plugin NullSourceCodeAccess
LogPluginManager: Mounting plugin PerforceSourceControl
LogPluginManager: Mounting plugin SubversionSourceControl
LogPluginManager: Mounting plugin UObjectPlugin
LogPluginManager: Mounting plugin VisualStudioCodeSourceCodeAccess
LogPluginManager: Mounting plugin VisualStudioSourceCodeAccess
LogPluginManager: Mounting plugin XCodeSourceCodeAccess
LogPluginManager: Mounting plugin AssetManagerEditor
LogPluginManager: Mounting plugin CryptoKeys
LogPluginManager: Mounting plugin DataValidation
LogPluginManager: Mounting plugin FacialAnimation
LogPluginManager: Mounting plugin GameplayTagsEditor
LogPluginManager: Mounting plugin MacGraphicsSwitching
LogPluginManager: Mounting plugin MeshEditor
LogPluginManager: Mounting plugin MobileLauncherProfileWizard
LogPluginManager: Mounting plugin PluginBrowser
LogPluginManager: Mounting plugin SpeedTreeImporter
LogPluginManager: Mounting plugin DatasmithContent
LogPluginManager: Mounting plugin AlembicImporter
LogPluginManager: Mounting plugin AppleImageUtils
LogPluginManager: Mounting plugin AppleVision
LogPluginManager: Mounting plugin BackChannel
LogPluginManager: Mounting plugin CharacterAI
LogPluginManager: Mounting plugin GeometryCache
LogPluginManager: Mounting plugin HTML5Networking
LogPluginManager: Mounting plugin ProxyLODPlugin
LogPluginManager: Mounting plugin MagicLeap
LogPluginManager: Mounting plugin MagicLeapEmulator
LogPluginManager: Mounting plugin MagicLeapMedia
LogPluginManager: Mounting plugin AndroidMedia
LogPluginManager: Mounting plugin AvfMedia
LogPluginManager: Mounting plugin ImgMedia
LogPluginManager: Mounting plugin LinearTimecode
LogPluginManager: Mounting plugin MediaCompositing
LogPluginManager: Mounting plugin MediaPlayerEditor
LogPluginManager: Mounting plugin WmfMedia
LogPluginManager: Mounting plugin TcpMessaging
LogPluginManager: Mounting plugin UdpMessaging
LogPluginManager: Mounting plugin ActorSequence
LogPluginManager: Mounting plugin LevelSequenceEditor
LogPluginManager: Mounting plugin MatineeToLevelSequence
LogPluginManager: Mounting plugin NetcodeUnitTest
LogPluginManager: Mounting plugin NUTUnrealEngine4
LogPluginManager: Mounting plugin OnlineSubsystemGooglePlay
LogPluginManager: Mounting plugin OnlineSubsystemIOS
LogPluginManager: Mounting plugin OnlineSubsystem
LogPluginManager: Mounting plugin OnlineSubsystemNull
LogPluginManager: Mounting plugin OnlineSubsystemUtils
LogPluginManager: Mounting plugin LauncherChunkInstaller
LogPluginManager: Mounting plugin AndroidDeviceProfileSelector
LogPluginManager: Mounting plugin AndroidMoviePlayer
LogPluginManager: Mounting plugin AndroidPermission
LogPluginManager: Mounting plugin AppleMoviePlayer
LogPluginManager: Mounting plugin ArchVisCharacter
LogPluginManager: Mounting plugin AudioCapture
LogPluginManager: Mounting plugin CableComponent
LogPluginManager: Mounting plugin CustomMeshComponent
LogPluginManager: Mounting plugin EditableMesh
LogPluginManager: Mounting plugin ExampleDeviceProfileSelector
LogPluginManager: Mounting plugin GoogleCloudMessaging
LogPluginManager: Mounting plugin ImmediatePhysics
LogPluginManager: Mounting plugin IOSDeviceProfileSelector
LogPluginManager: Mounting plugin LinuxDeviceProfileSelector
LogPluginManager: Mounting plugin LocationServicesBPLibrary
LogPluginManager: Mounting plugin MobilePatchingUtils
LogPluginManager: Mounting plugin OculusVR
LogPluginManager: Plugin shader directory ../../../Engine/Plugins/Runtime/Oculus/OculusVR/Shaders found
LogPluginManager: Mapping shader source directory ../../../Engine/Plugins/Runtime/Oculus/OculusVR/Shaders to virtual directory /Plugin/OculusVR
LogPluginManager: Mounting plugin PhysXVehicles
LogPluginManager: Mounting plugin ProceduralMeshComponent
LogPluginManager: Mounting plugin RuntimePhysXCooking
LogPluginManager: Mounting plugin SteamVR
LogPluginManager: Mounting plugin WindowsMoviePlayer
LogStreaming: Display: Took  0.105s to configure plugins.
LogInit: Using libcurl 7.55.1-DEV
LogInit:  - built for x86_64-pc-win32
LogInit:  - supports SSL with OpenSSL/1.0.2h
LogInit:  - supports HTTP deflate (compression) using libz 1.2.8
LogInit:  - other features:
LogInit:      CURL_VERSION_SSL
LogInit:      CURL_VERSION_LIBZ
LogInit:      CURL_VERSION_IPV6
LogInit:      CURL_VERSION_ASYNCHDNS
LogInit:      CURL_VERSION_LARGEFILE
LogInit:      CURL_VERSION_IDN
LogInit:  CurlRequestOptions (configurable via config and command line):
LogInit:  - bVerifyPeer = false  - Libcurl will NOT verify peer certificate
LogInit:  - bUseHttpProxy = false  - Libcurl will NOT use HTTP proxy
LogInit:  - bDontReuseConnections = false  - Libcurl will reuse connections
LogInit:  - CertBundlePath = nullptr  - Libcurl will use whatever was configured at build time.
LogInit:  - MaxHostConnections = 16  - Libcurl will limit the number of connections to a host
LogInit:  - LocalHostAddr = Default
LogInit:  - BufferSize = 65536
LogModuleManager: Warning: ModuleManager: Unable to load module 'OnlineSubsystemSteam'  - 0 instances of that module name found.
LogInit: WinSock: version 1.1 (2.2), MaxSocks=32767, MaxUdp=65467
LogInit: Build: ++UE4+Release-4.20-CL-4233996
LogInit: Engine Version: 4.20.1-4233996+++UE4+Release-4.20
LogInit: Compatible Engine Version: 4.20.0-4212847+++UE4+Release-4.20
LogInit: Net CL: 4212847
LogInit: OS: Windows 10 (), CPU: Intel(R) Core(TM) i7-7700 CPU @ 3.60GHz, GPU: NVIDIA GeForce GTX 1070
LogInit: Compiled (64-bit): Jul 26 2018 10:07:30
LogInit: Compiled with Visual C++: 19.13.26129.00
LogInit: Build Configuration: Development
LogInit: Branch Name: ++UE4+Release-4.20
LogInit: Command Line:  
LogInit: Base Directory: C:/Program Files/Epic Games/UE_4.20/Engine/Binaries/Win64/
LogInit: Installed Engine Build: 1
LogDevObjectVersion: Number of dev versions registered: 20
LogDevObjectVersion:   Dev-Blueprints (B0D832E4-1F89-4F0D-ACCF-7EB736FD4AA2): 10
LogDevObjectVersion:   Dev-Build (E1C64328-A22C-4D53-A36C-8E866417BD8C): 0
LogDevObjectVersion:   Dev-Core (375EC13C-06E4-48FB-B500-84F0262A717E): 2
LogDevObjectVersion:   Dev-Editor (E4B068ED-F494-42E9-A231-DA0B2E46BB41): 24
LogDevObjectVersion:   Dev-Framework (CFFC743F-43B0-4480-9391-14DF171D2073): 34
LogDevObjectVersion:   Dev-Mobile (B02B49B5-BB20-44E9-A304-32B752E40360): 2
LogDevObjectVersion:   Dev-Networking (A4E4105C-59A1-49B5-A7C5-40C4547EDFEE): 0
LogDevObjectVersion:   Dev-Online (39C831C9-5AE6-47DC-9A44-9C173E1C8E7C): 0
LogDevObjectVersion:   Dev-Physics (78F01B33-EBEA-4F98-B9B4-84EACCB95AA2): 0
LogDevObjectVersion:   Dev-Platform (6631380F-2D4D-43E0-8009-CF276956A95A): 0
LogDevObjectVersion:   Dev-Rendering (12F88B9F-8875-4AFC-A67C-D90C383ABD29): 26
LogDevObjectVersion:   Dev-Sequencer (7B5AE74C-D270-4C10-A958-57980B212A5A): 9
LogDevObjectVersion:   Dev-VR (D7296918-1DD6-4BDD-9DE2-64A83CC13884): 2
LogDevObjectVersion:   Dev-LoadTimes (C2A15278-BFE7-4AFE-6C17-90FF531DF755): 1
LogDevObjectVersion:   Private-Geometry (6EACA3D4-40EC-4CC1-B786-8BED09428FC5): 3
LogDevObjectVersion:   Dev-AnimPhys (29E575DD-E0A3-4627-9D10-D276232CDCEA): 17
LogDevObjectVersion:   Dev-ReflectionCapture (6B266CEC-1EC7-4B8F-A30B-E4D90942FC07): 1
LogDevObjectVersion:   Dev-Automation (0DF73D61-A23F-47EA-B727-89E90C41499A): 1
LogDevObjectVersion:   FortniteMain (601D1886-AC64-4F84-AA16-D3DE0DEAC7D6): 12
LogDevObjectVersion:   Dev-Enterprise (9DFFBCD6-494F-0158-E221-12823C92A888): 1
LogStreaming: Display: Took  0.001s to delete old logs.
LogInit: Presizing for max 8388607 objects, including 0 objects not considered by GC, pre-allocating 0 bytes for permanent pool.
LogInit: Object subsystem initialized
[2018.08.23-02.04.21:660][  0]LogInit: Selected Device Profile: [Windows]
[2018.08.23-02.04.21:660][  0]LogInit: Applying CVar settings loaded from the selected device profile: [Windows]
[2018.08.23-02.04.21:671][  0]LogHAL: Display: Platform has ~ 16 GB [17136259072 / 17179869184 / 16], which maps to Larger [LargestMinGB=32, LargerMinGB=12, DefaultMinGB=8, SmallerMinGB=6, SmallestMinGB=0)
[2018.08.23-02.04.21:671][  0]LogInit: Setting Device Profile CVar: [[r.Vulkan.UseRealUBs:1]]
[2018.08.23-02.04.21:671][  0]LogInit: Going up to parent DeviceProfile []
[2018.08.23-02.04.21:672][  0]LogInit: Computer: A02065
[2018.08.23-02.04.21:672][  0]LogInit: User: ames
[2018.08.23-02.04.21:672][  0]LogInit: CPU Page size=4096, Cores=4
[2018.08.23-02.04.21:672][  0]LogInit: High frequency timer resolution =3.515627 MHz
[2018.08.23-02.04.21:672][  0]LogMemory: Memory total: Physical=16.0GB (16GB approx)
[2018.08.23-02.04.21:672][  0]LogMemory: Platform Memory Stats for Windows
[2018.08.23-02.04.21:672][  0]LogMemory: Process Physical Memory: 101.62 MB used, 101.62 MB peak
[2018.08.23-02.04.21:672][  0]LogMemory: Process Virtual Memory: 90.43 MB used, 90.43 MB peak
[2018.08.23-02.04.21:672][  0]LogMemory: Physical Memory: 5535.82 MB used,  10806.59 MB free, 16342.41 MB total
[2018.08.23-02.04.21:672][  0]LogMemory: Virtual Memory: 4639.65 MB used,  10806.59 MB free, 134217728.00 MB total
[2018.08.23-02.04.21:692][  0]LogInit: Using OS detected language (en-US).
[2018.08.23-02.04.21:692][  0]LogInit: Using OS detected locale (en-NZ).
[2018.08.23-02.04.21:693][  0]LogTextLocalizationManager: No specific localization for 'en-US' exists, so the 'en' localization will be used.
[2018.08.23-02.04.21:996][  0]LogStreaming: Display: Took  0.304s to InitEngineTextLocalization.
[2018.08.23-02.04.21:996][  0]LogInit: Setting process to per monitor DPI aware
[2018.08.23-02.04.22:030][  0]LogSlate: New Slate User Created.  User Index 0, Is Virtual User: 0
[2018.08.23-02.04.22:030][  0]LogSlate: Slate User Registered.  User Index 0, Is Virtual User: 0
[2018.08.23-02.04.22:445][  0]LogHMD: Failed to initialize OpenVR with code 110
[2018.08.23-02.04.22:445][  0]LogD3D11RHI: D3D11 adapters:
[2018.08.23-02.04.22:496][  0]LogD3D11RHI:    0. 'NVIDIA GeForce GTX 1070' (Feature Level 11_0)
[2018.08.23-02.04.22:496][  0]LogD3D11RHI:       8096/0/8171 MB DedicatedVideo/DedicatedSystem/SharedSystem, Outputs:2, VendorId:0x10de
[2018.08.23-02.04.22:498][  0]LogD3D11RHI:    1. 'Microsoft Basic Render Driver' (Feature Level 11_0)
[2018.08.23-02.04.22:498][  0]LogD3D11RHI:       0/0/8171 MB DedicatedVideo/DedicatedSystem/SharedSystem, Outputs:0, VendorId:0x1414
[2018.08.23-02.04.22:498][  0]LogD3D11RHI: Chosen D3D11 Adapter: 0
[2018.08.23-02.04.22:502][  0]LogD3D11RHI: Creating new Direct3DDevice
[2018.08.23-02.04.22:502][  0]LogD3D11RHI:     GPU DeviceId: 0x1b81 (for the marketing name, search the web for "GPU Device Id")
[2018.08.23-02.04.22:502][  0]LogWindows: EnumDisplayDevices:
[2018.08.23-02.04.22:502][  0]LogWindows:    0. 'NVIDIA GeForce GTX 1070' (P:0 D:1)
[2018.08.23-02.04.22:503][  0]LogWindows:    1. 'NVIDIA GeForce GTX 1070' (P:1 D:1)
[2018.08.23-02.04.22:503][  0]LogWindows:    2. 'NVIDIA GeForce GTX 1070' (P:0 D:0)
[2018.08.23-02.04.22:503][  0]LogWindows:    3. 'NVIDIA GeForce GTX 1070' (P:0 D:0)
[2018.08.23-02.04.22:503][  0]LogWindows: DebugString: FoundDriverCount:4 
[2018.08.23-02.04.22:503][  0]LogD3D11RHI:     Adapter Name: NVIDIA GeForce GTX 1070
[2018.08.23-02.04.22:503][  0]LogD3D11RHI:   Driver Version: 388.13 (internal:23.21.13.8813, unified:388.13)
[2018.08.23-02.04.22:503][  0]LogD3D11RHI:      Driver Date: 10-27-2017
[2018.08.23-02.04.22:503][  0]LogRHI: Texture pool is 5667 MB (70% of 8096 MB)
[2018.08.23-02.04.22:530][  0]LogD3D11RHI: Async texture creation enabled
[2018.08.23-02.04.22:540][  0]LogD3D11RHI: GPU Timing Frequency: 1000.000000 (Debug: 2 1)
[2018.08.23-02.04.22:542][  0]LogShaderCompilers: Guid format shader working directory is -40 characters bigger than the processId version (../../../../../../Users/ames/Desktop/CS205-Fingureblaster/Respos/FingerBlasters/CS205/Intermediate/Shaders/WorkingDirectory/9368/).
[2018.08.23-02.04.22:542][  0]LogShaderCompilers: Cleaned the shader compiler working directory 'C:/Users/ames/AppData/Local/Temp/UnrealShaderWorkingDir/DCD7635A4DAAC0DA205425AB3292E0F6/'.
[2018.08.23-02.04.22:765][  0]LogTemp: Display: Loaded TP AllDesktopTargetPlatform
[2018.08.23-02.04.22:777][  0]LogTemp: Display: Loaded TP MacClientTargetPlatform
[2018.08.23-02.04.22:789][  0]LogTemp: Display: Loaded TP MacNoEditorTargetPlatform
[2018.08.23-02.04.22:800][  0]LogTemp: Display: Loaded TP MacServerTargetPlatform
[2018.08.23-02.04.22:813][  0]LogTemp: Display: Loaded TP MacTargetPlatform
[2018.08.23-02.04.22:825][  0]LogTemp: Display: Loaded TP WindowsClientTargetPlatform
[2018.08.23-02.04.22:836][  0]LogTemp: Display: Loaded TP WindowsNoEditorTargetPlatform
[2018.08.23-02.04.22:849][  0]LogTemp: Display: Loaded TP WindowsServerTargetPlatform
[2018.08.23-02.04.22:855][  0]LogTemp: Display: Loaded TP WindowsTargetPlatform
[2018.08.23-02.04.22:940][  0]LogTemp: Display: Loaded TP AndroidTargetPlatform
[2018.08.23-02.04.22:940][  0]LogTemp: Display: Loaded TP AndroidTargetPlatform
[2018.08.23-02.04.22:940][  0]LogTemp: Display: Loaded TP AndroidTargetPlatform
[2018.08.23-02.04.22:940][  0]LogTemp: Display: Loaded TP AndroidTargetPlatform
[2018.08.23-02.04.22:940][  0]LogTemp: Display: Loaded TP AndroidTargetPlatform
[2018.08.23-02.04.22:940][  0]LogTemp: Display: Loaded TP AndroidTargetPlatform
[2018.08.23-02.04.22:940][  0]LogTemp: Display: Loaded TP AndroidTargetPlatform
[2018.08.23-02.04.22:940][  0]LogTemp: Display: Loaded TP AndroidTargetPlatform
[2018.08.23-02.04.22:940][  0]LogTemp: Display: Loaded TP AndroidTargetPlatform
[2018.08.23-02.04.22:940][  0]LogTemp: Display: Loaded TP AndroidTargetPlatform
[2018.08.23-02.04.22:940][  0]LogTemp: Display: Loaded TP AndroidTargetPlatform
[2018.08.23-02.04.22:940][  0]LogTemp: Display: Loaded TP AndroidTargetPlatform
[2018.08.23-02.04.22:940][  0]LogTemp: Display: Loaded TP AndroidTargetPlatform
[2018.08.23-02.04.22:940][  0]LogTemp: Display: Loaded TP AndroidTargetPlatform
[2018.08.23-02.04.22:940][  0]LogTemp: Display: Loaded TP AndroidTargetPlatform
[2018.08.23-02.04.22:940][  0]LogTemp: Display: Loaded TP AndroidTargetPlatform
[2018.08.23-02.04.22:940][  0]LogTemp: Display: Loaded TP AndroidTargetPlatform
[2018.08.23-02.04.22:940][  0]LogTemp: Display: Loaded TP AndroidTargetPlatform
[2018.08.23-02.04.22:941][  0]LogTemp: Display: Loaded TP HTML5TargetPlatform
[2018.08.23-02.04.22:997][  0]LogTemp: Display: Loaded TP IOSTargetPlatform
[2018.08.23-02.04.22:997][  0]LogTemp: Display: Loaded TP IOSTargetPlatform
[2018.08.23-02.04.23:017][  0]LogTemp: Display: Loaded TP TVOSTargetPlatform
[2018.08.23-02.04.23:017][  0]LogTemp: Display: Loaded TP TVOSTargetPlatform
[2018.08.23-02.04.23:028][  0]LogTemp: Display: Loaded TP LinuxClientTargetPlatform
[2018.08.23-02.04.23:040][  0]LogTemp: Display: Loaded TP LinuxNoEditorTargetPlatform
[2018.08.23-02.04.23:052][  0]LogTemp: Display: Loaded TP LinuxServerTargetPlatform
[2018.08.23-02.04.23:068][  0]LogTemp: Display: Loaded TP LinuxTargetPlatform
[2018.08.23-02.04.23:077][  0]LogTemp: Display: Loaded TP LuminTargetPlatform
[2018.08.23-02.04.23:077][  0]LogTargetPlatformManager: Display: Building Assets For Windows
[2018.08.23-02.04.23:127][  0]LogXGEController: Cleaning working directory: C:/Users/ames/AppData/Local/Temp/UnrealXGEWorkingDir/
[2018.08.23-02.04.23:127][  0]LogXGEController: Cannot use XGE Controller as Incredibuild is not installed on this machine.
[2018.08.23-02.04.23:127][  0]LogShaderCompilers: Cannot use XGE Shader Compiler as Incredibuild is not installed on this machine.
[2018.08.23-02.04.23:127][  0]LogShaderCompilers: Display: Using Local Shader Compiler.
[2018.08.23-02.04.23:767][  0]LogDerivedDataCache: Display: Max Cache Size: 512 MB
[2018.08.23-02.04.23:818][  0]LogDerivedDataCache: Loaded boot cache 0.05s 71MB C:/Users/ames/AppData/Local/UnrealEngine/4.20/DerivedDataCache/Boot.ddc.
[2018.08.23-02.04.23:818][  0]LogDerivedDataCache: Display: Loaded Boot cache: C:/Users/ames/AppData/Local/UnrealEngine/4.20/DerivedDataCache/Boot.ddc
[2018.08.23-02.04.23:818][  0]LogDerivedDataCache: FDerivedDataBackendGraph:  Pak pak cache file ../../../../../../Users/ames/Desktop/CS205-Fingureblaster/Respos/FingerBlasters/CS205/DerivedDataCache/DDC.ddp not found, will not use a pak cache.
[2018.08.23-02.04.23:818][  0]LogDerivedDataCache: Unable to find inner node Pak for hierarchical cache Hierarchy.
[2018.08.23-02.04.23:818][  0]LogDerivedDataCache: FDerivedDataBackendGraph:  CompressedPak pak cache file ../../../../../../Users/ames/Desktop/CS205-Fingureblaster/Respos/FingerBlasters/CS205/DerivedDataCache/Compressed.ddp not found, will not use a pak cache.
[2018.08.23-02.04.23:818][  0]LogDerivedDataCache: Unable to find inner node CompressedPak for hierarchical cache Hierarchy.
[2018.08.23-02.04.23:830][  0]LogDerivedDataCache: Display: Pak cache opened for reading ../../../Engine/DerivedDataCache/Compressed.ddp.
[2018.08.23-02.04.23:843][  0]LogDerivedDataCache: Using Local data cache path C:/Users/ames/AppData/Local/UnrealEngine/Common/DerivedDataCache: Writable
[2018.08.23-02.04.23:843][  0]LogDerivedDataCache: Shared data cache path not found in *engine.ini, will not use an Shared cache.
[2018.08.23-02.04.23:843][  0]LogDerivedDataCache: Unable to find inner node Shared for hierarchical cache Hierarchy.
[2018.08.23-02.04.23:861][  0]LogMaterial: Verifying Global Shaders for PCD3D_SM5
[2018.08.23-02.04.23:862][  0]LogSlate: Using FreeType 2.6.0
[2018.08.23-02.04.23:864][  0]LogSlate: SlateFontServices - WITH_FREETYPE: 1, WITH_HARFBUZZ: 1
[2018.08.23-02.04.23:979][  0]LogAssetRegistry: FAssetRegistry took 0.0258 seconds to start up
[2018.08.23-02.04.24:248][  0]LogInit: Selected Device Profile: [Windows]
[2018.08.23-02.04.24:366][  0]LogSimplygon: Simplygon DLL not present - disabling.
[2018.08.23-02.04.24:369][  0]LogMeshReduction: Using SimplygonSwarm for distributed automatic mesh merging
[2018.08.23-02.04.24:369][  0]LogMeshReduction: Using ProxyLODMeshReduction for automatic mesh merging
[2018.08.23-02.04.24:369][  0]LogMeshReduction: Using QuadricMeshReduction for automatic static mesh reduction
[2018.08.23-02.04.24:369][  0]LogMeshReduction: No automatic skeletal mesh reduction module available
[2018.08.23-02.04.24:385][  0]LogNetVersion: CS205 1.0.0, NetCL: 4212847, EngineNetVer: 5, GameNetVer: 0 (Checksum: 3832072326)
[2018.08.23-02.04.24:909][  0]LogPackageLocalizationCache: Processed 11 localized package path(s) for 2 prioritized culture(s) in 0.130248 seconds
[2018.08.23-02.04.24:914][  0]LogUObjectArray: 38425 objects as part of root set at end of initial load.
[2018.08.23-02.04.24:914][  0]LogUObjectAllocator: 6690864 out of 0 bytes used by permanent object pool.
[2018.08.23-02.04.24:914][  0]LogUObjectArray: CloseDisregardForGC: 0/0 objects in disregard for GC pool
[2018.08.23-02.04.26:256][  0]LogTcpMessaging: Initializing TcpMessaging bridge
[2018.08.23-02.04.26:268][  0]LogUdpMessaging: Initializing bridge on interface 0.0.0.0:0 to multicast group 230.0.0.1:6666.
[2018.08.23-02.04.26:412][  0]SourceControl: Source control is disabled
[2018.08.23-02.04.26:808][  0]LogAndroidPermission: UAndroidPermissionCallbackProxy::GetInstance
[2018.08.23-02.04.26:871][  0]LogOcInput: OculusInput pre-init called
[2018.08.23-02.04.26:925][  0]LogEngine: Initializing Engine...
[2018.08.23-02.04.26:925][  0]LogHMD: Failed to initialize OpenVR with code 110
[2018.08.23-02.04.26:926][  0]LogStats: UGameplayTagsManager::ConstructGameplayTagTree: ImportINI prefixes -  0.000 s
[2018.08.23-02.04.26:926][  0]LogStats: UGameplayTagsManager::ConstructGameplayTagTree: Construct from data asset -  0.000 s
[2018.08.23-02.04.26:926][  0]LogStats: UGameplayTagsManager::ConstructGameplayTagTree: ImportINI -  0.000 s
[2018.08.23-02.04.26:926][  0]LogStats: UGameplayTagsManager::ConstructGameplayTagTree: GameplayTagTreeChangedEvent.Broadcast -  0.000 s
[2018.08.23-02.04.27:114][  0]LogInit: Initializing FReadOnlyCVARCache
[2018.08.23-02.04.27:126][  0]LogAIModule: Creating AISystem for world Untitled
[2018.08.23-02.04.27:143][  0]LogInit: XAudio2 using 'Headset Earphone (2- SteelSeries Arctis 7 Chat)' : 1 channels at 48 kHz using 16 bits per sample (channel mask 0x0)
[2018.08.23-02.04.27:166][  0]LogInit: FAudioDevice initialized.
[2018.08.23-02.04.27:166][  0]LogNetVersion: Set ProjectVersion to 1.0.0.0. Version Checksum will be recalculated on next use.
[2018.08.23-02.04.27:223][  0]LogDerivedDataCache: Saved boot cache 0.06s 71MB C:/Users/ames/AppData/Local/UnrealEngine/4.20/DerivedDataCache/Boot.ddc.
[2018.08.23-02.04.27:232][  0]LogInit: Texture streaming: Enabled
[2018.08.23-02.04.27:249][  0]LogEngineSessionManager: EngineSessionManager initialized
[2018.08.23-02.04.27:260][  0]LogInit: Transaction tracking system initialized
[2018.08.23-02.04.27:278][  0]BlueprintLog: New page: Editor Load
[2018.08.23-02.04.27:343][  0]LocalizationService: Localization service is disabled
[2018.08.23-02.04.27:809][  0]LogCook: Display: Max memory allowance for cook 16384mb min free memory 0mb
[2018.08.23-02.04.27:809][  0]LogCook: Display: Mobile HDR setting 1
[2018.08.23-02.04.27:809][  0]LogGameplayTags: Display: UGameplayTagsManager::DoneAddingNativeTags. DelegateIsBound: 0
[2018.08.23-02.04.27:809][  0]LogStats: UGameplayTagsManager::ConstructGameplayTagTree: ImportINI prefixes -  0.000 s
[2018.08.23-02.04.27:809][  0]LogStats: UGameplayTagsManager::ConstructGameplayTagTree: Construct from data asset -  0.000 s
[2018.08.23-02.04.27:809][  0]LogStats: UGameplayTagsManager::ConstructGameplayTagTree: ImportINI -  0.000 s
[2018.08.23-02.04.27:809][  0]LogStats: UGameplayTagsManager::ConstructGameplayTagTree: GameplayTagTreeChangedEvent.Broadcast -  0.000 s
[2018.08.23-02.04.27:919][  0]LogFileCache: Scanning file cache for directory 'C:/Users/ames/Desktop/CS205-Fingureblaster/Respos/FingerBlasters/CS205/Content/' took 0.01s
[2018.08.23-02.04.27:919][  0]Cmd: MAP LOAD FILE="../../../../../../Users/ames/Desktop/CS205-Fingureblaster/Respos/FingerBlasters/CS205/Content/Map/MainMenu.umap" TEMPLATE=0 SHOWPROGRESS=1 FEATURELEVEL=3
[2018.08.23-02.04.27:920][  0]LightingResults: New page: Lighting Build
[2018.08.23-02.04.27:921][  0]MapCheck: New page: Map Check
[2018.08.23-02.04.27:921][  0]LightingResults: New page: Lighting Build
[2018.08.23-02.04.28:175][  0]LogAIModule: Creating AISystem for world MainMenu
[2018.08.23-02.04.28:176][  0]LogEditorServer: Finished looking for orphan Actors (0.000 secs)
[2018.08.23-02.04.28:198][  0]Cmd: MAP CHECKDEP NOCLEARLOG
[2018.08.23-02.04.28:285][  0]MapCheck: Map check complete: 0 Error(s), 0 Warning(s), took 86.633ms to complete.
[2018.08.23-02.04.28:285][  0]LogFileHelpers: Loading map 'MainMenu' took 0.365
[2018.08.23-02.04.28:372][  0]LogSlate: Updating window title bar state: overlay mode, drag disabled, window buttons hidden, title bar hidden
[2018.08.23-02.04.28:380][  0]LogSlate: Updating window title bar state: overlay mode, drag disabled, window buttons hidden, title bar hidden
[2018.08.23-02.04.28:387][  0]LogSlate: Updating window title bar state: overlay mode, drag disabled, window buttons hidden, title bar hidden
[2018.08.23-02.04.28:393][  0]LogSlate: Updating window title bar state: overlay mode, drag disabled, window buttons hidden, title bar hidden
[2018.08.23-02.04.28:399][  0]LogCollectionManager: Loaded 0 collections in 0.001217 seconds
[2018.08.23-02.04.28:440][  0]LogFileCache: Scanning file cache for directory 'C:/Users/ames/Desktop/CS205-Fingureblaster/Respos/FingerBlasters/CS205/Saved/Collections/' took 0.01s
[2018.08.23-02.04.28:440][  0]LogFileCache: Scanning file cache for directory 'C:/Users/ames/Desktop/CS205-Fingureblaster/Respos/FingerBlasters/CS205/Content/Developers/ames/Collections/' took 0.01s
[2018.08.23-02.04.28:440][  0]LogFileCache: Scanning file cache for directory 'C:/Users/ames/Desktop/CS205-Fingureblaster/Respos/FingerBlasters/CS205/Content/Collections/' took 0.01s
[2018.08.23-02.04.28:440][  0]LogCollectionManager: Rebuilt the GUID cache for 0 collections in 0.000000 seconds
[2018.08.23-02.04.28:449][  0]LogContentBrowser: Native class hierarchy populated in 0.0085 seconds. Added 2572 classes and 603 folders.
[2018.08.23-02.04.28:453][  0]LogContentBrowser: Native class hierarchy updated for 'WidgetCarousel' in 0.0002 seconds. Added 0 classes and 0 folders.
[2018.08.23-02.04.28:513][  0]LogContentBrowser: Native class hierarchy updated for 'AddContentDialog' in 0.0002 seconds. Added 0 classes and 0 folders.
[2018.08.23-02.04.28:516][  0]LogContentBrowser: Native class hierarchy updated for 'SceneOutliner' in 0.0002 seconds. Added 1 classes and 2 folders.
[2018.08.23-02.04.28:571][  0]LogSlate: Took 0.000641 seconds to synchronously load lazily loaded font '../../../Engine/Content/Slate/Fonts/Roboto-Regular.ttf' (155K)
[2018.08.23-02.04.28:572][  0]LogSlate: Took 0.000564 seconds to synchronously load lazily loaded font '../../../Engine/Content/Slate/Fonts/Roboto-Bold.ttf' (160K)
[2018.08.23-02.04.28:578][  0]LogSlate: Took 0.001021 seconds to synchronously load lazily loaded font '../../../Engine/Content/Editor/Slate/Fonts/FontAwesome.ttf' (139K)
[2018.08.23-02.04.28:645][  0]LogRenderer: Reallocating scene render targets to support 1208x552 Format 10 NumSamples 1 (Frame:1).
[2018.08.23-02.04.28:743][  0]LogContentBrowser: Native class hierarchy updated for 'HierarchicalLODOutliner' in 0.0002 seconds. Added 0 classes and 0 folders.
[2018.08.23-02.04.28:743][  0]LogLoad: (Engine Initialization) Total time: 8.42 seconds
[2018.08.23-02.04.28:743][  0]LogLoad: (Engine Initialization) Total Blueprint compile time: 0.00 seconds
[2018.08.23-02.04.28:776][  0]LogAssetRegistry: Asset discovery search completed in 4.8186 seconds
[2018.08.23-02.04.28:777][  0]LogCollectionManager: Rebuilt the object cache for 0 collections in 0.000000 seconds (found 0 objects)
[2018.08.23-02.04.28:777][  0]LogCollectionManager: Fixed up redirectors for 0 collections in 0.000032 seconds (updated 0 objects)
[2018.08.23-02.04.28:779][  0]LogContentStreaming: Texture pool size now 3000 MB
[2018.08.23-02.04.28:804][  0]LogSlate: Took 0.000488 seconds to synchronously load lazily loaded font '../../../Engine/Content/Slate/Fonts/Roboto-Light.ttf' (167K)
[2018.08.23-02.05.06:946][114]LogSlate: FSceneViewport::OnFocusLost() reason 0
[2018.08.23-02.05.10:422][489]LogSlate: Took 0.000243 seconds to synchronously load lazily loaded font '../../../Engine/Content/Slate/Fonts/Roboto-Light.ttf' (167K)
[2018.08.23-02.05.10:427][489]LogAssetEditorManager: Opening Asset editor for WidgetBlueprint /Game/UI/Lobby/LobbyMenu.LobbyMenu
[2018.08.23-02.05.10:775][489]LogContentBrowser: Native class hierarchy updated for 'BlueprintGraph' in 0.0005 seconds. Added 116 classes and 0 folders.
[2018.08.23-02.05.11:405][489]LogSlate: Took 0.000550 seconds to synchronously load lazily loaded font '../../../Engine/Content/Slate/Fonts/Roboto-BoldCondensed.ttf' (158K)
[2018.08.23-02.05.12:807][639]LogSlate: Took 0.000571 seconds to synchronously load lazily loaded font '../../../Engine/Content/Slate/Fonts/Roboto-Italic.ttf' (157K)
[2018.08.23-02.05.18:719][340]LogEditorTransaction: Undo Delete current selection
[2018.08.23-02.05.19:008][363]LogEditorTransaction: Undo Move Node
[2018.08.23-02.08.17:036][864]LogTemp: Repeating last play command: Standalone Game
[2018.08.23-02.08.18:425][864]LogSlate: Window 'Save Content' being destroyed
[2018.08.23-02.08.18:494][864]Cmd: OBJ SAVEPACKAGE PACKAGE="/Game/UI/Lobby/LobbyMenu" FILE="../../../../../../Users/ames/Desktop/CS205-Fingureblaster/Respos/FingerBlasters/CS205/Content/UI/Lobby/LobbyMenu.uasset" SILENT=true
[2018.08.23-02.08.18:558][864]LogSavePackage: Moving '../../../../../../Users/ames/Desktop/CS205-Fingureblaster/Respos/FingerBlasters/CS205/Saved/LobbyMenu8AAB42B84F122B4EA19198A08A29BA2D.tmp' to '../../../../../../Users/ames/Desktop/CS205-Fingureblaster/Respos/FingerBlasters/CS205/Content/UI/Lobby/LobbyMenu.uasset'
[2018.08.23-02.08.58:669][674]LogAssetEditorManager: Opening Asset editor for Blueprint /Game/Blueprints/Lobby/LobbyGM.LobbyGM
[2018.08.23-02.09.38:143][825]BlueprintLog: New page: Compile LobbyMenu
[2018.08.23-02.09.38:828][876]Cmd: OBJ SAVEPACKAGE PACKAGE="/Game/UI/Lobby/LobbyMenu" FILE="../../../../../../Users/ames/Desktop/CS205-Fingureblaster/Respos/FingerBlasters/CS205/Content/UI/Lobby/LobbyMenu.uasset" SILENT=true
[2018.08.23-02.09.38:894][876]LogSavePackage: Moving '../../../../../../Users/ames/Desktop/CS205-Fingureblaster/Respos/FingerBlasters/CS205/Saved/LobbyMenu25AB38D64B0D37C2CBE609A004DD92F3.tmp' to '../../../../../../Users/ames/Desktop/CS205-Fingureblaster/Respos/FingerBlasters/CS205/Content/UI/Lobby/LobbyMenu.uasset'
[2018.08.23-02.09.41:255][157]LogTemp: Repeating last play command: Standalone Game
[2018.08.23-02.09.56:497][763]BlueprintLog: New page: Compile LobbyMenu
[2018.08.23-02.13.22:184][ 95]BlueprintLog: New page: Compile LobbyMenu
[2018.08.23-02.13.23:124][177]Cmd: OBJ SAVEPACKAGE PACKAGE="/Game/UI/Lobby/LobbyMenu" FILE="../../../../../../Users/ames/Desktop/CS205-Fingureblaster/Respos/FingerBlasters/CS205/Content/UI/Lobby/LobbyMenu.uasset" SILENT=true
[2018.08.23-02.13.23:191][177]LogSavePackage: Moving '../../../../../../Users/ames/Desktop/CS205-Fingureblaster/Respos/FingerBlasters/CS205/Saved/LobbyMenu7A7FC166404DBED40E4BAAA1A3040627.tmp' to '../../../../../../Users/ames/Desktop/CS205-Fingureblaster/Respos/FingerBlasters/CS205/Content/UI/Lobby/LobbyMenu.uasset'
[2018.08.23-02.13.25:666][462]LogSlate: Took 0.001835 seconds to synchronously load lazily loaded font '../../../Engine/Content/Slate/Fonts/DroidSansFallback.ttf' (3848K)
[2018.08.23-02.13.43:995][105]MapCheck: New page: Map Check
[2018.08.23-02.13.44:008][105]Cmd: MAP REBUILD ALLVISIBLE
[2018.08.23-02.13.44:008][105]LogEditorServer: Rebuildmap Clear paths rebuilt
[2018.08.23-02.13.44:111][105]TextureStreamingBuild: Display: Build Texture Streaming took 0.004 seconds.
[2018.08.23-02.13.44:136][105]LightingResults: New page: Lighting Build - 24/08/2018 2:13:44 am
[2018.08.23-02.13.44:170][105]LogSwarmInterface: [OpenConnection] Registering TCP channel ...
[2018.08.23-02.13.44:221][105]LogSwarmInterface: [OpenConnection] Connecting to agent ...
[2018.08.23-02.13.44:231][105]LogSwarmInterface: [TryOpenConnection] Testing the Agent
[2018.08.23-02.13.44:740][105]LogSwarmInterface: [TryOpenConnection] Opening Connection to Agent
[2018.08.23-02.13.44:740][105]LogSwarmInterface: [TryOpenConnection] Local Process ID is 9368
[2018.08.23-02.13.49:202][105]LogStaticLightingSystem: Warning: No importance volume found, so the scene bounding box was used.  You can optimize your scene's quality and lighting build times by adding importance volumes.
[2018.08.23-02.13.49:202][105]LogStaticLightingSystem: Running Lightmass w/ ImmediateImport mode ENABLED
[2018.08.23-02.13.49:202][105]LogStaticLightingSystem: Running Lightmass w/ ImmediateProcess mode ENABLED
[2018.08.23-02.13.49:202][105]LogStaticLightingSystem: Running Lightmass w/ Sorting mode ENABLED
[2018.08.23-02.13.49:202][105]LogStaticLightingSystem: Running Lightmass w/ Mapping paddings ENABLED
[2018.08.23-02.13.49:202][105]LogStaticLightingSystem: Running Lightmass w/ Mapping debug paddings DISABLED
[2018.08.23-02.13.49:291][105]Cmd: MAP CHECK DONTDISPLAYDIALOG
[2018.08.23-02.13.49:291][105]MapCheck: New page: MainMenu - 24/08/2018 2:13:49 am
[2018.08.23-02.13.49:392][105]MapCheck: Map check complete: 0 Error(s), 0 Warning(s), took 100.965ms to complete.
[2018.08.23-02.13.49:415][105]LogEditorBuildUtils: Build time 0:05
[2018.08.23-02.13.50:529][172]Job is a success!
[2018.08.23-02.13.50:574][174]LogVolumetricLightmapImport: Imported Volumetric Lightmap in 0.008s
[2018.08.23-02.13.50:574][174]LogVolumetricLightmapImport:      Indirection Texture 16x16x16 = 0.0Mb
[2018.08.23-02.13.50:575][174]LogVolumetricLightmapImport:      BrickData 5x5x5 = 0.0Mb
[2018.08.23-02.13.50:575][174]LogVolumetricLightmapImport:      Bricks at Level
[2018.08.23-02.13.50:575][174]LogVolumetricLightmapImport:          0: 100.0% covering 100.0% of volume
[2018.08.23-02.13.50:575][174]LogVolumetricLightmapImport:          1: 0.0% covering 0.0% of volume
[2018.08.23-02.13.50:575][174]LogVolumetricLightmapImport:          2: 0.0% covering 0.0% of volume
[2018.08.23-02.13.50:603][174]Lightmass on A02065: 746 ms total, 60 ms importing, 1 ms setup, 387 ms photons, 268 ms processing, 0 ms extra exporting [0/0 mappings]. Threads: 1.71 sec total, 0 ms processing.
[2018.08.23-02.13.50:637][174]LogStaticLightingSystem: Illumination: 6.48 sec (0 ms encoding lightmaps, 0 ms encoding shadowmaps)
[2018.08.23-02.13.50:637][174]LogStaticLightingSystem: Lightmap texture memory:  0.0 MB (0.0 MB streaming, 0.0 MB non-streaming), 0 textures
[2018.08.23-02.13.50:637][174]LogStaticLightingSystem: Shadowmap texture memory: 0.0 MB (0.0 MB streaming, 0.0 MB non-streaming), 0 textures
[2018.08.23-02.13.51:205][174]DumpUnbuiltLightIteractions
[2018.08.23-02.13.51:205][174]Lights with unbuilt interactions: 0
[2018.08.23-02.13.51:205][174]
[2018.08.23-02.13.51:205][174]Primitives with unbuilt interactions: 0
[2018.08.23-02.13.51:226][175]Cmd: MAP CHECK NOTIFYRESULTS
[2018.08.23-02.13.51:226][175]MapCheck: New page: MainMenu - 24/08/2018 2:13:51 am
[2018.08.23-02.13.51:316][175]MapCheck: Map check complete: 0 Error(s), 0 Warning(s), took 89.228ms to complete.
[2018.08.23-02.13.53:210][402]LogTemp: Repeating last play command: Standalone Game
[2018.08.23-02.13.56:122][402]LogSlate: Window 'Save Content' being destroyed
[2018.08.23-02.13.56:404][402]LogSavePackage: Moving '../../../../../../Users/ames/Desktop/CS205-Fingureblaster/Respos/FingerBlasters/CS205/Saved/MainMenu94FA7A53490F889BAB254EAEF665E0B1.tmp' to '../../../../../../Users/ames/Desktop/CS205-Fingureblaster/Respos/FingerBlasters/CS205/Content/Map/MainMenu.umap'
[2018.08.23-02.13.56:427][402]LogFileHelpers: Saving map 'MainMenu' took 0.240
[2018.08.23-02.13.56:429][402]Cmd: OBJ SAVEPACKAGE PACKAGE="/Game/Map/MainMenu_BuiltData" FILE="../../../../../../Users/ames/Desktop/CS205-Fingureblaster/Respos/FingerBlasters/CS205/Content/Map/MainMenu_BuiltData.uasset" SILENT=true
[2018.08.23-02.13.56:440][402]LogSavePackage: Moving '../../../../../../Users/ames/Desktop/CS205-Fingureblaster/Respos/FingerBlasters/CS205/Saved/MainMenu_BuiltDataD04AEFFE42BE332E1D55119A9CDA1E19.tmp' to '../../../../../../Users/ames/Desktop/CS205-Fingureblaster/Respos/FingerBlasters/CS205/Content/Map/MainMenu_BuiltData.uasset'
[2018.08.23-02.14.15:888][933]LogTemp: Repeating last play command: Standalone Game
[2018.08.23-02.14.56:643][485]LogAssetEditorManager: Opening Asset editor for WidgetBlueprint /Game/UI/MainMenu/HostMenu.HostMenu
[2018.08.23-02.15.28:841][239]LogAssetEditorManager: Opening Asset editor for Blueprint /Game/Blueprints/AllLevels/GameIntsta.GameIntsta
[2018.08.23-02.16.37:274][744]LogAssetEditorManager: Opening Asset editor for Blueprint /Game/Blueprints/Lobby/LobbyPC.LobbyPC
[2018.08.23-02.38.21:881][918]LogActorComponent: UnregisterComponent: (/Engine/Transient.EditorFloorComp) Not registered. Aborting.
[2018.08.23-02.38.21:930][918]LogSlate: Window 'CS205 - Unreal Editor' being destroyed
[2018.08.23-02.38.22:111][919]Cmd: QUIT_EDITOR
[2018.08.23-02.38.22:125][919]LogWindowsTextInputMethodSystem: Display: IME system now deactivated.
[2018.08.23-02.38.22:134][919]LogExit: Preparing to exit.
[2018.08.23-02.38.22:327][919]LogExit: Editor shut down
[2018.08.23-02.38.22:327][919]LogExit: Transaction tracking system shut down
[2018.08.23-02.38.23:055][919]LogExit: Object subsystem successfully closed.
[2018.08.23-02.38.23:073][919]LogShaderCompilers: Display: Shaders left to compile 0
[2018.08.23-02.38.23:076][919]LogD3D11RHI: Shutdown
[2018.08.23-02.38.23:076][919]LogD3D11RHI: CleanupD3DDevice
[2018.08.23-02.38.23:077][919]LogD3D11RHI: ~FD3D11DynamicRHI
[2018.08.23-02.38.23:085][919]LogModuleManager: Shutting down and abandoning module HierarchicalLODUtilities (617)
[2018.08.23-02.38.23:085][919]LogModuleManager: Shutting down and abandoning module SequencerWidgets (615)
[2018.08.23-02.38.23:085][919]LogModuleManager: Shutting down and abandoning module BlueprintGraph (613)
[2018.08.23-02.38.23:085][919]LogModuleManager: Shutting down and abandoning module HierarchicalLODOutliner (611)
[2018.08.23-02.38.23:085][919]LogModuleManager: Shutting down and abandoning module SceneOutliner (609)
[2018.08.23-02.38.23:086][919]LogModuleManager: Shutting down and abandoning module AddContentDialog (607)
[2018.08.23-02.38.23:086][919]LogModuleManager: Shutting down and abandoning module WidgetCarousel (606)
[2018.08.23-02.38.23:086][919]LogModuleManager: Shutting down and abandoning module EditorWidgets (603)
[2018.08.23-02.38.23:086][919]LogModuleManager: Shutting down and abandoning module CollectionManager (601)
[2018.08.23-02.38.23:086][919]LogModuleManager: Shutting down and abandoning module StatsViewer (599)
[2018.08.23-02.38.23:086][919]LogModuleManager: Shutting down and abandoning module FoliageEdit (597)
[2018.08.23-02.38.23:086][919]LogModuleManager: Shutting down and abandoning module LandscapeEditor (595)
[2018.08.23-02.38.23:086][919]LogModuleManager: Shutting down and abandoning module MeshPaintMode (593)
[2018.08.23-02.38.23:086][919]LogModuleManager: Shutting down and abandoning module SceneDepthPickerMode (591)
[2018.08.23-02.38.23:086][919]LogModuleManager: Shutting down and abandoning module ActorPickerMode (589)
[2018.08.23-02.38.23:086][919]LogModuleManager: Shutting down and abandoning module GeometryMode (587)
[2018.08.23-02.38.23:086][919]LogModuleManager: Shutting down and abandoning module TextureAlignMode (585)
[2018.08.23-02.38.23:086][919]LogModuleManager: Shutting down and abandoning module BspMode (583)
[2018.08.23-02.38.23:086][919]LogModuleManager: Shutting down and abandoning module PIEPreviewDeviceProfileSelector (581)
[2018.08.23-02.38.23:086][919]LogModuleManager: Shutting down and abandoning module SequenceRecorderSections (579)
[2018.08.23-02.38.23:086][919]LogModuleManager: Shutting down and abandoning module AutomationWorker (577)
[2018.08.23-02.38.23:086][919]LogModuleManager: Shutting down and abandoning module AudioCaptureEditor (575)
[2018.08.23-02.38.23:087][919]LogModuleManager: Shutting down and abandoning module SequenceRecorder (574)
[2018.08.23-02.38.23:087][919]LogModuleManager: Shutting down and abandoning module MatineeToLevelSequence (571)
[2018.08.23-02.38.23:087][919]LogModuleManager: Shutting down and abandoning module LevelSequenceEditor (569)
[2018.08.23-02.38.23:087][919]LogModuleManager: Shutting down and abandoning module PlacementMode (568)
[2018.08.23-02.38.23:087][919]LogModuleManager: Shutting down and abandoning module MaterialEditor (567)
[2018.08.23-02.38.23:087][919]LogModuleManager: Shutting down and abandoning module WmfMediaFactory (563)
[2018.08.23-02.38.23:087][919]LogModuleManager: Shutting down and abandoning module WmfMediaEditor (561)
[2018.08.23-02.38.23:087][919]LogModuleManager: Shutting down and abandoning module MediaPlayerEditor (559)
[2018.08.23-02.38.23:087][919]LogModuleManager: Shutting down and abandoning module OpenExrWrapper (557)
[2018.08.23-02.38.23:087][919]LogModuleManager: Shutting down and abandoning module ImgMediaFactory (555)
[2018.08.23-02.38.23:087][919]LogModuleManager: Shutting down and abandoning module ImgMediaEditor (553)
[2018.08.23-02.38.23:087][919]LogModuleManager: Shutting down and abandoning module AvfMediaFactory (551)
[2018.08.23-02.38.23:087][919]LogModuleManager: Shutting down and abandoning module AvfMediaEditor (549)
[2018.08.23-02.38.23:087][919]LogModuleManager: Shutting down and abandoning module AndroidMediaFactory (547)
[2018.08.23-02.38.23:087][919]LogModuleManager: Shutting down and abandoning module AndroidMediaEditor (545)
[2018.08.23-02.38.23:087][919]LogModuleManager: Shutting down and abandoning module MagicLeapCameraPreviewFactory (543)
[2018.08.23-02.38.23:087][919]LogModuleManager: Shutting down and abandoning module MagicLeapMediaFactory (541)
[2018.08.23-02.38.23:087][919]LogModuleManager: Shutting down and abandoning module MagicLeapMediaEditor (539)
[2018.08.23-02.38.23:087][919]LogModuleManager: Shutting down and abandoning module CharacterAI (537)
[2018.08.23-02.38.23:087][919]LogModuleManager: Shutting down and abandoning module SmartSnapping (535)
[2018.08.23-02.38.23:087][919]LogModuleManager: Shutting down and abandoning module SessionServices (533)
[2018.08.23-02.38.23:087][919]LogModuleManager: Shutting down and abandoning module ViewportSnapping (531)
[2018.08.23-02.38.23:087][919]LogModuleManager: Shutting down and abandoning module ViewportInteraction (529)
[2018.08.23-02.38.23:087][919]LogModuleManager: Shutting down and abandoning module ClothPainter (527)
[2018.08.23-02.38.23:087][919]LogModuleManager: Shutting down and abandoning module SkeletalMeshEditor (526)
[2018.08.23-02.38.23:087][919]LogModuleManager: Shutting down and abandoning module LogVisualizer (523)
[2018.08.23-02.38.23:087][919]LogModuleManager: Shutting down and abandoning module IntroTutorials (521)
[2018.08.23-02.38.23:087][919]LogModuleManager: Shutting down and abandoning module GameProjectGeneration (520)
[2018.08.23-02.38.23:088][919]LogModuleManager: Shutting down and abandoning module LuminPlatformEditor (517)
[2018.08.23-02.38.23:088][919]LogModuleManager: Shutting down and abandoning module IOSPlatformEditor (515)
[2018.08.23-02.38.23:088][919]LogModuleManager: Shutting down and abandoning module HTML5PlatformEditor (513)
[2018.08.23-02.38.23:088][919]LogModuleManager: Shutting down and abandoning module AndroidPlatformEditor (511)
[2018.08.23-02.38.23:088][919]LogModuleManager: Shutting down and abandoning module AndroidDeviceDetection (510)
[2018.08.23-02.38.23:710][919]LogModuleManager: Shutting down and abandoning module WindowsPlatformEditor (507)
[2018.08.23-02.38.23:710][919]LogModuleManager: Shutting down and abandoning module LuminRuntimeSettings (505)
[2018.08.23-02.38.23:710][919]LogModuleManager: Shutting down and abandoning module IOSRuntimeSettings (503)
[2018.08.23-02.38.23:710][919]LogModuleManager: Shutting down and abandoning module AndroidRuntimeSettings (501)
[2018.08.23-02.38.23:710][919]LogModuleManager: Shutting down and abandoning module InputBindingEditor (499)
[2018.08.23-02.38.23:710][919]LogModuleManager: Shutting down and abandoning module MergeActors (497)
[2018.08.23-02.38.23:710][919]LogModuleManager: Shutting down and abandoning module LocalizationDashboard (495)
[2018.08.23-02.38.23:710][919]LogModuleManager: Shutting down and abandoning module LocalizationService (494)
[2018.08.23-02.38.23:710][919]LogModuleManager: Shutting down and abandoning module HardwareTargeting (491)
[2018.08.23-02.38.23:710][919]LogModuleManager: Shutting down and abandoning module DeviceProfileEditor (489)
[2018.08.23-02.38.23:710][919]LogModuleManager: Shutting down and abandoning module UndoHistory (487)
[2018.08.23-02.38.23:710][919]LogModuleManager: Shutting down and abandoning module XmlParser (485)
[2018.08.23-02.38.23:710][919]LogModuleManager: Shutting down and abandoning module Blutility (483)
[2018.08.23-02.38.23:710][919]LogModuleManager: Shutting down and abandoning module ProjectSettingsViewer (481)
[2018.08.23-02.38.23:711][919]LogModuleManager: Shutting down and abandoning module ProjectTargetPlatformEditor (480)
[2018.08.23-02.38.23:711][919]LogModuleManager: Shutting down and abandoning module EditorSettingsViewer (477)
[2018.08.23-02.38.23:711][919]LogModuleManager: Shutting down and abandoning module SettingsEditor (475)
[2018.08.23-02.38.23:711][919]LogModuleManager: Shutting down and abandoning module ProjectLauncher (473)
[2018.08.23-02.38.23:711][919]LogModuleManager: Shutting down and abandoning module SessionFrontend (471)
[2018.08.23-02.38.23:711][919]LogModuleManager: Shutting down and abandoning module ProfilerClient (469)
[2018.08.23-02.38.23:711][919]LogModuleManager: Shutting down and abandoning module DeviceManager (467)
[2018.08.23-02.38.23:711][919]LogModuleManager: Shutting down and abandoning module TargetDeviceServices (466)
[2018.08.23-02.38.23:765][919]LogModuleManager: Shutting down and abandoning module AutomationController (463)
[2018.08.23-02.38.23:765][919]LogModuleManager: Shutting down and abandoning module AutomationWindow (461)
[2018.08.23-02.38.23:765][919]LogModuleManager: Shutting down and abandoning module Layers (459)
[2018.08.23-02.38.23:765][919]LogModuleManager: Shutting down and abandoning module ComponentVisualizers (457)
[2018.08.23-02.38.23:765][919]LogModuleManager: Shutting down and abandoning module DetailCustomizations (455)
[2018.08.23-02.38.23:765][919]LogModuleManager: Shutting down and abandoning module PackagesDialog (453)
[2018.08.23-02.38.23:765][919]LogModuleManager: Shutting down and abandoning module Persona (451)
[2018.08.23-02.38.23:765][919]LogModuleManager: Shutting down and abandoning module AdvancedPreviewScene (450)
[2018.08.23-02.38.23:765][919]LogModuleManager: Shutting down and abandoning module AnimGraph (448)
[2018.08.23-02.38.23:765][919]LogModuleManager: Shutting down and abandoning module Kismet (445)
[2018.08.23-02.38.23:769][919]LogModuleManager: Shutting down and abandoning module GraphEditor (443)
[2018.08.23-02.38.23:769][919]LogModuleManager: Shutting down and abandoning module ClassViewer (441)
[2018.08.23-02.38.23:769][919]LogModuleManager: Shutting down and abandoning module Toolbox (439)
[2018.08.23-02.38.23:769][919]LogModuleManager: Shutting down and abandoning module ModuleUI (437)
[2018.08.23-02.38.23:769][919]LogModuleManager: Shutting down and abandoning module MovieSceneTools (435)
[2018.08.23-02.38.23:769][919]LogModuleManager: Shutting down and abandoning module OutputLog (433)
[2018.08.23-02.38.23:769][919]LogModuleManager: Shutting down and abandoning module GammaUI (431)
[2018.08.23-02.38.23:769][919]LogModuleManager: Shutting down and abandoning module Documentation (429)
[2018.08.23-02.38.23:769][919]LogModuleManager: Shutting down and abandoning module MovieSceneTracks (427)
[2018.08.23-02.38.23:769][919]LogModuleManager: Shutting down and abandoning module MovieScene (425)
[2018.08.23-02.38.23:769][919]LogModuleManager: Shutting down and abandoning module StreamingPauseRendering (423)
[2018.08.23-02.38.23:769][919]LogModuleManager: Shutting down and abandoning module LauncherPlatform (421)
[2018.08.23-02.38.23:769][919]LogModuleManager: Shutting down and abandoning module AnalyticsET (419)
[2018.08.23-02.38.23:769][919]LogModuleManager: Shutting down and abandoning module PortalServices (417)
[2018.08.23-02.38.23:769][919]LogModuleManager: Shutting down and abandoning module PortalRpc (415)
[2018.08.23-02.38.23:769][919]LogModuleManager: Shutting down and abandoning module MessagingRpc (413)
[2018.08.23-02.38.23:770][919]LogModuleManager: Shutting down and abandoning module AIModule (411)
[2018.08.23-02.38.23:770][919]LogModuleManager: Shutting down and abandoning module GameplayDebugger (410)
[2018.08.23-02.38.23:770][919]LogModuleManager: Shutting down and abandoning module AITestSuite (408)
[2018.08.23-02.38.23:770][919]LogModuleManager: Shutting down and abandoning module NavigationSystem (406)
[2018.08.23-02.38.23:770][919]LogModuleManager: Shutting down and abandoning module DesktopPlatform (403)
[2018.08.23-02.38.23:770][919]LogModuleManager: Shutting down and abandoning module ProfilerService (401)
[2018.08.23-02.38.23:852][919]LogModuleManager: Shutting down and abandoning module TaskGraph (399)
[2018.08.23-02.38.23:852][919]LogModuleManager: Shutting down and abandoning module SteamVRController (397)
[2018.08.23-02.38.23:852][919]LogModuleManager: Shutting down and abandoning module ProceduralMeshComponentEditor (395)
[2018.08.23-02.38.23:852][919]LogModuleManager: Shutting down and abandoning module ProceduralMeshComponent (393)
[2018.08.23-02.38.23:852][919]LogModuleManager: Shutting down and abandoning module OculusInput (391)
[2018.08.23-02.38.23:852][919]LogModuleManager: Shutting down and abandoning module MobilePatchingUtils (389)
[2018.08.23-02.38.23:852][919]LogModuleManager: Shutting down and abandoning module EditableMesh (387)
[2018.08.23-02.38.23:852][919]LogModuleManager: Shutting down and abandoning module CustomMeshComponent (385)
[2018.08.23-02.38.23:852][919]LogModuleManager: Shutting down and abandoning module CableComponent (383)
[2018.08.23-02.38.23:852][919]LogModuleManager: Shutting down and abandoning module AudioCapture (381)
[2018.08.23-02.38.23:852][919]LogModuleManager: Shutting down and abandoning module ArchVisCharacter (379)
[2018.08.23-02.38.23:852][919]LogModuleManager: Shutting down and abandoning module AndroidPermission (377)
[2018.08.23-02.38.23:852][919]LogModuleManager: Shutting down and abandoning module NUTUnrealEngine4 (375)
[2018.08.23-02.38.23:852][919]LogModuleManager: Shutting down and abandoning module NetcodeUnitTest (373)
[2018.08.23-02.38.23:852][919]LogModuleManager: Shutting down and abandoning module MediaCompositingEditor (371)
[2018.08.23-02.38.23:852][919]LogModuleManager: Shutting down and abandoning module MediaCompositing (369)
[2018.08.23-02.38.23:852][919]LogModuleManager: Shutting down and abandoning module LinearTimecode (367)
[2018.08.23-02.38.23:852][919]LogModuleManager: Shutting down and abandoning module ImgMedia (365)
[2018.08.23-02.38.23:856][919]LogModuleManager: Shutting down and abandoning module HTML5Networking (363)
[2018.08.23-02.38.23:856][919]LogModuleManager: Shutting down and abandoning module GeometryCacheTracks (361)
[2018.08.23-02.38.23:856][919]LogModuleManager: Shutting down and abandoning module GeometryCacheSequencer (359)
[2018.08.23-02.38.23:856][919]LogModuleManager: Shutting down and abandoning module BackChannel (357)
[2018.08.23-02.38.23:856][919]LogModuleManager: Shutting down and abandoning module AppleVision (355)
[2018.08.23-02.38.23:856][919]LogModuleManager: Shutting down and abandoning module AppleImageUtils (353)
[2018.08.23-02.38.23:856][919]LogModuleManager: Shutting down and abandoning module AlembicImporter (351)
[2018.08.23-02.38.23:856][919]LogModuleManager: Shutting down and abandoning module AlembicLibrary (350)
[2018.08.23-02.38.23:856][919]LogModuleManager: Shutting down and abandoning module GeometryCache (349)
[2018.08.23-02.38.23:856][919]LogModuleManager: Shutting down and abandoning module GeometryCacheEd (348)
[2018.08.23-02.38.23:856][919]LogModuleManager: Shutting down and abandoning module DatasmithContentEditor (343)
[2018.08.23-02.38.23:856][919]LogModuleManager: Shutting down and abandoning module DatasmithContent (341)
[2018.08.23-02.38.23:856][919]LogModuleManager: Shutting down and abandoning module SpeedTreeImporter (339)
[2018.08.23-02.38.23:856][919]LogModuleManager: Shutting down and abandoning module PluginBrowser (337)
[2018.08.23-02.38.23:856][919]LogModuleManager: Shutting down and abandoning module MobileLauncherProfileWizard (335)
[2018.08.23-02.38.23:856][919]LogModuleManager: Shutting down and abandoning module PolygonModeling (333)
[2018.08.23-02.38.23:856][919]LogModuleManager: Shutting down and abandoning module MeshEditor (331)
[2018.08.23-02.38.23:856][919]LogModuleManager: Shutting down and abandoning module CryptoKeysOpenSSL (329)
[2018.08.23-02.38.23:856][919]LogModuleManager: Shutting down and abandoning module CryptoKeys (327)
[2018.08.23-02.38.23:856][919]LogModuleManager: Shutting down and abandoning module VisualStudioSourceCodeAccess (325)
[2018.08.23-02.38.23:856][919]LogModuleManager: Shutting down and abandoning module VisualStudioCodeSourceCodeAccess (323)
[2018.08.23-02.38.23:856][919]LogModuleManager: Shutting down and abandoning module UObjectPlugin (321)
[2018.08.23-02.38.23:856][919]LogModuleManager: Shutting down and abandoning module SubversionSourceControl (319)
[2018.08.23-02.38.23:856][919]LogModuleManager: Shutting down and abandoning module PerforceSourceControl (317)
[2018.08.23-02.38.23:856][919]LogModuleManager: Shutting down and abandoning module GitSourceControl (315)
[2018.08.23-02.38.23:856][919]LogModuleManager: Shutting down and abandoning module SourceControl (314)
[2018.08.23-02.38.23:857][919]LogModuleManager: Shutting down and abandoning module CLionSourceCodeAccess (311)
[2018.08.23-02.38.23:857][919]LogModuleManager: Shutting down and abandoning module LightPropagationVolumeEditor (309)
[2018.08.23-02.38.23:857][919]LogModuleManager: Shutting down and abandoning module PaperTiledImporter (307)
[2018.08.23-02.38.23:857][919]LogModuleManager: Shutting down and abandoning module PaperSpriteSheetImporter (305)
[2018.08.23-02.38.23:857][919]LogModuleManager: Shutting down and abandoning module Paper2DEditor (303)
[2018.08.23-02.38.23:857][919]LogModuleManager: Shutting down and abandoning module MeshPaint (302)
[2018.08.23-02.38.23:857][919]LogModuleManager: Shutting down and abandoning module RuntimePhysXCooking (299)
[2018.08.23-02.38.23:857][919]LogModuleManager: Shutting down and abandoning module PhysXVehiclesEditor (297)
[2018.08.23-02.38.23:857][919]LogModuleManager: Shutting down and abandoning module PhysXVehicles (295)
[2018.08.23-02.38.23:857][919]LogModuleManager: Shutting down and abandoning module OculusEditor (293)
[2018.08.23-02.38.23:857][919]LogModuleManager: Shutting down and abandoning module LocationServicesBPLibrary (291)
[2018.08.23-02.38.23:857][919]LogModuleManager: Shutting down and abandoning module ImmediatePhysicsEditor (289)
[2018.08.23-02.38.23:857][919]LogModuleManager: Shutting down and abandoning module ImmediatePhysics (287)
[2018.08.23-02.38.23:857][919]LogModuleManager: Shutting down and abandoning module ActorSequence (285)
[2018.08.23-02.38.23:857][919]LogModuleManager: Shutting down and abandoning module UdpMessaging (283)
[2018.08.23-02.38.23:959][919]LogModuleManager: Shutting down and abandoning module TcpMessaging (281)
[2018.08.23-02.38.24:059][919]LogModuleManager: Shutting down and abandoning module MagicLeapAudio (279)
[2018.08.23-02.38.24:059][919]LogModuleManager: Shutting down and abandoning module GameplayTagsEditor (277)
[2018.08.23-02.38.24:059][919]LogModuleManager: Shutting down and abandoning module FacialAnimationEditor (275)
[2018.08.23-02.38.24:059][919]LogModuleManager: Shutting down and abandoning module FacialAnimation (273)
[2018.08.23-02.38.24:059][919]LogModuleManager: Shutting down and abandoning module DataValidation (271)
[2018.08.23-02.38.24:059][919]LogModuleManager: Shutting down and abandoning module AssetManagerEditor (269)
[2018.08.23-02.38.24:059][919]LogModuleManager: Shutting down and abandoning module LevelEditor (268)
[2018.08.23-02.38.24:059][919]LogModuleManager: Shutting down and abandoning module PixelInspectorModule (267)
[2018.08.23-02.38.24:059][919]LogModuleManager: Shutting down and abandoning module CommonMenuExtensions (265)
[2018.08.23-02.38.24:060][919]LogModuleManager: Shutting down and abandoning module MainFrame (263)
[2018.08.23-02.38.24:060][919]LogModuleManager: Shutting down and abandoning module HotReload (262)
[2018.08.23-02.38.24:060][919]LogModuleManager: Shutting down and abandoning module ContentBrowser (258)
[2018.08.23-02.38.24:061][919]LogModuleManager: Shutting down and abandoning module TreeMap (256)
[2018.08.23-02.38.24:061][919]LogModuleManager: Shutting down and abandoning module LightPropagationVolumeRuntime (253)
[2018.08.23-02.38.24:061][919]LogModuleManager: Shutting down and abandoning module AISupportModule (251)
[2018.08.23-02.38.24:061][919]LogModuleManager: Shutting down and abandoning module Paper2D (249)
[2018.08.23-02.38.24:061][919]LogModuleManager: Shutting down and abandoning module WindowsMoviePlayer (247)
[2018.08.23-02.38.24:061][919]LogModuleManager: Shutting down and abandoning module WmfMedia (245)
[2018.08.23-02.38.24:062][919]LogModuleManager: Shutting down and abandoning module Media (244)
[2018.08.23-02.38.24:069][919]LogModuleManager: Shutting down and abandoning module PacketHandler (241)
[2018.08.23-02.38.24:069][919]LogModuleManager: Shutting down and abandoning module ClothingSystemEditor (239)
[2018.08.23-02.38.24:069][919]LogModuleManager: Shutting down and abandoning module ClothingSystemRuntime (237)
[2018.08.23-02.38.24:069][919]LogModuleManager: Shutting down and abandoning module MediaAssets (235)
[2018.08.23-02.38.24:069][919]LogModuleManager: Shutting down and abandoning module Overlay (233)
[2018.08.23-02.38.24:069][919]LogModuleManager: Shutting down and abandoning module OverlayEditor (232)
[2018.08.23-02.38.24:069][919]LogModuleManager: Shutting down and abandoning module VREditor (229)
[2018.08.23-02.38.24:069][919]LogModuleManager: Shutting down and abandoning module StringTableEditor (227)
[2018.08.23-02.38.24:069][919]LogModuleManager: Shutting down and abandoning module GameplayTasksEditor (225)
[2018.08.23-02.38.24:069][919]LogModuleManager: Shutting down and abandoning module BehaviorTreeEditor (223)
[2018.08.23-02.38.24:069][919]LogModuleManager: Shutting down and abandoning module FunctionalTesting (221)
[2018.08.23-02.38.24:069][919]LogModuleManager: Shutting down and abandoning module CollisionAnalyzer (219)
[2018.08.23-02.38.24:069][919]LogModuleManager: Shutting down and abandoning module WorkspaceMenuStructure (218)
[2018.08.23-02.38.24:069][919]LogModuleManager: Shutting down and abandoning module UMG (215)
[2018.08.23-02.38.24:069][919]LogModuleManager: Shutting down and abandoning module UMGEditor (214)
[2018.08.23-02.38.24:069][919]LogModuleManager: Shutting down and abandoning module Sequencer (213)
[2018.08.23-02.38.24:070][919]LogModuleManager: Shutting down and abandoning module MessageLog (210)
[2018.08.23-02.38.24:070][919]LogModuleManager: Shutting down and abandoning module SlateReflector (205)
[2018.08.23-02.38.24:070][919]LogModuleManager: Shutting down and abandoning module Slate (203)
[2018.08.23-02.38.24:070][919]LogModuleManager: Shutting down and abandoning module EditorStyle (201)
[2018.08.23-02.38.24:071][919]LogModuleManager: Shutting down and abandoning module MRMesh (199)
[2018.08.23-02.38.24:071][919]LogModuleManager: Shutting down and abandoning module SourceCodeAccess (197)
[2018.08.23-02.38.24:071][919]LogModuleManager: Shutting down and abandoning module HeadMountedDisplay (195)
[2018.08.23-02.38.24:071][919]LogModuleManager: Shutting down and abandoning module XAudio2 (193)
[2018.08.23-02.38.24:071][919]LogModuleManager: Shutting down and abandoning module Networking (191)
[2018.08.23-02.38.24:071][919]LogModuleManager: Shutting down and abandoning module Core (189)
[2018.08.23-02.38.24:072][919]LogModuleManager: Shutting down and abandoning module LevelSequence (187)
[2018.08.23-02.38.24:072][919]LogModuleManager: Shutting down and abandoning module KismetCompiler (185)
[2018.08.23-02.38.24:072][919]LogModuleManager: Shutting down and abandoning module MeshUtilities (183)
[2018.08.23-02.38.24:072][919]LogModuleManager: Shutting down and abandoning module MeshMergeUtilities (182)
[2018.08.23-02.38.24:072][919]LogModuleManager: Shutting down and abandoning module MeshReductionInterface (181)
[2018.08.23-02.38.24:072][919]LogModuleManager: Shutting down and abandoning module SimplygonSwarm (180)
[2018.08.23-02.38.24:072][919]LogModuleManager: Shutting down and abandoning module ProxyLODMeshReduction (178)
[2018.08.23-02.38.24:072][919]LogModuleManager: Shutting down and abandoning module SimplygonMeshReduction (176)
[2018.08.23-02.38.24:072][919]LogModuleManager: Shutting down and abandoning module QuadricMeshReduction (174)
[2018.08.23-02.38.24:072][919]LogModuleManager: Shutting down and abandoning module MaterialBaking (170)
[2018.08.23-02.38.24:072][919]LogModuleManager: Shutting down and abandoning module DirectoryWatcher (166)
[2018.08.23-02.38.24:072][919]LogModuleManager: Shutting down and abandoning module DerivedDataCache (163)
[2018.08.23-02.38.24:086][919]LogDerivedDataCache: Shutdown
[2018.08.23-02.38.24:086][919]LogModuleManager: Shutting down and abandoning module XGEController (161)
[2018.08.23-02.38.24:086][919]LogXGEController: Cleaning working directory: C:/Users/ames/AppData/Local/Temp/UnrealXGEWorkingDir/
[2018.08.23-02.38.24:086][919]LogModuleManager: Shutting down and abandoning module TargetPlatform (159)
[2018.08.23-02.38.24:086][919]LogModuleManager: Shutting down and abandoning module VulkanShaderFormat (158)
[2018.08.23-02.38.24:086][919]LogModuleManager: Shutting down and abandoning module ShaderFormatVectorVM (156)
[2018.08.23-02.38.24:086][919]LogModuleManager: Shutting down and abandoning module ShaderFormatOpenGL (154)
[2018.08.23-02.38.24:086][919]LogModuleManager: Shutting down and abandoning module ShaderFormatD3D (152)
[2018.08.23-02.38.24:086][919]LogModuleManager: Shutting down and abandoning module MetalShaderFormat (150)
[2018.08.23-02.38.24:086][919]LogModuleManager: Shutting down and abandoning module TextureFormatUncompressed (148)
[2018.08.23-02.38.24:086][919]LogModuleManager: Shutting down and abandoning module TextureFormatPVR (146)
[2018.08.23-02.38.24:087][919]LogModuleManager: Shutting down and abandoning module TextureFormatDXT (144)
[2018.08.23-02.38.24:087][919]LogModuleManager: Shutting down and abandoning module TextureFormatIntelISPCTexComp (142)
[2018.08.23-02.38.24:087][919]LogModuleManager: Shutting down and abandoning module TextureFormatASTC (140)
[2018.08.23-02.38.24:087][919]LogModuleManager: Shutting down and abandoning module ImageWrapper (139)
[2018.08.23-02.38.24:087][919]LogModuleManager: Shutting down and abandoning module TextureFormatAndroid (136)
[2018.08.23-02.38.24:087][919]LogModuleManager: Shutting down and abandoning module AudioFormatOpus (134)
[2018.08.23-02.38.24:087][919]LogModuleManager: Shutting down and abandoning module AudioFormatOgg (132)
[2018.08.23-02.38.24:087][919]LogModuleManager: Shutting down and abandoning module AudioFormatADPCM (130)
[2018.08.23-02.38.24:087][919]LogModuleManager: Shutting down and abandoning module LuminTargetPlatform (128)
[2018.08.23-02.38.24:087][919]LogModuleManager: Shutting down and abandoning module LinuxTargetPlatform (126)
[2018.08.23-02.38.24:087][919]LogModuleManager: Shutting down and abandoning module LinuxServerTargetPlatform (124)
[2018.08.23-02.38.24:087][919]LogModuleManager: Shutting down and abandoning module LinuxNoEditorTargetPlatform (122)
[2018.08.23-02.38.24:087][919]LogModuleManager: Shutting down and abandoning module LinuxClientTargetPlatform (120)
[2018.08.23-02.38.24:087][919]LogModuleManager: Shutting down and abandoning module TVOSTargetPlatform (118)
[2018.08.23-02.38.24:087][919]LogModuleManager: Shutting down and abandoning module Messaging (116)
[2018.08.23-02.38.24:088][919]LogModuleManager: Shutting down and abandoning module IOSTargetPlatform (114)
[2018.08.23-02.38.24:089][919]LogModuleManager: Shutting down and abandoning module HTML5TargetPlatform (112)
[2018.08.23-02.38.24:089][919]LogModuleManager: Shutting down and abandoning module AndroidTargetPlatform (110)
[2018.08.23-02.38.24:095][919]LogModuleManager: Shutting down and abandoning module WindowsTargetPlatform (108)
[2018.08.23-02.38.24:095][919]LogModuleManager: Shutting down and abandoning module WindowsServerTargetPlatform (106)
[2018.08.23-02.38.24:095][919]LogModuleManager: Shutting down and abandoning module WindowsNoEditorTargetPlatform (104)
[2018.08.23-02.38.24:095][919]LogModuleManager: Shutting down and abandoning module WindowsClientTargetPlatform (102)
[2018.08.23-02.38.24:095][919]LogModuleManager: Shutting down and abandoning module MacTargetPlatform (100)
[2018.08.23-02.38.24:095][919]LogModuleManager: Shutting down and abandoning module MacServerTargetPlatform (98)
[2018.08.23-02.38.24:095][919]LogModuleManager: Shutting down and abandoning module MacNoEditorTargetPlatform (96)
[2018.08.23-02.38.24:095][919]LogModuleManager: Shutting down and abandoning module MacClientTargetPlatform (94)
[2018.08.23-02.38.24:095][919]LogModuleManager: Shutting down and abandoning module AllDesktopTargetPlatform (92)
[2018.08.23-02.38.24:095][919]LogModuleManager: Shutting down and abandoning module InputCore (89)
[2018.08.23-02.38.24:095][919]LogModuleManager: Shutting down and abandoning module Settings (87)
[2018.08.23-02.38.24:095][919]LogModuleManager: Shutting down and abandoning module PhysXCooking (85)
[2018.08.23-02.38.24:095][919]LogModuleManager: Shutting down and abandoning module SteamVR (83)
[2018.08.23-02.38.24:095][919]LogModuleManager: Shutting down and abandoning module OculusHMD (81)
[2018.08.23-02.38.24:095][919]LogModuleManager: Shutting down and abandoning module ExampleDeviceProfileSelector (79)
[2018.08.23-02.38.24:095][919]LogModuleManager: Shutting down and abandoning module LauncherChunkInstaller (77)
[2018.08.23-02.38.24:095][919]LogModuleManager: Shutting down and abandoning module OnlineBlueprintSupport (75)
[2018.08.23-02.38.24:095][919]LogModuleManager: Shutting down and abandoning module OnlineSubsystem (71)
[2018.08.23-02.38.24:096][919]LogModuleManager: Shutting down and abandoning module XMPP (65)
[2018.08.23-02.38.24:096][919]LogModuleManager: Shutting down and abandoning module WebSockets (64)
[2018.08.23-02.38.24:112][919]LogModuleManager: Shutting down and abandoning module HTTP (61)
[2018.08.23-02.38.24:113][919]LogHttp: Display: Http module shutting down, but needs to wait on 1 outstanding Http requests:
[2018.08.23-02.38.24:113][919]LogHttp: Display: 	verb=[POST] url=[https://datarouter.ol.epicgames.com/datarouter/api/v1/public/data?SessionID=%7BC8D09752-4357-DC8F-3C32-C7A7377B4F9A%7D&AppID=UEEditor.Rocket.Release&AppVersion=4.20.1-4233996%2B%2B%2BUE4%2BRelease-4.20&UserID=bfb86c0144cdfa8d48051e819cefa2ad%7Cbc15334574d94df5ba3f8e153b4c9d6c%7C6ee1bc56-865b-4470-b12f-446bfea6588d&AppEnvironment=datacollector-binary&UploadType=eteventstream] status=Processing
[2018.08.23-02.38.24:144][919]LogModuleManager: Shutting down and abandoning module SSL (60)
[2018.08.23-02.38.24:145][919]LogModuleManager: Shutting down and abandoning module MagicLeapEmulator (56)
[2018.08.23-02.38.24:145][919]LogModuleManager: Shutting down and abandoning module MagicLeapPrivileges (54)
[2018.08.23-02.38.24:145][919]LogModuleManager: Shutting down and abandoning module MagicLeapIdentity (52)
[2018.08.23-02.38.24:145][919]LogModuleManager: Shutting down and abandoning module MagicLeapHelperVulkan (50)
[2018.08.23-02.38.24:145][919]LogModuleManager: Shutting down and abandoning module MagicLeapHelperOpenGL (48)
[2018.08.23-02.38.24:145][919]LogModuleManager: Shutting down and abandoning module MagicLeapSecureStorage (46)
[2018.08.23-02.38.24:145][919]LogModuleManager: Shutting down and abandoning module MagicLeapGestures (44)
[2018.08.23-02.38.24:145][919]LogModuleManager: Shutting down and abandoning module MagicLeapEyeTracker (42)
[2018.08.23-02.38.24:145][919]LogModuleManager: Shutting down and abandoning module MagicLeapController (40)
[2018.08.23-02.38.24:145][919]LogSlate: Slate User Destroyed.  User Index 0, Is Virtual User: 0
[2018.08.23-02.38.24:145][919]LogModuleManager: Shutting down and abandoning module MagicLeap (38)
[2018.08.23-02.38.24:145][919]LogModuleManager: Shutting down and abandoning module AnimationModifiers (36)
[2018.08.23-02.38.24:145][919]LogModuleManager: Shutting down and abandoning module PropertyEditor (35)
[2018.08.23-02.38.24:145][919]LogModuleManager: Shutting down and abandoning module AudioEditor (32)
[2018.08.23-02.38.24:145][919]LogModuleManager: Shutting down and abandoning module TextureCompressor (30)
[2018.08.23-02.38.24:145][919]LogModuleManager: Shutting down and abandoning module ShaderCore (28)
[2018.08.23-02.38.24:145][919]LogModuleManager: Shutting down and abandoning module Landscape (26)
[2018.08.23-02.38.24:145][919]LogModuleManager: Shutting down and abandoning module SlateRHIRenderer (24)
[2018.08.23-02.38.24:146][919]LogModuleManager: Shutting down and abandoning module OpenGLDrv (22)
[2018.08.23-02.38.24:146][919]LogModuleManager: Shutting down and abandoning module D3D11RHI (20)
[2018.08.23-02.38.24:146][919]LogModuleManager: Shutting down and abandoning module AnimGraphRuntime (18)
[2018.08.23-02.38.24:146][919]LogModuleManager: Shutting down and abandoning module Renderer (16)
[2018.08.23-02.38.24:146][919]LogModuleManager: Shutting down and abandoning module Engine (14)
[2018.08.23-02.38.24:146][919]LogModuleManager: Shutting down and abandoning module CoreUObject (12)
[2018.08.23-02.38.24:146][919]LogModuleManager: Shutting down and abandoning module NetworkFile (10)
[2018.08.23-02.38.24:146][919]LogModuleManager: Shutting down and abandoning module CookedIterativeFile (8)
[2018.08.23-02.38.24:146][919]LogModuleManager: Shutting down and abandoning module StreamingFile (6)
[2018.08.23-02.38.24:146][919]LogModuleManager: Shutting down and abandoning module SandboxFile (4)
[2018.08.23-02.38.24:146][919]LogModuleManager: Shutting down and abandoning module PakFile (2)
[2018.08.23-02.38.24:151][919]LogExit: Exiting.
[2018.08.23-02.38.24:153][919]Log file closed, 08/23/18 14:38:24
