Log file open, 07/31/18 10:23:21
LogWindows: Failed to load 'aqProf.dll' (GetLastError=126)
LogWindows: File 'aqProf.dll' does not exist
LogWindows: Failed to load 'VSPerf140.dll' (GetLastError=126)
LogWindows: File 'VSPerf140.dll' does not exist
LogWindows: Failed to load 'VtuneApi.dll' (GetLastError=126)
LogWindows: File 'VtuneApi.dll' does not exist
LogWindows: Failed to load 'VtuneApi32e.dll' (GetLastError=126)
LogWindows: File 'VtuneApi32e.dll' does not exist
LogInit: Display: Running engine for game: CS205
LogPlatformFile: Not using cached read wrapper
LogTaskGraph: Started task graph with 5 named threads and 23 total threads with 3 sets of task threads.
LogStats: Stats thread started at 0.277290
LogD3D11RHI: Loaded GFSDK_Aftermath_Lib.x64.dll
LogICUInternationalization: Display: ICU TimeZone Detection - Raw Offset: +12:00, Platform Override: ''
LogPluginManager: Mounting plugin Paper2D
LogPluginManager: Mounting plugin AISupport
LogPluginManager: Mounting plugin LightPropagationVolume
LogPluginManager: Mounting plugin CLionSourceCodeAccess
LogPluginManager: Mounting plugin CodeLiteSourceCodeAccess
LogPluginManager: Mounting plugin GitSourceControl
LogPluginManager: Mounting plugin KDevelopSourceCodeAccess
LogPluginManager: Mounting plugin NullSourceCodeAccess
LogPluginManager: Mounting plugin PerforceSourceControl
LogPluginManager: Mounting plugin SubversionSourceControl
LogPluginManager: Mounting plugin UObjectPlugin
LogPluginManager: Mounting plugin VisualStudioCodeSourceCodeAccess
LogPluginManager: Mounting plugin VisualStudioSourceCodeAccess
LogPluginManager: Mounting plugin XCodeSourceCodeAccess
LogPluginManager: Mounting plugin AssetManagerEditor
LogPluginManager: Mounting plugin CryptoKeys
LogPluginManager: Mounting plugin DataValidation
LogPluginManager: Mounting plugin FacialAnimation
LogPluginManager: Mounting plugin GameplayTagsEditor
LogPluginManager: Mounting plugin MacGraphicsSwitching
LogPluginManager: Mounting plugin MeshEditor
LogPluginManager: Mounting plugin MobileLauncherProfileWizard
LogPluginManager: Mounting plugin PluginBrowser
LogPluginManager: Mounting plugin SpeedTreeImporter
LogPluginManager: Mounting plugin DatasmithContent
LogPluginManager: Mounting plugin AlembicImporter
LogPluginManager: Mounting plugin AppleImageUtils
LogPluginManager: Mounting plugin AppleVision
LogPluginManager: Mounting plugin BackChannel
LogPluginManager: Mounting plugin CharacterAI
LogPluginManager: Mounting plugin GeometryCache
LogPluginManager: Mounting plugin HTML5Networking
LogPluginManager: Mounting plugin ProxyLODPlugin
LogPluginManager: Mounting plugin MagicLeap
LogPluginManager: Mounting plugin MagicLeapEmulator
LogPluginManager: Mounting plugin MagicLeapMedia
LogPluginManager: Mounting plugin AndroidMedia
LogPluginManager: Mounting plugin AvfMedia
LogPluginManager: Mounting plugin ImgMedia
LogPluginManager: Mounting plugin LinearTimecode
LogPluginManager: Mounting plugin MediaCompositing
LogPluginManager: Mounting plugin MediaPlayerEditor
LogPluginManager: Mounting plugin WmfMedia
LogPluginManager: Mounting plugin TcpMessaging
LogPluginManager: Mounting plugin UdpMessaging
LogPluginManager: Mounting plugin ActorSequence
LogPluginManager: Mounting plugin LevelSequenceEditor
LogPluginManager: Mounting plugin MatineeToLevelSequence
LogPluginManager: Mounting plugin NetcodeUnitTest
LogPluginManager: Mounting plugin NUTUnrealEngine4
LogPluginManager: Mounting plugin OnlineSubsystemGooglePlay
LogPluginManager: Mounting plugin OnlineSubsystemIOS
LogPluginManager: Mounting plugin OnlineSubsystem
LogPluginManager: Mounting plugin OnlineSubsystemNull
LogPluginManager: Mounting plugin OnlineSubsystemUtils
LogPluginManager: Mounting plugin LauncherChunkInstaller
LogPluginManager: Mounting plugin AndroidDeviceProfileSelector
LogPluginManager: Mounting plugin AndroidMoviePlayer
LogPluginManager: Mounting plugin AndroidPermission
LogPluginManager: Mounting plugin AppleMoviePlayer
LogPluginManager: Mounting plugin ArchVisCharacter
LogPluginManager: Mounting plugin AudioCapture
LogPluginManager: Mounting plugin CableComponent
LogPluginManager: Mounting plugin CustomMeshComponent
LogPluginManager: Mounting plugin EditableMesh
LogPluginManager: Mounting plugin ExampleDeviceProfileSelector
LogPluginManager: Mounting plugin GoogleCloudMessaging
LogPluginManager: Mounting plugin ImmediatePhysics
LogPluginManager: Mounting plugin IOSDeviceProfileSelector
LogPluginManager: Mounting plugin LinuxDeviceProfileSelector
LogPluginManager: Mounting plugin LocationServicesBPLibrary
LogPluginManager: Mounting plugin MobilePatchingUtils
LogPluginManager: Mounting plugin OculusVR
LogPluginManager: Plugin shader directory ../../../Engine/Plugins/Runtime/Oculus/OculusVR/Shaders found
LogPluginManager: Mapping shader source directory ../../../Engine/Plugins/Runtime/Oculus/OculusVR/Shaders to virtual directory /Plugin/OculusVR
LogPluginManager: Mounting plugin PhysXVehicles
LogPluginManager: Mounting plugin ProceduralMeshComponent
LogPluginManager: Mounting plugin RuntimePhysXCooking
LogPluginManager: Mounting plugin SteamVR
LogPluginManager: Mounting plugin WindowsMoviePlayer
LogStreaming: Display: Took  0.121s to configure plugins.
LogInit: Using libcurl 7.55.1-DEV
LogInit:  - built for x86_64-pc-win32
LogInit:  - supports SSL with OpenSSL/1.0.2h
LogInit:  - supports HTTP deflate (compression) using libz 1.2.8
LogInit:  - other features:
LogInit:      CURL_VERSION_SSL
LogInit:      CURL_VERSION_LIBZ
LogInit:      CURL_VERSION_IPV6
LogInit:      CURL_VERSION_ASYNCHDNS
LogInit:      CURL_VERSION_LARGEFILE
LogInit:      CURL_VERSION_IDN
LogInit:  CurlRequestOptions (configurable via config and command line):
LogInit:  - bVerifyPeer = false  - Libcurl will NOT verify peer certificate
LogInit:  - bUseHttpProxy = false  - Libcurl will NOT use HTTP proxy
LogInit:  - bDontReuseConnections = false  - Libcurl will reuse connections
LogInit:  - CertBundlePath = nullptr  - Libcurl will use whatever was configured at build time.
LogInit:  - MaxHostConnections = 16  - Libcurl will limit the number of connections to a host
LogInit:  - LocalHostAddr = Default
LogInit:  - BufferSize = 65536
LogInit: WinSock: version 1.1 (2.2), MaxSocks=32767, MaxUdp=65467
LogInit: Build: ++UE4+Release-4.20-CL-4212847
LogInit: Engine Version: 4.20.0-4212847+++UE4+Release-4.20
LogInit: Compatible Engine Version: 4.20.0-4212847+++UE4+Release-4.20
LogInit: Net CL: 4212847
LogInit: OS: Windows 10 (), CPU: Intel(R) Core(TM) i7-7700 CPU @ 3.60GHz, GPU: NVIDIA GeForce GTX 1070
LogInit: Compiled (64-bit): Jul 14 2018 09:51:14
LogInit: Compiled with Visual C++: 19.13.26129.00
LogInit: Build Configuration: Development
LogInit: Branch Name: ++UE4+Release-4.20
LogInit: Command Line:  
LogInit: Base Directory: C:/Program Files/Epic Games/UE_4.20/Engine/Binaries/Win64/
LogInit: Installed Engine Build: 1
LogDevObjectVersion: Number of dev versions registered: 20
LogDevObjectVersion:   Dev-Blueprints (B0D832E4-1F89-4F0D-ACCF-7EB736FD4AA2): 10
LogDevObjectVersion:   Dev-Build (E1C64328-A22C-4D53-A36C-8E866417BD8C): 0
LogDevObjectVersion:   Dev-Core (375EC13C-06E4-48FB-B500-84F0262A717E): 2
LogDevObjectVersion:   Dev-Editor (E4B068ED-F494-42E9-A231-DA0B2E46BB41): 24
LogDevObjectVersion:   Dev-Framework (CFFC743F-43B0-4480-9391-14DF171D2073): 34
LogDevObjectVersion:   Dev-Mobile (B02B49B5-BB20-44E9-A304-32B752E40360): 2
LogDevObjectVersion:   Dev-Networking (A4E4105C-59A1-49B5-A7C5-40C4547EDFEE): 0
LogDevObjectVersion:   Dev-Online (39C831C9-5AE6-47DC-9A44-9C173E1C8E7C): 0
LogDevObjectVersion:   Dev-Physics (78F01B33-EBEA-4F98-B9B4-84EACCB95AA2): 0
LogDevObjectVersion:   Dev-Platform (6631380F-2D4D-43E0-8009-CF276956A95A): 0
LogDevObjectVersion:   Dev-Rendering (12F88B9F-8875-4AFC-A67C-D90C383ABD29): 26
LogDevObjectVersion:   Dev-Sequencer (7B5AE74C-D270-4C10-A958-57980B212A5A): 9
LogDevObjectVersion:   Dev-VR (D7296918-1DD6-4BDD-9DE2-64A83CC13884): 2
LogDevObjectVersion:   Dev-LoadTimes (C2A15278-BFE7-4AFE-6C17-90FF531DF755): 1
LogDevObjectVersion:   Private-Geometry (6EACA3D4-40EC-4CC1-B786-8BED09428FC5): 3
LogDevObjectVersion:   Dev-AnimPhys (29E575DD-E0A3-4627-9D10-D276232CDCEA): 17
LogDevObjectVersion:   Dev-ReflectionCapture (6B266CEC-1EC7-4B8F-A30B-E4D90942FC07): 1
LogDevObjectVersion:   Dev-Automation (0DF73D61-A23F-47EA-B727-89E90C41499A): 1
LogDevObjectVersion:   FortniteMain (601D1886-AC64-4F84-AA16-D3DE0DEAC7D6): 12
LogDevObjectVersion:   Dev-Enterprise (9DFFBCD6-494F-0158-E221-12823C92A888): 1
LogStreaming: Display: Took  0.008s to delete old logs.
LogInit: Presizing for max 8388607 objects, including 0 objects not considered by GC, pre-allocating 0 bytes for permanent pool.
LogInit: Object subsystem initialized
[2018.07.30-22.23.21:692][  0]LogInit: Selected Device Profile: [Windows]
[2018.07.30-22.23.21:692][  0]LogInit: Applying CVar settings loaded from the selected device profile: [Windows]
[2018.07.30-22.23.21:723][  0]LogHAL: Display: Platform has ~ 16 GB [17136259072 / 17179869184 / 16], which maps to Larger [LargestMinGB=32, LargerMinGB=12, DefaultMinGB=8, SmallerMinGB=6, SmallestMinGB=0)
[2018.07.30-22.23.21:723][  0]LogInit: Setting Device Profile CVar: [[r.Vulkan.UseRealUBs:1]]
[2018.07.30-22.23.21:723][  0]LogInit: Going up to parent DeviceProfile []
[2018.07.30-22.23.21:725][  0]LogInit: Computer: A02065
[2018.07.30-22.23.21:725][  0]LogInit: User: ames
[2018.07.30-22.23.21:725][  0]LogInit: CPU Page size=4096, Cores=4
[2018.07.30-22.23.21:725][  0]LogInit: High frequency timer resolution =3.515632 MHz
[2018.07.30-22.23.21:725][  0]LogMemory: Memory total: Physical=16.0GB (16GB approx)
[2018.07.30-22.23.21:725][  0]LogMemory: Platform Memory Stats for Windows
[2018.07.30-22.23.21:725][  0]LogMemory: Process Physical Memory: 100.29 MB used, 100.29 MB peak
[2018.07.30-22.23.21:725][  0]LogMemory: Process Virtual Memory: 90.82 MB used, 90.82 MB peak
[2018.07.30-22.23.21:725][  0]LogMemory: Physical Memory: 4234.60 MB used,  12107.81 MB free, 16342.41 MB total
[2018.07.30-22.23.21:725][  0]LogMemory: Virtual Memory: 4639.03 MB used,  12107.81 MB free, 134217728.00 MB total
[2018.07.30-22.23.21:759][  0]LogInit: Using OS detected language (en-US).
[2018.07.30-22.23.21:759][  0]LogInit: Using OS detected locale (en-NZ).
[2018.07.30-22.23.21:760][  0]LogTextLocalizationManager: No specific localization for 'en-US' exists, so the 'en' localization will be used.
[2018.07.30-22.23.22:047][  0]LogStreaming: Display: Took  0.288s to InitEngineTextLocalization.
[2018.07.30-22.23.22:047][  0]LogInit: Setting process to per monitor DPI aware
[2018.07.30-22.23.22:086][  0]LogSlate: New Slate User Created.  User Index 0, Is Virtual User: 0
[2018.07.30-22.23.22:086][  0]LogSlate: Slate User Registered.  User Index 0, Is Virtual User: 0
[2018.07.30-22.23.22:491][  0]LogHMD: Failed to initialize OpenVR with code 110
[2018.07.30-22.23.22:491][  0]LogD3D11RHI: D3D11 adapters:
[2018.07.30-22.23.22:537][  0]LogD3D11RHI:    0. 'NVIDIA GeForce GTX 1070' (Feature Level 11_0)
[2018.07.30-22.23.22:537][  0]LogD3D11RHI:       8096/0/8171 MB DedicatedVideo/DedicatedSystem/SharedSystem, Outputs:2, VendorId:0x10de
[2018.07.30-22.23.22:539][  0]LogD3D11RHI:    1. 'Microsoft Basic Render Driver' (Feature Level 11_0)
[2018.07.30-22.23.22:539][  0]LogD3D11RHI:       0/0/8171 MB DedicatedVideo/DedicatedSystem/SharedSystem, Outputs:0, VendorId:0x1414
[2018.07.30-22.23.22:539][  0]LogD3D11RHI: Chosen D3D11 Adapter: 0
[2018.07.30-22.23.22:543][  0]LogD3D11RHI: Creating new Direct3DDevice
[2018.07.30-22.23.22:543][  0]LogD3D11RHI:     GPU DeviceId: 0x1b81 (for the marketing name, search the web for "GPU Device Id")
[2018.07.30-22.23.22:543][  0]LogWindows: EnumDisplayDevices:
[2018.07.30-22.23.22:543][  0]LogWindows:    0. 'NVIDIA GeForce GTX 1070' (P:0 D:1)
[2018.07.30-22.23.22:544][  0]LogWindows:    1. 'NVIDIA GeForce GTX 1070' (P:1 D:1)
[2018.07.30-22.23.22:544][  0]LogWindows:    2. 'NVIDIA GeForce GTX 1070' (P:0 D:0)
[2018.07.30-22.23.22:544][  0]LogWindows:    3. 'NVIDIA GeForce GTX 1070' (P:0 D:0)
[2018.07.30-22.23.22:544][  0]LogWindows: DebugString: FoundDriverCount:4 
[2018.07.30-22.23.22:544][  0]LogD3D11RHI:     Adapter Name: NVIDIA GeForce GTX 1070
[2018.07.30-22.23.22:544][  0]LogD3D11RHI:   Driver Version: 388.13 (internal:23.21.13.8813, unified:388.13)
[2018.07.30-22.23.22:544][  0]LogD3D11RHI:      Driver Date: 10-27-2017
[2018.07.30-22.23.22:544][  0]LogRHI: Texture pool is 5667 MB (70% of 8096 MB)
[2018.07.30-22.23.22:570][  0]LogD3D11RHI: Async texture creation enabled
[2018.07.30-22.23.22:580][  0]LogD3D11RHI: GPU Timing Frequency: 1000.000000 (Debug: 2 1)
[2018.07.30-22.23.22:583][  0]LogShaderCompilers: Guid format shader working directory is -25 characters bigger than the processId version (../../../../../../Users/ames/Desktop/CS205-Fingureblaster/V0.02/CS205/Intermediate/Shaders/WorkingDirectory/14248/).
[2018.07.30-22.23.22:583][  0]LogShaderCompilers: Cleaned the shader compiler working directory 'C:/Users/ames/AppData/Local/Temp/UnrealShaderWorkingDir/31ED9B814ED6950F0EDC9E878BC15D26/'.
[2018.07.30-22.23.22:841][  0]LogTemp: Display: Loaded TP AllDesktopTargetPlatform
[2018.07.30-22.23.22:853][  0]LogTemp: Display: Loaded TP MacClientTargetPlatform
[2018.07.30-22.23.22:865][  0]LogTemp: Display: Loaded TP MacNoEditorTargetPlatform
[2018.07.30-22.23.22:877][  0]LogTemp: Display: Loaded TP MacServerTargetPlatform
[2018.07.30-22.23.22:890][  0]LogTemp: Display: Loaded TP MacTargetPlatform
[2018.07.30-22.23.22:902][  0]LogTemp: Display: Loaded TP WindowsClientTargetPlatform
[2018.07.30-22.23.22:914][  0]LogTemp: Display: Loaded TP WindowsNoEditorTargetPlatform
[2018.07.30-22.23.22:926][  0]LogTemp: Display: Loaded TP WindowsServerTargetPlatform
[2018.07.30-22.23.22:932][  0]LogTemp: Display: Loaded TP WindowsTargetPlatform
[2018.07.30-22.23.23:001][  0]LogTemp: Display: Loaded TP AndroidTargetPlatform
[2018.07.30-22.23.23:001][  0]LogTemp: Display: Loaded TP AndroidTargetPlatform
[2018.07.30-22.23.23:001][  0]LogTemp: Display: Loaded TP AndroidTargetPlatform
[2018.07.30-22.23.23:001][  0]LogTemp: Display: Loaded TP AndroidTargetPlatform
[2018.07.30-22.23.23:001][  0]LogTemp: Display: Loaded TP AndroidTargetPlatform
[2018.07.30-22.23.23:001][  0]LogTemp: Display: Loaded TP AndroidTargetPlatform
[2018.07.30-22.23.23:001][  0]LogTemp: Display: Loaded TP AndroidTargetPlatform
[2018.07.30-22.23.23:001][  0]LogTemp: Display: Loaded TP AndroidTargetPlatform
[2018.07.30-22.23.23:001][  0]LogTemp: Display: Loaded TP AndroidTargetPlatform
[2018.07.30-22.23.23:001][  0]LogTemp: Display: Loaded TP AndroidTargetPlatform
[2018.07.30-22.23.23:001][  0]LogTemp: Display: Loaded TP AndroidTargetPlatform
[2018.07.30-22.23.23:001][  0]LogTemp: Display: Loaded TP AndroidTargetPlatform
[2018.07.30-22.23.23:001][  0]LogTemp: Display: Loaded TP AndroidTargetPlatform
[2018.07.30-22.23.23:001][  0]LogTemp: Display: Loaded TP AndroidTargetPlatform
[2018.07.30-22.23.23:001][  0]LogTemp: Display: Loaded TP AndroidTargetPlatform
[2018.07.30-22.23.23:001][  0]LogTemp: Display: Loaded TP AndroidTargetPlatform
[2018.07.30-22.23.23:001][  0]LogTemp: Display: Loaded TP AndroidTargetPlatform
[2018.07.30-22.23.23:001][  0]LogTemp: Display: Loaded TP AndroidTargetPlatform
[2018.07.30-22.23.23:004][  0]LogTemp: Display: Loaded TP HTML5TargetPlatform
[2018.07.30-22.23.23:063][  0]LogTemp: Display: Loaded TP IOSTargetPlatform
[2018.07.30-22.23.23:063][  0]LogTemp: Display: Loaded TP IOSTargetPlatform
[2018.07.30-22.23.23:120][  0]LogTemp: Display: Loaded TP TVOSTargetPlatform
[2018.07.30-22.23.23:120][  0]LogTemp: Display: Loaded TP TVOSTargetPlatform
[2018.07.30-22.23.23:140][  0]LogTemp: Display: Loaded TP LinuxClientTargetPlatform
[2018.07.30-22.23.23:155][  0]LogTemp: Display: Loaded TP LinuxNoEditorTargetPlatform
[2018.07.30-22.23.23:174][  0]LogTemp: Display: Loaded TP LinuxServerTargetPlatform
[2018.07.30-22.23.23:190][  0]LogTemp: Display: Loaded TP LinuxTargetPlatform
[2018.07.30-22.23.23:199][  0]LogTemp: Display: Loaded TP LuminTargetPlatform
[2018.07.30-22.23.23:200][  0]LogTargetPlatformManager: Display: Building Assets For Windows
[2018.07.30-22.23.23:265][  0]LogXGEController: Cleaning working directory: C:/Users/ames/AppData/Local/Temp/UnrealXGEWorkingDir/
[2018.07.30-22.23.23:265][  0]LogXGEController: Cannot use XGE Controller as Incredibuild is not installed on this machine.
[2018.07.30-22.23.23:265][  0]LogShaderCompilers: Cannot use XGE Shader Compiler as Incredibuild is not installed on this machine.
[2018.07.30-22.23.23:265][  0]LogShaderCompilers: Display: Using Local Shader Compiler.
[2018.07.30-22.23.23:975][  0]LogDerivedDataCache: Display: Max Cache Size: 512 MB
[2018.07.30-22.23.24:021][  0]LogDerivedDataCache: Loaded boot cache 0.05s 71MB C:/Users/ames/AppData/Local/UnrealEngine/4.20/DerivedDataCache/Boot.ddc.
[2018.07.30-22.23.24:021][  0]LogDerivedDataCache: Display: Loaded Boot cache: C:/Users/ames/AppData/Local/UnrealEngine/4.20/DerivedDataCache/Boot.ddc
[2018.07.30-22.23.24:021][  0]LogDerivedDataCache: FDerivedDataBackendGraph:  Pak pak cache file ../../../../../../Users/ames/Desktop/CS205-Fingureblaster/V0.02/CS205/DerivedDataCache/DDC.ddp not found, will not use a pak cache.
[2018.07.30-22.23.24:021][  0]LogDerivedDataCache: Unable to find inner node Pak for hierarchical cache Hierarchy.
[2018.07.30-22.23.24:021][  0]LogDerivedDataCache: FDerivedDataBackendGraph:  CompressedPak pak cache file ../../../../../../Users/ames/Desktop/CS205-Fingureblaster/V0.02/CS205/DerivedDataCache/Compressed.ddp not found, will not use a pak cache.
[2018.07.30-22.23.24:021][  0]LogDerivedDataCache: Unable to find inner node CompressedPak for hierarchical cache Hierarchy.
[2018.07.30-22.23.24:032][  0]LogDerivedDataCache: Display: Pak cache opened for reading ../../../Engine/DerivedDataCache/Compressed.ddp.
[2018.07.30-22.23.24:045][  0]LogDerivedDataCache: Using Local data cache path C:/Users/ames/AppData/Local/UnrealEngine/Common/DerivedDataCache: Writable
[2018.07.30-22.23.24:045][  0]LogDerivedDataCache: Shared data cache path not found in *engine.ini, will not use an Shared cache.
[2018.07.30-22.23.24:045][  0]LogDerivedDataCache: Unable to find inner node Shared for hierarchical cache Hierarchy.
[2018.07.30-22.23.24:060][  0]LogMaterial: Verifying Global Shaders for PCD3D_SM5
[2018.07.30-22.23.24:061][  0]LogSlate: Using FreeType 2.6.0
[2018.07.30-22.23.24:063][  0]LogSlate: SlateFontServices - WITH_FREETYPE: 1, WITH_HARFBUZZ: 1
[2018.07.30-22.23.24:184][  0]LogAssetRegistry: FAssetRegistry took 0.0258 seconds to start up
[2018.07.30-22.23.24:462][  0]LogInit: Selected Device Profile: [Windows]
[2018.07.30-22.23.24:580][  0]LogSimplygon: Simplygon DLL not present - disabling.
[2018.07.30-22.23.24:585][  0]LogMeshReduction: Using SimplygonSwarm for distributed automatic mesh merging
[2018.07.30-22.23.24:585][  0]LogMeshReduction: Using ProxyLODMeshReduction for automatic mesh merging
[2018.07.30-22.23.24:585][  0]LogMeshReduction: Using QuadricMeshReduction for automatic static mesh reduction
[2018.07.30-22.23.24:585][  0]LogMeshReduction: No automatic skeletal mesh reduction module available
[2018.07.30-22.23.24:601][  0]LogNetVersion: CS205 1.0.0, NetCL: 4212847, EngineNetVer: 5, GameNetVer: 0 (Checksum: 3832072326)
[2018.07.30-22.23.25:101][  0]LogPackageLocalizationCache: Processed 11 localized package path(s) for 2 prioritized culture(s) in 0.122252 seconds
[2018.07.30-22.23.25:108][  0]LogUObjectArray: 38425 objects as part of root set at end of initial load.
[2018.07.30-22.23.25:108][  0]LogUObjectAllocator: 6690864 out of 0 bytes used by permanent object pool.
[2018.07.30-22.23.25:108][  0]LogUObjectArray: CloseDisregardForGC: 0/0 objects in disregard for GC pool
[2018.07.30-22.23.26:660][  0]LogTcpMessaging: Initializing TcpMessaging bridge
[2018.07.30-22.23.26:674][  0]LogUdpMessaging: Initializing bridge on interface 0.0.0.0:0 to multicast group 230.0.0.1:6666.
[2018.07.30-22.23.26:881][  0]SourceControl: Source control is disabled
[2018.07.30-22.23.26:881][  0]SourceControl: Source control is disabled
[2018.07.30-22.23.26:883][  0]SourceControl: Source control is disabled
[2018.07.30-22.23.26:884][  0]SourceControl: Source control is disabled
[2018.07.30-22.23.27:111][  0]LogAndroidPermission: UAndroidPermissionCallbackProxy::GetInstance
[2018.07.30-22.23.27:196][  0]LogOcInput: OculusInput pre-init called
[2018.07.30-22.23.27:254][  0]LogEngine: Initializing Engine...
[2018.07.30-22.23.27:255][  0]LogHMD: Failed to initialize OpenVR with code 110
[2018.07.30-22.23.27:256][  0]LogStats: UGameplayTagsManager::ConstructGameplayTagTree: ImportINI prefixes -  0.000 s
[2018.07.30-22.23.27:256][  0]LogStats: UGameplayTagsManager::ConstructGameplayTagTree: Construct from data asset -  0.000 s
[2018.07.30-22.23.27:256][  0]LogStats: UGameplayTagsManager::ConstructGameplayTagTree: ImportINI -  0.000 s
[2018.07.30-22.23.27:256][  0]LogStats: UGameplayTagsManager::ConstructGameplayTagTree: GameplayTagTreeChangedEvent.Broadcast -  0.000 s
[2018.07.30-22.23.27:437][  0]LogInit: Initializing FReadOnlyCVARCache
[2018.07.30-22.23.27:450][  0]LogAIModule: Creating AISystem for world Untitled
[2018.07.30-22.23.27:464][  0]LogInit: XAudio2 using 'Headset Earphone (SteelSeries Arctis 7 Chat)' : 1 channels at 48 kHz using 16 bits per sample (channel mask 0x0)
[2018.07.30-22.23.27:484][  0]LogInit: FAudioDevice initialized.
[2018.07.30-22.23.27:484][  0]LogNetVersion: Set ProjectVersion to 1.0.0.0. Version Checksum will be recalculated on next use.
[2018.07.30-22.23.27:536][  0]LogDerivedDataCache: Saved boot cache 0.05s 71MB C:/Users/ames/AppData/Local/UnrealEngine/4.20/DerivedDataCache/Boot.ddc.
[2018.07.30-22.23.27:544][  0]LogInit: Texture streaming: Enabled
[2018.07.30-22.23.27:559][  0]LogEngineSessionManager: EngineSessionManager initialized
[2018.07.30-22.23.27:570][  0]LogInit: Transaction tracking system initialized
[2018.07.30-22.23.27:591][  0]BlueprintLog: New page: Editor Load
[2018.07.30-22.23.27:665][  0]LocalizationService: Localization service is disabled
[2018.07.30-22.23.28:173][  0]LogCook: Display: Max memory allowance for cook 16384mb min free memory 0mb
[2018.07.30-22.23.28:173][  0]LogCook: Display: Mobile HDR setting 1
[2018.07.30-22.23.28:173][  0]LogGameplayTags: Display: UGameplayTagsManager::DoneAddingNativeTags. DelegateIsBound: 0
[2018.07.30-22.23.28:173][  0]LogStats: UGameplayTagsManager::ConstructGameplayTagTree: ImportINI prefixes -  0.000 s
[2018.07.30-22.23.28:173][  0]LogStats: UGameplayTagsManager::ConstructGameplayTagTree: Construct from data asset -  0.000 s
[2018.07.30-22.23.28:173][  0]LogStats: UGameplayTagsManager::ConstructGameplayTagTree: ImportINI -  0.000 s
[2018.07.30-22.23.28:173][  0]LogStats: UGameplayTagsManager::ConstructGameplayTagTree: GameplayTagTreeChangedEvent.Broadcast -  0.000 s
[2018.07.30-22.23.28:313][  0]LogFileCache: Scanning file cache for directory 'C:/Users/ames/Desktop/CS205-Fingureblaster/V0.02/CS205/Content/' took 0.01s
[2018.07.30-22.23.28:313][  0]SourceControl: Source control is disabled
[2018.07.30-22.23.28:314][  0]Cmd: MAP LOAD FILE="../../../../../../Users/ames/Desktop/CS205-Fingureblaster/V0.02/CS205/Content/Map/MainMenu.umap" TEMPLATE=0 SHOWPROGRESS=1 FEATURELEVEL=3
[2018.07.30-22.23.28:314][  0]LightingResults: New page: Lighting Build
[2018.07.30-22.23.28:316][  0]MapCheck: New page: Map Check
[2018.07.30-22.23.28:316][  0]LightingResults: New page: Lighting Build
[2018.07.30-22.23.28:502][  0]LogAIModule: Creating AISystem for world MainMenu
[2018.07.30-22.23.28:502][  0]LogEditorServer: Finished looking for orphan Actors (0.000 secs)
[2018.07.30-22.23.28:523][  0]Cmd: MAP CHECKDEP NOCLEARLOG
[2018.07.30-22.23.28:669][  0]MapCheck: Map check complete: 0 Error(s), 0 Warning(s), took 145.994ms to complete.
[2018.07.30-22.23.28:669][  0]LogFileHelpers: Loading map 'MainMenu' took 0.356
[2018.07.30-22.23.28:823][  0]LogSlate: Updating window title bar state: overlay mode, drag disabled, window buttons hidden, title bar hidden
[2018.07.30-22.23.28:830][  0]LogSlate: Updating window title bar state: overlay mode, drag disabled, window buttons hidden, title bar hidden
[2018.07.30-22.23.28:836][  0]LogSlate: Updating window title bar state: overlay mode, drag disabled, window buttons hidden, title bar hidden
[2018.07.30-22.23.28:842][  0]LogSlate: Updating window title bar state: overlay mode, drag disabled, window buttons hidden, title bar hidden
[2018.07.30-22.23.28:848][  0]LogCollectionManager: Loaded 0 collections in 0.001314 seconds
[2018.07.30-22.23.28:896][  0]LogFileCache: Scanning file cache for directory 'C:/Users/ames/Desktop/CS205-Fingureblaster/V0.02/CS205/Saved/Collections/' took 0.01s
[2018.07.30-22.23.28:896][  0]LogFileCache: Scanning file cache for directory 'C:/Users/ames/Desktop/CS205-Fingureblaster/V0.02/CS205/Content/Developers/ames/Collections/' took 0.01s
[2018.07.30-22.23.28:896][  0]LogFileCache: Scanning file cache for directory 'C:/Users/ames/Desktop/CS205-Fingureblaster/V0.02/CS205/Content/Collections/' took 0.01s
[2018.07.30-22.23.28:896][  0]LogCollectionManager: Rebuilt the GUID cache for 0 collections in 0.000001 seconds
[2018.07.30-22.23.28:913][  0]LogContentBrowser: Native class hierarchy populated in 0.0170 seconds. Added 2572 classes and 603 folders.
[2018.07.30-22.23.28:922][  0]LogContentBrowser: Native class hierarchy updated for 'WidgetCarousel' in 0.0002 seconds. Added 0 classes and 0 folders.
[2018.07.30-22.23.28:971][  0]LogContentBrowser: Native class hierarchy updated for 'AddContentDialog' in 0.0002 seconds. Added 0 classes and 0 folders.
[2018.07.30-22.23.28:975][  0]LogContentBrowser: Native class hierarchy updated for 'SceneOutliner' in 0.0002 seconds. Added 1 classes and 2 folders.
[2018.07.30-22.23.29:023][  0]LogSlate: Took 0.000615 seconds to synchronously load lazily loaded font '../../../Engine/Content/Slate/Fonts/Roboto-Regular.ttf' (155K)
[2018.07.30-22.23.29:025][  0]LogSlate: Took 0.000710 seconds to synchronously load lazily loaded font '../../../Engine/Content/Slate/Fonts/Roboto-Bold.ttf' (160K)
[2018.07.30-22.23.29:030][  0]LogSlate: Took 0.000716 seconds to synchronously load lazily loaded font '../../../Engine/Content/Editor/Slate/Fonts/FontAwesome.ttf' (139K)
[2018.07.30-22.23.29:096][  0]LogRenderer: Reallocating scene render targets to support 1208x552 Format 10 NumSamples 1 (Frame:1).
[2018.07.30-22.23.29:196][  0]LogContentBrowser: Native class hierarchy updated for 'HierarchicalLODOutliner' in 0.0002 seconds. Added 0 classes and 0 folders.
[2018.07.30-22.23.29:196][  0]LogLoad: (Engine Initialization) Total time: 9.05 seconds
[2018.07.30-22.23.29:196][  0]LogLoad: (Engine Initialization) Total Blueprint compile time: 0.00 seconds
[2018.07.30-22.23.29:207][  0]LogWindowsTextInputMethodSystem: Display: IME system now deactivated.
[2018.07.30-22.23.29:225][  0]LogAssetRegistry: Asset discovery search completed in 5.0645 seconds
[2018.07.30-22.23.29:227][  0]LogCollectionManager: Rebuilt the object cache for 0 collections in 0.000000 seconds (found 0 objects)
[2018.07.30-22.23.29:227][  0]LogCollectionManager: Fixed up redirectors for 0 collections in 0.000035 seconds (updated 0 objects)
[2018.07.30-22.23.29:228][  0]LogContentStreaming: Texture pool size now 3000 MB
[2018.07.30-22.23.29:255][  0]LogSlate: Took 0.000563 seconds to synchronously load lazily loaded font '../../../Engine/Content/Slate/Fonts/Roboto-Light.ttf' (167K)
[2018.07.30-22.23.30:223][108]LogSlate: Took 0.000231 seconds to synchronously load lazily loaded font '../../../Engine/Content/Slate/Fonts/Roboto-Light.ttf' (167K)
[2018.07.30-22.24.21:085][209]LogSlate: FSceneViewport::OnFocusLost() reason 0
[2018.07.30-22.24.33:313][928]LogAssetEditorManager: Opening Asset editor for WidgetBlueprint /Game/UI/MainMenu/OptionsMenu.OptionsMenu
[2018.07.30-22.24.33:689][928]LogContentBrowser: Native class hierarchy updated for 'BlueprintGraph' in 0.0005 seconds. Added 116 classes and 0 folders.
[2018.07.30-22.24.34:331][928]LogSlate: Took 0.000561 seconds to synchronously load lazily loaded font '../../../Engine/Content/Slate/Fonts/Roboto-BoldCondensed.ttf' (158K)
[2018.07.30-22.25.21:040][496]LogAssetEditorManager: Opening Asset editor for LevelScriptBlueprint /Game/Map/MainMenu.MainMenu:PersistentLevel.MainMenu
[2018.07.30-22.25.21:281][497]LogSlate: Took 0.000575 seconds to synchronously load lazily loaded font '../../../Engine/Content/Slate/Fonts/Roboto-Italic.ttf' (157K)
[2018.07.30-22.33.29:194][869]LogFileHelpers: Editor autosave (incl. sublevels) for '/Game/Map/MainMenu' took 0.029
[2018.07.30-22.33.29:195][869]OBJ SavePackage: Generating thumbnails for [0] asset(s) in package [/Game/UI/MainMenu/OptionsMenu] ([1] browsable assets)...
[2018.07.30-22.33.29:195][869]OBJ SavePackage: Finished generating thumbnails for package [/Game/UI/MainMenu/OptionsMenu]
[2018.07.30-22.33.29:248][869]LogSavePackage: Moving '../../../../../../Users/ames/Desktop/CS205-Fingureblaster/V0.02/CS205/Saved/OptionsMenu_Auto1B0A8B729488DB8F343C928B5DEB492C5.tmp' to '../../../../../../Users/ames/Desktop/CS205-Fingureblaster/V0.02/CS205/Saved/Autosaves/Game/UI/MainMenu/OptionsMenu_Auto1.uasset'
[2018.07.30-22.33.29:251][869]LogFileHelpers: Auto-saving content packages took 0.056
[2018.07.30-22.35.05:769][447]BlueprintLog: New page: Compile OptionsMenu
[2018.07.30-22.36.14:525][903]LogAIModule: Creating AISystem for world Arena1
[2018.07.30-22.36.14:527][903]LogAssetEditorManager: Opening Asset editor for World /Game/Map/Arena1.Arena1
[2018.07.30-22.36.15:990][903]LogSlate: Window 'Save Content' being destroyed
[2018.07.30-22.36.15:996][903]Cmd: OBJ SAVEPACKAGE PACKAGE="/Game/UI/MainMenu/OptionsMenu" FILE="../../../../../../Users/ames/Desktop/CS205-Fingureblaster/V0.02/CS205/Content/UI/MainMenu/OptionsMenu.uasset" SILENT=true
[2018.07.30-22.36.16:050][903]LogSavePackage: Moving '../../../../../../Users/ames/Desktop/CS205-Fingureblaster/V0.02/CS205/Saved/OptionsMenu7701FBA449071B78014D9E8317C7C7D2.tmp' to '../../../../../../Users/ames/Desktop/CS205-Fingureblaster/V0.02/CS205/Content/UI/MainMenu/OptionsMenu.uasset'
[2018.07.30-22.36.16:055][903]Cmd: MAP LOAD FILE="../../../../../../Users/ames/Desktop/CS205-Fingureblaster/V0.02/CS205/Content/Map/Arena1.umap" TEMPLATE=0 SHOWPROGRESS=1 FEATURELEVEL=3
[2018.07.30-22.36.16:055][903]LightingResults: New page: Lighting Build
[2018.07.30-22.36.16:056][903]LoadErrors: New page: Loading map: Arena1.umap
[2018.07.30-22.36.16:056][903]MapCheck: New page: Map Check
[2018.07.30-22.36.16:056][903]LightingResults: New page: Lighting Build
[2018.07.30-22.36.16:141][903]LogEditorServer: Finished looking for orphan Actors (0.000 secs)
[2018.07.30-22.36.16:183][903]Cmd: MAP CHECKDEP NOCLEARLOG
[2018.07.30-22.36.16:372][903]MapCheck: Map check complete: 0 Error(s), 0 Warning(s), took 188.934ms to complete.
[2018.07.30-22.36.16:373][903]LogFileHelpers: Loading map 'Arena1' took 0.319
[2018.07.30-22.36.17:850][ 55]LogAIModule: Creating AISystem for world Lobby
[2018.07.30-22.36.17:860][ 55]LogAssetEditorManager: Opening Asset editor for World /Game/Map/Lobby.Lobby
[2018.07.30-22.36.17:887][ 55]Cmd: MAP LOAD FILE="../../../../../../Users/ames/Desktop/CS205-Fingureblaster/V0.02/CS205/Content/Map/Lobby.umap" TEMPLATE=0 SHOWPROGRESS=1 FEATURELEVEL=3
[2018.07.30-22.36.17:887][ 55]LightingResults: New page: Lighting Build
[2018.07.30-22.36.17:888][ 55]LoadErrors: New page: Loading map: Lobby.umap
[2018.07.30-22.36.17:889][ 55]MapCheck: New page: Map Check
[2018.07.30-22.36.17:889][ 55]LightingResults: New page: Lighting Build
[2018.07.30-22.36.17:978][ 55]LogEditorServer: Finished looking for orphan Actors (0.000 secs)
[2018.07.30-22.36.18:017][ 55]Cmd: MAP CHECKDEP NOCLEARLOG
[2018.07.30-22.36.18:196][ 55]MapCheck: Map check complete: 0 Error(s), 0 Warning(s), took 179.236ms to complete.
[2018.07.30-22.36.18:197][ 55]LogFileHelpers: Loading map 'Lobby' took 0.310
[2018.07.30-22.36.20:993][374]LogTemp: Repeating last play command: Standalone Game
[2018.07.30-22.38.23:336][202]LogSlate: FSceneViewport::OnFocusLost() reason 2
[2018.07.30-22.45.29:856][107]LogSlate: FSceneViewport::OnFocusLost() reason 0
[2018.07.30-22.46.12:239][  0]LogAssetEditorManager: Opening Asset editor for Blueprint /Game/Blueprints/AllLevels/GameIntsta.GameIntsta
[2018.07.30-22.46.17:736][495]LogSlate: Window 'GameIntsta' being destroyed
[2018.07.30-22.52.32:374][837]LogSlate: Took 0.001403 seconds to synchronously load lazily loaded font '../../../Engine/Content/Slate/Fonts/Roboto-BoldCondensedItalic.ttf' (160K)
[2018.07.30-22.52.38:731][594]LogFileHelpers: Editor autosave (incl. sublevels) for '/Game/Map/Lobby' took 0.029
[2018.07.30-22.52.38:734][594]OBJ SavePackage: Generating thumbnails for [0] asset(s) in package [/Game/UI/MainMenu/OptionsMenu] ([1] browsable assets)...
[2018.07.30-22.52.38:734][594]OBJ SavePackage: Finished generating thumbnails for package [/Game/UI/MainMenu/OptionsMenu]
[2018.07.30-22.52.38:806][594]LogSavePackage: Moving '../../../../../../Users/ames/Desktop/CS205-Fingureblaster/V0.02/CS205/Saved/OptionsMenu_Auto27F941AA6458557D7849DFD88DE20A34E.tmp' to '../../../../../../Users/ames/Desktop/CS205-Fingureblaster/V0.02/CS205/Saved/Autosaves/Game/UI/MainMenu/OptionsMenu_Auto2.uasset'
[2018.07.30-22.52.38:809][594]LogFileHelpers: Auto-saving content packages took 0.076
[2018.07.30-23.02.39:038][292]LogFileHelpers: Editor autosave (incl. sublevels) for '/Game/Map/Lobby' took 0.024
[2018.07.30-23.02.39:041][292]OBJ SavePackage: Generating thumbnails for [0] asset(s) in package [/Game/UI/MainMenu/OptionsMenu] ([1] browsable assets)...
[2018.07.30-23.02.39:041][292]OBJ SavePackage: Finished generating thumbnails for package [/Game/UI/MainMenu/OptionsMenu]
[2018.07.30-23.02.39:100][292]LogSavePackage: Moving '../../../../../../Users/ames/Desktop/CS205-Fingureblaster/V0.02/CS205/Saved/OptionsMenu_Auto3AF8C5255451023771A4EFE8B3F000CEF.tmp' to '../../../../../../Users/ames/Desktop/CS205-Fingureblaster/V0.02/CS205/Saved/Autosaves/Game/UI/MainMenu/OptionsMenu_Auto3.uasset'
[2018.07.30-23.02.39:102][292]LogFileHelpers: Auto-saving content packages took 0.063
[2018.07.30-23.04.56:754][ 44]BlueprintLog: New page: Compile OptionsMenu
[2018.07.30-23.05.44:706][711]LogAssetEditorManager: Opening Asset editor for Blueprint /Game/Blueprints/AllLevels/Playersavegame.PlayerSavegame
[2018.07.30-23.05.50:165][216]LogSlate: Window 'PlayerSavegame' being destroyed
[2018.07.30-23.05.50:205][216]LogAssetEditorManager: Opening Asset editor for Blueprint /Game/Blueprints/AllLevels/Playersavegame.PlayerSavegame
[2018.07.30-23.06.00:853][359]LogSlate: Window 'PlayerSavegame*' being destroyed
[2018.07.30-23.09.07:536][160]LogAssetEditorManager: Opening Asset editor for UserDefinedStruct /Game/Blueprints/AllLevels/PlayerInfo.PlayerInfo
[2018.07.30-23.09.25:478][737]BlueprintLog: New page: Compile PlayerSavegame
[2018.07.30-23.09.33:995][509]LogSavePackage: Moving '../../../../../../Users/ames/Desktop/CS205-Fingureblaster/V0.02/CS205/Saved/Playersavegame93A7735746EDE919C579C0B9A11ED43A.tmp' to '../../../../../../Users/ames/Desktop/CS205-Fingureblaster/V0.02/CS205/Content/Blueprints/AllLevels/Playersavegame.uasset'
[2018.07.30-23.09.34:161][509]Cmd: OBJ SAVEPACKAGE PACKAGE="/Game/UI/MainMenu/OptionsMenu" FILE="../../../../../../Users/ames/Desktop/CS205-Fingureblaster/V0.02/CS205/Content/UI/MainMenu/OptionsMenu.uasset" SILENT=true
[2018.07.30-23.09.34:214][509]LogSavePackage: Moving '../../../../../../Users/ames/Desktop/CS205-Fingureblaster/V0.02/CS205/Saved/OptionsMenu82EE95634F457FDB9C4635A3FA240CD7.tmp' to '../../../../../../Users/ames/Desktop/CS205-Fingureblaster/V0.02/CS205/Content/UI/MainMenu/OptionsMenu.uasset'
[2018.07.30-23.10.48:579][797]BlueprintLog: New page: Compile PlayerSaveGame
[2018.07.30-23.10.48:583][797]LogClass: Warning: Type mismatch in S_PlayerInfo of PlayerSaveGame_C - Previous (BoolProperty) Current(StructProperty) for package:  FObjectReader
[2018.07.30-23.10.48:583][797]LogBlueprint: Warning: [Compiler PlayerSaveGame] Can't parse default value 'False' for  <None> . Property: S_PlayerInfo.
[2018.07.30-23.10.48:619][797]LogBlueprint: Warning: [Compiler PlayerSaveGame] [2848.47] Compile of PlayerSaveGame successful, but with 1 Warning(s) [in 40 ms] (/Game/Blueprints/AllLevels/Playersavegame.PlayerSaveGame)
[2018.07.30-23.11.06:264][656]BlueprintLog: New page: Compile PlayerSaveGame
[2018.07.30-23.11.06:813][713]LogSavePackage: Moving '../../../../../../Users/ames/Desktop/CS205-Fingureblaster/V0.02/CS205/Saved/Playersavegame8FD79CCF49CFA9E053198DB69CF7266B.tmp' to '../../../../../../Users/ames/Desktop/CS205-Fingureblaster/V0.02/CS205/Content/Blueprints/AllLevels/Playersavegame.uasset'
[2018.07.30-23.11.13:831][550]LogSavePackage: Moving '../../../../../../Users/ames/Desktop/CS205-Fingureblaster/V0.02/CS205/Saved/Playersavegame90560D344C15893E6BF00D8F3F8C1B7C.tmp' to '../../../../../../Users/ames/Desktop/CS205-Fingureblaster/V0.02/CS205/Content/Blueprints/AllLevels/Playersavegame.uasset'
[2018.07.30-23.12.39:462][729]LogFileHelpers: Editor autosave (incl. sublevels) for '/Game/Map/Lobby' took 0.031
[2018.07.30-23.12.39:465][729]OBJ SavePackage: Generating thumbnails for [0] asset(s) in package [/Game/UI/MainMenu/OptionsMenu] ([1] browsable assets)...
[2018.07.30-23.12.39:465][729]OBJ SavePackage: Finished generating thumbnails for package [/Game/UI/MainMenu/OptionsMenu]
[2018.07.30-23.12.39:525][729]LogSavePackage: Moving '../../../../../../Users/ames/Desktop/CS205-Fingureblaster/V0.02/CS205/Saved/OptionsMenu_Auto4F4ABC731460A21016D7E4D959912A61E.tmp' to '../../../../../../Users/ames/Desktop/CS205-Fingureblaster/V0.02/CS205/Saved/Autosaves/Game/UI/MainMenu/OptionsMenu_Auto4.uasset'
[2018.07.30-23.12.39:527][729]LogFileHelpers: Auto-saving content packages took 0.064
[2018.07.30-23.14.07:151][991]BlueprintLog: New page: Compile OptionsMenu
[2018.07.30-23.17.25:271][ 55]BlueprintLog: New page: Compile OptionsMenu
[2018.07.30-23.19.27:719][245]BlueprintLog: New page: Compile OptionsMenu
[2018.07.30-23.19.28:105][279]Cmd: OBJ SAVEPACKAGE PACKAGE="/Game/UI/MainMenu/OptionsMenu" FILE="../../../../../../Users/ames/Desktop/CS205-Fingureblaster/V0.02/CS205/Content/UI/MainMenu/OptionsMenu.uasset" SILENT=true
[2018.07.30-23.19.28:164][279]LogSavePackage: Moving '../../../../../../Users/ames/Desktop/CS205-Fingureblaster/V0.02/CS205/Saved/OptionsMenuD185342047BEE262DD213FAD394455A1.tmp' to '../../../../../../Users/ames/Desktop/CS205-Fingureblaster/V0.02/CS205/Content/UI/MainMenu/OptionsMenu.uasset'
[2018.07.30-23.22.32:584][268]LogClass: Warning: Type mismatch in AllAvatars of SKEL_OptionsMenu_C - Previous (StructProperty) Current(ObjectProperty) for package:  FObjectReader
[2018.07.30-23.22.59:518][913]BlueprintLog: New page: Compile OptionsMenu
[2018.07.30-23.23.47:321][594]BlueprintLog: New page: Compile OptionsMenu
[2018.07.30-23.24.22:473][753]LogFileHelpers: Editor autosave (incl. sublevels) for '/Game/Map/Lobby' took 0.025
[2018.07.30-23.24.22:475][753]OBJ SavePackage: Generating thumbnails for [0] asset(s) in package [/Game/UI/MainMenu/OptionsMenu] ([1] browsable assets)...
[2018.07.30-23.24.22:475][753]OBJ SavePackage: Finished generating thumbnails for package [/Game/UI/MainMenu/OptionsMenu]
[2018.07.30-23.24.22:534][753]LogSavePackage: Moving '../../../../../../Users/ames/Desktop/CS205-Fingureblaster/V0.02/CS205/Saved/OptionsMenu_Auto5F942D75B47EE3380220496B3924E9478.tmp' to '../../../../../../Users/ames/Desktop/CS205-Fingureblaster/V0.02/CS205/Saved/Autosaves/Game/UI/MainMenu/OptionsMenu_Auto5.uasset'
[2018.07.30-23.24.22:536][753]LogFileHelpers: Auto-saving content packages took 0.062
[2018.07.30-23.24.59:821][503]BlueprintLog: New page: Compile OptionsMenu
[2018.07.30-23.27.21:589][920]LogEditorTransaction: Undo Paste clipboard contents
[2018.07.30-23.27.24:332][241]LogUObjectHash: Warning: Ambiguous search, could be K2Node_VariableGet /Game/UI/MainMenu/OptionsMenu.OptionsMenu:EventGraph.K2Node_VariableGet_7 or K2Node_VariableGet /Game/UI/MainMenu/OptionsMenu.OptionsMenu:EventGraph.K2Node_VariableGet_7
[2018.07.30-23.27.24:333][241]LogUObjectHash: Warning: Ambiguous search, could be K2Node_CallArrayFunction /Game/UI/MainMenu/OptionsMenu.OptionsMenu:EventGraph.K2Node_CallArrayFunction_0 or K2Node_CallArrayFunction /Game/UI/MainMenu/OptionsMenu.OptionsMenu:EventGraph.K2Node_CallArrayFunction_0
[2018.07.30-23.29.05:134][121]LogUObjectHash: Warning: Ambiguous search, could be K2Node_CallArrayFunction /Game/UI/MainMenu/OptionsMenu.OptionsMenu:EventGraph.K2Node_CallArrayFunction_0 or K2Node_CallArrayFunction /Game/UI/MainMenu/OptionsMenu.OptionsMenu:EventGraph.K2Node_CallArrayFunction_0
[2018.07.30-23.29.05:134][121]LogUObjectHash: Warning: Ambiguous search, could be K2Node_CallFunction /Game/UI/MainMenu/OptionsMenu.OptionsMenu:EventGraph.K2Node_CallFunction_11 or K2Node_CallFunction /Game/UI/MainMenu/OptionsMenu.OptionsMenu:EventGraph.K2Node_CallFunction_11
[2018.07.30-23.29.31:789][128]BlueprintLog: New page: Compile OptionsMenu
[2018.07.30-23.30.05:826][427]BlueprintLog: New page: Compile OptionsMenu
[2018.07.30-23.30.28:176][736]LogSlate: Took 0.023073 seconds to synchronously load lazily loaded font '../../../Engine/Content/Slate/Fonts/DroidSansFallback.ttf' (3848K)
[2018.07.30-23.32.32:310][253]BlueprintLog: New page: Compile OptionsMenu
[2018.07.30-23.32.48:006][111]BlueprintLog: New page: Compile OptionsMenu
[2018.07.30-23.32.50:186][359]Cmd: OBJ SAVEPACKAGE PACKAGE="/Game/UI/MainMenu/OptionsMenu" FILE="../../../../../../Users/ames/Desktop/CS205-Fingureblaster/V0.02/CS205/Content/UI/MainMenu/OptionsMenu.uasset" SILENT=true
[2018.07.30-23.32.50:261][359]LogSavePackage: Moving '../../../../../../Users/ames/Desktop/CS205-Fingureblaster/V0.02/CS205/Saved/OptionsMenuE7DC1D8740A44B520C45A3B686E1FD9B.tmp' to '../../../../../../Users/ames/Desktop/CS205-Fingureblaster/V0.02/CS205/Content/UI/MainMenu/OptionsMenu.uasset'
[2018.07.30-23.34.23:154][312]LogFileHelpers: Editor autosave (incl. sublevels) for '/Game/Map/Lobby' took 0.037
[2018.07.30-23.34.23:156][312]OBJ SavePackage: Generating thumbnails for [0] asset(s) in package [/Game/UI/MainMenu/OptionsMenu] ([1] browsable assets)...
[2018.07.30-23.34.23:156][312]OBJ SavePackage: Finished generating thumbnails for package [/Game/UI/MainMenu/OptionsMenu]
[2018.07.30-23.34.23:227][312]LogSavePackage: Moving '../../../../../../Users/ames/Desktop/CS205-Fingureblaster/V0.02/CS205/Saved/OptionsMenu_Auto6B327C50F4AF662B45828068133357C7A.tmp' to '../../../../../../Users/ames/Desktop/CS205-Fingureblaster/V0.02/CS205/Saved/Autosaves/Game/UI/MainMenu/OptionsMenu_Auto6.uasset'
[2018.07.30-23.34.23:231][312]LogFileHelpers: Auto-saving content packages took 0.076
[2018.07.30-23.35.50:250][ 18]BlueprintLog: New page: Compile OptionsMenu
[2018.07.30-23.35.50:904][ 77]Cmd: OBJ SAVEPACKAGE PACKAGE="/Game/UI/MainMenu/OptionsMenu" FILE="../../../../../../Users/ames/Desktop/CS205-Fingureblaster/V0.02/CS205/Content/UI/MainMenu/OptionsMenu.uasset" SILENT=true
[2018.07.30-23.35.50:977][ 77]LogSavePackage: Moving '../../../../../../Users/ames/Desktop/CS205-Fingureblaster/V0.02/CS205/Saved/OptionsMenuBC5F16ED4503CD1D9B98A3960CB1B37D.tmp' to '../../../../../../Users/ames/Desktop/CS205-Fingureblaster/V0.02/CS205/Content/UI/MainMenu/OptionsMenu.uasset'
[2018.07.30-23.41.01:868][ 13]BlueprintLog: New page: Compile OptionsMenu
[2018.07.30-23.41.02:461][ 69]Cmd: OBJ SAVEPACKAGE PACKAGE="/Game/UI/MainMenu/OptionsMenu" FILE="../../../../../../Users/ames/Desktop/CS205-Fingureblaster/V0.02/CS205/Content/UI/MainMenu/OptionsMenu.uasset" SILENT=true
[2018.07.30-23.41.02:544][ 69]LogSavePackage: Moving '../../../../../../Users/ames/Desktop/CS205-Fingureblaster/V0.02/CS205/Saved/OptionsMenu3F0A2EC54CAACBA705C0ED9641C5A161.tmp' to '../../../../../../Users/ames/Desktop/CS205-Fingureblaster/V0.02/CS205/Content/UI/MainMenu/OptionsMenu.uasset'
[2018.07.30-23.41.22:614][194]BlueprintLog: New page: Compile OptionsMenu
[2018.07.30-23.41.22:994][222]Cmd: OBJ SAVEPACKAGE PACKAGE="/Game/UI/MainMenu/OptionsMenu" FILE="../../../../../../Users/ames/Desktop/CS205-Fingureblaster/V0.02/CS205/Content/UI/MainMenu/OptionsMenu.uasset" SILENT=true
[2018.07.30-23.41.23:070][222]LogSavePackage: Moving '../../../../../../Users/ames/Desktop/CS205-Fingureblaster/V0.02/CS205/Saved/OptionsMenu221294C340B1AF6026DAAE82AA920896.tmp' to '../../../../../../Users/ames/Desktop/CS205-Fingureblaster/V0.02/CS205/Content/UI/MainMenu/OptionsMenu.uasset'
[2018.07.30-23.41.46:940][615]LogTemp: Repeating last play command: Standalone Game
[2018.07.30-23.42.12:356][586]LogAIModule: Creating AISystem for world MainMenu
[2018.07.30-23.42.12:359][586]LogAssetEditorManager: Opening Asset editor for World /Game/Map/MainMenu.MainMenu
[2018.07.30-23.42.12:386][586]Cmd: MAP LOAD FILE="../../../../../../Users/ames/Desktop/CS205-Fingureblaster/V0.02/CS205/Content/Map/MainMenu.umap" TEMPLATE=0 SHOWPROGRESS=1 FEATURELEVEL=3
[2018.07.30-23.42.12:386][586]LightingResults: New page: Lighting Build
[2018.07.30-23.42.12:390][586]LoadErrors: New page: Loading map: MainMenu.umap
[2018.07.30-23.42.12:391][586]MapCheck: New page: Map Check
[2018.07.30-23.42.12:391][586]LightingResults: New page: Lighting Build
[2018.07.30-23.42.12:481][586]LogEditorServer: Finished looking for orphan Actors (0.000 secs)
[2018.07.30-23.42.12:518][586]Cmd: MAP CHECKDEP NOCLEARLOG
[2018.07.30-23.42.12:701][586]MapCheck: Map check complete: 0 Error(s), 0 Warning(s), took 181.751ms to complete.
[2018.07.30-23.42.12:702][586]LogFileHelpers: Loading map 'MainMenu' took 0.319
[2018.07.30-23.42.14:080][744]LogTemp: Repeating last play command: Standalone Game
[2018.07.30-23.43.47:298][548]LogClass: Warning: In asset 'None', there is an enum property of type 'ESlateVisibility' with an invalid value of ''
[2018.07.30-23.43.49:232][780]BlueprintLog: New page: Compile OptionsMenu
[2018.07.30-23.43.49:879][842]Cmd: OBJ SAVEPACKAGE PACKAGE="/Game/UI/MainMenu/OptionsMenu" FILE="../../../../../../Users/ames/Desktop/CS205-Fingureblaster/V0.02/CS205/Content/UI/MainMenu/OptionsMenu.uasset" SILENT=true
[2018.07.30-23.43.49:959][842]LogSavePackage: Moving '../../../../../../Users/ames/Desktop/CS205-Fingureblaster/V0.02/CS205/Saved/OptionsMenu9882B61B4E1E94EC4275A8BAFF294059.tmp' to '../../../../../../Users/ames/Desktop/CS205-Fingureblaster/V0.02/CS205/Content/UI/MainMenu/OptionsMenu.uasset'
[2018.07.30-23.45.32:857][892]LogTemp: Repeating last play command: Standalone Game
[2018.07.30-23.45.35:878][131]LogTemp: Repeating last play command: Standalone Game
[2018.07.30-23.50.27:791][425]BlueprintLog: New page: Compile OptionsMenu
[2018.07.30-23.50.29:409][604]LogTemp: Repeating last play command: Standalone Game
[2018.07.30-23.50.45:675][ 56]LogBlueprintUserMessages: Early PlayInEditor Detection: Level '/Game/Map/MainMenu.MainMenu:PersistentLevel' has LevelScriptBlueprint '/Game/Map/MainMenu.MainMenu:PersistentLevel.MainMenu' with GeneratedClass '/Game/Map/MainMenu.MainMenu_C' with ClassGeneratedBy '/Game/Map/MainMenu.MainMenu:PersistentLevel.MainMenu'
[2018.07.30-23.50.45:676][ 56]LogPlayLevel: PlayLevel: No blueprints needed recompiling
[2018.07.30-23.50.45:692][ 56]PIE: New page: PIE session: MainMenu (31/07/2018 11:50:45 pm)
[2018.07.30-23.50.45:708][ 56]LogPlayLevel: Creating play world package: /Game/Map/UEDPIE_0_MainMenu
[2018.07.30-23.50.45:711][ 56]LogPlayLevel: PIE: StaticDuplicateObject took: (0.002990s)
[2018.07.30-23.50.45:712][ 56]LogAIModule: Creating AISystem for world MainMenu
[2018.07.30-23.50.45:712][ 56]LogPlayLevel: PIE: World Init took: (0.000880s)
[2018.07.30-23.50.45:712][ 56]LogPlayLevel: PIE: Created PIE world by copying editor world from /Game/Map/MainMenu.MainMenu to /Game/Map/UEDPIE_0_MainMenu.MainMenu (0.004370s)
[2018.07.30-23.50.45:756][ 56]LogInit: XAudio2 using 'Headset Earphone (SteelSeries Arctis 7 Chat)' : 1 channels at 48 kHz using 16 bits per sample (channel mask 0x0)
[2018.07.30-23.50.45:766][ 56]LogInit: FAudioDevice initialized.
[2018.07.30-23.50.45:810][ 56]LogLoad: Game class is 'FirstPersonGameMode_C'
[2018.07.30-23.50.45:811][ 56]LogWorld: Bringing World /Game/Map/UEDPIE_0_MainMenu.MainMenu up for play (max tick rate 0) at 2018.07.31-11.50.45
[2018.07.30-23.50.45:811][ 56]LogWorld: Bringing up level for play took: 0.000338
[2018.07.30-23.50.45:835][ 56]LogContentBrowser: Native class hierarchy updated for 'MovieSceneCapture' in 0.0003 seconds. Added 10 classes and 0 folders.
[2018.07.30-23.50.45:839][ 56]PIE: Play in editor start time for /Game/Map/UEDPIE_0_MainMenu 0.013
[2018.07.30-23.50.45:840][ 56]LogBlueprintUserMessages: Late PlayInEditor Detection: Level '/Game/Map/MainMenu.MainMenu:PersistentLevel' has LevelScriptBlueprint '/Game/Map/MainMenu.MainMenu:PersistentLevel.MainMenu' with GeneratedClass '/Game/Map/MainMenu.MainMenu_C' with ClassGeneratedBy '/Game/Map/MainMenu.MainMenu:PersistentLevel.MainMenu'
[2018.07.30-23.50.55:582][219]LogBlueprintUserMessages: Early EndPlayMap Detection: Level '/Game/Map/MainMenu.MainMenu:PersistentLevel' has LevelScriptBlueprint '/Game/Map/MainMenu.MainMenu:PersistentLevel.MainMenu' with GeneratedClass '/Game/Map/MainMenu.MainMenu_C' with ClassGeneratedBy '/Game/Map/MainMenu.MainMenu:PersistentLevel.MainMenu'
[2018.07.30-23.50.55:583][219]LogSlate: Updating window title bar state: overlay mode, drag disabled, window buttons hidden, title bar hidden
[2018.07.30-23.50.55:616][219]LogPlayLevel: Display: Shutting down PIE online subsystems
[2018.07.30-23.50.55:617][219]LogBlueprintUserMessages: Late EndPlayMap Detection: Level '/Game/Map/MainMenu.MainMenu:PersistentLevel' has LevelScriptBlueprint '/Game/Map/MainMenu.MainMenu:PersistentLevel.MainMenu' with GeneratedClass '/Game/Map/MainMenu.MainMenu_C' with ClassGeneratedBy '/Game/Map/MainMenu.MainMenu:PersistentLevel.MainMenu'
[2018.07.30-23.50.55:644][219]LogSlate: Updating window title bar state: overlay mode, drag disabled, window buttons hidden, title bar hidden
[2018.07.30-23.50.55:685][223]LogPlayLevel: Display: Destroying online subsystem :Context_9
[2018.07.30-23.51.42:866][619]LogTemp: Repeating last play command: Standalone Game
[2018.07.30-23.52.49:716][354]BlueprintLog: New page: Compile OptionsMenu
[2018.07.30-23.52.50:181][392]Cmd: OBJ SAVEPACKAGE PACKAGE="/Game/UI/MainMenu/OptionsMenu" FILE="../../../../../../Users/ames/Desktop/CS205-Fingureblaster/V0.02/CS205/Content/UI/MainMenu/OptionsMenu.uasset" SILENT=true
[2018.07.30-23.52.50:265][392]LogSavePackage: Moving '../../../../../../Users/ames/Desktop/CS205-Fingureblaster/V0.02/CS205/Saved/OptionsMenuDC5D59F046AA7BD55D058896B33D8D32.tmp' to '../../../../../../Users/ames/Desktop/CS205-Fingureblaster/V0.02/CS205/Content/UI/MainMenu/OptionsMenu.uasset'
[2018.07.30-23.53.00:419][859]LogTemp: Repeating last play command: Standalone Game
[2018.07.30-23.59.42:614][  7]LogTemp: Repeating last play command: Standalone Game
[2018.07.31-00.00.28:743][378]LogTemp: Repeating last play command: Standalone Game
[2018.07.31-00.03.44:639][263]LogSlate: Window 'CS205 - Unreal Editor' being destroyed
[2018.07.31-00.03.44:847][264]Cmd: QUIT_EDITOR
[2018.07.31-00.03.45:093][264]LogWindowsTextInputMethodSystem: Display: IME system now deactivated.
[2018.07.31-00.03.45:104][264]LogExit: Preparing to exit.
[2018.07.31-00.03.45:819][264]LogExit: Editor shut down
[2018.07.31-00.03.45:819][264]LogExit: Transaction tracking system shut down
[2018.07.31-00.03.46:204][264]LogExit: Object subsystem successfully closed.
[2018.07.31-00.03.46:227][264]LogShaderCompilers: Display: Shaders left to compile 0
[2018.07.31-00.03.46:230][264]LogD3D11RHI: Shutdown
[2018.07.31-00.03.46:230][264]LogD3D11RHI: CleanupD3DDevice
[2018.07.31-00.03.46:231][264]LogD3D11RHI: ~FD3D11DynamicRHI
[2018.07.31-00.03.46:299][264]LogModuleManager: Shutting down and abandoning module MovieSceneCapture (618)
[2018.07.31-00.03.46:299][264]LogModuleManager: Shutting down and abandoning module Voice (616)
[2018.07.31-00.03.46:299][264]LogModuleManager: Shutting down and abandoning module SequencerWidgets (614)
[2018.07.31-00.03.46:299][264]LogModuleManager: Shutting down and abandoning module BlueprintGraph (612)
[2018.07.31-00.03.46:299][264]LogModuleManager: Shutting down and abandoning module HierarchicalLODOutliner (610)
[2018.07.31-00.03.46:299][264]LogModuleManager: Shutting down and abandoning module SceneOutliner (608)
[2018.07.31-00.03.46:299][264]LogModuleManager: Shutting down and abandoning module AddContentDialog (606)
[2018.07.31-00.03.46:300][264]LogModuleManager: Shutting down and abandoning module WidgetCarousel (605)
[2018.07.31-00.03.46:300][264]LogModuleManager: Shutting down and abandoning module EditorWidgets (602)
[2018.07.31-00.03.46:300][264]LogModuleManager: Shutting down and abandoning module CollectionManager (600)
[2018.07.31-00.03.46:301][264]LogModuleManager: Shutting down and abandoning module StatsViewer (598)
[2018.07.31-00.03.46:301][264]LogModuleManager: Shutting down and abandoning module FoliageEdit (596)
[2018.07.31-00.03.46:302][264]LogModuleManager: Shutting down and abandoning module LandscapeEditor (594)
[2018.07.31-00.03.46:303][264]LogModuleManager: Shutting down and abandoning module MeshPaintMode (592)
[2018.07.31-00.03.46:303][264]LogModuleManager: Shutting down and abandoning module SceneDepthPickerMode (590)
[2018.07.31-00.03.46:303][264]LogModuleManager: Shutting down and abandoning module ActorPickerMode (588)
[2018.07.31-00.03.46:303][264]LogModuleManager: Shutting down and abandoning module GeometryMode (586)
[2018.07.31-00.03.46:303][264]LogModuleManager: Shutting down and abandoning module TextureAlignMode (584)
[2018.07.31-00.03.46:303][264]LogModuleManager: Shutting down and abandoning module BspMode (582)
[2018.07.31-00.03.46:303][264]LogModuleManager: Shutting down and abandoning module PIEPreviewDeviceProfileSelector (580)
[2018.07.31-00.03.46:303][264]LogModuleManager: Shutting down and abandoning module SequenceRecorderSections (578)
[2018.07.31-00.03.46:303][264]LogModuleManager: Shutting down and abandoning module AutomationWorker (576)
[2018.07.31-00.03.46:303][264]LogModuleManager: Shutting down and abandoning module AudioCaptureEditor (574)
[2018.07.31-00.03.46:303][264]LogModuleManager: Shutting down and abandoning module SequenceRecorder (573)
[2018.07.31-00.03.46:303][264]LogModuleManager: Shutting down and abandoning module MatineeToLevelSequence (570)
[2018.07.31-00.03.46:304][264]LogModuleManager: Shutting down and abandoning module LevelSequenceEditor (568)
[2018.07.31-00.03.46:305][264]LogModuleManager: Shutting down and abandoning module PlacementMode (567)
[2018.07.31-00.03.46:305][264]LogModuleManager: Shutting down and abandoning module MaterialEditor (566)
[2018.07.31-00.03.46:306][264]LogModuleManager: Shutting down and abandoning module WmfMediaFactory (562)
[2018.07.31-00.03.46:306][264]LogModuleManager: Shutting down and abandoning module WmfMediaEditor (560)
[2018.07.31-00.03.46:306][264]LogModuleManager: Shutting down and abandoning module MediaPlayerEditor (558)
[2018.07.31-00.03.46:307][264]LogModuleManager: Shutting down and abandoning module OpenExrWrapper (556)
[2018.07.31-00.03.46:307][264]LogModuleManager: Shutting down and abandoning module ImgMediaFactory (554)
[2018.07.31-00.03.46:307][264]LogModuleManager: Shutting down and abandoning module ImgMediaEditor (552)
[2018.07.31-00.03.46:308][264]LogModuleManager: Shutting down and abandoning module AvfMediaFactory (550)
[2018.07.31-00.03.46:308][264]LogModuleManager: Shutting down and abandoning module AvfMediaEditor (548)
[2018.07.31-00.03.46:308][264]LogModuleManager: Shutting down and abandoning module AndroidMediaFactory (546)
[2018.07.31-00.03.46:308][264]LogModuleManager: Shutting down and abandoning module AndroidMediaEditor (544)
[2018.07.31-00.03.46:308][264]LogModuleManager: Shutting down and abandoning module MagicLeapCameraPreviewFactory (542)
[2018.07.31-00.03.46:308][264]LogModuleManager: Shutting down and abandoning module MagicLeapMediaFactory (540)
[2018.07.31-00.03.46:308][264]LogModuleManager: Shutting down and abandoning module MagicLeapMediaEditor (538)
[2018.07.31-00.03.46:308][264]LogModuleManager: Shutting down and abandoning module CharacterAI (536)
[2018.07.31-00.03.46:308][264]LogModuleManager: Shutting down and abandoning module SmartSnapping (534)
[2018.07.31-00.03.46:308][264]LogModuleManager: Shutting down and abandoning module SessionServices (532)
[2018.07.31-00.03.46:308][264]LogModuleManager: Shutting down and abandoning module ViewportSnapping (530)
[2018.07.31-00.03.46:308][264]LogModuleManager: Shutting down and abandoning module ViewportInteraction (528)
[2018.07.31-00.03.46:308][264]LogModuleManager: Shutting down and abandoning module ClothPainter (526)
[2018.07.31-00.03.46:309][264]LogModuleManager: Shutting down and abandoning module SkeletalMeshEditor (525)
[2018.07.31-00.03.46:310][264]LogModuleManager: Shutting down and abandoning module LogVisualizer (522)
[2018.07.31-00.03.46:311][264]LogModuleManager: Shutting down and abandoning module IntroTutorials (520)
[2018.07.31-00.03.46:312][264]LogModuleManager: Shutting down and abandoning module GameProjectGeneration (519)
[2018.07.31-00.03.46:313][264]LogModuleManager: Shutting down and abandoning module LuminPlatformEditor (516)
[2018.07.31-00.03.46:313][264]LogModuleManager: Shutting down and abandoning module IOSPlatformEditor (514)
[2018.07.31-00.03.46:313][264]LogModuleManager: Shutting down and abandoning module HTML5PlatformEditor (512)
[2018.07.31-00.03.46:313][264]LogModuleManager: Shutting down and abandoning module AndroidPlatformEditor (510)
[2018.07.31-00.03.46:313][264]LogModuleManager: Shutting down and abandoning module AndroidDeviceDetection (509)
[2018.07.31-00.03.47:255][264]LogModuleManager: Shutting down and abandoning module WindowsPlatformEditor (506)
[2018.07.31-00.03.47:255][264]LogModuleManager: Shutting down and abandoning module LuminRuntimeSettings (504)
[2018.07.31-00.03.47:255][264]LogModuleManager: Shutting down and abandoning module IOSRuntimeSettings (502)
[2018.07.31-00.03.47:255][264]LogModuleManager: Shutting down and abandoning module AndroidRuntimeSettings (500)
[2018.07.31-00.03.47:255][264]LogModuleManager: Shutting down and abandoning module InputBindingEditor (498)
[2018.07.31-00.03.47:257][264]LogModuleManager: Shutting down and abandoning module MergeActors (496)
[2018.07.31-00.03.47:257][264]LogModuleManager: Shutting down and abandoning module LocalizationDashboard (494)
[2018.07.31-00.03.47:258][264]LogModuleManager: Shutting down and abandoning module LocalizationService (493)
[2018.07.31-00.03.47:258][264]LogModuleManager: Shutting down and abandoning module HardwareTargeting (490)
[2018.07.31-00.03.47:258][264]LogModuleManager: Shutting down and abandoning module DeviceProfileEditor (488)
[2018.07.31-00.03.47:258][264]LogModuleManager: Shutting down and abandoning module UndoHistory (486)
[2018.07.31-00.03.47:259][264]LogModuleManager: Shutting down and abandoning module XmlParser (484)
[2018.07.31-00.03.47:259][264]LogModuleManager: Shutting down and abandoning module Blutility (482)
[2018.07.31-00.03.47:259][264]LogModuleManager: Shutting down and abandoning module ProjectSettingsViewer (480)
[2018.07.31-00.03.47:259][264]LogModuleManager: Shutting down and abandoning module ProjectTargetPlatformEditor (479)
[2018.07.31-00.03.47:260][264]LogModuleManager: Shutting down and abandoning module EditorSettingsViewer (476)
[2018.07.31-00.03.47:260][264]LogModuleManager: Shutting down and abandoning module SettingsEditor (474)
[2018.07.31-00.03.47:261][264]LogModuleManager: Shutting down and abandoning module ProjectLauncher (472)
[2018.07.31-00.03.47:262][264]LogModuleManager: Shutting down and abandoning module SessionFrontend (470)
[2018.07.31-00.03.47:262][264]LogModuleManager: Shutting down and abandoning module ProfilerClient (468)
[2018.07.31-00.03.47:262][264]LogModuleManager: Shutting down and abandoning module DeviceManager (466)
[2018.07.31-00.03.47:263][264]LogModuleManager: Shutting down and abandoning module TargetDeviceServices (465)
[2018.07.31-00.03.47:318][264]LogModuleManager: Shutting down and abandoning module AutomationController (462)
[2018.07.31-00.03.47:318][264]LogModuleManager: Shutting down and abandoning module AutomationWindow (460)
[2018.07.31-00.03.47:318][264]LogModuleManager: Shutting down and abandoning module Layers (458)
[2018.07.31-00.03.47:320][264]LogModuleManager: Shutting down and abandoning module ComponentVisualizers (456)
[2018.07.31-00.03.47:320][264]LogModuleManager: Shutting down and abandoning module DetailCustomizations (454)
[2018.07.31-00.03.47:320][264]LogModuleManager: Shutting down and abandoning module PackagesDialog (452)
[2018.07.31-00.03.47:321][264]LogModuleManager: Shutting down and abandoning module Persona (450)
[2018.07.31-00.03.47:322][264]LogModuleManager: Shutting down and abandoning module AdvancedPreviewScene (449)
[2018.07.31-00.03.47:322][264]LogModuleManager: Shutting down and abandoning module AnimGraph (447)
[2018.07.31-00.03.47:323][264]LogModuleManager: Shutting down and abandoning module Kismet (444)
[2018.07.31-00.03.47:329][264]LogModuleManager: Shutting down and abandoning module GraphEditor (442)
[2018.07.31-00.03.47:329][264]LogModuleManager: Shutting down and abandoning module ClassViewer (440)
[2018.07.31-00.03.47:330][264]LogModuleManager: Shutting down and abandoning module Toolbox (438)
[2018.07.31-00.03.47:330][264]LogModuleManager: Shutting down and abandoning module ModuleUI (436)
[2018.07.31-00.03.47:330][264]LogModuleManager: Shutting down and abandoning module MovieSceneTools (434)
[2018.07.31-00.03.47:331][264]LogModuleManager: Shutting down and abandoning module OutputLog (432)
[2018.07.31-00.03.47:331][264]LogModuleManager: Shutting down and abandoning module GammaUI (430)
[2018.07.31-00.03.47:331][264]LogModuleManager: Shutting down and abandoning module Documentation (428)
[2018.07.31-00.03.47:331][264]LogModuleManager: Shutting down and abandoning module MovieSceneTracks (426)
[2018.07.31-00.03.47:331][264]LogModuleManager: Shutting down and abandoning module MovieScene (424)
[2018.07.31-00.03.47:331][264]LogModuleManager: Shutting down and abandoning module StreamingPauseRendering (422)
[2018.07.31-00.03.47:331][264]LogModuleManager: Shutting down and abandoning module LauncherPlatform (420)
[2018.07.31-00.03.47:331][264]LogModuleManager: Shutting down and abandoning module AnalyticsET (418)
[2018.07.31-00.03.47:331][264]LogModuleManager: Shutting down and abandoning module PortalServices (416)
[2018.07.31-00.03.47:331][264]LogModuleManager: Shutting down and abandoning module PortalRpc (414)
[2018.07.31-00.03.47:331][264]LogModuleManager: Shutting down and abandoning module MessagingRpc (412)
[2018.07.31-00.03.47:331][264]LogModuleManager: Shutting down and abandoning module AIModule (410)
[2018.07.31-00.03.47:331][264]LogModuleManager: Shutting down and abandoning module GameplayDebugger (409)
[2018.07.31-00.03.47:331][264]LogModuleManager: Shutting down and abandoning module AITestSuite (407)
[2018.07.31-00.03.47:331][264]LogModuleManager: Shutting down and abandoning module NavigationSystem (405)
[2018.07.31-00.03.47:331][264]LogModuleManager: Shutting down and abandoning module DesktopPlatform (402)
[2018.07.31-00.03.47:332][264]LogModuleManager: Shutting down and abandoning module ProfilerService (400)
[2018.07.31-00.03.47:573][264]LogModuleManager: Shutting down and abandoning module TaskGraph (398)
[2018.07.31-00.03.47:573][264]LogModuleManager: Shutting down and abandoning module SteamVRController (396)
[2018.07.31-00.03.47:573][264]LogModuleManager: Shutting down and abandoning module ProceduralMeshComponentEditor (394)
[2018.07.31-00.03.47:573][264]LogModuleManager: Shutting down and abandoning module ProceduralMeshComponent (392)
[2018.07.31-00.03.47:573][264]LogModuleManager: Shutting down and abandoning module OculusInput (390)
[2018.07.31-00.03.47:573][264]LogModuleManager: Shutting down and abandoning module MobilePatchingUtils (388)
[2018.07.31-00.03.47:573][264]LogModuleManager: Shutting down and abandoning module EditableMesh (386)
[2018.07.31-00.03.47:573][264]LogModuleManager: Shutting down and abandoning module CustomMeshComponent (384)
[2018.07.31-00.03.47:573][264]LogModuleManager: Shutting down and abandoning module CableComponent (382)
[2018.07.31-00.03.47:573][264]LogModuleManager: Shutting down and abandoning module AudioCapture (380)
[2018.07.31-00.03.47:573][264]LogModuleManager: Shutting down and abandoning module ArchVisCharacter (378)
[2018.07.31-00.03.47:574][264]LogModuleManager: Shutting down and abandoning module AndroidPermission (376)
[2018.07.31-00.03.47:574][264]LogModuleManager: Shutting down and abandoning module NUTUnrealEngine4 (374)
[2018.07.31-00.03.47:574][264]LogModuleManager: Shutting down and abandoning module NetcodeUnitTest (372)
[2018.07.31-00.03.47:574][264]LogModuleManager: Shutting down and abandoning module MediaCompositingEditor (370)
[2018.07.31-00.03.47:574][264]LogModuleManager: Shutting down and abandoning module MediaCompositing (368)
[2018.07.31-00.03.47:574][264]LogModuleManager: Shutting down and abandoning module LinearTimecode (366)
[2018.07.31-00.03.47:574][264]LogModuleManager: Shutting down and abandoning module ImgMedia (364)
[2018.07.31-00.03.47:576][264]LogModuleManager: Shutting down and abandoning module HTML5Networking (362)
[2018.07.31-00.03.47:576][264]LogModuleManager: Shutting down and abandoning module GeometryCacheTracks (360)
[2018.07.31-00.03.47:576][264]LogModuleManager: Shutting down and abandoning module GeometryCacheSequencer (358)
[2018.07.31-00.03.47:576][264]LogModuleManager: Shutting down and abandoning module BackChannel (356)
[2018.07.31-00.03.47:576][264]LogModuleManager: Shutting down and abandoning module AppleVision (354)
[2018.07.31-00.03.47:576][264]LogModuleManager: Shutting down and abandoning module AppleImageUtils (352)
[2018.07.31-00.03.47:576][264]LogModuleManager: Shutting down and abandoning module AlembicImporter (350)
[2018.07.31-00.03.47:576][264]LogModuleManager: Shutting down and abandoning module AlembicLibrary (349)
[2018.07.31-00.03.47:576][264]LogModuleManager: Shutting down and abandoning module GeometryCache (348)
[2018.07.31-00.03.47:576][264]LogModuleManager: Shutting down and abandoning module GeometryCacheEd (347)
[2018.07.31-00.03.47:576][264]LogModuleManager: Shutting down and abandoning module DatasmithContentEditor (342)
[2018.07.31-00.03.47:578][264]LogModuleManager: Shutting down and abandoning module DatasmithContent (340)
[2018.07.31-00.03.47:578][264]LogModuleManager: Shutting down and abandoning module SpeedTreeImporter (338)
[2018.07.31-00.03.47:578][264]LogModuleManager: Shutting down and abandoning module PluginBrowser (336)
[2018.07.31-00.03.47:580][264]LogModuleManager: Shutting down and abandoning module MobileLauncherProfileWizard (334)
[2018.07.31-00.03.47:581][264]LogModuleManager: Shutting down and abandoning module PolygonModeling (332)
[2018.07.31-00.03.47:581][264]LogModuleManager: Shutting down and abandoning module MeshEditor (330)
[2018.07.31-00.03.47:581][264]LogModuleManager: Shutting down and abandoning module CryptoKeysOpenSSL (328)
[2018.07.31-00.03.47:581][264]LogModuleManager: Shutting down and abandoning module CryptoKeys (326)
[2018.07.31-00.03.47:581][264]LogModuleManager: Shutting down and abandoning module VisualStudioSourceCodeAccess (324)
[2018.07.31-00.03.47:581][264]LogModuleManager: Shutting down and abandoning module VisualStudioCodeSourceCodeAccess (322)
[2018.07.31-00.03.47:581][264]LogModuleManager: Shutting down and abandoning module UObjectPlugin (320)
[2018.07.31-00.03.47:581][264]LogModuleManager: Shutting down and abandoning module SubversionSourceControl (318)
[2018.07.31-00.03.47:581][264]LogModuleManager: Shutting down and abandoning module PerforceSourceControl (316)
[2018.07.31-00.03.47:581][264]LogModuleManager: Shutting down and abandoning module GitSourceControl (314)
[2018.07.31-00.03.47:582][264]LogModuleManager: Shutting down and abandoning module SourceControl (313)
[2018.07.31-00.03.47:583][264]LogModuleManager: Shutting down and abandoning module CLionSourceCodeAccess (310)
[2018.07.31-00.03.47:583][264]LogModuleManager: Shutting down and abandoning module LightPropagationVolumeEditor (308)
[2018.07.31-00.03.47:583][264]LogModuleManager: Shutting down and abandoning module PaperTiledImporter (306)
[2018.07.31-00.03.47:583][264]LogModuleManager: Shutting down and abandoning module PaperSpriteSheetImporter (304)
[2018.07.31-00.03.47:583][264]LogModuleManager: Shutting down and abandoning module Paper2DEditor (302)
[2018.07.31-00.03.47:584][264]LogModuleManager: Shutting down and abandoning module MeshPaint (301)
[2018.07.31-00.03.47:584][264]LogModuleManager: Shutting down and abandoning module RuntimePhysXCooking (298)
[2018.07.31-00.03.47:584][264]LogModuleManager: Shutting down and abandoning module PhysXVehiclesEditor (296)
[2018.07.31-00.03.47:584][264]LogModuleManager: Shutting down and abandoning module PhysXVehicles (294)
[2018.07.31-00.03.47:584][264]LogModuleManager: Shutting down and abandoning module OculusEditor (292)
[2018.07.31-00.03.47:584][264]LogModuleManager: Shutting down and abandoning module LocationServicesBPLibrary (290)
[2018.07.31-00.03.47:584][264]LogModuleManager: Shutting down and abandoning module ImmediatePhysicsEditor (288)
[2018.07.31-00.03.47:584][264]LogModuleManager: Shutting down and abandoning module ImmediatePhysics (286)
[2018.07.31-00.03.47:584][264]LogModuleManager: Shutting down and abandoning module ActorSequence (284)
[2018.07.31-00.03.47:584][264]LogModuleManager: Shutting down and abandoning module UdpMessaging (282)
[2018.07.31-00.03.47:686][264]LogModuleManager: Shutting down and abandoning module TcpMessaging (280)
[2018.07.31-00.03.47:787][264]LogModuleManager: Shutting down and abandoning module MagicLeapAudio (278)
[2018.07.31-00.03.47:787][264]LogModuleManager: Shutting down and abandoning module GameplayTagsEditor (276)
[2018.07.31-00.03.47:787][264]LogModuleManager: Shutting down and abandoning module FacialAnimationEditor (274)
[2018.07.31-00.03.47:787][264]LogModuleManager: Shutting down and abandoning module FacialAnimation (272)
[2018.07.31-00.03.47:787][264]LogModuleManager: Shutting down and abandoning module DataValidation (270)
[2018.07.31-00.03.47:787][264]LogModuleManager: Shutting down and abandoning module AssetManagerEditor (268)
[2018.07.31-00.03.47:787][264]LogModuleManager: Shutting down and abandoning module LevelEditor (267)
[2018.07.31-00.03.47:788][264]LogModuleManager: Shutting down and abandoning module PixelInspectorModule (266)
[2018.07.31-00.03.47:789][264]LogModuleManager: Shutting down and abandoning module CommonMenuExtensions (264)
[2018.07.31-00.03.47:789][264]LogModuleManager: Shutting down and abandoning module MainFrame (262)
[2018.07.31-00.03.47:789][264]LogModuleManager: Shutting down and abandoning module HotReload (261)
[2018.07.31-00.03.47:790][264]LogModuleManager: Shutting down and abandoning module ContentBrowser (257)
[2018.07.31-00.03.47:791][264]LogModuleManager: Shutting down and abandoning module TreeMap (255)
[2018.07.31-00.03.47:791][264]LogModuleManager: Shutting down and abandoning module LightPropagationVolumeRuntime (252)
[2018.07.31-00.03.47:791][264]LogModuleManager: Shutting down and abandoning module AISupportModule (250)
[2018.07.31-00.03.47:791][264]LogModuleManager: Shutting down and abandoning module Paper2D (248)
[2018.07.31-00.03.47:791][264]LogModuleManager: Shutting down and abandoning module WindowsMoviePlayer (246)
[2018.07.31-00.03.47:791][264]LogModuleManager: Shutting down and abandoning module WmfMedia (244)
[2018.07.31-00.03.47:793][264]LogModuleManager: Shutting down and abandoning module Media (243)
[2018.07.31-00.03.47:799][264]LogModuleManager: Shutting down and abandoning module PacketHandler (240)
[2018.07.31-00.03.47:799][264]LogModuleManager: Shutting down and abandoning module ClothingSystemEditor (238)
[2018.07.31-00.03.47:799][264]LogModuleManager: Shutting down and abandoning module ClothingSystemRuntime (236)
[2018.07.31-00.03.47:799][264]LogModuleManager: Shutting down and abandoning module MediaAssets (234)
[2018.07.31-00.03.47:799][264]LogModuleManager: Shutting down and abandoning module Overlay (232)
[2018.07.31-00.03.47:799][264]LogModuleManager: Shutting down and abandoning module OverlayEditor (231)
[2018.07.31-00.03.47:799][264]LogModuleManager: Shutting down and abandoning module VREditor (228)
[2018.07.31-00.03.47:799][264]LogModuleManager: Shutting down and abandoning module StringTableEditor (226)
[2018.07.31-00.03.47:799][264]LogModuleManager: Shutting down and abandoning module GameplayTasksEditor (224)
[2018.07.31-00.03.47:799][264]LogModuleManager: Shutting down and abandoning module BehaviorTreeEditor (222)
[2018.07.31-00.03.47:799][264]LogModuleManager: Shutting down and abandoning module FunctionalTesting (220)
[2018.07.31-00.03.47:800][264]LogModuleManager: Shutting down and abandoning module CollisionAnalyzer (218)
[2018.07.31-00.03.47:800][264]LogModuleManager: Shutting down and abandoning module WorkspaceMenuStructure (217)
[2018.07.31-00.03.47:800][264]LogModuleManager: Shutting down and abandoning module UMG (214)
[2018.07.31-00.03.47:800][264]LogModuleManager: Shutting down and abandoning module UMGEditor (213)
[2018.07.31-00.03.47:800][264]LogModuleManager: Shutting down and abandoning module Sequencer (212)
[2018.07.31-00.03.47:800][264]LogModuleManager: Shutting down and abandoning module MessageLog (209)
[2018.07.31-00.03.47:800][264]LogModuleManager: Shutting down and abandoning module SlateReflector (204)
[2018.07.31-00.03.47:800][264]LogModuleManager: Shutting down and abandoning module Slate (202)
[2018.07.31-00.03.47:800][264]LogModuleManager: Shutting down and abandoning module EditorStyle (200)
[2018.07.31-00.03.47:802][264]LogModuleManager: Shutting down and abandoning module MRMesh (198)
[2018.07.31-00.03.47:802][264]LogModuleManager: Shutting down and abandoning module SourceCodeAccess (196)
[2018.07.31-00.03.47:802][264]LogModuleManager: Shutting down and abandoning module HeadMountedDisplay (194)
[2018.07.31-00.03.47:802][264]LogModuleManager: Shutting down and abandoning module XAudio2 (192)
[2018.07.31-00.03.47:802][264]LogModuleManager: Shutting down and abandoning module Networking (190)
[2018.07.31-00.03.47:802][264]LogModuleManager: Shutting down and abandoning module Core (188)
[2018.07.31-00.03.47:802][264]LogModuleManager: Shutting down and abandoning module LevelSequence (186)
[2018.07.31-00.03.47:802][264]LogModuleManager: Shutting down and abandoning module KismetCompiler (184)
[2018.07.31-00.03.47:802][264]LogModuleManager: Shutting down and abandoning module MeshUtilities (182)
[2018.07.31-00.03.47:802][264]LogModuleManager: Shutting down and abandoning module MeshMergeUtilities (181)
[2018.07.31-00.03.47:802][264]LogModuleManager: Shutting down and abandoning module MeshReductionInterface (180)
[2018.07.31-00.03.47:802][264]LogModuleManager: Shutting down and abandoning module SimplygonSwarm (179)
[2018.07.31-00.03.47:802][264]LogModuleManager: Shutting down and abandoning module ProxyLODMeshReduction (177)
[2018.07.31-00.03.47:802][264]LogModuleManager: Shutting down and abandoning module SimplygonMeshReduction (175)
[2018.07.31-00.03.47:802][264]LogModuleManager: Shutting down and abandoning module QuadricMeshReduction (173)
[2018.07.31-00.03.47:802][264]LogModuleManager: Shutting down and abandoning module MaterialBaking (169)
[2018.07.31-00.03.47:802][264]LogModuleManager: Shutting down and abandoning module DirectoryWatcher (165)
[2018.07.31-00.03.47:802][264]LogModuleManager: Shutting down and abandoning module DerivedDataCache (162)
[2018.07.31-00.03.47:869][264]LogDerivedDataCache: Shutdown
[2018.07.31-00.03.47:869][264]LogModuleManager: Shutting down and abandoning module XGEController (160)
[2018.07.31-00.03.47:869][264]LogXGEController: Cleaning working directory: C:/Users/ames/AppData/Local/Temp/UnrealXGEWorkingDir/
[2018.07.31-00.03.47:869][264]LogModuleManager: Shutting down and abandoning module TargetPlatform (158)
[2018.07.31-00.03.47:869][264]LogModuleManager: Shutting down and abandoning module VulkanShaderFormat (157)
[2018.07.31-00.03.47:869][264]LogModuleManager: Shutting down and abandoning module ShaderFormatVectorVM (155)
[2018.07.31-00.03.47:869][264]LogModuleManager: Shutting down and abandoning module ShaderFormatOpenGL (153)
[2018.07.31-00.03.47:869][264]LogModuleManager: Shutting down and abandoning module ShaderFormatD3D (151)
[2018.07.31-00.03.47:869][264]LogModuleManager: Shutting down and abandoning module MetalShaderFormat (149)
[2018.07.31-00.03.47:872][264]LogModuleManager: Shutting down and abandoning module TextureFormatUncompressed (147)
[2018.07.31-00.03.47:872][264]LogModuleManager: Shutting down and abandoning module TextureFormatPVR (145)
[2018.07.31-00.03.47:872][264]LogModuleManager: Shutting down and abandoning module TextureFormatDXT (143)
[2018.07.31-00.03.47:872][264]LogModuleManager: Shutting down and abandoning module TextureFormatIntelISPCTexComp (141)
[2018.07.31-00.03.47:872][264]LogModuleManager: Shutting down and abandoning module TextureFormatASTC (139)
[2018.07.31-00.03.47:872][264]LogModuleManager: Shutting down and abandoning module ImageWrapper (138)
[2018.07.31-00.03.47:873][264]LogModuleManager: Shutting down and abandoning module TextureFormatAndroid (135)
[2018.07.31-00.03.47:873][264]LogModuleManager: Shutting down and abandoning module AudioFormatOpus (133)
[2018.07.31-00.03.47:873][264]LogModuleManager: Shutting down and abandoning module AudioFormatOgg (131)
[2018.07.31-00.03.47:873][264]LogModuleManager: Shutting down and abandoning module AudioFormatADPCM (129)
[2018.07.31-00.03.47:873][264]LogModuleManager: Shutting down and abandoning module LuminTargetPlatform (127)
[2018.07.31-00.03.47:873][264]LogModuleManager: Shutting down and abandoning module LinuxTargetPlatform (125)
[2018.07.31-00.03.47:873][264]LogModuleManager: Shutting down and abandoning module LinuxServerTargetPlatform (123)
[2018.07.31-00.03.47:873][264]LogModuleManager: Shutting down and abandoning module LinuxNoEditorTargetPlatform (121)
[2018.07.31-00.03.47:874][264]LogModuleManager: Shutting down and abandoning module LinuxClientTargetPlatform (119)
[2018.07.31-00.03.47:874][264]LogModuleManager: Shutting down and abandoning module TVOSTargetPlatform (117)
[2018.07.31-00.03.47:875][264]LogModuleManager: Shutting down and abandoning module Messaging (115)
[2018.07.31-00.03.47:875][264]LogModuleManager: Shutting down and abandoning module IOSTargetPlatform (113)
[2018.07.31-00.03.47:876][264]LogModuleManager: Shutting down and abandoning module HTML5TargetPlatform (111)
[2018.07.31-00.03.47:876][264]LogModuleManager: Shutting down and abandoning module AndroidTargetPlatform (109)
[2018.07.31-00.03.47:883][264]LogModuleManager: Shutting down and abandoning module WindowsTargetPlatform (107)
[2018.07.31-00.03.47:883][264]LogModuleManager: Shutting down and abandoning module WindowsServerTargetPlatform (105)
[2018.07.31-00.03.47:883][264]LogModuleManager: Shutting down and abandoning module WindowsNoEditorTargetPlatform (103)
[2018.07.31-00.03.47:883][264]LogModuleManager: Shutting down and abandoning module WindowsClientTargetPlatform (101)
[2018.07.31-00.03.47:883][264]LogModuleManager: Shutting down and abandoning module MacTargetPlatform (99)
[2018.07.31-00.03.47:883][264]LogModuleManager: Shutting down and abandoning module MacServerTargetPlatform (97)
[2018.07.31-00.03.47:883][264]LogModuleManager: Shutting down and abandoning module MacNoEditorTargetPlatform (95)
[2018.07.31-00.03.47:883][264]LogModuleManager: Shutting down and abandoning module MacClientTargetPlatform (93)
[2018.07.31-00.03.47:883][264]LogModuleManager: Shutting down and abandoning module AllDesktopTargetPlatform (91)
[2018.07.31-00.03.47:883][264]LogModuleManager: Shutting down and abandoning module InputCore (88)
[2018.07.31-00.03.47:883][264]LogModuleManager: Shutting down and abandoning module Settings (86)
[2018.07.31-00.03.47:883][264]LogModuleManager: Shutting down and abandoning module PhysXCooking (84)
[2018.07.31-00.03.47:883][264]LogModuleManager: Shutting down and abandoning module SteamVR (82)
[2018.07.31-00.03.47:883][264]LogModuleManager: Shutting down and abandoning module OculusHMD (80)
[2018.07.31-00.03.47:883][264]LogModuleManager: Shutting down and abandoning module ExampleDeviceProfileSelector (78)
[2018.07.31-00.03.47:883][264]LogModuleManager: Shutting down and abandoning module LauncherChunkInstaller (76)
[2018.07.31-00.03.47:883][264]LogModuleManager: Shutting down and abandoning module OnlineBlueprintSupport (74)
[2018.07.31-00.03.47:883][264]LogModuleManager: Shutting down and abandoning module OnlineSubsystem (70)
[2018.07.31-00.03.47:884][264]LogModuleManager: Shutting down and abandoning module XMPP (65)
[2018.07.31-00.03.47:884][264]LogModuleManager: Shutting down and abandoning module WebSockets (64)
[2018.07.31-00.03.47:911][264]LogModuleManager: Shutting down and abandoning module HTTP (61)
[2018.07.31-00.03.47:911][264]LogHttp: Display: Http module shutting down, but needs to wait on 2 outstanding Http requests:
[2018.07.31-00.03.47:911][264]LogHttp: Display: 	verb=[POST] url=[https://datarouter.ol.epicgames.com/datarouter/api/v1/public/data?SessionID=%7B3777CE81-4BE4-749F-24B7-11B796FFABCE%7D&AppID=UEEditor.Rocket.Release&AppVersion=4.20.0-4212847%2B%2B%2BUE4%2BRelease-4.20&UserID=bfb86c0144cdfa8d48051e819cefa2ad%7Cbc15334574d94df5ba3f8e153b4c9d6c%7C6ee1bc56-865b-4470-b12f-446bfea6588d&AppEnvironment=datacollector-binary&UploadType=eteventstream] status=Processing
[2018.07.31-00.03.47:911][264]LogHttp: Display: 	verb=[POST] url=[https://datarouter.ol.epicgames.com/datarouter/api/v1/public/data?SessionID=%7B3777CE81-4BE4-749F-24B7-11B796FFABCE%7D&AppID=UEEditor.Rocket.Release&AppVersion=4.20.0-4212847%2B%2B%2BUE4%2BRelease-4.20&UserID=bfb86c0144cdfa8d48051e819cefa2ad%7Cbc15334574d94df5ba3f8e153b4c9d6c%7C6ee1bc56-865b-4470-b12f-446bfea6588d&AppEnvironment=datacollector-binary&UploadType=eteventstream] status=Processing
[2018.07.31-00.03.47:934][264]LogModuleManager: Shutting down and abandoning module SSL (60)
[2018.07.31-00.03.47:936][264]LogModuleManager: Shutting down and abandoning module MagicLeapEmulator (56)
[2018.07.31-00.03.47:936][264]LogModuleManager: Shutting down and abandoning module MagicLeapPrivileges (54)
[2018.07.31-00.03.47:936][264]LogModuleManager: Shutting down and abandoning module MagicLeapIdentity (52)
[2018.07.31-00.03.47:936][264]LogModuleManager: Shutting down and abandoning module MagicLeapHelperVulkan (50)
[2018.07.31-00.03.47:936][264]LogModuleManager: Shutting down and abandoning module MagicLeapHelperOpenGL (48)
[2018.07.31-00.03.47:936][264]LogModuleManager: Shutting down and abandoning module MagicLeapSecureStorage (46)
[2018.07.31-00.03.47:936][264]LogModuleManager: Shutting down and abandoning module MagicLeapGestures (44)
[2018.07.31-00.03.47:936][264]LogModuleManager: Shutting down and abandoning module MagicLeapEyeTracker (42)
[2018.07.31-00.03.47:936][264]LogModuleManager: Shutting down and abandoning module MagicLeapController (40)
[2018.07.31-00.03.47:936][264]LogSlate: Slate User Destroyed.  User Index 0, Is Virtual User: 0
[2018.07.31-00.03.47:936][264]LogModuleManager: Shutting down and abandoning module MagicLeap (38)
[2018.07.31-00.03.47:936][264]LogModuleManager: Shutting down and abandoning module AnimationModifiers (36)
[2018.07.31-00.03.47:936][264]LogModuleManager: Shutting down and abandoning module PropertyEditor (35)
[2018.07.31-00.03.47:936][264]LogModuleManager: Shutting down and abandoning module AudioEditor (32)
[2018.07.31-00.03.47:936][264]LogModuleManager: Shutting down and abandoning module TextureCompressor (30)
[2018.07.31-00.03.47:936][264]LogModuleManager: Shutting down and abandoning module ShaderCore (28)
[2018.07.31-00.03.47:936][264]LogModuleManager: Shutting down and abandoning module Landscape (26)
[2018.07.31-00.03.47:936][264]LogModuleManager: Shutting down and abandoning module SlateRHIRenderer (24)
[2018.07.31-00.03.47:937][264]LogModuleManager: Shutting down and abandoning module OpenGLDrv (22)
[2018.07.31-00.03.47:937][264]LogModuleManager: Shutting down and abandoning module D3D11RHI (20)
[2018.07.31-00.03.47:937][264]LogModuleManager: Shutting down and abandoning module AnimGraphRuntime (18)
[2018.07.31-00.03.47:937][264]LogModuleManager: Shutting down and abandoning module Renderer (16)
[2018.07.31-00.03.47:937][264]LogModuleManager: Shutting down and abandoning module Engine (14)
[2018.07.31-00.03.47:937][264]LogModuleManager: Shutting down and abandoning module CoreUObject (12)
[2018.07.31-00.03.47:937][264]LogModuleManager: Shutting down and abandoning module NetworkFile (10)
[2018.07.31-00.03.47:937][264]LogModuleManager: Shutting down and abandoning module CookedIterativeFile (8)
[2018.07.31-00.03.47:937][264]LogModuleManager: Shutting down and abandoning module StreamingFile (6)
[2018.07.31-00.03.47:937][264]LogModuleManager: Shutting down and abandoning module SandboxFile (4)
[2018.07.31-00.03.47:937][264]LogModuleManager: Shutting down and abandoning module PakFile (2)
[2018.07.31-00.03.47:943][264]LogExit: Exiting.
[2018.07.31-00.03.47:961][264]Log file closed, 07/31/18 12:03:47
