Log file open, 08/02/18 09:46:10
LogWindows: Failed to load 'aqProf.dll' (GetLastError=126)
LogWindows: File 'aqProf.dll' does not exist
LogWindows: Failed to load 'VSPerf140.dll' (GetLastError=126)
LogWindows: File 'VSPerf140.dll' does not exist
LogWindows: Failed to load 'VtuneApi.dll' (GetLastError=126)
LogWindows: File 'VtuneApi.dll' does not exist
LogWindows: Failed to load 'VtuneApi32e.dll' (GetLastError=126)
LogWindows: File 'VtuneApi32e.dll' does not exist
LogInit: Display: Running engine for game: CS205
LogPlatformFile: Not using cached read wrapper
LogTaskGraph: Started task graph with 5 named threads and 23 total threads with 3 sets of task threads.
LogStats: Stats thread started at 1.031973
LogD3D11RHI: Loaded GFSDK_Aftermath_Lib.x64.dll
LogICUInternationalization: Display: ICU TimeZone Detection - Raw Offset: +12:00, Platform Override: ''
LogPluginManager: Mounting plugin Paper2D
LogPluginManager: Mounting plugin AISupport
LogPluginManager: Mounting plugin LightPropagationVolume
LogPluginManager: Mounting plugin CLionSourceCodeAccess
LogPluginManager: Mounting plugin CodeLiteSourceCodeAccess
LogPluginManager: Mounting plugin GitSourceControl
LogPluginManager: Mounting plugin KDevelopSourceCodeAccess
LogPluginManager: Mounting plugin NullSourceCodeAccess
LogPluginManager: Mounting plugin PerforceSourceControl
LogPluginManager: Mounting plugin SubversionSourceControl
LogPluginManager: Mounting plugin UObjectPlugin
LogPluginManager: Mounting plugin VisualStudioCodeSourceCodeAccess
LogPluginManager: Mounting plugin VisualStudioSourceCodeAccess
LogPluginManager: Mounting plugin XCodeSourceCodeAccess
LogPluginManager: Mounting plugin AssetManagerEditor
LogPluginManager: Mounting plugin CryptoKeys
LogPluginManager: Mounting plugin DataValidation
LogPluginManager: Mounting plugin FacialAnimation
LogPluginManager: Mounting plugin GameplayTagsEditor
LogPluginManager: Mounting plugin MacGraphicsSwitching
LogPluginManager: Mounting plugin MeshEditor
LogPluginManager: Mounting plugin MobileLauncherProfileWizard
LogPluginManager: Mounting plugin PluginBrowser
LogPluginManager: Mounting plugin SpeedTreeImporter
LogPluginManager: Mounting plugin DatasmithContent
LogPluginManager: Mounting plugin AlembicImporter
LogPluginManager: Mounting plugin AppleImageUtils
LogPluginManager: Mounting plugin AppleVision
LogPluginManager: Mounting plugin BackChannel
LogPluginManager: Mounting plugin CharacterAI
LogPluginManager: Mounting plugin GeometryCache
LogPluginManager: Mounting plugin HTML5Networking
LogPluginManager: Mounting plugin ProxyLODPlugin
LogPluginManager: Mounting plugin MagicLeap
LogPluginManager: Mounting plugin MagicLeapEmulator
LogPluginManager: Mounting plugin MagicLeapMedia
LogPluginManager: Mounting plugin AndroidMedia
LogPluginManager: Mounting plugin AvfMedia
LogPluginManager: Mounting plugin ImgMedia
LogPluginManager: Mounting plugin LinearTimecode
LogPluginManager: Mounting plugin MediaCompositing
LogPluginManager: Mounting plugin MediaPlayerEditor
LogPluginManager: Mounting plugin WmfMedia
LogPluginManager: Mounting plugin TcpMessaging
LogPluginManager: Mounting plugin UdpMessaging
LogPluginManager: Mounting plugin ActorSequence
LogPluginManager: Mounting plugin LevelSequenceEditor
LogPluginManager: Mounting plugin MatineeToLevelSequence
LogPluginManager: Mounting plugin NetcodeUnitTest
LogPluginManager: Mounting plugin NUTUnrealEngine4
LogPluginManager: Mounting plugin OnlineSubsystemGooglePlay
LogPluginManager: Mounting plugin OnlineSubsystemIOS
LogPluginManager: Mounting plugin OnlineSubsystem
LogPluginManager: Mounting plugin OnlineSubsystemNull
LogPluginManager: Mounting plugin OnlineSubsystemUtils
LogPluginManager: Mounting plugin LauncherChunkInstaller
LogPluginManager: Mounting plugin AndroidDeviceProfileSelector
LogPluginManager: Mounting plugin AndroidMoviePlayer
LogPluginManager: Mounting plugin AndroidPermission
LogPluginManager: Mounting plugin AppleMoviePlayer
LogPluginManager: Mounting plugin ArchVisCharacter
LogPluginManager: Mounting plugin AudioCapture
LogPluginManager: Mounting plugin CableComponent
LogPluginManager: Mounting plugin CustomMeshComponent
LogPluginManager: Mounting plugin EditableMesh
LogPluginManager: Mounting plugin ExampleDeviceProfileSelector
LogPluginManager: Mounting plugin GoogleCloudMessaging
LogPluginManager: Mounting plugin ImmediatePhysics
LogPluginManager: Mounting plugin IOSDeviceProfileSelector
LogPluginManager: Mounting plugin LinuxDeviceProfileSelector
LogPluginManager: Mounting plugin LocationServicesBPLibrary
LogPluginManager: Mounting plugin MobilePatchingUtils
LogPluginManager: Mounting plugin OculusVR
LogPluginManager: Plugin shader directory ../../../Engine/Plugins/Runtime/Oculus/OculusVR/Shaders found
LogPluginManager: Mapping shader source directory ../../../Engine/Plugins/Runtime/Oculus/OculusVR/Shaders to virtual directory /Plugin/OculusVR
LogPluginManager: Mounting plugin PhysXVehicles
LogPluginManager: Mounting plugin ProceduralMeshComponent
LogPluginManager: Mounting plugin RuntimePhysXCooking
LogPluginManager: Mounting plugin SteamVR
LogPluginManager: Mounting plugin WindowsMoviePlayer
LogStreaming: Display: Took  0.139s to configure plugins.
LogInit: Using libcurl 7.55.1-DEV
LogInit:  - built for x86_64-pc-win32
LogInit:  - supports SSL with OpenSSL/1.0.2h
LogInit:  - supports HTTP deflate (compression) using libz 1.2.8
LogInit:  - other features:
LogInit:      CURL_VERSION_SSL
LogInit:      CURL_VERSION_LIBZ
LogInit:      CURL_VERSION_IPV6
LogInit:      CURL_VERSION_ASYNCHDNS
LogInit:      CURL_VERSION_LARGEFILE
LogInit:      CURL_VERSION_IDN
LogInit:  CurlRequestOptions (configurable via config and command line):
LogInit:  - bVerifyPeer = false  - Libcurl will NOT verify peer certificate
LogInit:  - bUseHttpProxy = false  - Libcurl will NOT use HTTP proxy
LogInit:  - bDontReuseConnections = false  - Libcurl will reuse connections
LogInit:  - CertBundlePath = nullptr  - Libcurl will use whatever was configured at build time.
LogInit:  - MaxHostConnections = 16  - Libcurl will limit the number of connections to a host
LogInit:  - LocalHostAddr = Default
LogInit:  - BufferSize = 65536
LogInit: WinSock: version 1.1 (2.2), MaxSocks=32767, MaxUdp=65467
LogInit: Build: ++UE4+Release-4.20-CL-4212847
LogInit: Engine Version: 4.20.0-4212847+++UE4+Release-4.20
LogInit: Compatible Engine Version: 4.20.0-4212847+++UE4+Release-4.20
LogInit: Net CL: 4212847
LogInit: OS: Windows 10 (), CPU: Intel(R) Core(TM) i7-7700 CPU @ 3.60GHz, GPU: NVIDIA GeForce GTX 1070
LogInit: Compiled (64-bit): Jul 14 2018 09:51:14
LogInit: Compiled with Visual C++: 19.13.26129.00
LogInit: Build Configuration: Development
LogInit: Branch Name: ++UE4+Release-4.20
LogInit: Command Line:  
LogInit: Base Directory: C:/Program Files/Epic Games/UE_4.20/Engine/Binaries/Win64/
LogInit: Installed Engine Build: 1
LogDevObjectVersion: Number of dev versions registered: 20
LogDevObjectVersion:   Dev-Blueprints (B0D832E4-1F89-4F0D-ACCF-7EB736FD4AA2): 10
LogDevObjectVersion:   Dev-Build (E1C64328-A22C-4D53-A36C-8E866417BD8C): 0
LogDevObjectVersion:   Dev-Core (375EC13C-06E4-48FB-B500-84F0262A717E): 2
LogDevObjectVersion:   Dev-Editor (E4B068ED-F494-42E9-A231-DA0B2E46BB41): 24
LogDevObjectVersion:   Dev-Framework (CFFC743F-43B0-4480-9391-14DF171D2073): 34
LogDevObjectVersion:   Dev-Mobile (B02B49B5-BB20-44E9-A304-32B752E40360): 2
LogDevObjectVersion:   Dev-Networking (A4E4105C-59A1-49B5-A7C5-40C4547EDFEE): 0
LogDevObjectVersion:   Dev-Online (39C831C9-5AE6-47DC-9A44-9C173E1C8E7C): 0
LogDevObjectVersion:   Dev-Physics (78F01B33-EBEA-4F98-B9B4-84EACCB95AA2): 0
LogDevObjectVersion:   Dev-Platform (6631380F-2D4D-43E0-8009-CF276956A95A): 0
LogDevObjectVersion:   Dev-Rendering (12F88B9F-8875-4AFC-A67C-D90C383ABD29): 26
LogDevObjectVersion:   Dev-Sequencer (7B5AE74C-D270-4C10-A958-57980B212A5A): 9
LogDevObjectVersion:   Dev-VR (D7296918-1DD6-4BDD-9DE2-64A83CC13884): 2
LogDevObjectVersion:   Dev-LoadTimes (C2A15278-BFE7-4AFE-6C17-90FF531DF755): 1
LogDevObjectVersion:   Private-Geometry (6EACA3D4-40EC-4CC1-B786-8BED09428FC5): 3
LogDevObjectVersion:   Dev-AnimPhys (29E575DD-E0A3-4627-9D10-D276232CDCEA): 17
LogDevObjectVersion:   Dev-ReflectionCapture (6B266CEC-1EC7-4B8F-A30B-E4D90942FC07): 1
LogDevObjectVersion:   Dev-Automation (0DF73D61-A23F-47EA-B727-89E90C41499A): 1
LogDevObjectVersion:   FortniteMain (601D1886-AC64-4F84-AA16-D3DE0DEAC7D6): 12
LogDevObjectVersion:   Dev-Enterprise (9DFFBCD6-494F-0158-E221-12823C92A888): 1
LogStreaming: Display: Took  0.023s to delete old logs.
LogInit: Presizing for max 8388607 objects, including 0 objects not considered by GC, pre-allocating 0 bytes for permanent pool.
LogInit: Object subsystem initialized
[2018.08.01-21.46.11:251][  0]LogInit: Selected Device Profile: [Windows]
[2018.08.01-21.46.11:252][  0]LogInit: Applying CVar settings loaded from the selected device profile: [Windows]
[2018.08.01-21.46.11:281][  0]LogHAL: Display: Platform has ~ 16 GB [17136259072 / 17179869184 / 16], which maps to Larger [LargestMinGB=32, LargerMinGB=12, DefaultMinGB=8, SmallerMinGB=6, SmallestMinGB=0)
[2018.08.01-21.46.11:281][  0]LogInit: Setting Device Profile CVar: [[r.Vulkan.UseRealUBs:1]]
[2018.08.01-21.46.11:282][  0]LogInit: Going up to parent DeviceProfile []
[2018.08.01-21.46.11:286][  0]LogInit: Computer: A02065
[2018.08.01-21.46.11:286][  0]LogInit: User: ames
[2018.08.01-21.46.11:286][  0]LogInit: CPU Page size=4096, Cores=4
[2018.08.01-21.46.11:286][  0]LogInit: High frequency timer resolution =3.515632 MHz
[2018.08.01-21.46.11:286][  0]LogMemory: Memory total: Physical=16.0GB (16GB approx)
[2018.08.01-21.46.11:286][  0]LogMemory: Platform Memory Stats for Windows
[2018.08.01-21.46.11:286][  0]LogMemory: Process Physical Memory: 100.44 MB used, 100.44 MB peak
[2018.08.01-21.46.11:286][  0]LogMemory: Process Virtual Memory: 89.35 MB used, 89.35 MB peak
[2018.08.01-21.46.11:287][  0]LogMemory: Physical Memory: 3290.71 MB used,  13051.70 MB free, 16342.41 MB total
[2018.08.01-21.46.11:287][  0]LogMemory: Virtual Memory: 4637.46 MB used,  13051.70 MB free, 134217728.00 MB total
[2018.08.01-21.46.11:622][  0]LogInit: Using OS detected language (en-US).
[2018.08.01-21.46.11:622][  0]LogInit: Using OS detected locale (en-NZ).
[2018.08.01-21.46.11:624][  0]LogTextLocalizationManager: No specific localization for 'en-US' exists, so the 'en' localization will be used.
[2018.08.01-21.46.11:965][  0]LogStreaming: Display: Took  0.342s to InitEngineTextLocalization.
[2018.08.01-21.46.11:965][  0]LogInit: Setting process to per monitor DPI aware
[2018.08.01-21.46.12:024][  0]LogSlate: New Slate User Created.  User Index 0, Is Virtual User: 0
[2018.08.01-21.46.12:024][  0]LogSlate: Slate User Registered.  User Index 0, Is Virtual User: 0
[2018.08.01-21.46.12:621][  0]LogHMD: Failed to initialize OpenVR with code 110
[2018.08.01-21.46.12:621][  0]LogD3D11RHI: D3D11 adapters:
[2018.08.01-21.46.12:682][  0]LogD3D11RHI:    0. 'NVIDIA GeForce GTX 1070' (Feature Level 11_0)
[2018.08.01-21.46.12:682][  0]LogD3D11RHI:       8096/0/8171 MB DedicatedVideo/DedicatedSystem/SharedSystem, Outputs:2, VendorId:0x10de
[2018.08.01-21.46.12:684][  0]LogD3D11RHI:    1. 'Microsoft Basic Render Driver' (Feature Level 11_0)
[2018.08.01-21.46.12:684][  0]LogD3D11RHI:       0/0/8171 MB DedicatedVideo/DedicatedSystem/SharedSystem, Outputs:0, VendorId:0x1414
[2018.08.01-21.46.12:684][  0]LogD3D11RHI: Chosen D3D11 Adapter: 0
[2018.08.01-21.46.12:689][  0]LogD3D11RHI: Creating new Direct3DDevice
[2018.08.01-21.46.12:689][  0]LogD3D11RHI:     GPU DeviceId: 0x1b81 (for the marketing name, search the web for "GPU Device Id")
[2018.08.01-21.46.12:690][  0]LogWindows: EnumDisplayDevices:
[2018.08.01-21.46.12:690][  0]LogWindows:    0. 'NVIDIA GeForce GTX 1070' (P:0 D:1)
[2018.08.01-21.46.12:690][  0]LogWindows:    1. 'NVIDIA GeForce GTX 1070' (P:1 D:1)
[2018.08.01-21.46.12:690][  0]LogWindows:    2. 'NVIDIA GeForce GTX 1070' (P:0 D:0)
[2018.08.01-21.46.12:690][  0]LogWindows:    3. 'NVIDIA GeForce GTX 1070' (P:0 D:0)
[2018.08.01-21.46.12:690][  0]LogWindows: DebugString: FoundDriverCount:4 
[2018.08.01-21.46.12:690][  0]LogD3D11RHI:     Adapter Name: NVIDIA GeForce GTX 1070
[2018.08.01-21.46.12:691][  0]LogD3D11RHI:   Driver Version: 388.13 (internal:23.21.13.8813, unified:388.13)
[2018.08.01-21.46.12:691][  0]LogD3D11RHI:      Driver Date: 10-27-2017
[2018.08.01-21.46.12:691][  0]LogRHI: Texture pool is 5667 MB (70% of 8096 MB)
[2018.08.01-21.46.12:717][  0]LogD3D11RHI: Async texture creation enabled
[2018.08.01-21.46.12:739][  0]LogD3D11RHI: GPU Timing Frequency: 1000.000000 (Debug: 2 1)
[2018.08.01-21.46.12:745][  0]LogShaderCompilers: Guid format shader working directory is -24 characters bigger than the processId version (../../../../../../Users/ames/Desktop/CS205-Fingureblaster/V0.02/CS205/Intermediate/Shaders/WorkingDirectory/9572/).
[2018.08.01-21.46.12:745][  0]LogShaderCompilers: Cleaned the shader compiler working directory 'C:/Users/ames/AppData/Local/Temp/UnrealShaderWorkingDir/4039B0A940DC34D003BF118D1A029BFD/'.
[2018.08.01-21.46.13:285][  0]LogTemp: Display: Loaded TP AllDesktopTargetPlatform
[2018.08.01-21.46.13:299][  0]LogTemp: Display: Loaded TP MacClientTargetPlatform
[2018.08.01-21.46.13:313][  0]LogTemp: Display: Loaded TP MacNoEditorTargetPlatform
[2018.08.01-21.46.13:328][  0]LogTemp: Display: Loaded TP MacServerTargetPlatform
[2018.08.01-21.46.13:343][  0]LogTemp: Display: Loaded TP MacTargetPlatform
[2018.08.01-21.46.13:359][  0]LogTemp: Display: Loaded TP WindowsClientTargetPlatform
[2018.08.01-21.46.13:373][  0]LogTemp: Display: Loaded TP WindowsNoEditorTargetPlatform
[2018.08.01-21.46.13:388][  0]LogTemp: Display: Loaded TP WindowsServerTargetPlatform
[2018.08.01-21.46.13:397][  0]LogTemp: Display: Loaded TP WindowsTargetPlatform
[2018.08.01-21.46.13:473][  0]LogTemp: Display: Loaded TP AndroidTargetPlatform
[2018.08.01-21.46.13:473][  0]LogTemp: Display: Loaded TP AndroidTargetPlatform
[2018.08.01-21.46.13:473][  0]LogTemp: Display: Loaded TP AndroidTargetPlatform
[2018.08.01-21.46.13:473][  0]LogTemp: Display: Loaded TP AndroidTargetPlatform
[2018.08.01-21.46.13:473][  0]LogTemp: Display: Loaded TP AndroidTargetPlatform
[2018.08.01-21.46.13:473][  0]LogTemp: Display: Loaded TP AndroidTargetPlatform
[2018.08.01-21.46.13:473][  0]LogTemp: Display: Loaded TP AndroidTargetPlatform
[2018.08.01-21.46.13:473][  0]LogTemp: Display: Loaded TP AndroidTargetPlatform
[2018.08.01-21.46.13:473][  0]LogTemp: Display: Loaded TP AndroidTargetPlatform
[2018.08.01-21.46.13:473][  0]LogTemp: Display: Loaded TP AndroidTargetPlatform
[2018.08.01-21.46.13:473][  0]LogTemp: Display: Loaded TP AndroidTargetPlatform
[2018.08.01-21.46.13:473][  0]LogTemp: Display: Loaded TP AndroidTargetPlatform
[2018.08.01-21.46.13:473][  0]LogTemp: Display: Loaded TP AndroidTargetPlatform
[2018.08.01-21.46.13:473][  0]LogTemp: Display: Loaded TP AndroidTargetPlatform
[2018.08.01-21.46.13:473][  0]LogTemp: Display: Loaded TP AndroidTargetPlatform
[2018.08.01-21.46.13:473][  0]LogTemp: Display: Loaded TP AndroidTargetPlatform
[2018.08.01-21.46.13:473][  0]LogTemp: Display: Loaded TP AndroidTargetPlatform
[2018.08.01-21.46.13:473][  0]LogTemp: Display: Loaded TP AndroidTargetPlatform
[2018.08.01-21.46.13:477][  0]LogTemp: Display: Loaded TP HTML5TargetPlatform
[2018.08.01-21.46.13:538][  0]LogTemp: Display: Loaded TP IOSTargetPlatform
[2018.08.01-21.46.13:538][  0]LogTemp: Display: Loaded TP IOSTargetPlatform
[2018.08.01-21.46.13:559][  0]LogTemp: Display: Loaded TP TVOSTargetPlatform
[2018.08.01-21.46.13:559][  0]LogTemp: Display: Loaded TP TVOSTargetPlatform
[2018.08.01-21.46.13:572][  0]LogTemp: Display: Loaded TP LinuxClientTargetPlatform
[2018.08.01-21.46.13:584][  0]LogTemp: Display: Loaded TP LinuxNoEditorTargetPlatform
[2018.08.01-21.46.13:596][  0]LogTemp: Display: Loaded TP LinuxServerTargetPlatform
[2018.08.01-21.46.13:610][  0]LogTemp: Display: Loaded TP LinuxTargetPlatform
[2018.08.01-21.46.13:620][  0]LogTemp: Display: Loaded TP LuminTargetPlatform
[2018.08.01-21.46.13:620][  0]LogTargetPlatformManager: Display: Building Assets For Windows
[2018.08.01-21.46.13:728][  0]LogXGEController: Cleaning working directory: C:/Users/ames/AppData/Local/Temp/UnrealXGEWorkingDir/
[2018.08.01-21.46.13:728][  0]LogXGEController: Cannot use XGE Controller as Incredibuild is not installed on this machine.
[2018.08.01-21.46.13:728][  0]LogShaderCompilers: Cannot use XGE Shader Compiler as Incredibuild is not installed on this machine.
[2018.08.01-21.46.13:728][  0]LogShaderCompilers: Display: Using Local Shader Compiler.
[2018.08.01-21.46.14:946][  0]LogDerivedDataCache: Display: Max Cache Size: 512 MB
[2018.08.01-21.46.15:373][  0]LogDerivedDataCache: Loaded boot cache 0.43s 71MB C:/Users/ames/AppData/Local/UnrealEngine/4.20/DerivedDataCache/Boot.ddc.
[2018.08.01-21.46.15:373][  0]LogDerivedDataCache: Display: Loaded Boot cache: C:/Users/ames/AppData/Local/UnrealEngine/4.20/DerivedDataCache/Boot.ddc
[2018.08.01-21.46.15:374][  0]LogDerivedDataCache: FDerivedDataBackendGraph:  Pak pak cache file ../../../../../../Users/ames/Desktop/CS205-Fingureblaster/V0.02/CS205/DerivedDataCache/DDC.ddp not found, will not use a pak cache.
[2018.08.01-21.46.15:374][  0]LogDerivedDataCache: Unable to find inner node Pak for hierarchical cache Hierarchy.
[2018.08.01-21.46.15:374][  0]LogDerivedDataCache: FDerivedDataBackendGraph:  CompressedPak pak cache file ../../../../../../Users/ames/Desktop/CS205-Fingureblaster/V0.02/CS205/DerivedDataCache/Compressed.ddp not found, will not use a pak cache.
[2018.08.01-21.46.15:374][  0]LogDerivedDataCache: Unable to find inner node CompressedPak for hierarchical cache Hierarchy.
[2018.08.01-21.46.15:390][  0]LogDerivedDataCache: Display: Pak cache opened for reading ../../../Engine/DerivedDataCache/Compressed.ddp.
[2018.08.01-21.46.15:404][  0]LogDerivedDataCache: Using Local data cache path C:/Users/ames/AppData/Local/UnrealEngine/Common/DerivedDataCache: Writable
[2018.08.01-21.46.15:404][  0]LogDerivedDataCache: Shared data cache path not found in *engine.ini, will not use an Shared cache.
[2018.08.01-21.46.15:404][  0]LogDerivedDataCache: Unable to find inner node Shared for hierarchical cache Hierarchy.
[2018.08.01-21.46.15:431][  0]LogMaterial: Verifying Global Shaders for PCD3D_SM5
[2018.08.01-21.46.15:437][  0]LogSlate: Using FreeType 2.6.0
[2018.08.01-21.46.15:442][  0]LogSlate: SlateFontServices - WITH_FREETYPE: 1, WITH_HARFBUZZ: 1
[2018.08.01-21.46.15:658][  0]LogAssetRegistry: FAssetRegistry took 0.0288 seconds to start up
[2018.08.01-21.46.16:021][  0]LogInit: Selected Device Profile: [Windows]
[2018.08.01-21.46.16:174][  0]LogSimplygon: Simplygon DLL not present - disabling.
[2018.08.01-21.46.16:196][  0]LogMeshReduction: Using SimplygonSwarm for distributed automatic mesh merging
[2018.08.01-21.46.16:196][  0]LogMeshReduction: Using ProxyLODMeshReduction for automatic mesh merging
[2018.08.01-21.46.16:197][  0]LogMeshReduction: Using QuadricMeshReduction for automatic static mesh reduction
[2018.08.01-21.46.16:197][  0]LogMeshReduction: No automatic skeletal mesh reduction module available
[2018.08.01-21.46.16:321][  0]LogNetVersion: CS205 1.0.0, NetCL: 4212847, EngineNetVer: 5, GameNetVer: 0 (Checksum: 3832072326)
[2018.08.01-21.46.17:099][  0]LogPackageLocalizationCache: Processed 11 localized package path(s) for 2 prioritized culture(s) in 0.099587 seconds
[2018.08.01-21.46.17:106][  0]LogUObjectArray: 38425 objects as part of root set at end of initial load.
[2018.08.01-21.46.17:106][  0]LogUObjectAllocator: 6690872 out of 0 bytes used by permanent object pool.
[2018.08.01-21.46.17:106][  0]LogUObjectArray: CloseDisregardForGC: 0/0 objects in disregard for GC pool
[2018.08.01-21.46.19:441][  0]LogTcpMessaging: Initializing TcpMessaging bridge
[2018.08.01-21.46.19:461][  0]LogUdpMessaging: Initializing bridge on interface 0.0.0.0:0 to multicast group 230.0.0.1:6666.
[2018.08.01-21.46.19:780][  0]SourceControl: Source control is disabled
[2018.08.01-21.46.19:780][  0]SourceControl: Source control is disabled
[2018.08.01-21.46.19:790][  0]SourceControl: Source control is disabled
[2018.08.01-21.46.19:794][  0]SourceControl: Source control is disabled
[2018.08.01-21.46.20:138][  0]LogAndroidPermission: UAndroidPermissionCallbackProxy::GetInstance
[2018.08.01-21.46.20:232][  0]LogOcInput: OculusInput pre-init called
[2018.08.01-21.46.20:332][  0]LogEngine: Initializing Engine...
[2018.08.01-21.46.20:334][  0]LogHMD: Failed to initialize OpenVR with code 110
[2018.08.01-21.46.20:337][  0]LogStats: UGameplayTagsManager::ConstructGameplayTagTree: ImportINI prefixes -  0.000 s
[2018.08.01-21.46.20:337][  0]LogStats: UGameplayTagsManager::ConstructGameplayTagTree: Construct from data asset -  0.000 s
[2018.08.01-21.46.20:337][  0]LogStats: UGameplayTagsManager::ConstructGameplayTagTree: ImportINI -  0.000 s
[2018.08.01-21.46.20:337][  0]LogStats: UGameplayTagsManager::ConstructGameplayTagTree: GameplayTagTreeChangedEvent.Broadcast -  0.000 s
[2018.08.01-21.46.20:565][  0]LogInit: Initializing FReadOnlyCVARCache
[2018.08.01-21.46.20:608][  0]LogAIModule: Creating AISystem for world Untitled
[2018.08.01-21.46.20:635][  0]LogInit: XAudio2 using 'Headphones (3- SteelSeries Arctis 7 Game)' : 2 channels at 48 kHz using 16 bits per sample (channel mask 0x3)
[2018.08.01-21.46.20:655][  0]LogInit: FAudioDevice initialized.
[2018.08.01-21.46.20:655][  0]LogNetVersion: Set ProjectVersion to 1.0.0.0. Version Checksum will be recalculated on next use.
[2018.08.01-21.46.20:709][  0]LogDerivedDataCache: Saved boot cache 0.05s 71MB C:/Users/ames/AppData/Local/UnrealEngine/4.20/DerivedDataCache/Boot.ddc.
[2018.08.01-21.46.20:718][  0]LogInit: Texture streaming: Enabled
[2018.08.01-21.46.20:745][  0]LogEngineSessionManager: EngineSessionManager initialized
[2018.08.01-21.46.20:763][  0]LogWindowsTextInputMethodSystem: Display: IME system now deactivated.
[2018.08.01-21.46.20:794][  0]LogInit: Transaction tracking system initialized
[2018.08.01-21.46.20:846][  0]BlueprintLog: New page: Editor Load
[2018.08.01-21.46.21:047][  0]LocalizationService: Localization service is disabled
[2018.08.01-21.46.21:747][  0]LogCook: Display: Max memory allowance for cook 16384mb min free memory 0mb
[2018.08.01-21.46.21:748][  0]LogCook: Display: Mobile HDR setting 1
[2018.08.01-21.46.21:748][  0]LogGameplayTags: Display: UGameplayTagsManager::DoneAddingNativeTags. DelegateIsBound: 0
[2018.08.01-21.46.21:748][  0]LogStats: UGameplayTagsManager::ConstructGameplayTagTree: ImportINI prefixes -  0.000 s
[2018.08.01-21.46.21:748][  0]LogStats: UGameplayTagsManager::ConstructGameplayTagTree: Construct from data asset -  0.000 s
[2018.08.01-21.46.21:748][  0]LogStats: UGameplayTagsManager::ConstructGameplayTagTree: ImportINI -  0.000 s
[2018.08.01-21.46.21:748][  0]LogStats: UGameplayTagsManager::ConstructGameplayTagTree: GameplayTagTreeChangedEvent.Broadcast -  0.000 s
[2018.08.01-21.46.22:011][  0]LogFileCache: Scanning file cache for directory 'C:/Users/ames/Desktop/CS205-Fingureblaster/V0.02/CS205/Content/' took 0.01s
[2018.08.01-21.46.22:011][  0]SourceControl: Source control is disabled
[2018.08.01-21.46.22:012][  0]Cmd: MAP LOAD FILE="../../../../../../Users/ames/Desktop/CS205-Fingureblaster/V0.02/CS205/Content/Map/MainMenu.umap" TEMPLATE=0 SHOWPROGRESS=1 FEATURELEVEL=3
[2018.08.01-21.46.22:014][  0]LightingResults: New page: Lighting Build
[2018.08.01-21.46.22:021][  0]MapCheck: New page: Map Check
[2018.08.01-21.46.22:021][  0]LightingResults: New page: Lighting Build
[2018.08.01-21.46.22:317][  0]LogAIModule: Creating AISystem for world MainMenu
[2018.08.01-21.46.22:321][  0]LogEditorServer: Finished looking for orphan Actors (0.000 secs)
[2018.08.01-21.46.22:348][  0]Cmd: MAP CHECKDEP NOCLEARLOG
[2018.08.01-21.46.22:500][  0]MapCheck: Map check complete: 0 Error(s), 0 Warning(s), took 151.65ms to complete.
[2018.08.01-21.46.22:500][  0]LogFileHelpers: Loading map 'MainMenu' took 0.488
[2018.08.01-21.46.22:664][  0]LogSlate: Updating window title bar state: overlay mode, drag disabled, window buttons hidden, title bar hidden
[2018.08.01-21.46.22:673][  0]LogSlate: Updating window title bar state: overlay mode, drag disabled, window buttons hidden, title bar hidden
[2018.08.01-21.46.22:682][  0]LogSlate: Updating window title bar state: overlay mode, drag disabled, window buttons hidden, title bar hidden
[2018.08.01-21.46.22:691][  0]LogSlate: Updating window title bar state: overlay mode, drag disabled, window buttons hidden, title bar hidden
[2018.08.01-21.46.22:707][  0]LogCollectionManager: Loaded 0 collections in 0.002204 seconds
[2018.08.01-21.46.22:766][  0]LogFileCache: Scanning file cache for directory 'C:/Users/ames/Desktop/CS205-Fingureblaster/V0.02/CS205/Saved/Collections/' took 0.01s
[2018.08.01-21.46.22:766][  0]LogFileCache: Scanning file cache for directory 'C:/Users/ames/Desktop/CS205-Fingureblaster/V0.02/CS205/Content/Developers/ames/Collections/' took 0.01s
[2018.08.01-21.46.22:766][  0]LogFileCache: Scanning file cache for directory 'C:/Users/ames/Desktop/CS205-Fingureblaster/V0.02/CS205/Content/Collections/' took 0.01s
[2018.08.01-21.46.22:766][  0]LogCollectionManager: Rebuilt the GUID cache for 0 collections in 0.000000 seconds
[2018.08.01-21.46.22:777][  0]LogContentBrowser: Native class hierarchy populated in 0.0097 seconds. Added 2572 classes and 603 folders.
[2018.08.01-21.46.22:791][  0]LogContentBrowser: Native class hierarchy updated for 'WidgetCarousel' in 0.0003 seconds. Added 0 classes and 0 folders.
[2018.08.01-21.46.22:903][  0]LogContentBrowser: Native class hierarchy updated for 'AddContentDialog' in 0.0003 seconds. Added 0 classes and 0 folders.
[2018.08.01-21.46.22:915][  0]LogContentBrowser: Native class hierarchy updated for 'SceneOutliner' in 0.0003 seconds. Added 1 classes and 2 folders.
[2018.08.01-21.46.23:036][  0]LogSlate: Took 0.001862 seconds to synchronously load lazily loaded font '../../../Engine/Content/Slate/Fonts/Roboto-Regular.ttf' (155K)
[2018.08.01-21.46.23:040][  0]LogSlate: Took 0.001703 seconds to synchronously load lazily loaded font '../../../Engine/Content/Slate/Fonts/Roboto-Bold.ttf' (160K)
[2018.08.01-21.46.23:047][  0]LogSlate: Took 0.001156 seconds to synchronously load lazily loaded font '../../../Engine/Content/Editor/Slate/Fonts/FontAwesome.ttf' (139K)
[2018.08.01-21.46.23:136][  0]LogRenderer: Reallocating scene render targets to support 1208x552 Format 10 NumSamples 1 (Frame:1).
[2018.08.01-21.46.23:281][  0]LogContentBrowser: Native class hierarchy updated for 'HierarchicalLODOutliner' in 0.0003 seconds. Added 0 classes and 0 folders.
[2018.08.01-21.46.23:281][  0]LogLoad: (Engine Initialization) Total time: 16.66 seconds
[2018.08.01-21.46.23:281][  0]LogLoad: (Engine Initialization) Total Blueprint compile time: 0.00 seconds
[2018.08.01-21.46.23:323][  0]LogContentStreaming: Texture pool size now 3000 MB
[2018.08.01-21.46.23:352][  0]LogSlate: Took 0.001483 seconds to synchronously load lazily loaded font '../../../Engine/Content/Slate/Fonts/Roboto-Light.ttf' (167K)
[2018.08.01-21.46.23:379][  1]LogAssetRegistry: Asset discovery search completed in 7.7431 seconds
[2018.08.01-21.46.23:380][  1]LogCollectionManager: Rebuilt the object cache for 0 collections in 0.000000 seconds (found 0 objects)
[2018.08.01-21.46.23:380][  1]LogCollectionManager: Fixed up redirectors for 0 collections in 0.000046 seconds (updated 0 objects)
[2018.08.01-21.46.34:580][ 35]LogSlate: FSceneViewport::OnFocusLost() reason 0
[2018.08.01-21.46.39:267][570]LogSlate: Took 0.000254 seconds to synchronously load lazily loaded font '../../../Engine/Content/Slate/Fonts/Roboto-Light.ttf' (167K)
[2018.08.01-21.46.39:273][570]LogAssetEditorManager: Opening Asset editor for WidgetBlueprint /Game/UI/MainMenu/OptionsMenu.OptionsMenu
[2018.08.01-21.46.39:689][570]LogContentBrowser: Native class hierarchy updated for 'BlueprintGraph' in 0.0005 seconds. Added 116 classes and 0 folders.
[2018.08.01-21.46.40:377][570]LogSlate: Took 0.001399 seconds to synchronously load lazily loaded font '../../../Engine/Content/Slate/Fonts/Roboto-BoldCondensed.ttf' (158K)
[2018.08.01-21.46.42:168][753]LogSlate: Took 0.001634 seconds to synchronously load lazily loaded font '../../../Engine/Content/Slate/Fonts/Roboto-Italic.ttf' (157K)
[2018.08.01-21.46.45:863][188]LogAssetEditorManager: Opening Asset editor for WidgetBlueprint /Game/UI/MainMenu/MainMenu.MainMenu
[2018.08.01-21.54.07:385][524]LogAssetEditorManager: Opening Asset editor for WidgetBlueprint /Game/UI/MainMenu/ServerMenu.ServerMenu
[2018.08.01-21.54.09:985][714]LogSlate: Window 'ServerMenu' being destroyed
[2018.08.01-22.35.40:135][600]LogAssetEditorManager: Opening Asset editor for WidgetBlueprint /Game/UI/MainMenu/HostMenu.HostMenu
[2018.08.01-22.45.28:748][917]LogSlate: Took 0.019288 seconds to synchronously load lazily loaded font '../../../Engine/Content/Slate/Fonts/DroidSansFallback.ttf' (3848K)
[2018.08.01-22.47.18:109][228]LogTemp: Repeating last play command: Standalone Game
[2018.08.01-22.48.22:617][628]LogTemp: Repeating last play command: Standalone Game
[2018.08.01-22.54.03:265][839]LogTemp: Repeating last play command: Standalone Game
[2018.08.01-23.09.53:178][536]LogAssetEditorManager: Opening Asset editor for Blueprint /Game/Blueprints/AllLevels/GameIntsta.GameIntsta
[2018.08.01-23.10.42:467][ 27]LogEditorTransaction: Undo Move Nodes
[2018.08.01-23.10.43:116][ 84]LogEditorTransaction: Undo Move Nodes
[2018.08.01-23.10.52:402][919]LogEditorTransaction: Undo Delete current selection
[2018.08.01-23.10.52:624][930]LogEditorTransaction: Undo Create Pin Link
[2018.08.01-23.10.53:005][975]LogEditorTransaction: Undo Create Pin Link
[2018.08.01-23.10.53:438][ 26]LogEditorTransaction: Undo Resize Node
[2018.08.01-23.10.53:905][ 67]LogEditorTransaction: Undo Move Node
[2018.08.01-23.11.14:687][499]LogEditorTransaction: Undo Create Pin Link
[2018.08.01-23.11.14:918][518]LogEditorTransaction: Undo Create Pin Link
[2018.08.01-23.11.15:065][527]LogEditorTransaction: Undo Move Node
[2018.08.01-23.11.15:575][580]LogEditorTransaction: Undo Create Pin Link
[2018.08.01-23.11.15:976][620]LogEditorTransaction: Undo Move Node
[2018.08.01-23.11.16:366][659]LogEditorTransaction: Undo Add Node
[2018.08.01-23.11.16:791][702]LogEditorTransaction: Undo Delete current selection
[2018.08.01-23.12.25:156][826]LogFileHelpers: Editor autosave (incl. sublevels) for '/Game/Map/MainMenu' took 0.034
[2018.08.01-23.12.25:158][826]OBJ SavePackage: Generating thumbnails for [0] asset(s) in package [/Game/Blueprints/AllLevels/GameIntsta] ([1] browsable assets)...
[2018.08.01-23.12.25:158][826]OBJ SavePackage: Finished generating thumbnails for package [/Game/Blueprints/AllLevels/GameIntsta]
[2018.08.01-23.12.25:235][826]LogSavePackage: Moving '../../../../../../Users/ames/Desktop/CS205-Fingureblaster/V0.02/CS205/Saved/GameIntsta_Auto1FBA57FF348931C70047368A7D8D6F5D4.tmp' to '../../../../../../Users/ames/Desktop/CS205-Fingureblaster/V0.02/CS205/Saved/Autosaves/Game/Blueprints/AllLevels/GameIntsta_Auto1.uasset'
[2018.08.01-23.12.25:237][826]LogFileHelpers: Auto-saving content packages took 0.080
[2018.08.01-23.14.26:647][425]BlueprintLog: New page: Compile GameIntsta
[2018.08.01-23.14.50:407][ 41]BlueprintLog: New page: Compile OptionsMenu
[2018.08.01-23.15.09:015][198]BlueprintLog: New page: Compile OptionsMenu
[2018.08.01-23.15.09:499][234]Cmd: OBJ SAVEPACKAGE PACKAGE="/Game/UI/MainMenu/OptionsMenu" FILE="../../../../../../Users/ames/Desktop/CS205-Fingureblaster/V0.02/CS205/Content/UI/MainMenu/OptionsMenu.uasset" SILENT=true
[2018.08.01-23.15.09:578][234]LogSavePackage: Moving '../../../../../../Users/ames/Desktop/CS205-Fingureblaster/V0.02/CS205/Saved/OptionsMenu599632C04DB67136D4BED6A7696D4890.tmp' to '../../../../../../Users/ames/Desktop/CS205-Fingureblaster/V0.02/CS205/Content/UI/MainMenu/OptionsMenu.uasset'
[2018.08.01-23.15.09:579][234]LogFileManager: Warning: DeleteFile was unable to delete '../../../../../../Users/ames/Desktop/CS205-Fingureblaster/V0.02/CS205/Content/UI/MainMenu/OptionsMenu.uasset', retrying in .5s...
[2018.08.01-23.15.10:080][234]LogFileManager: Error: Error deleting file '../../../../../../Users/ames/Desktop/CS205-Fingureblaster/V0.02/CS205/Content/UI/MainMenu/OptionsMenu.uasset'.
[2018.08.01-23.15.10:080][234]LogSavePackage: Error: Error saving '../../../../../../Users/ames/Desktop/CS205-Fingureblaster/V0.02/CS205/Content/UI/MainMenu/OptionsMenu.uasset'
[2018.08.01-23.15.13:063][234]LogSlate: Window 'Message' being destroyed
[2018.08.01-23.15.13:067][234]Cmd: OBJ SAVEPACKAGE PACKAGE="/Game/UI/MainMenu/OptionsMenu" FILE="../../../../../../Users/ames/Desktop/CS205-Fingureblaster/V0.02/CS205/Content/UI/MainMenu/OptionsMenu.uasset" SILENT=true
[2018.08.01-23.15.13:154][234]LogSavePackage: Moving '../../../../../../Users/ames/Desktop/CS205-Fingureblaster/V0.02/CS205/Saved/OptionsMenu9429AA254C2B2FC598A11D947BB12755.tmp' to '../../../../../../Users/ames/Desktop/CS205-Fingureblaster/V0.02/CS205/Content/UI/MainMenu/OptionsMenu.uasset'
[2018.08.01-23.15.13:154][234]LogFileManager: Warning: DeleteFile was unable to delete '../../../../../../Users/ames/Desktop/CS205-Fingureblaster/V0.02/CS205/Content/UI/MainMenu/OptionsMenu.uasset', retrying in .5s...
[2018.08.01-23.15.13:655][234]LogFileManager: Error: Error deleting file '../../../../../../Users/ames/Desktop/CS205-Fingureblaster/V0.02/CS205/Content/UI/MainMenu/OptionsMenu.uasset'.
[2018.08.01-23.15.13:655][234]LogSavePackage: Error: Error saving '../../../../../../Users/ames/Desktop/CS205-Fingureblaster/V0.02/CS205/Content/UI/MainMenu/OptionsMenu.uasset'
[2018.08.01-23.15.18:032][234]LogSlate: Window 'Message' being destroyed
[2018.08.01-23.15.18:036][234]Cmd: OBJ SAVEPACKAGE PACKAGE="/Game/UI/MainMenu/OptionsMenu" FILE="../../../../../../Users/ames/Desktop/CS205-Fingureblaster/V0.02/CS205/Content/UI/MainMenu/OptionsMenu.uasset" SILENT=true
[2018.08.01-23.15.18:121][234]LogSavePackage: Moving '../../../../../../Users/ames/Desktop/CS205-Fingureblaster/V0.02/CS205/Saved/OptionsMenuAE8731EA44028C79780CE0ADC956C9BD.tmp' to '../../../../../../Users/ames/Desktop/CS205-Fingureblaster/V0.02/CS205/Content/UI/MainMenu/OptionsMenu.uasset'
[2018.08.01-23.15.18:129][234]EditorErrors: New page: Save Output
[2018.08.01-23.15.18:129][234]EditorErrors: Warning: Error saving '../../../../../../Users/ames/Desktop/CS205-Fingureblaster/V0.02/CS205/Content/UI/MainMenu/OptionsMenu.uasset'
[2018.08.01-23.15.18:129][234]EditorErrors: Warning: Error saving '../../../../../../Users/ames/Desktop/CS205-Fingureblaster/V0.02/CS205/Content/UI/MainMenu/OptionsMenu.uasset'
[2018.08.01-23.15.19:916][437]LogSlate: Window 'Message Log' being destroyed
[2018.08.01-23.15.19:920][437]LogSlate: Window 'Message Log' being destroyed
[2018.08.01-23.15.20:682][527]Cmd: OBJ SAVEPACKAGE PACKAGE="/Game/UI/MainMenu/OptionsMenu" FILE="../../../../../../Users/ames/Desktop/CS205-Fingureblaster/V0.02/CS205/Content/UI/MainMenu/OptionsMenu.uasset" SILENT=true
[2018.08.01-23.15.20:757][527]LogSavePackage: Moving '../../../../../../Users/ames/Desktop/CS205-Fingureblaster/V0.02/CS205/Saved/OptionsMenu0B9ECD614C718BFBFD9208AE219A5481.tmp' to '../../../../../../Users/ames/Desktop/CS205-Fingureblaster/V0.02/CS205/Content/UI/MainMenu/OptionsMenu.uasset'
[2018.08.01-23.15.23:675][854]Cmd: OBJ SAVEPACKAGE PACKAGE="/Game/Map/MainMenu" FILE="../../../../../../Users/ames/Desktop/CS205-Fingureblaster/V0.02/CS205/Content/Map/MainMenu.umap" SILENT=true AUTOSAVING=false KEEPDIRTY=false
[2018.08.01-23.15.23:814][854]LogSavePackage: Moving '../../../../../../Users/ames/Desktop/CS205-Fingureblaster/V0.02/CS205/Saved/MainMenu48D7D76547C3176A9A0B9D86F6D6A834.tmp' to '../../../../../../Users/ames/Desktop/CS205-Fingureblaster/V0.02/CS205/Content/Map/MainMenu.umap'
[2018.08.01-23.15.23:833][854]LogFileHelpers: Saving map 'MainMenu' took 0.322
[2018.08.01-23.15.35:537][224]BlueprintLog: New page: Compile OptionsMenu
[2018.08.01-23.48.10:750][980]LogFileHelpers: Editor autosave (incl. sublevels) for '/Game/Map/MainMenu' took 0.048
[2018.08.01-23.48.10:752][980]OBJ SavePackage: Generating thumbnails for [0] asset(s) in package [/Game/Blueprints/AllLevels/GameIntsta] ([1] browsable assets)...
[2018.08.01-23.48.10:752][980]OBJ SavePackage: Finished generating thumbnails for package [/Game/Blueprints/AllLevels/GameIntsta]
[2018.08.01-23.48.10:818][980]LogSavePackage: Moving '../../../../../../Users/ames/Desktop/CS205-Fingureblaster/V0.02/CS205/Saved/GameIntsta_Auto26EC1950A4DA3C0E01D2A7287C5452471.tmp' to '../../../../../../Users/ames/Desktop/CS205-Fingureblaster/V0.02/CS205/Saved/Autosaves/Game/Blueprints/AllLevels/GameIntsta_Auto2.uasset'
[2018.08.01-23.48.10:819][980]LogFileHelpers: Auto-saving content packages took 0.068
[2018.08.02-00.04.06:949][876]BlueprintLog: New page: Compile OptionsMenu
[2018.08.02-00.04.07:985][984]Cmd: OBJ SAVEPACKAGE PACKAGE="/Game/UI/MainMenu/OptionsMenu" FILE="../../../../../../Users/ames/Desktop/CS205-Fingureblaster/V0.02/CS205/Content/UI/MainMenu/OptionsMenu.uasset" SILENT=true
[2018.08.02-00.04.08:060][984]LogSavePackage: Moving '../../../../../../Users/ames/Desktop/CS205-Fingureblaster/V0.02/CS205/Saved/OptionsMenuB3E02DAD44C5E6A1119E4AB0BE8CDF73.tmp' to '../../../../../../Users/ames/Desktop/CS205-Fingureblaster/V0.02/CS205/Content/UI/MainMenu/OptionsMenu.uasset'
[2018.08.02-00.05.34:258][234]BlueprintLog: New page: Compile OptionsMenu
[2018.08.02-00.05.34:674][267]Cmd: OBJ SAVEPACKAGE PACKAGE="/Game/UI/MainMenu/OptionsMenu" FILE="../../../../../../Users/ames/Desktop/CS205-Fingureblaster/V0.02/CS205/Content/UI/MainMenu/OptionsMenu.uasset" SILENT=true
[2018.08.02-00.05.34:754][267]LogSavePackage: Moving '../../../../../../Users/ames/Desktop/CS205-Fingureblaster/V0.02/CS205/Saved/OptionsMenuE766A4E644221934FEDFA2B4AAFA190F.tmp' to '../../../../../../Users/ames/Desktop/CS205-Fingureblaster/V0.02/CS205/Content/UI/MainMenu/OptionsMenu.uasset'
[2018.08.02-00.06.19:627][626]BlueprintLog: New page: Compile OptionsMenu
[2018.08.02-00.06.20:203][678]Cmd: OBJ SAVEPACKAGE PACKAGE="/Game/UI/MainMenu/OptionsMenu" FILE="../../../../../../Users/ames/Desktop/CS205-Fingureblaster/V0.02/CS205/Content/UI/MainMenu/OptionsMenu.uasset" SILENT=true
[2018.08.02-00.06.20:280][678]LogSavePackage: Moving '../../../../../../Users/ames/Desktop/CS205-Fingureblaster/V0.02/CS205/Saved/OptionsMenuD49F236843AF1FEEE6D3329AFB97819C.tmp' to '../../../../../../Users/ames/Desktop/CS205-Fingureblaster/V0.02/CS205/Content/UI/MainMenu/OptionsMenu.uasset'
[2018.08.02-00.12.02:779][252]LogSlate: Took 0.001555 seconds to synchronously load lazily loaded font '../../../Engine/Content/Slate/Fonts/Roboto-BoldCondensedItalic.ttf' (160K)
[2018.08.02-00.12.28:488][328]BlueprintLog: New page: Compile OptionsMenu
[2018.08.02-00.12.28:960][364]Cmd: OBJ SAVEPACKAGE PACKAGE="/Game/UI/MainMenu/OptionsMenu" FILE="../../../../../../Users/ames/Desktop/CS205-Fingureblaster/V0.02/CS205/Content/UI/MainMenu/OptionsMenu.uasset" SILENT=true
[2018.08.02-00.12.29:041][364]LogSavePackage: Moving '../../../../../../Users/ames/Desktop/CS205-Fingureblaster/V0.02/CS205/Saved/OptionsMenu7FBCEA0049C48366673DE0B260BB0D9C.tmp' to '../../../../../../Users/ames/Desktop/CS205-Fingureblaster/V0.02/CS205/Content/UI/MainMenu/OptionsMenu.uasset'
[2018.08.02-00.13.21:513][947]LogFileHelpers: Editor autosave (incl. sublevels) for '/Game/Map/MainMenu' took 0.058
[2018.08.02-00.13.21:515][947]OBJ SavePackage: Generating thumbnails for [0] asset(s) in package [/Game/Blueprints/AllLevels/GameIntsta] ([1] browsable assets)...
[2018.08.02-00.13.21:515][947]OBJ SavePackage: Finished generating thumbnails for package [/Game/Blueprints/AllLevels/GameIntsta]
[2018.08.02-00.13.21:594][947]LogSavePackage: Moving '../../../../../../Users/ames/Desktop/CS205-Fingureblaster/V0.02/CS205/Saved/GameIntsta_Auto392B4C8964E7EF1B62828A69DB7A1D421.tmp' to '../../../../../../Users/ames/Desktop/CS205-Fingureblaster/V0.02/CS205/Saved/Autosaves/Game/Blueprints/AllLevels/GameIntsta_Auto3.uasset'
[2018.08.02-00.13.21:596][947]OBJ SavePackage: Generating thumbnails for [0] asset(s) in package [/Game/UI/MainMenu/OptionsMenu] ([1] browsable assets)...
[2018.08.02-00.13.21:596][947]OBJ SavePackage: Finished generating thumbnails for package [/Game/UI/MainMenu/OptionsMenu]
[2018.08.02-00.13.21:738][947]LogSavePackage: Moving '../../../../../../Users/ames/Desktop/CS205-Fingureblaster/V0.02/CS205/Saved/OptionsMenu_Auto3182465B541C35BC7B8D23C8C314827A1.tmp' to '../../../../../../Users/ames/Desktop/CS205-Fingureblaster/V0.02/CS205/Saved/Autosaves/Game/UI/MainMenu/OptionsMenu_Auto3.uasset'
[2018.08.02-00.13.21:743][947]LogFileHelpers: Auto-saving content packages took 0.229
[2018.08.02-01.41.55:476][209]BlueprintLog: New page: Compile GameIntsta
[2018.08.02-01.41.56:154][242]Cmd: OBJ SAVEPACKAGE PACKAGE="/Game/Blueprints/AllLevels/GameIntsta" FILE="../../../../../../Users/ames/Desktop/CS205-Fingureblaster/V0.02/CS205/Content/Blueprints/AllLevels/GameIntsta.uasset" SILENT=true
[2018.08.02-01.41.56:221][242]LogSavePackage: Moving '../../../../../../Users/ames/Desktop/CS205-Fingureblaster/V0.02/CS205/Saved/GameIntsta10C2DD084E545CF3D7E684921A178DBD.tmp' to '../../../../../../Users/ames/Desktop/CS205-Fingureblaster/V0.02/CS205/Content/Blueprints/AllLevels/GameIntsta.uasset'
[2018.08.02-01.42.49:397][550]BlueprintLog: New page: Compile GameIntsta
[2018.08.02-01.42.54:702][141]BlueprintLog: New page: Compile GameIntsta
[2018.08.02-01.42.55:284][170]Cmd: OBJ SAVEPACKAGE PACKAGE="/Game/Blueprints/AllLevels/GameIntsta" FILE="../../../../../../Users/ames/Desktop/CS205-Fingureblaster/V0.02/CS205/Content/Blueprints/AllLevels/GameIntsta.uasset" SILENT=true
[2018.08.02-01.42.55:346][170]LogSavePackage: Moving '../../../../../../Users/ames/Desktop/CS205-Fingureblaster/V0.02/CS205/Saved/GameIntsta99EC67634E8C94D8807F25B103A932E3.tmp' to '../../../../../../Users/ames/Desktop/CS205-Fingureblaster/V0.02/CS205/Content/Blueprints/AllLevels/GameIntsta.uasset'
[2018.08.02-01.42.57:997][480]BlueprintLog: New page: Compile OptionsMenu
[2018.08.02-01.42.58:523][522]Cmd: OBJ SAVEPACKAGE PACKAGE="/Game/UI/MainMenu/OptionsMenu" FILE="../../../../../../Users/ames/Desktop/CS205-Fingureblaster/V0.02/CS205/Content/UI/MainMenu/OptionsMenu.uasset" SILENT=true
[2018.08.02-01.42.58:601][522]LogSavePackage: Moving '../../../../../../Users/ames/Desktop/CS205-Fingureblaster/V0.02/CS205/Saved/OptionsMenuEEC6929246E0FC238FADA4A8C0440380.tmp' to '../../../../../../Users/ames/Desktop/CS205-Fingureblaster/V0.02/CS205/Content/UI/MainMenu/OptionsMenu.uasset'
[2018.08.02-01.44.09:581][969]LogAudio: Warning: Current Audio Device with ID {0.0.0.00000000}.{7aaa41b2-6627-4633-afed-46626667e6b3} was removed. Shutting down audio device.
[2018.08.02-01.44.09:604][969]LogInit: XAudio2 using 'Headset Earphone (3- SteelSeries Arctis 7 Chat)' : 1 channels at 48 kHz using 16 bits per sample (channel mask 0x0)
[2018.08.02-01.44.09:609][969]LogAudio: Error: CreateMasteringVoice error: Unhandled error code -2147024893
[2018.08.02-01.44.09:609][969]LogInit: Warning: Failed to create the mastering voice for XAudio2
[2018.08.02-01.44.09:614][970]LogAudio: Warning: Current Audio Device with ID {0.0.0.00000000}.{d81ca8f2-ff34-4a7d-b1ac-a8ea3f059870} was removed. Shutting down audio device.
[2018.08.02-01.44.09:628][970]LogInit: XAudio2 using 'Realtek Digital Output (Realtek High Definition Audio)' : 2 channels at 48 kHz using 16 bits per sample (channel mask 0x3)
[2018.08.02-01.44.09:734][978]LogInit: XAudio2 using 'Realtek Digital Output (Realtek High Definition Audio)' : 2 channels at 48 kHz using 16 bits per sample (channel mask 0x3)
[2018.08.02-01.44.15:654][484]Cmd: OBJ SAVEPACKAGE PACKAGE="/Game/UI/MainMenu/OptionsMenu" FILE="../../../../../../Users/ames/Desktop/CS205-Fingureblaster/V0.02/CS205/Content/UI/MainMenu/OptionsMenu.uasset" SILENT=true
[2018.08.02-01.44.15:733][484]LogSavePackage: Moving '../../../../../../Users/ames/Desktop/CS205-Fingureblaster/V0.02/CS205/Saved/OptionsMenu99FA4E3B47182696D7594FA3E1E0A83F.tmp' to '../../../../../../Users/ames/Desktop/CS205-Fingureblaster/V0.02/CS205/Content/UI/MainMenu/OptionsMenu.uasset'
[2018.08.02-01.44.21:017][773]LogSlate: Window 'Save Content' being destroyed
[2018.08.02-01.44.21:246][773]LogSlate: Window 'CS205 - Unreal Editor' being destroyed
[2018.08.02-01.44.21:446][774]Cmd: QUIT_EDITOR
[2018.08.02-01.44.21:495][774]LogWindowsTextInputMethodSystem: Display: IME system now deactivated.
[2018.08.02-01.44.21:516][774]LogExit: Preparing to exit.
[2018.08.02-01.44.21:796][774]LogExit: Editor shut down
[2018.08.02-01.44.21:796][774]LogExit: Transaction tracking system shut down
[2018.08.02-01.44.22:141][774]LogExit: Object subsystem successfully closed.
[2018.08.02-01.44.22:161][774]LogShaderCompilers: Display: Shaders left to compile 0
[2018.08.02-01.44.22:164][774]LogD3D11RHI: Shutdown
[2018.08.02-01.44.22:164][774]LogD3D11RHI: CleanupD3DDevice
[2018.08.02-01.44.22:165][774]LogD3D11RHI: ~FD3D11DynamicRHI
[2018.08.02-01.44.22:215][774]LogModuleManager: Shutting down and abandoning module SequencerWidgets (614)
[2018.08.02-01.44.22:215][774]LogModuleManager: Shutting down and abandoning module BlueprintGraph (612)
[2018.08.02-01.44.22:215][774]LogModuleManager: Shutting down and abandoning module HierarchicalLODOutliner (610)
[2018.08.02-01.44.22:215][774]LogModuleManager: Shutting down and abandoning module SceneOutliner (608)
[2018.08.02-01.44.22:215][774]LogModuleManager: Shutting down and abandoning module AddContentDialog (606)
[2018.08.02-01.44.22:215][774]LogModuleManager: Shutting down and abandoning module WidgetCarousel (605)
[2018.08.02-01.44.22:215][774]LogModuleManager: Shutting down and abandoning module EditorWidgets (602)
[2018.08.02-01.44.22:215][774]LogModuleManager: Shutting down and abandoning module CollectionManager (600)
[2018.08.02-01.44.22:216][774]LogModuleManager: Shutting down and abandoning module StatsViewer (598)
[2018.08.02-01.44.22:216][774]LogModuleManager: Shutting down and abandoning module FoliageEdit (596)
[2018.08.02-01.44.22:216][774]LogModuleManager: Shutting down and abandoning module LandscapeEditor (594)
[2018.08.02-01.44.22:217][774]LogModuleManager: Shutting down and abandoning module MeshPaintMode (592)
[2018.08.02-01.44.22:217][774]LogModuleManager: Shutting down and abandoning module SceneDepthPickerMode (590)
[2018.08.02-01.44.22:217][774]LogModuleManager: Shutting down and abandoning module ActorPickerMode (588)
[2018.08.02-01.44.22:217][774]LogModuleManager: Shutting down and abandoning module GeometryMode (586)
[2018.08.02-01.44.22:217][774]LogModuleManager: Shutting down and abandoning module TextureAlignMode (584)
[2018.08.02-01.44.22:217][774]LogModuleManager: Shutting down and abandoning module BspMode (582)
[2018.08.02-01.44.22:217][774]LogModuleManager: Shutting down and abandoning module PIEPreviewDeviceProfileSelector (580)
[2018.08.02-01.44.22:217][774]LogModuleManager: Shutting down and abandoning module SequenceRecorderSections (578)
[2018.08.02-01.44.22:217][774]LogModuleManager: Shutting down and abandoning module AutomationWorker (576)
[2018.08.02-01.44.22:217][774]LogModuleManager: Shutting down and abandoning module AudioCaptureEditor (574)
[2018.08.02-01.44.22:217][774]LogModuleManager: Shutting down and abandoning module SequenceRecorder (573)
[2018.08.02-01.44.22:217][774]LogModuleManager: Shutting down and abandoning module MatineeToLevelSequence (570)
[2018.08.02-01.44.22:217][774]LogModuleManager: Shutting down and abandoning module LevelSequenceEditor (568)
[2018.08.02-01.44.22:218][774]LogModuleManager: Shutting down and abandoning module PlacementMode (567)
[2018.08.02-01.44.22:218][774]LogModuleManager: Shutting down and abandoning module MaterialEditor (566)
[2018.08.02-01.44.22:219][774]LogModuleManager: Shutting down and abandoning module WmfMediaFactory (562)
[2018.08.02-01.44.22:219][774]LogModuleManager: Shutting down and abandoning module WmfMediaEditor (560)
[2018.08.02-01.44.22:219][774]LogModuleManager: Shutting down and abandoning module MediaPlayerEditor (558)
[2018.08.02-01.44.22:219][774]LogModuleManager: Shutting down and abandoning module OpenExrWrapper (556)
[2018.08.02-01.44.22:219][774]LogModuleManager: Shutting down and abandoning module ImgMediaFactory (554)
[2018.08.02-01.44.22:219][774]LogModuleManager: Shutting down and abandoning module ImgMediaEditor (552)
[2018.08.02-01.44.22:219][774]LogModuleManager: Shutting down and abandoning module AvfMediaFactory (550)
[2018.08.02-01.44.22:219][774]LogModuleManager: Shutting down and abandoning module AvfMediaEditor (548)
[2018.08.02-01.44.22:219][774]LogModuleManager: Shutting down and abandoning module AndroidMediaFactory (546)
[2018.08.02-01.44.22:219][774]LogModuleManager: Shutting down and abandoning module AndroidMediaEditor (544)
[2018.08.02-01.44.22:219][774]LogModuleManager: Shutting down and abandoning module MagicLeapCameraPreviewFactory (542)
[2018.08.02-01.44.22:219][774]LogModuleManager: Shutting down and abandoning module MagicLeapMediaFactory (540)
[2018.08.02-01.44.22:219][774]LogModuleManager: Shutting down and abandoning module MagicLeapMediaEditor (538)
[2018.08.02-01.44.22:219][774]LogModuleManager: Shutting down and abandoning module CharacterAI (536)
[2018.08.02-01.44.22:219][774]LogModuleManager: Shutting down and abandoning module SmartSnapping (534)
[2018.08.02-01.44.22:219][774]LogModuleManager: Shutting down and abandoning module SessionServices (532)
[2018.08.02-01.44.22:219][774]LogModuleManager: Shutting down and abandoning module ViewportSnapping (530)
[2018.08.02-01.44.22:219][774]LogModuleManager: Shutting down and abandoning module ViewportInteraction (528)
[2018.08.02-01.44.22:220][774]LogModuleManager: Shutting down and abandoning module ClothPainter (526)
[2018.08.02-01.44.22:220][774]LogModuleManager: Shutting down and abandoning module SkeletalMeshEditor (525)
[2018.08.02-01.44.22:220][774]LogModuleManager: Shutting down and abandoning module LogVisualizer (522)
[2018.08.02-01.44.22:220][774]LogModuleManager: Shutting down and abandoning module IntroTutorials (520)
[2018.08.02-01.44.22:221][774]LogModuleManager: Shutting down and abandoning module GameProjectGeneration (519)
[2018.08.02-01.44.22:221][774]LogModuleManager: Shutting down and abandoning module LuminPlatformEditor (516)
[2018.08.02-01.44.22:221][774]LogModuleManager: Shutting down and abandoning module IOSPlatformEditor (514)
[2018.08.02-01.44.22:221][774]LogModuleManager: Shutting down and abandoning module HTML5PlatformEditor (512)
[2018.08.02-01.44.22:221][774]LogModuleManager: Shutting down and abandoning module AndroidPlatformEditor (510)
[2018.08.02-01.44.22:221][774]LogModuleManager: Shutting down and abandoning module AndroidDeviceDetection (509)
[2018.08.02-01.44.23:331][774]LogModuleManager: Shutting down and abandoning module WindowsPlatformEditor (506)
[2018.08.02-01.44.23:331][774]LogModuleManager: Shutting down and abandoning module LuminRuntimeSettings (504)
[2018.08.02-01.44.23:331][774]LogModuleManager: Shutting down and abandoning module IOSRuntimeSettings (502)
[2018.08.02-01.44.23:331][774]LogModuleManager: Shutting down and abandoning module AndroidRuntimeSettings (500)
[2018.08.02-01.44.23:332][774]LogModuleManager: Shutting down and abandoning module InputBindingEditor (498)
[2018.08.02-01.44.23:333][774]LogModuleManager: Shutting down and abandoning module MergeActors (496)
[2018.08.02-01.44.23:333][774]LogModuleManager: Shutting down and abandoning module LocalizationDashboard (494)
[2018.08.02-01.44.23:334][774]LogModuleManager: Shutting down and abandoning module LocalizationService (493)
[2018.08.02-01.44.23:334][774]LogModuleManager: Shutting down and abandoning module HardwareTargeting (490)
[2018.08.02-01.44.23:335][774]LogModuleManager: Shutting down and abandoning module DeviceProfileEditor (488)
[2018.08.02-01.44.23:335][774]LogModuleManager: Shutting down and abandoning module UndoHistory (486)
[2018.08.02-01.44.23:335][774]LogModuleManager: Shutting down and abandoning module XmlParser (484)
[2018.08.02-01.44.23:335][774]LogModuleManager: Shutting down and abandoning module Blutility (482)
[2018.08.02-01.44.23:335][774]LogModuleManager: Shutting down and abandoning module ProjectSettingsViewer (480)
[2018.08.02-01.44.23:335][774]LogModuleManager: Shutting down and abandoning module ProjectTargetPlatformEditor (479)
[2018.08.02-01.44.23:335][774]LogModuleManager: Shutting down and abandoning module EditorSettingsViewer (476)
[2018.08.02-01.44.23:335][774]LogModuleManager: Shutting down and abandoning module SettingsEditor (474)
[2018.08.02-01.44.23:336][774]LogModuleManager: Shutting down and abandoning module ProjectLauncher (472)
[2018.08.02-01.44.23:336][774]LogModuleManager: Shutting down and abandoning module SessionFrontend (470)
[2018.08.02-01.44.23:336][774]LogModuleManager: Shutting down and abandoning module ProfilerClient (468)
[2018.08.02-01.44.23:337][774]LogModuleManager: Shutting down and abandoning module DeviceManager (466)
[2018.08.02-01.44.23:337][774]LogModuleManager: Shutting down and abandoning module TargetDeviceServices (465)
[2018.08.02-01.44.23:393][774]LogModuleManager: Shutting down and abandoning module AutomationController (462)
[2018.08.02-01.44.23:393][774]LogModuleManager: Shutting down and abandoning module AutomationWindow (460)
[2018.08.02-01.44.23:394][774]LogModuleManager: Shutting down and abandoning module Layers (458)
[2018.08.02-01.44.23:396][774]LogModuleManager: Shutting down and abandoning module ComponentVisualizers (456)
[2018.08.02-01.44.23:397][774]LogModuleManager: Shutting down and abandoning module DetailCustomizations (454)
[2018.08.02-01.44.23:397][774]LogModuleManager: Shutting down and abandoning module PackagesDialog (452)
[2018.08.02-01.44.23:397][774]LogModuleManager: Shutting down and abandoning module Persona (450)
[2018.08.02-01.44.23:398][774]LogModuleManager: Shutting down and abandoning module AdvancedPreviewScene (449)
[2018.08.02-01.44.23:398][774]LogModuleManager: Shutting down and abandoning module AnimGraph (447)
[2018.08.02-01.44.23:398][774]LogModuleManager: Shutting down and abandoning module Kismet (444)
[2018.08.02-01.44.23:405][774]LogModuleManager: Shutting down and abandoning module GraphEditor (442)
[2018.08.02-01.44.23:405][774]LogModuleManager: Shutting down and abandoning module ClassViewer (440)
[2018.08.02-01.44.23:405][774]LogModuleManager: Shutting down and abandoning module Toolbox (438)
[2018.08.02-01.44.23:405][774]LogModuleManager: Shutting down and abandoning module ModuleUI (436)
[2018.08.02-01.44.23:406][774]LogModuleManager: Shutting down and abandoning module MovieSceneTools (434)
[2018.08.02-01.44.23:406][774]LogModuleManager: Shutting down and abandoning module OutputLog (432)
[2018.08.02-01.44.23:406][774]LogModuleManager: Shutting down and abandoning module GammaUI (430)
[2018.08.02-01.44.23:406][774]LogModuleManager: Shutting down and abandoning module Documentation (428)
[2018.08.02-01.44.23:407][774]LogModuleManager: Shutting down and abandoning module MovieSceneTracks (426)
[2018.08.02-01.44.23:407][774]LogModuleManager: Shutting down and abandoning module MovieScene (424)
[2018.08.02-01.44.23:407][774]LogModuleManager: Shutting down and abandoning module StreamingPauseRendering (422)
[2018.08.02-01.44.23:407][774]LogModuleManager: Shutting down and abandoning module LauncherPlatform (420)
[2018.08.02-01.44.23:407][774]LogModuleManager: Shutting down and abandoning module AnalyticsET (418)
[2018.08.02-01.44.23:407][774]LogModuleManager: Shutting down and abandoning module PortalServices (416)
[2018.08.02-01.44.23:407][774]LogModuleManager: Shutting down and abandoning module PortalRpc (414)
[2018.08.02-01.44.23:407][774]LogModuleManager: Shutting down and abandoning module MessagingRpc (412)
[2018.08.02-01.44.23:407][774]LogModuleManager: Shutting down and abandoning module AIModule (410)
[2018.08.02-01.44.23:407][774]LogModuleManager: Shutting down and abandoning module GameplayDebugger (409)
[2018.08.02-01.44.23:407][774]LogModuleManager: Shutting down and abandoning module AITestSuite (407)
[2018.08.02-01.44.23:407][774]LogModuleManager: Shutting down and abandoning module NavigationSystem (405)
[2018.08.02-01.44.23:407][774]LogModuleManager: Shutting down and abandoning module DesktopPlatform (402)
[2018.08.02-01.44.23:407][774]LogModuleManager: Shutting down and abandoning module ProfilerService (400)
[2018.08.02-01.44.23:550][774]LogModuleManager: Shutting down and abandoning module TaskGraph (398)
[2018.08.02-01.44.23:550][774]LogModuleManager: Shutting down and abandoning module SteamVRController (396)
[2018.08.02-01.44.23:550][774]LogModuleManager: Shutting down and abandoning module ProceduralMeshComponentEditor (394)
[2018.08.02-01.44.23:550][774]LogModuleManager: Shutting down and abandoning module ProceduralMeshComponent (392)
[2018.08.02-01.44.23:550][774]LogModuleManager: Shutting down and abandoning module OculusInput (390)
[2018.08.02-01.44.23:550][774]LogModuleManager: Shutting down and abandoning module MobilePatchingUtils (388)
[2018.08.02-01.44.23:550][774]LogModuleManager: Shutting down and abandoning module EditableMesh (386)
[2018.08.02-01.44.23:550][774]LogModuleManager: Shutting down and abandoning module CustomMeshComponent (384)
[2018.08.02-01.44.23:550][774]LogModuleManager: Shutting down and abandoning module CableComponent (382)
[2018.08.02-01.44.23:551][774]LogModuleManager: Shutting down and abandoning module AudioCapture (380)
[2018.08.02-01.44.23:551][774]LogModuleManager: Shutting down and abandoning module ArchVisCharacter (378)
[2018.08.02-01.44.23:551][774]LogModuleManager: Shutting down and abandoning module AndroidPermission (376)
[2018.08.02-01.44.23:551][774]LogModuleManager: Shutting down and abandoning module NUTUnrealEngine4 (374)
[2018.08.02-01.44.23:551][774]LogModuleManager: Shutting down and abandoning module NetcodeUnitTest (372)
[2018.08.02-01.44.23:551][774]LogModuleManager: Shutting down and abandoning module MediaCompositingEditor (370)
[2018.08.02-01.44.23:551][774]LogModuleManager: Shutting down and abandoning module MediaCompositing (368)
[2018.08.02-01.44.23:551][774]LogModuleManager: Shutting down and abandoning module LinearTimecode (366)
[2018.08.02-01.44.23:551][774]LogModuleManager: Shutting down and abandoning module ImgMedia (364)
[2018.08.02-01.44.23:561][774]LogModuleManager: Shutting down and abandoning module HTML5Networking (362)
[2018.08.02-01.44.23:561][774]LogModuleManager: Shutting down and abandoning module GeometryCacheTracks (360)
[2018.08.02-01.44.23:561][774]LogModuleManager: Shutting down and abandoning module GeometryCacheSequencer (358)
[2018.08.02-01.44.23:561][774]LogModuleManager: Shutting down and abandoning module BackChannel (356)
[2018.08.02-01.44.23:561][774]LogModuleManager: Shutting down and abandoning module AppleVision (354)
[2018.08.02-01.44.23:561][774]LogModuleManager: Shutting down and abandoning module AppleImageUtils (352)
[2018.08.02-01.44.23:562][774]LogModuleManager: Shutting down and abandoning module AlembicImporter (350)
[2018.08.02-01.44.23:562][774]LogModuleManager: Shutting down and abandoning module AlembicLibrary (349)
[2018.08.02-01.44.23:562][774]LogModuleManager: Shutting down and abandoning module GeometryCache (348)
[2018.08.02-01.44.23:562][774]LogModuleManager: Shutting down and abandoning module GeometryCacheEd (347)
[2018.08.02-01.44.23:562][774]LogModuleManager: Shutting down and abandoning module DatasmithContentEditor (342)
[2018.08.02-01.44.23:562][774]LogModuleManager: Shutting down and abandoning module DatasmithContent (340)
[2018.08.02-01.44.23:563][774]LogModuleManager: Shutting down and abandoning module SpeedTreeImporter (338)
[2018.08.02-01.44.23:563][774]LogModuleManager: Shutting down and abandoning module PluginBrowser (336)
[2018.08.02-01.44.23:564][774]LogModuleManager: Shutting down and abandoning module MobileLauncherProfileWizard (334)
[2018.08.02-01.44.23:564][774]LogModuleManager: Shutting down and abandoning module PolygonModeling (332)
[2018.08.02-01.44.23:564][774]LogModuleManager: Shutting down and abandoning module MeshEditor (330)
[2018.08.02-01.44.23:565][774]LogModuleManager: Shutting down and abandoning module CryptoKeysOpenSSL (328)
[2018.08.02-01.44.23:565][774]LogModuleManager: Shutting down and abandoning module CryptoKeys (326)
[2018.08.02-01.44.23:565][774]LogModuleManager: Shutting down and abandoning module VisualStudioSourceCodeAccess (324)
[2018.08.02-01.44.23:565][774]LogModuleManager: Shutting down and abandoning module VisualStudioCodeSourceCodeAccess (322)
[2018.08.02-01.44.23:565][774]LogModuleManager: Shutting down and abandoning module UObjectPlugin (320)
[2018.08.02-01.44.23:566][774]LogModuleManager: Shutting down and abandoning module SubversionSourceControl (318)
[2018.08.02-01.44.23:566][774]LogModuleManager: Shutting down and abandoning module PerforceSourceControl (316)
[2018.08.02-01.44.23:566][774]LogModuleManager: Shutting down and abandoning module GitSourceControl (314)
[2018.08.02-01.44.23:566][774]LogModuleManager: Shutting down and abandoning module SourceControl (313)
[2018.08.02-01.44.23:566][774]LogModuleManager: Shutting down and abandoning module CLionSourceCodeAccess (310)
[2018.08.02-01.44.23:566][774]LogModuleManager: Shutting down and abandoning module LightPropagationVolumeEditor (308)
[2018.08.02-01.44.23:566][774]LogModuleManager: Shutting down and abandoning module PaperTiledImporter (306)
[2018.08.02-01.44.23:566][774]LogModuleManager: Shutting down and abandoning module PaperSpriteSheetImporter (304)
[2018.08.02-01.44.23:566][774]LogModuleManager: Shutting down and abandoning module Paper2DEditor (302)
[2018.08.02-01.44.23:567][774]LogModuleManager: Shutting down and abandoning module MeshPaint (301)
[2018.08.02-01.44.23:568][774]LogModuleManager: Shutting down and abandoning module RuntimePhysXCooking (298)
[2018.08.02-01.44.23:568][774]LogModuleManager: Shutting down and abandoning module PhysXVehiclesEditor (296)
[2018.08.02-01.44.23:568][774]LogModuleManager: Shutting down and abandoning module PhysXVehicles (294)
[2018.08.02-01.44.23:568][774]LogModuleManager: Shutting down and abandoning module OculusEditor (292)
[2018.08.02-01.44.23:568][774]LogModuleManager: Shutting down and abandoning module LocationServicesBPLibrary (290)
[2018.08.02-01.44.23:568][774]LogModuleManager: Shutting down and abandoning module ImmediatePhysicsEditor (288)
[2018.08.02-01.44.23:568][774]LogModuleManager: Shutting down and abandoning module ImmediatePhysics (286)
[2018.08.02-01.44.23:568][774]LogModuleManager: Shutting down and abandoning module ActorSequence (284)
[2018.08.02-01.44.23:568][774]LogModuleManager: Shutting down and abandoning module UdpMessaging (282)
[2018.08.02-01.44.23:670][774]LogModuleManager: Shutting down and abandoning module TcpMessaging (280)
[2018.08.02-01.44.23:770][774]LogModuleManager: Shutting down and abandoning module MagicLeapAudio (278)
[2018.08.02-01.44.23:770][774]LogModuleManager: Shutting down and abandoning module GameplayTagsEditor (276)
[2018.08.02-01.44.23:770][774]LogModuleManager: Shutting down and abandoning module FacialAnimationEditor (274)
[2018.08.02-01.44.23:770][774]LogModuleManager: Shutting down and abandoning module FacialAnimation (272)
[2018.08.02-01.44.23:770][774]LogModuleManager: Shutting down and abandoning module DataValidation (270)
[2018.08.02-01.44.23:770][774]LogModuleManager: Shutting down and abandoning module AssetManagerEditor (268)
[2018.08.02-01.44.23:770][774]LogModuleManager: Shutting down and abandoning module LevelEditor (267)
[2018.08.02-01.44.23:771][774]LogModuleManager: Shutting down and abandoning module PixelInspectorModule (266)
[2018.08.02-01.44.23:772][774]LogModuleManager: Shutting down and abandoning module CommonMenuExtensions (264)
[2018.08.02-01.44.23:772][774]LogModuleManager: Shutting down and abandoning module MainFrame (262)
[2018.08.02-01.44.23:772][774]LogModuleManager: Shutting down and abandoning module HotReload (261)
[2018.08.02-01.44.23:773][774]LogModuleManager: Shutting down and abandoning module ContentBrowser (257)
[2018.08.02-01.44.23:775][774]LogModuleManager: Shutting down and abandoning module TreeMap (255)
[2018.08.02-01.44.23:775][774]LogModuleManager: Shutting down and abandoning module LightPropagationVolumeRuntime (252)
[2018.08.02-01.44.23:775][774]LogModuleManager: Shutting down and abandoning module AISupportModule (250)
[2018.08.02-01.44.23:776][774]LogModuleManager: Shutting down and abandoning module Paper2D (248)
[2018.08.02-01.44.23:776][774]LogModuleManager: Shutting down and abandoning module WindowsMoviePlayer (246)
[2018.08.02-01.44.23:776][774]LogModuleManager: Shutting down and abandoning module WmfMedia (244)
[2018.08.02-01.44.23:779][774]LogModuleManager: Shutting down and abandoning module Media (243)
[2018.08.02-01.44.23:786][774]LogModuleManager: Shutting down and abandoning module PacketHandler (240)
[2018.08.02-01.44.23:786][774]LogModuleManager: Shutting down and abandoning module ClothingSystemEditor (238)
[2018.08.02-01.44.23:786][774]LogModuleManager: Shutting down and abandoning module ClothingSystemRuntime (236)
[2018.08.02-01.44.23:786][774]LogModuleManager: Shutting down and abandoning module MediaAssets (234)
[2018.08.02-01.44.23:786][774]LogModuleManager: Shutting down and abandoning module Overlay (232)
[2018.08.02-01.44.23:786][774]LogModuleManager: Shutting down and abandoning module OverlayEditor (231)
[2018.08.02-01.44.23:786][774]LogModuleManager: Shutting down and abandoning module VREditor (228)
[2018.08.02-01.44.23:786][774]LogModuleManager: Shutting down and abandoning module StringTableEditor (226)
[2018.08.02-01.44.23:786][774]LogModuleManager: Shutting down and abandoning module GameplayTasksEditor (224)
[2018.08.02-01.44.23:787][774]LogModuleManager: Shutting down and abandoning module BehaviorTreeEditor (222)
[2018.08.02-01.44.23:787][774]LogModuleManager: Shutting down and abandoning module FunctionalTesting (220)
[2018.08.02-01.44.23:787][774]LogModuleManager: Shutting down and abandoning module CollisionAnalyzer (218)
[2018.08.02-01.44.23:787][774]LogModuleManager: Shutting down and abandoning module WorkspaceMenuStructure (217)
[2018.08.02-01.44.23:787][774]LogModuleManager: Shutting down and abandoning module UMG (214)
[2018.08.02-01.44.23:787][774]LogModuleManager: Shutting down and abandoning module UMGEditor (213)
[2018.08.02-01.44.23:787][774]LogModuleManager: Shutting down and abandoning module Sequencer (212)
[2018.08.02-01.44.23:787][774]LogModuleManager: Shutting down and abandoning module MessageLog (209)
[2018.08.02-01.44.23:787][774]LogModuleManager: Shutting down and abandoning module SlateReflector (204)
[2018.08.02-01.44.23:788][774]LogModuleManager: Shutting down and abandoning module Slate (202)
[2018.08.02-01.44.23:788][774]LogModuleManager: Shutting down and abandoning module EditorStyle (200)
[2018.08.02-01.44.23:791][774]LogModuleManager: Shutting down and abandoning module MRMesh (198)
[2018.08.02-01.44.23:791][774]LogModuleManager: Shutting down and abandoning module SourceCodeAccess (196)
[2018.08.02-01.44.23:791][774]LogModuleManager: Shutting down and abandoning module HeadMountedDisplay (194)
[2018.08.02-01.44.23:791][774]LogModuleManager: Shutting down and abandoning module XAudio2 (192)
[2018.08.02-01.44.23:791][774]LogModuleManager: Shutting down and abandoning module Networking (190)
[2018.08.02-01.44.23:791][774]LogModuleManager: Shutting down and abandoning module Core (188)
[2018.08.02-01.44.23:791][774]LogModuleManager: Shutting down and abandoning module LevelSequence (186)
[2018.08.02-01.44.23:791][774]LogModuleManager: Shutting down and abandoning module KismetCompiler (184)
[2018.08.02-01.44.23:791][774]LogModuleManager: Shutting down and abandoning module MeshUtilities (182)
[2018.08.02-01.44.23:792][774]LogModuleManager: Shutting down and abandoning module MeshMergeUtilities (181)
[2018.08.02-01.44.23:792][774]LogModuleManager: Shutting down and abandoning module MeshReductionInterface (180)
[2018.08.02-01.44.23:792][774]LogModuleManager: Shutting down and abandoning module SimplygonSwarm (179)
[2018.08.02-01.44.23:792][774]LogModuleManager: Shutting down and abandoning module ProxyLODMeshReduction (177)
[2018.08.02-01.44.23:792][774]LogModuleManager: Shutting down and abandoning module SimplygonMeshReduction (175)
[2018.08.02-01.44.23:792][774]LogModuleManager: Shutting down and abandoning module QuadricMeshReduction (173)
[2018.08.02-01.44.23:792][774]LogModuleManager: Shutting down and abandoning module MaterialBaking (169)
[2018.08.02-01.44.23:792][774]LogModuleManager: Shutting down and abandoning module DirectoryWatcher (165)
[2018.08.02-01.44.23:792][774]LogModuleManager: Shutting down and abandoning module DerivedDataCache (162)
[2018.08.02-01.44.23:811][774]LogDerivedDataCache: Shutdown
[2018.08.02-01.44.23:811][774]LogModuleManager: Shutting down and abandoning module XGEController (160)
[2018.08.02-01.44.23:811][774]LogXGEController: Cleaning working directory: C:/Users/ames/AppData/Local/Temp/UnrealXGEWorkingDir/
[2018.08.02-01.44.23:812][774]LogModuleManager: Shutting down and abandoning module TargetPlatform (158)
[2018.08.02-01.44.23:812][774]LogModuleManager: Shutting down and abandoning module VulkanShaderFormat (157)
[2018.08.02-01.44.23:812][774]LogModuleManager: Shutting down and abandoning module ShaderFormatVectorVM (155)
[2018.08.02-01.44.23:812][774]LogModuleManager: Shutting down and abandoning module ShaderFormatOpenGL (153)
[2018.08.02-01.44.23:812][774]LogModuleManager: Shutting down and abandoning module ShaderFormatD3D (151)
[2018.08.02-01.44.23:812][774]LogModuleManager: Shutting down and abandoning module MetalShaderFormat (149)
[2018.08.02-01.44.23:812][774]LogModuleManager: Shutting down and abandoning module TextureFormatUncompressed (147)
[2018.08.02-01.44.23:812][774]LogModuleManager: Shutting down and abandoning module TextureFormatPVR (145)
[2018.08.02-01.44.23:812][774]LogModuleManager: Shutting down and abandoning module TextureFormatDXT (143)
[2018.08.02-01.44.23:812][774]LogModuleManager: Shutting down and abandoning module TextureFormatIntelISPCTexComp (141)
[2018.08.02-01.44.23:812][774]LogModuleManager: Shutting down and abandoning module TextureFormatASTC (139)
[2018.08.02-01.44.23:812][774]LogModuleManager: Shutting down and abandoning module ImageWrapper (138)
[2018.08.02-01.44.23:812][774]LogModuleManager: Shutting down and abandoning module TextureFormatAndroid (135)
[2018.08.02-01.44.23:812][774]LogModuleManager: Shutting down and abandoning module AudioFormatOpus (133)
[2018.08.02-01.44.23:812][774]LogModuleManager: Shutting down and abandoning module AudioFormatOgg (131)
[2018.08.02-01.44.23:812][774]LogModuleManager: Shutting down and abandoning module AudioFormatADPCM (129)
[2018.08.02-01.44.23:812][774]LogModuleManager: Shutting down and abandoning module LuminTargetPlatform (127)
[2018.08.02-01.44.23:812][774]LogModuleManager: Shutting down and abandoning module LinuxTargetPlatform (125)
[2018.08.02-01.44.23:812][774]LogModuleManager: Shutting down and abandoning module LinuxServerTargetPlatform (123)
[2018.08.02-01.44.23:812][774]LogModuleManager: Shutting down and abandoning module LinuxNoEditorTargetPlatform (121)
[2018.08.02-01.44.23:812][774]LogModuleManager: Shutting down and abandoning module LinuxClientTargetPlatform (119)
[2018.08.02-01.44.23:812][774]LogModuleManager: Shutting down and abandoning module TVOSTargetPlatform (117)
[2018.08.02-01.44.23:813][774]LogModuleManager: Shutting down and abandoning module Messaging (115)
[2018.08.02-01.44.23:813][774]LogModuleManager: Shutting down and abandoning module IOSTargetPlatform (113)
[2018.08.02-01.44.23:815][774]LogModuleManager: Shutting down and abandoning module HTML5TargetPlatform (111)
[2018.08.02-01.44.23:815][774]LogModuleManager: Shutting down and abandoning module AndroidTargetPlatform (109)
[2018.08.02-01.44.23:822][774]LogModuleManager: Shutting down and abandoning module WindowsTargetPlatform (107)
[2018.08.02-01.44.23:823][774]LogModuleManager: Shutting down and abandoning module WindowsServerTargetPlatform (105)
[2018.08.02-01.44.23:823][774]LogModuleManager: Shutting down and abandoning module WindowsNoEditorTargetPlatform (103)
[2018.08.02-01.44.23:823][774]LogModuleManager: Shutting down and abandoning module WindowsClientTargetPlatform (101)
[2018.08.02-01.44.23:823][774]LogModuleManager: Shutting down and abandoning module MacTargetPlatform (99)
[2018.08.02-01.44.23:823][774]LogModuleManager: Shutting down and abandoning module MacServerTargetPlatform (97)
[2018.08.02-01.44.23:823][774]LogModuleManager: Shutting down and abandoning module MacNoEditorTargetPlatform (95)
[2018.08.02-01.44.23:823][774]LogModuleManager: Shutting down and abandoning module MacClientTargetPlatform (93)
[2018.08.02-01.44.23:823][774]LogModuleManager: Shutting down and abandoning module AllDesktopTargetPlatform (91)
[2018.08.02-01.44.23:823][774]LogModuleManager: Shutting down and abandoning module InputCore (88)
[2018.08.02-01.44.23:823][774]LogModuleManager: Shutting down and abandoning module Settings (86)
[2018.08.02-01.44.23:823][774]LogModuleManager: Shutting down and abandoning module PhysXCooking (84)
[2018.08.02-01.44.23:823][774]LogModuleManager: Shutting down and abandoning module SteamVR (82)
[2018.08.02-01.44.23:823][774]LogModuleManager: Shutting down and abandoning module OculusHMD (80)
[2018.08.02-01.44.23:823][774]LogModuleManager: Shutting down and abandoning module ExampleDeviceProfileSelector (78)
[2018.08.02-01.44.23:823][774]LogModuleManager: Shutting down and abandoning module LauncherChunkInstaller (76)
[2018.08.02-01.44.23:823][774]LogModuleManager: Shutting down and abandoning module OnlineBlueprintSupport (74)
[2018.08.02-01.44.23:823][774]LogModuleManager: Shutting down and abandoning module OnlineSubsystem (70)
[2018.08.02-01.44.23:824][774]LogModuleManager: Shutting down and abandoning module XMPP (65)
[2018.08.02-01.44.23:824][774]LogModuleManager: Shutting down and abandoning module WebSockets (64)
[2018.08.02-01.44.23:842][774]LogModuleManager: Shutting down and abandoning module HTTP (61)
[2018.08.02-01.44.23:842][774]LogHttp: Display: Http module shutting down, but needs to wait on 1 outstanding Http requests:
[2018.08.02-01.44.23:842][774]LogHttp: Display: 	verb=[POST] url=[https://datarouter.ol.epicgames.com/datarouter/api/v1/public/data?SessionID=%7B6E0456D9-48C7-6D70-AA7A-AD9C6555607C%7D&AppID=UEEditor.Rocket.Release&AppVersion=4.20.0-4212847%2B%2B%2BUE4%2BRelease-4.20&UserID=bfb86c0144cdfa8d48051e819cefa2ad%7Cbc15334574d94df5ba3f8e153b4c9d6c%7C6ee1bc56-865b-4470-b12f-446bfea6588d&AppEnvironment=datacollector-binary&UploadType=eteventstream] status=Processing
[2018.08.02-01.44.23:852][774]LogModuleManager: Shutting down and abandoning module SSL (60)
[2018.08.02-01.44.23:852][774]LogModuleManager: Shutting down and abandoning module MagicLeapEmulator (56)
[2018.08.02-01.44.23:852][774]LogModuleManager: Shutting down and abandoning module MagicLeapPrivileges (54)
[2018.08.02-01.44.23:852][774]LogModuleManager: Shutting down and abandoning module MagicLeapIdentity (52)
[2018.08.02-01.44.23:852][774]LogModuleManager: Shutting down and abandoning module MagicLeapHelperVulkan (50)
[2018.08.02-01.44.23:852][774]LogModuleManager: Shutting down and abandoning module MagicLeapHelperOpenGL (48)
[2018.08.02-01.44.23:852][774]LogModuleManager: Shutting down and abandoning module MagicLeapSecureStorage (46)
[2018.08.02-01.44.23:852][774]LogModuleManager: Shutting down and abandoning module MagicLeapGestures (44)
[2018.08.02-01.44.23:852][774]LogModuleManager: Shutting down and abandoning module MagicLeapEyeTracker (42)
[2018.08.02-01.44.23:852][774]LogModuleManager: Shutting down and abandoning module MagicLeapController (40)
[2018.08.02-01.44.23:853][774]LogSlate: Slate User Destroyed.  User Index 0, Is Virtual User: 0
[2018.08.02-01.44.23:853][774]LogModuleManager: Shutting down and abandoning module MagicLeap (38)
[2018.08.02-01.44.23:853][774]LogModuleManager: Shutting down and abandoning module AnimationModifiers (36)
[2018.08.02-01.44.23:853][774]LogModuleManager: Shutting down and abandoning module PropertyEditor (35)
[2018.08.02-01.44.23:853][774]LogModuleManager: Shutting down and abandoning module AudioEditor (32)
[2018.08.02-01.44.23:853][774]LogModuleManager: Shutting down and abandoning module TextureCompressor (30)
[2018.08.02-01.44.23:853][774]LogModuleManager: Shutting down and abandoning module ShaderCore (28)
[2018.08.02-01.44.23:853][774]LogModuleManager: Shutting down and abandoning module Landscape (26)
[2018.08.02-01.44.23:853][774]LogModuleManager: Shutting down and abandoning module SlateRHIRenderer (24)
[2018.08.02-01.44.23:854][774]LogModuleManager: Shutting down and abandoning module OpenGLDrv (22)
[2018.08.02-01.44.23:854][774]LogModuleManager: Shutting down and abandoning module D3D11RHI (20)
[2018.08.02-01.44.23:854][774]LogModuleManager: Shutting down and abandoning module AnimGraphRuntime (18)
[2018.08.02-01.44.23:854][774]LogModuleManager: Shutting down and abandoning module Renderer (16)
[2018.08.02-01.44.23:854][774]LogModuleManager: Shutting down and abandoning module Engine (14)
[2018.08.02-01.44.23:854][774]LogModuleManager: Shutting down and abandoning module CoreUObject (12)
[2018.08.02-01.44.23:854][774]LogModuleManager: Shutting down and abandoning module NetworkFile (10)
[2018.08.02-01.44.23:854][774]LogModuleManager: Shutting down and abandoning module CookedIterativeFile (8)
[2018.08.02-01.44.23:854][774]LogModuleManager: Shutting down and abandoning module StreamingFile (6)
[2018.08.02-01.44.23:854][774]LogModuleManager: Shutting down and abandoning module SandboxFile (4)
[2018.08.02-01.44.23:854][774]LogModuleManager: Shutting down and abandoning module PakFile (2)
[2018.08.02-01.44.23:859][774]LogExit: Exiting.
[2018.08.02-01.44.23:871][774]Log file closed, 08/02/18 13:44:23
