Log file open, 07/31/18 09:47:23
LogWindows: Failed to load 'aqProf.dll' (GetLastError=126)
LogWindows: File 'aqProf.dll' does not exist
LogWindows: Failed to load 'VSPerf140.dll' (GetLastError=126)
LogWindows: File 'VSPerf140.dll' does not exist
LogWindows: Failed to load 'VtuneApi.dll' (GetLastError=126)
LogWindows: File 'VtuneApi.dll' does not exist
LogWindows: Failed to load 'VtuneApi32e.dll' (GetLastError=126)
LogWindows: File 'VtuneApi32e.dll' does not exist
LogInit: Display: Running engine for game: CS205
LogPlatformFile: Not using cached read wrapper
LogTaskGraph: Started task graph with 5 named threads and 23 total threads with 3 sets of task threads.
LogStats: Stats thread started at 1.186125
LogD3D11RHI: Loaded GFSDK_Aftermath_Lib.x64.dll
LogICUInternationalization: Display: ICU TimeZone Detection - Raw Offset: +12:00, Platform Override: ''
LogPluginManager: Mounting plugin Paper2D
LogPluginManager: Mounting plugin AISupport
LogPluginManager: Mounting plugin LightPropagationVolume
LogPluginManager: Mounting plugin CLionSourceCodeAccess
LogPluginManager: Mounting plugin CodeLiteSourceCodeAccess
LogPluginManager: Mounting plugin GitSourceControl
LogPluginManager: Mounting plugin KDevelopSourceCodeAccess
LogPluginManager: Mounting plugin NullSourceCodeAccess
LogPluginManager: Mounting plugin PerforceSourceControl
LogPluginManager: Mounting plugin SubversionSourceControl
LogPluginManager: Mounting plugin UObjectPlugin
LogPluginManager: Mounting plugin VisualStudioCodeSourceCodeAccess
LogPluginManager: Mounting plugin VisualStudioSourceCodeAccess
LogPluginManager: Mounting plugin XCodeSourceCodeAccess
LogPluginManager: Mounting plugin AssetManagerEditor
LogPluginManager: Mounting plugin CryptoKeys
LogPluginManager: Mounting plugin DataValidation
LogPluginManager: Mounting plugin FacialAnimation
LogPluginManager: Mounting plugin GameplayTagsEditor
LogPluginManager: Mounting plugin MacGraphicsSwitching
LogPluginManager: Mounting plugin MeshEditor
LogPluginManager: Mounting plugin MobileLauncherProfileWizard
LogPluginManager: Mounting plugin PluginBrowser
LogPluginManager: Mounting plugin SpeedTreeImporter
LogPluginManager: Mounting plugin DatasmithContent
LogPluginManager: Mounting plugin AlembicImporter
LogPluginManager: Mounting plugin AppleImageUtils
LogPluginManager: Mounting plugin AppleVision
LogPluginManager: Mounting plugin BackChannel
LogPluginManager: Mounting plugin CharacterAI
LogPluginManager: Mounting plugin GeometryCache
LogPluginManager: Mounting plugin HTML5Networking
LogPluginManager: Mounting plugin ProxyLODPlugin
LogPluginManager: Mounting plugin MagicLeap
LogPluginManager: Mounting plugin MagicLeapEmulator
LogPluginManager: Mounting plugin MagicLeapMedia
LogPluginManager: Mounting plugin AndroidMedia
LogPluginManager: Mounting plugin AvfMedia
LogPluginManager: Mounting plugin ImgMedia
LogPluginManager: Mounting plugin LinearTimecode
LogPluginManager: Mounting plugin MediaCompositing
LogPluginManager: Mounting plugin MediaPlayerEditor
LogPluginManager: Mounting plugin WmfMedia
LogPluginManager: Mounting plugin TcpMessaging
LogPluginManager: Mounting plugin UdpMessaging
LogPluginManager: Mounting plugin ActorSequence
LogPluginManager: Mounting plugin LevelSequenceEditor
LogPluginManager: Mounting plugin MatineeToLevelSequence
LogPluginManager: Mounting plugin NetcodeUnitTest
LogPluginManager: Mounting plugin NUTUnrealEngine4
LogPluginManager: Mounting plugin OnlineSubsystemGooglePlay
LogPluginManager: Mounting plugin OnlineSubsystemIOS
LogPluginManager: Mounting plugin OnlineSubsystem
LogPluginManager: Mounting plugin OnlineSubsystemNull
LogPluginManager: Mounting plugin OnlineSubsystemUtils
LogPluginManager: Mounting plugin LauncherChunkInstaller
LogPluginManager: Mounting plugin AndroidDeviceProfileSelector
LogPluginManager: Mounting plugin AndroidMoviePlayer
LogPluginManager: Mounting plugin AndroidPermission
LogPluginManager: Mounting plugin AppleMoviePlayer
LogPluginManager: Mounting plugin ArchVisCharacter
LogPluginManager: Mounting plugin AudioCapture
LogPluginManager: Mounting plugin CableComponent
LogPluginManager: Mounting plugin CustomMeshComponent
LogPluginManager: Mounting plugin EditableMesh
LogPluginManager: Mounting plugin ExampleDeviceProfileSelector
LogPluginManager: Mounting plugin GoogleCloudMessaging
LogPluginManager: Mounting plugin ImmediatePhysics
LogPluginManager: Mounting plugin IOSDeviceProfileSelector
LogPluginManager: Mounting plugin LinuxDeviceProfileSelector
LogPluginManager: Mounting plugin LocationServicesBPLibrary
LogPluginManager: Mounting plugin MobilePatchingUtils
LogPluginManager: Mounting plugin OculusVR
LogPluginManager: Plugin shader directory ../../../Engine/Plugins/Runtime/Oculus/OculusVR/Shaders found
LogPluginManager: Mapping shader source directory ../../../Engine/Plugins/Runtime/Oculus/OculusVR/Shaders to virtual directory /Plugin/OculusVR
LogPluginManager: Mounting plugin PhysXVehicles
LogPluginManager: Mounting plugin ProceduralMeshComponent
LogPluginManager: Mounting plugin RuntimePhysXCooking
LogPluginManager: Mounting plugin SteamVR
LogPluginManager: Mounting plugin WindowsMoviePlayer
LogStreaming: Display: Took  0.133s to configure plugins.
LogInit: Using libcurl 7.55.1-DEV
LogInit:  - built for x86_64-pc-win32
LogInit:  - supports SSL with OpenSSL/1.0.2h
LogInit:  - supports HTTP deflate (compression) using libz 1.2.8
LogInit:  - other features:
LogInit:      CURL_VERSION_SSL
LogInit:      CURL_VERSION_LIBZ
LogInit:      CURL_VERSION_IPV6
LogInit:      CURL_VERSION_ASYNCHDNS
LogInit:      CURL_VERSION_LARGEFILE
LogInit:      CURL_VERSION_IDN
LogInit:  CurlRequestOptions (configurable via config and command line):
LogInit:  - bVerifyPeer = false  - Libcurl will NOT verify peer certificate
LogInit:  - bUseHttpProxy = false  - Libcurl will NOT use HTTP proxy
LogInit:  - bDontReuseConnections = false  - Libcurl will reuse connections
LogInit:  - CertBundlePath = nullptr  - Libcurl will use whatever was configured at build time.
LogInit:  - MaxHostConnections = 16  - Libcurl will limit the number of connections to a host
LogInit:  - LocalHostAddr = Default
LogInit:  - BufferSize = 65536
LogInit: WinSock: version 1.1 (2.2), MaxSocks=32767, MaxUdp=65467
LogInit: Build: ++UE4+Release-4.20-CL-4212847
LogInit: Engine Version: 4.20.0-4212847+++UE4+Release-4.20
LogInit: Compatible Engine Version: 4.20.0-4212847+++UE4+Release-4.20
LogInit: Net CL: 4212847
LogInit: OS: Windows 10 (), CPU: Intel(R) Core(TM) i7-7700 CPU @ 3.60GHz, GPU: NVIDIA GeForce GTX 1070
LogInit: Compiled (64-bit): Jul 14 2018 09:51:14
LogInit: Compiled with Visual C++: 19.13.26129.00
LogInit: Build Configuration: Development
LogInit: Branch Name: ++UE4+Release-4.20
LogInit: Command Line:  
LogInit: Base Directory: C:/Program Files/Epic Games/UE_4.20/Engine/Binaries/Win64/
LogInit: Installed Engine Build: 1
LogDevObjectVersion: Number of dev versions registered: 20
LogDevObjectVersion:   Dev-Blueprints (B0D832E4-1F89-4F0D-ACCF-7EB736FD4AA2): 10
LogDevObjectVersion:   Dev-Build (E1C64328-A22C-4D53-A36C-8E866417BD8C): 0
LogDevObjectVersion:   Dev-Core (375EC13C-06E4-48FB-B500-84F0262A717E): 2
LogDevObjectVersion:   Dev-Editor (E4B068ED-F494-42E9-A231-DA0B2E46BB41): 24
LogDevObjectVersion:   Dev-Framework (CFFC743F-43B0-4480-9391-14DF171D2073): 34
LogDevObjectVersion:   Dev-Mobile (B02B49B5-BB20-44E9-A304-32B752E40360): 2
LogDevObjectVersion:   Dev-Networking (A4E4105C-59A1-49B5-A7C5-40C4547EDFEE): 0
LogDevObjectVersion:   Dev-Online (39C831C9-5AE6-47DC-9A44-9C173E1C8E7C): 0
LogDevObjectVersion:   Dev-Physics (78F01B33-EBEA-4F98-B9B4-84EACCB95AA2): 0
LogDevObjectVersion:   Dev-Platform (6631380F-2D4D-43E0-8009-CF276956A95A): 0
LogDevObjectVersion:   Dev-Rendering (12F88B9F-8875-4AFC-A67C-D90C383ABD29): 26
LogDevObjectVersion:   Dev-Sequencer (7B5AE74C-D270-4C10-A958-57980B212A5A): 9
LogDevObjectVersion:   Dev-VR (D7296918-1DD6-4BDD-9DE2-64A83CC13884): 2
LogDevObjectVersion:   Dev-LoadTimes (C2A15278-BFE7-4AFE-6C17-90FF531DF755): 1
LogDevObjectVersion:   Private-Geometry (6EACA3D4-40EC-4CC1-B786-8BED09428FC5): 3
LogDevObjectVersion:   Dev-AnimPhys (29E575DD-E0A3-4627-9D10-D276232CDCEA): 17
LogDevObjectVersion:   Dev-ReflectionCapture (6B266CEC-1EC7-4B8F-A30B-E4D90942FC07): 1
LogDevObjectVersion:   Dev-Automation (0DF73D61-A23F-47EA-B727-89E90C41499A): 1
LogDevObjectVersion:   FortniteMain (601D1886-AC64-4F84-AA16-D3DE0DEAC7D6): 12
LogDevObjectVersion:   Dev-Enterprise (9DFFBCD6-494F-0158-E221-12823C92A888): 1
LogStreaming: Display: Took  0.008s to delete old logs.
LogInit: Presizing for max 8388607 objects, including 0 objects not considered by GC, pre-allocating 0 bytes for permanent pool.
LogInit: Object subsystem initialized
[2018.07.30-21.47.23:782][  0]LogInit: Selected Device Profile: [Windows]
[2018.07.30-21.47.23:782][  0]LogInit: Applying CVar settings loaded from the selected device profile: [Windows]
[2018.07.30-21.47.23:805][  0]LogHAL: Display: Platform has ~ 16 GB [17136259072 / 17179869184 / 16], which maps to Larger [LargestMinGB=32, LargerMinGB=12, DefaultMinGB=8, SmallerMinGB=6, SmallestMinGB=0)
[2018.07.30-21.47.23:806][  0]LogInit: Setting Device Profile CVar: [[r.Vulkan.UseRealUBs:1]]
[2018.07.30-21.47.23:806][  0]LogInit: Going up to parent DeviceProfile []
[2018.07.30-21.47.23:810][  0]LogInit: Computer: A02065
[2018.07.30-21.47.23:810][  0]LogInit: User: ames
[2018.07.30-21.47.23:810][  0]LogInit: CPU Page size=4096, Cores=4
[2018.07.30-21.47.23:810][  0]LogInit: High frequency timer resolution =3.515632 MHz
[2018.07.30-21.47.23:811][  0]LogMemory: Memory total: Physical=16.0GB (16GB approx)
[2018.07.30-21.47.23:811][  0]LogMemory: Platform Memory Stats for Windows
[2018.07.30-21.47.23:811][  0]LogMemory: Process Physical Memory: 99.93 MB used, 99.93 MB peak
[2018.07.30-21.47.23:811][  0]LogMemory: Process Virtual Memory: 90.85 MB used, 90.85 MB peak
[2018.07.30-21.47.23:811][  0]LogMemory: Physical Memory: 3854.98 MB used,  12487.43 MB free, 16342.41 MB total
[2018.07.30-21.47.23:811][  0]LogMemory: Virtual Memory: 4639.03 MB used,  12487.43 MB free, 134217728.00 MB total
[2018.07.30-21.47.24:142][  0]LogInit: Using OS detected language (en-US).
[2018.07.30-21.47.24:142][  0]LogInit: Using OS detected locale (en-NZ).
[2018.07.30-21.47.24:143][  0]LogTextLocalizationManager: No specific localization for 'en-US' exists, so the 'en' localization will be used.
[2018.07.30-21.47.24:474][  0]LogStreaming: Display: Took  0.330s to InitEngineTextLocalization.
[2018.07.30-21.47.24:475][  0]LogInit: Setting process to per monitor DPI aware
[2018.07.30-21.47.24:533][  0]LogSlate: New Slate User Created.  User Index 0, Is Virtual User: 0
[2018.07.30-21.47.24:533][  0]LogSlate: Slate User Registered.  User Index 0, Is Virtual User: 0
[2018.07.30-21.47.25:114][  0]LogHMD: Failed to initialize OpenVR with code 110
[2018.07.30-21.47.25:114][  0]LogD3D11RHI: D3D11 adapters:
[2018.07.30-21.47.25:161][  0]LogD3D11RHI:    0. 'NVIDIA GeForce GTX 1070' (Feature Level 11_0)
[2018.07.30-21.47.25:161][  0]LogD3D11RHI:       8096/0/8171 MB DedicatedVideo/DedicatedSystem/SharedSystem, Outputs:2, VendorId:0x10de
[2018.07.30-21.47.25:163][  0]LogD3D11RHI:    1. 'Microsoft Basic Render Driver' (Feature Level 11_0)
[2018.07.30-21.47.25:163][  0]LogD3D11RHI:       0/0/8171 MB DedicatedVideo/DedicatedSystem/SharedSystem, Outputs:0, VendorId:0x1414
[2018.07.30-21.47.25:163][  0]LogD3D11RHI: Chosen D3D11 Adapter: 0
[2018.07.30-21.47.25:168][  0]LogD3D11RHI: Creating new Direct3DDevice
[2018.07.30-21.47.25:168][  0]LogD3D11RHI:     GPU DeviceId: 0x1b81 (for the marketing name, search the web for "GPU Device Id")
[2018.07.30-21.47.25:168][  0]LogWindows: EnumDisplayDevices:
[2018.07.30-21.47.25:169][  0]LogWindows:    0. 'NVIDIA GeForce GTX 1070' (P:0 D:1)
[2018.07.30-21.47.25:169][  0]LogWindows:    1. 'NVIDIA GeForce GTX 1070' (P:1 D:1)
[2018.07.30-21.47.25:169][  0]LogWindows:    2. 'NVIDIA GeForce GTX 1070' (P:0 D:0)
[2018.07.30-21.47.25:169][  0]LogWindows:    3. 'NVIDIA GeForce GTX 1070' (P:0 D:0)
[2018.07.30-21.47.25:169][  0]LogWindows: DebugString: FoundDriverCount:4 
[2018.07.30-21.47.25:169][  0]LogD3D11RHI:     Adapter Name: NVIDIA GeForce GTX 1070
[2018.07.30-21.47.25:170][  0]LogD3D11RHI:   Driver Version: 388.13 (internal:23.21.13.8813, unified:388.13)
[2018.07.30-21.47.25:170][  0]LogD3D11RHI:      Driver Date: 10-27-2017
[2018.07.30-21.47.25:170][  0]LogRHI: Texture pool is 5667 MB (70% of 8096 MB)
[2018.07.30-21.47.25:198][  0]LogD3D11RHI: Async texture creation enabled
[2018.07.30-21.47.25:218][  0]LogD3D11RHI: GPU Timing Frequency: 1000.000000 (Debug: 2 1)
[2018.07.30-21.47.25:223][  0]LogShaderCompilers: Guid format shader working directory is -25 characters bigger than the processId version (../../../../../../Users/ames/Desktop/CS205-Fingureblaster/V0.02/CS205/Intermediate/Shaders/WorkingDirectory/13288/).
[2018.07.30-21.47.25:224][  0]LogShaderCompilers: Cleaned the shader compiler working directory 'C:/Users/ames/AppData/Local/Temp/UnrealShaderWorkingDir/EE50068C42670D4CC6002A867FE2388B/'.
[2018.07.30-21.47.27:187][  0]LogTemp: Display: Loaded TP AllDesktopTargetPlatform
[2018.07.30-21.47.27:213][  0]LogTemp: Display: Loaded TP MacClientTargetPlatform
[2018.07.30-21.47.27:231][  0]LogTemp: Display: Loaded TP MacNoEditorTargetPlatform
[2018.07.30-21.47.27:245][  0]LogTemp: Display: Loaded TP MacServerTargetPlatform
[2018.07.30-21.47.27:260][  0]LogTemp: Display: Loaded TP MacTargetPlatform
[2018.07.30-21.47.27:277][  0]LogTemp: Display: Loaded TP WindowsClientTargetPlatform
[2018.07.30-21.47.27:290][  0]LogTemp: Display: Loaded TP WindowsNoEditorTargetPlatform
[2018.07.30-21.47.27:303][  0]LogTemp: Display: Loaded TP WindowsServerTargetPlatform
[2018.07.30-21.47.27:311][  0]LogTemp: Display: Loaded TP WindowsTargetPlatform
[2018.07.30-21.47.27:403][  0]LogTemp: Display: Loaded TP AndroidTargetPlatform
[2018.07.30-21.47.27:403][  0]LogTemp: Display: Loaded TP AndroidTargetPlatform
[2018.07.30-21.47.27:403][  0]LogTemp: Display: Loaded TP AndroidTargetPlatform
[2018.07.30-21.47.27:404][  0]LogTemp: Display: Loaded TP AndroidTargetPlatform
[2018.07.30-21.47.27:404][  0]LogTemp: Display: Loaded TP AndroidTargetPlatform
[2018.07.30-21.47.27:404][  0]LogTemp: Display: Loaded TP AndroidTargetPlatform
[2018.07.30-21.47.27:404][  0]LogTemp: Display: Loaded TP AndroidTargetPlatform
[2018.07.30-21.47.27:404][  0]LogTemp: Display: Loaded TP AndroidTargetPlatform
[2018.07.30-21.47.27:404][  0]LogTemp: Display: Loaded TP AndroidTargetPlatform
[2018.07.30-21.47.27:404][  0]LogTemp: Display: Loaded TP AndroidTargetPlatform
[2018.07.30-21.47.27:404][  0]LogTemp: Display: Loaded TP AndroidTargetPlatform
[2018.07.30-21.47.27:404][  0]LogTemp: Display: Loaded TP AndroidTargetPlatform
[2018.07.30-21.47.27:404][  0]LogTemp: Display: Loaded TP AndroidTargetPlatform
[2018.07.30-21.47.27:404][  0]LogTemp: Display: Loaded TP AndroidTargetPlatform
[2018.07.30-21.47.27:404][  0]LogTemp: Display: Loaded TP AndroidTargetPlatform
[2018.07.30-21.47.27:404][  0]LogTemp: Display: Loaded TP AndroidTargetPlatform
[2018.07.30-21.47.27:404][  0]LogTemp: Display: Loaded TP AndroidTargetPlatform
[2018.07.30-21.47.27:404][  0]LogTemp: Display: Loaded TP AndroidTargetPlatform
[2018.07.30-21.47.27:411][  0]LogTemp: Display: Loaded TP HTML5TargetPlatform
[2018.07.30-21.47.27:488][  0]LogTemp: Display: Loaded TP IOSTargetPlatform
[2018.07.30-21.47.27:488][  0]LogTemp: Display: Loaded TP IOSTargetPlatform
[2018.07.30-21.47.27:510][  0]LogTemp: Display: Loaded TP TVOSTargetPlatform
[2018.07.30-21.47.27:510][  0]LogTemp: Display: Loaded TP TVOSTargetPlatform
[2018.07.30-21.47.27:523][  0]LogTemp: Display: Loaded TP LinuxClientTargetPlatform
[2018.07.30-21.47.27:535][  0]LogTemp: Display: Loaded TP LinuxNoEditorTargetPlatform
[2018.07.30-21.47.27:547][  0]LogTemp: Display: Loaded TP LinuxServerTargetPlatform
[2018.07.30-21.47.27:561][  0]LogTemp: Display: Loaded TP LinuxTargetPlatform
[2018.07.30-21.47.27:570][  0]LogTemp: Display: Loaded TP LuminTargetPlatform
[2018.07.30-21.47.27:570][  0]LogTargetPlatformManager: Display: Building Assets For Windows
[2018.07.30-21.47.27:684][  0]LogXGEController: Cleaning working directory: C:/Users/ames/AppData/Local/Temp/UnrealXGEWorkingDir/
[2018.07.30-21.47.27:685][  0]LogXGEController: Cannot use XGE Controller as Incredibuild is not installed on this machine.
[2018.07.30-21.47.27:685][  0]LogShaderCompilers: Cannot use XGE Shader Compiler as Incredibuild is not installed on this machine.
[2018.07.30-21.47.27:685][  0]LogShaderCompilers: Display: Using Local Shader Compiler.
[2018.07.30-21.47.29:587][  0]LogDerivedDataCache: Display: Max Cache Size: 512 MB
[2018.07.30-21.47.30:350][  0]LogDerivedDataCache: Loaded boot cache 0.76s 71MB C:/Users/ames/AppData/Local/UnrealEngine/4.20/DerivedDataCache/Boot.ddc.
[2018.07.30-21.47.30:352][  0]LogDerivedDataCache: Display: Loaded Boot cache: C:/Users/ames/AppData/Local/UnrealEngine/4.20/DerivedDataCache/Boot.ddc
[2018.07.30-21.47.30:352][  0]LogDerivedDataCache: FDerivedDataBackendGraph:  Pak pak cache file ../../../../../../Users/ames/Desktop/CS205-Fingureblaster/V0.02/CS205/DerivedDataCache/DDC.ddp not found, will not use a pak cache.
[2018.07.30-21.47.30:352][  0]LogDerivedDataCache: Unable to find inner node Pak for hierarchical cache Hierarchy.
[2018.07.30-21.47.30:353][  0]LogDerivedDataCache: FDerivedDataBackendGraph:  CompressedPak pak cache file ../../../../../../Users/ames/Desktop/CS205-Fingureblaster/V0.02/CS205/DerivedDataCache/Compressed.ddp not found, will not use a pak cache.
[2018.07.30-21.47.30:353][  0]LogDerivedDataCache: Unable to find inner node CompressedPak for hierarchical cache Hierarchy.
[2018.07.30-21.47.30:401][  0]LogDerivedDataCache: Display: Pak cache opened for reading ../../../Engine/DerivedDataCache/Compressed.ddp.
[2018.07.30-21.47.30:417][  0]LogDerivedDataCache: Using Local data cache path C:/Users/ames/AppData/Local/UnrealEngine/Common/DerivedDataCache: Writable
[2018.07.30-21.47.30:417][  0]LogDerivedDataCache: Shared data cache path not found in *engine.ini, will not use an Shared cache.
[2018.07.30-21.47.30:417][  0]LogDerivedDataCache: Unable to find inner node Shared for hierarchical cache Hierarchy.
[2018.07.30-21.47.30:452][  0]LogMaterial: Verifying Global Shaders for PCD3D_SM5
[2018.07.30-21.47.30:460][  0]LogSlate: Using FreeType 2.6.0
[2018.07.30-21.47.30:467][  0]LogSlate: SlateFontServices - WITH_FREETYPE: 1, WITH_HARFBUZZ: 1
[2018.07.30-21.47.30:819][  0]LogAssetRegistry: FAssetRegistry took 0.0322 seconds to start up
[2018.07.30-21.47.31:186][  0]LogInit: Selected Device Profile: [Windows]
[2018.07.30-21.47.31:396][  0]LogSimplygon: Simplygon DLL not present - disabling.
[2018.07.30-21.47.31:414][  0]LogMeshReduction: Using SimplygonSwarm for distributed automatic mesh merging
[2018.07.30-21.47.31:414][  0]LogMeshReduction: Using ProxyLODMeshReduction for automatic mesh merging
[2018.07.30-21.47.31:414][  0]LogMeshReduction: Using QuadricMeshReduction for automatic static mesh reduction
[2018.07.30-21.47.31:414][  0]LogMeshReduction: No automatic skeletal mesh reduction module available
[2018.07.30-21.47.31:469][  0]LogNetVersion: CS205 1.0.0, NetCL: 4212847, EngineNetVer: 5, GameNetVer: 0 (Checksum: 3832072326)
[2018.07.30-21.47.32:329][  0]LogPackageLocalizationCache: Processed 11 localized package path(s) for 2 prioritized culture(s) in 0.095494 seconds
[2018.07.30-21.47.32:336][  0]LogUObjectArray: 38425 objects as part of root set at end of initial load.
[2018.07.30-21.47.32:336][  0]LogUObjectAllocator: 6690864 out of 0 bytes used by permanent object pool.
[2018.07.30-21.47.32:336][  0]LogUObjectArray: CloseDisregardForGC: 0/0 objects in disregard for GC pool
[2018.07.30-21.47.34:721][  0]LogTcpMessaging: Initializing TcpMessaging bridge
[2018.07.30-21.47.34:738][  0]LogUdpMessaging: Initializing bridge on interface 0.0.0.0:0 to multicast group 230.0.0.1:6666.
[2018.07.30-21.47.35:051][  0]SourceControl: Source control is disabled
[2018.07.30-21.47.35:051][  0]SourceControl: Source control is disabled
[2018.07.30-21.47.35:070][  0]SourceControl: Source control is disabled
[2018.07.30-21.47.35:077][  0]SourceControl: Source control is disabled
[2018.07.30-21.47.35:496][  0]LogAndroidPermission: UAndroidPermissionCallbackProxy::GetInstance
[2018.07.30-21.47.35:569][  0]LogOcInput: OculusInput pre-init called
[2018.07.30-21.47.35:701][  0]LogEngine: Initializing Engine...
[2018.07.30-21.47.35:703][  0]LogHMD: Failed to initialize OpenVR with code 110
[2018.07.30-21.47.35:706][  0]LogStats: UGameplayTagsManager::ConstructGameplayTagTree: ImportINI prefixes -  0.001 s
[2018.07.30-21.47.35:706][  0]LogStats: UGameplayTagsManager::ConstructGameplayTagTree: Construct from data asset -  0.000 s
[2018.07.30-21.47.35:706][  0]LogStats: UGameplayTagsManager::ConstructGameplayTagTree: ImportINI -  0.000 s
[2018.07.30-21.47.35:706][  0]LogStats: UGameplayTagsManager::ConstructGameplayTagTree: GameplayTagTreeChangedEvent.Broadcast -  0.000 s
[2018.07.30-21.47.35:901][  0]LogInit: Initializing FReadOnlyCVARCache
[2018.07.30-21.47.35:944][  0]LogAIModule: Creating AISystem for world Untitled
[2018.07.30-21.47.35:978][  0]LogInit: XAudio2 using 'Realtek Digital Output (Realtek High Definition Audio)' : 2 channels at 48 kHz using 16 bits per sample (channel mask 0x3)
[2018.07.30-21.47.36:039][  0]LogInit: FAudioDevice initialized.
[2018.07.30-21.47.36:039][  0]LogNetVersion: Set ProjectVersion to 1.0.0.0. Version Checksum will be recalculated on next use.
[2018.07.30-21.47.36:127][  0]LogDerivedDataCache: Saved boot cache 0.09s 71MB C:/Users/ames/AppData/Local/UnrealEngine/4.20/DerivedDataCache/Boot.ddc.
[2018.07.30-21.47.36:133][  0]LogInit: Texture streaming: Enabled
[2018.07.30-21.47.36:166][  0]LogEngineSessionManager: EngineSessionManager initialized
[2018.07.30-21.47.36:188][  0]LogInit: Transaction tracking system initialized
[2018.07.30-21.47.36:252][  0]BlueprintLog: New page: Editor Load
[2018.07.30-21.47.36:569][  0]LocalizationService: Localization service is disabled
[2018.07.30-21.47.37:219][  0]LogCook: Display: Max memory allowance for cook 16384mb min free memory 0mb
[2018.07.30-21.47.37:219][  0]LogCook: Display: Mobile HDR setting 1
[2018.07.30-21.47.37:219][  0]LogGameplayTags: Display: UGameplayTagsManager::DoneAddingNativeTags. DelegateIsBound: 0
[2018.07.30-21.47.37:219][  0]LogStats: UGameplayTagsManager::ConstructGameplayTagTree: ImportINI prefixes -  0.000 s
[2018.07.30-21.47.37:219][  0]LogStats: UGameplayTagsManager::ConstructGameplayTagTree: Construct from data asset -  0.000 s
[2018.07.30-21.47.37:219][  0]LogStats: UGameplayTagsManager::ConstructGameplayTagTree: ImportINI -  0.000 s
[2018.07.30-21.47.37:219][  0]LogStats: UGameplayTagsManager::ConstructGameplayTagTree: GameplayTagTreeChangedEvent.Broadcast -  0.000 s
[2018.07.30-21.47.37:494][  0]LogFileCache: Scanning file cache for directory 'C:/Users/ames/Desktop/CS205-Fingureblaster/V0.02/CS205/Content/' took 0.01s
[2018.07.30-21.47.37:494][  0]SourceControl: Source control is disabled
[2018.07.30-21.47.37:495][  0]Cmd: MAP LOAD FILE="../../../../../../Users/ames/Desktop/CS205-Fingureblaster/V0.02/CS205/Content/FirstPersonBP/Maps/FirstPersonExampleMap.umap" TEMPLATE=0 SHOWPROGRESS=1 FEATURELEVEL=3
[2018.07.30-21.47.37:497][  0]LightingResults: New page: Lighting Build
[2018.07.30-21.47.37:505][  0]MapCheck: New page: Map Check
[2018.07.30-21.47.37:505][  0]LightingResults: New page: Lighting Build
[2018.07.30-21.47.39:310][  0]LogTexture: Display: Building textures: HQ_Lightmap0_5 (AutoDXT, 64X64)
[2018.07.30-21.47.39:310][  0]LogTexture: Display: Building textures: LQ_Lightmap_0_1 (DXT1, 2048X2048)
[2018.07.30-21.47.39:310][  0]LogTexture: Display: Building textures: HQ_Lightmap0_1 (AutoDXT, 2048X2048)
[2018.07.30-21.47.39:310][  0]LogTexture: Display: Building textures: HQ_Lightmap0_4 (AutoDXT, 2048X2048)
[2018.07.30-21.47.39:310][  0]LogTexture: Display: Building textures: LQ_Lightmap_0_2 (DXT1, 2048X2048)
[2018.07.30-21.47.39:311][  0]LogTexture: Display: Building textures: HQ_Lightmap0_2 (AutoDXT, 2048X2048)
[2018.07.30-21.47.39:311][  0]LogTexture: Display: Building textures: HQ_Lightmap0_3 (AutoDXT, 2048X2048)
[2018.07.30-21.47.39:311][  0]LogTexture: Display: Building textures: LQ_Lightmap_0_3 (DXT1, 2048X2048)
[2018.07.30-21.47.39:311][  0]LogTexture: Display: Building textures: LQ_Lightmap_0_4 (DXT1, 2048X2048)
[2018.07.30-21.47.39:311][  0]LogTexture: Display: Building textures: LQ_Lightmap_0_5 (DXT1, 64X64)
[2018.07.30-21.47.39:311][  0]LogTexture: Display: Building textures: SkyOcclusion0_1 (AutoDXT, 2048X1024)
[2018.07.30-21.47.39:311][  0]LogTexture: Display: Building textures: SkyOcclusion0_2 (AutoDXT, 2048X1024)
[2018.07.30-21.47.39:311][  0]LogTexture: Display: Building textures: SkyOcclusion0_3 (AutoDXT, 2048X1024)
[2018.07.30-21.47.39:311][  0]LogTexture: Display: Building textures: SkyOcclusion0_4 (AutoDXT, 2048X1024)
[2018.07.30-21.47.39:311][  0]LogTexture: Display: Building textures: SkyOcclusion0_5 (AutoDXT, 64X32)
[2018.07.30-21.47.39:889][  0]LogAIModule: Creating AISystem for world FirstPersonExampleMap
[2018.07.30-21.47.39:946][  0]LogEditorServer: Finished looking for orphan Actors (0.000 secs)
[2018.07.30-21.47.39:973][  0]Cmd: MAP CHECKDEP NOCLEARLOG
[2018.07.30-21.47.40:143][  0]MapCheck: Map check complete: 0 Error(s), 0 Warning(s), took 168.86ms to complete.
[2018.07.30-21.47.40:143][  0]LogFileHelpers: Loading map 'FirstPersonExampleMap' took 2.633
[2018.07.30-21.47.40:336][  0]LogSlate: Updating window title bar state: overlay mode, drag disabled, window buttons hidden, title bar hidden
[2018.07.30-21.47.40:345][  0]LogSlate: Updating window title bar state: overlay mode, drag disabled, window buttons hidden, title bar hidden
[2018.07.30-21.47.40:351][  0]LogSlate: Updating window title bar state: overlay mode, drag disabled, window buttons hidden, title bar hidden
[2018.07.30-21.47.40:356][  0]LogSlate: Updating window title bar state: overlay mode, drag disabled, window buttons hidden, title bar hidden
[2018.07.30-21.47.40:370][  0]LogCollectionManager: Loaded 0 collections in 0.001269 seconds
[2018.07.30-21.47.40:452][  0]LogFileCache: Scanning file cache for directory 'C:/Users/ames/Desktop/CS205-Fingureblaster/V0.02/CS205/Saved/Collections/' took 0.01s
[2018.07.30-21.47.40:452][  0]LogFileCache: Scanning file cache for directory 'C:/Users/ames/Desktop/CS205-Fingureblaster/V0.02/CS205/Content/Developers/ames/Collections/' took 0.01s
[2018.07.30-21.47.40:453][  0]LogFileCache: Scanning file cache for directory 'C:/Users/ames/Desktop/CS205-Fingureblaster/V0.02/CS205/Content/Collections/' took 0.01s
[2018.07.30-21.47.40:453][  0]LogCollectionManager: Rebuilt the GUID cache for 0 collections in 0.000001 seconds
[2018.07.30-21.47.40:472][  0]LogContentBrowser: Native class hierarchy populated in 0.0168 seconds. Added 2572 classes and 603 folders.
[2018.07.30-21.47.40:488][  0]LogContentBrowser: Native class hierarchy updated for 'WidgetCarousel' in 0.0003 seconds. Added 0 classes and 0 folders.
[2018.07.30-21.47.40:605][  0]LogContentBrowser: Native class hierarchy updated for 'AddContentDialog' in 0.0004 seconds. Added 0 classes and 0 folders.
[2018.07.30-21.47.40:622][  0]LogContentBrowser: Native class hierarchy updated for 'SceneOutliner' in 0.0004 seconds. Added 1 classes and 2 folders.
[2018.07.30-21.47.41:719][  0]LogSlate: Only BGRA pngs, bmps or icos are supported in by External Image Picker
[2018.07.30-21.47.41:791][  0]LogTemp: Executing iPhonePackager certificates Engine -bundlename com.YourCompany.CS205
[2018.07.30-21.47.41:791][  0]LogTemp: CWD: C:\Program Files\Epic Games\UE_4.20\Engine\Binaries\DotNET\IOS
[2018.07.30-21.47.41:791][  0]LogTemp: Initial Dir: C:\Program Files\Epic Games\UE_4.20
[2018.07.30-21.47.41:791][  0]LogTemp: Env CWD: C:\Program Files\Epic Games\UE_4.20\Engine\Binaries\DotNET\IOS
[2018.07.30-21.47.41:791][  0]LogTemp: BranchPath = A02065/C/Program Files/Epic Games/UE_4.20/Engine/Binaries --- GameBranchPath = A02065/C/Program Files/Epic Games/UE_4.20/Engine/Binaries
[2018.07.30-21.47.41:792][  0]LogContentBrowser: Native class hierarchy updated for 'HierarchicalLODOutliner' in 0.0003 seconds. Added 0 classes and 0 folders.
[2018.07.30-21.47.41:792][  0]LogLoad: (Engine Initialization) Total time: 22.30 seconds
[2018.07.30-21.47.41:792][  0]LogLoad: (Engine Initialization) Total Blueprint compile time: 0.00 seconds
[2018.07.30-21.47.41:802][  0]LogWindowsTextInputMethodSystem: Display: IME system now deactivated.
[2018.07.30-21.47.41:810][  0]LogTemp: IPP ERROR: Could not find provision directory 'C:\Users\ames\AppData\Local/Apple Computer/MobileDevice/Provisioning Profiles/'.
[2018.07.30-21.47.41:837][  0]LogContentStreaming: Texture pool size now 3000 MB
[2018.07.30-21.47.41:841][  0]LogSlate: Took 0.001647 seconds to synchronously load lazily loaded font '../../../Engine/Content/Slate/Fonts/Roboto-Regular.ttf' (155K)
[2018.07.30-21.47.41:844][  0]LogSlate: Took 0.001693 seconds to synchronously load lazily loaded font '../../../Engine/Content/Slate/Fonts/Roboto-Bold.ttf' (160K)
[2018.07.30-21.47.41:850][  0]LogRenderer: Reallocating scene render targets to support 64x64 Format 10 NumSamples 1 (Frame:1).
[2018.07.30-21.47.41:850][  0]LogSlate: Took 0.001640 seconds to synchronously load lazily loaded font '../../../Engine/Content/Editor/Slate/Fonts/FontAwesome.ttf' (139K)
[2018.07.30-21.47.41:963][  0]LogRenderer: Reallocating scene render targets to support 1100x520 Format 10 NumSamples 1 (Frame:1).
[2018.07.30-21.47.41:963][  0]LogSlate: Took 0.001687 seconds to synchronously load lazily loaded font '../../../Engine/Content/Slate/Fonts/Roboto-Light.ttf' (167K)
[2018.07.30-21.47.42:019][  1]LogAssetRegistry: Asset discovery search completed in 11.1647 seconds
[2018.07.30-21.47.42:021][  1]LogCollectionManager: Rebuilt the object cache for 0 collections in 0.000000 seconds (found 0 objects)
[2018.07.30-21.47.42:021][  1]LogCollectionManager: Fixed up redirectors for 0 collections in 0.000053 seconds (updated 0 objects)
[2018.07.30-21.47.42:828][ 93]LogSlate: Took 0.000241 seconds to synchronously load lazily loaded font '../../../Engine/Content/Slate/Fonts/Roboto-Light.ttf' (167K)
[2018.07.30-21.47.45:922][459]LogSlate: FSceneViewport::OnFocusLost() reason 0
[2018.07.30-21.47.46:215][476]LogAssetEditorManager: Opening Asset editor for WidgetBlueprint /Game/UI/MainMenu/MainMenu.MainMenu
[2018.07.30-21.47.46:600][476]LogContentBrowser: Native class hierarchy updated for 'BlueprintGraph' in 0.0005 seconds. Added 116 classes and 0 folders.
[2018.07.30-21.47.47:294][476]LogSlate: Took 0.002062 seconds to synchronously load lazily loaded font '../../../Engine/Content/Slate/Fonts/Roboto-BoldCondensed.ttf' (158K)
[2018.07.30-21.47.50:828][891]LogTemp: Repeating last play command: Standalone Game
[2018.07.30-21.48.09:046][950]LogAIModule: Creating AISystem for world MainMenu
[2018.07.30-21.48.09:048][950]LogAssetEditorManager: Opening Asset editor for World /Game/Map/MainMenu.MainMenu
[2018.07.30-21.48.09:077][950]Cmd: MAP LOAD FILE="../../../../../../Users/ames/Desktop/CS205-Fingureblaster/V0.02/CS205/Content/Map/MainMenu.umap" TEMPLATE=0 SHOWPROGRESS=1 FEATURELEVEL=3
[2018.07.30-21.48.09:077][950]LightingResults: New page: Lighting Build
[2018.07.30-21.48.09:077][950]LoadErrors: New page: Loading map: MainMenu.umap
[2018.07.30-21.48.09:078][950]MapCheck: New page: Map Check
[2018.07.30-21.48.09:078][950]LightingResults: New page: Lighting Build
[2018.07.30-21.48.09:161][950]LogEditorServer: Finished looking for orphan Actors (0.000 secs)
[2018.07.30-21.48.09:200][950]Cmd: MAP CHECKDEP NOCLEARLOG
[2018.07.30-21.48.09:375][950]MapCheck: Map check complete: 0 Error(s), 0 Warning(s), took 173.823ms to complete.
[2018.07.30-21.48.09:376][950]LogFileHelpers: Loading map 'MainMenu' took 0.299
[2018.07.30-21.48.11:463][194]MapCheck: New page: Map Check
[2018.07.30-21.48.11:475][194]Cmd: MAP REBUILD ALLVISIBLE
[2018.07.30-21.48.11:475][194]LogEditorServer: Rebuildmap Clear paths rebuilt
[2018.07.30-21.48.11:571][194]TextureStreamingBuild: Display: Build Texture Streaming took 0.005 seconds.
[2018.07.30-21.48.11:596][194]LightingResults: New page: Lighting Build - 31/07/2018 9:48:11 pm
[2018.07.30-21.48.11:650][194]LogSwarmInterface: [OpenConnection] Registering TCP channel ...
[2018.07.30-21.48.11:712][194]LogSwarmInterface: [OpenConnection] Connecting to agent ...
[2018.07.30-21.48.11:728][194]LogSwarmInterface: [TryOpenConnection] Testing the Agent
[2018.07.30-21.48.12:275][194]LogSwarmInterface: [TryOpenConnection] Opening Connection to Agent
[2018.07.30-21.48.12:275][194]LogSwarmInterface: [TryOpenConnection] Local Process ID is 13288
[2018.07.30-21.48.15:187][194]LogStaticLightingSystem: Warning: No importance volume found, so the scene bounding box was used.  You can optimize your scene's quality and lighting build times by adding importance volumes.
[2018.07.30-21.48.15:187][194]LogStaticLightingSystem: Running Lightmass w/ ImmediateImport mode ENABLED
[2018.07.30-21.48.15:187][194]LogStaticLightingSystem: Running Lightmass w/ ImmediateProcess mode ENABLED
[2018.07.30-21.48.15:187][194]LogStaticLightingSystem: Running Lightmass w/ Sorting mode ENABLED
[2018.07.30-21.48.15:187][194]LogStaticLightingSystem: Running Lightmass w/ Mapping paddings ENABLED
[2018.07.30-21.48.15:187][194]LogStaticLightingSystem: Running Lightmass w/ Mapping debug paddings DISABLED
[2018.07.30-21.48.15:455][194]Cmd: MAP CHECK DONTDISPLAYDIALOG
[2018.07.30-21.48.15:455][194]MapCheck: New page: MainMenu - 31/07/2018 9:48:15 pm
[2018.07.30-21.48.15:641][194]MapCheck: Map check complete: 0 Error(s), 0 Warning(s), took 185.233ms to complete.
[2018.07.30-21.48.15:664][194]LogEditorBuildUtils: Build time 0:04
[2018.07.30-21.48.17:072][265]Job is a success!
[2018.07.30-21.48.17:120][267]LogVolumetricLightmapImport: Imported Volumetric Lightmap in 0.012s
[2018.07.30-21.48.17:120][267]LogVolumetricLightmapImport:      Indirection Texture 16x16x16 = 0.0Mb
[2018.07.30-21.48.17:120][267]LogVolumetricLightmapImport:      BrickData 5x5x5 = 0.0Mb
[2018.07.30-21.48.17:120][267]LogVolumetricLightmapImport:      Bricks at Level
[2018.07.30-21.48.17:120][267]LogVolumetricLightmapImport:          0: 100.0% covering 100.0% of volume
[2018.07.30-21.48.17:120][267]LogVolumetricLightmapImport:          1: 0.0% covering 0.0% of volume
[2018.07.30-21.48.17:120][267]LogVolumetricLightmapImport:          2: 0.0% covering 0.0% of volume
[2018.07.30-21.48.17:164][267]Lightmass on A02065: 804 ms total, 71 ms importing, 2 ms setup, 388 ms photons, 282 ms processing, 0 ms extra exporting [0/0 mappings]. Threads: 1.81 sec total, 0 ms processing.
[2018.07.30-21.48.17:197][267]LogStaticLightingSystem: Illumination: 5.55 sec (0 ms encoding lightmaps, 0 ms encoding shadowmaps)
[2018.07.30-21.48.17:197][267]LogStaticLightingSystem: Lightmap texture memory:  0.0 MB (0.0 MB streaming, 0.0 MB non-streaming), 0 textures
[2018.07.30-21.48.17:197][267]LogStaticLightingSystem: Shadowmap texture memory: 0.0 MB (0.0 MB streaming, 0.0 MB non-streaming), 0 textures
[2018.07.30-21.48.18:208][267]DumpUnbuiltLightIteractions
[2018.07.30-21.48.18:208][267]Lights with unbuilt interactions: 0
[2018.07.30-21.48.18:208][267]
[2018.07.30-21.48.18:208][267]Primitives with unbuilt interactions: 0
[2018.07.30-21.48.18:279][268]Cmd: MAP CHECK NOTIFYRESULTS
[2018.07.30-21.48.18:280][268]MapCheck: New page: MainMenu - 31/07/2018 9:48:18 pm
[2018.07.30-21.48.18:456][268]MapCheck: Map check complete: 0 Error(s), 0 Warning(s), took 175.215ms to complete.
[2018.07.30-21.48.22:766][781]LogTemp: Repeating last play command: Standalone Game
[2018.07.30-21.48.24:455][781]LogSlate: Window 'Save Content' being destroyed
[2018.07.30-21.48.24:643][781]Cmd: OBJ SAVEPACKAGE PACKAGE="/Game/Map/MainMenu" FILE="../../../../../../Users/ames/Desktop/CS205-Fingureblaster/V0.02/CS205/Content/Map/MainMenu.umap" SILENT=true AUTOSAVING=false KEEPDIRTY=false
[2018.07.30-21.48.24:772][781]LogSavePackage: Moving '../../../../../../Users/ames/Desktop/CS205-Fingureblaster/V0.02/CS205/Saved/MainMenuC114BA1448A7AC146C486BBF03F6DD6E.tmp' to '../../../../../../Users/ames/Desktop/CS205-Fingureblaster/V0.02/CS205/Content/Map/MainMenu.umap'
[2018.07.30-21.48.24:789][781]LogFileHelpers: Saving map 'MainMenu' took 0.314
[2018.07.30-21.48.24:792][781]Cmd: OBJ SAVEPACKAGE PACKAGE="/Game/Map/MainMenu_BuiltData" FILE="../../../../../../Users/ames/Desktop/CS205-Fingureblaster/V0.02/CS205/Content/Map/MainMenu_BuiltData.uasset" SILENT=true
[2018.07.30-21.48.24:806][781]LogSavePackage: Moving '../../../../../../Users/ames/Desktop/CS205-Fingureblaster/V0.02/CS205/Saved/MainMenu_BuiltDataB0228C4543A2619515C690B3F615A64B.tmp' to '../../../../../../Users/ames/Desktop/CS205-Fingureblaster/V0.02/CS205/Content/Map/MainMenu_BuiltData.uasset'
[2018.07.30-21.48.43:970][533]LogRenderer: Reallocating scene render targets to support 1208x552 Format 10 NumSamples 1 (Frame:1219).
[2018.07.30-21.49.20:749][906]LogAssetEditorManager: Opening Asset editor for Blueprint /Game/Blueprints/Gamemode/GameplayGM.GameplayGM
[2018.07.30-21.49.24:886][361]LogSlate: Window 'GameplayGM' being destroyed
[2018.07.30-21.49.24:889][361]LogSlate: Window 'GameplayGM' being destroyed
[2018.07.30-21.49.32:629][282]LogAssetEditorManager: Opening Asset editor for Blueprint /Game/Blueprints/AllLevels/Gameinstance.Gameinstance
[2018.07.30-21.49.32:995][283]LogSlate: Took 0.001686 seconds to synchronously load lazily loaded font '../../../Engine/Content/Slate/Fonts/Roboto-Italic.ttf' (157K)
[2018.07.30-21.49.51:831][513]LogAssetEditorManager: Opening Asset editor for Blueprint /Game/Blueprints/Gamemode/GameplayGM.GameplayGM
[2018.07.30-21.49.53:374][670]LogSlate: Window 'GameplayGM' being destroyed
[2018.07.30-21.49.53:438][670]LogAssetEditorManager: Opening Asset editor for Blueprint /Game/Blueprints/Gamemode/GameplayGM.GameplayGM
[2018.07.30-21.49.56:714][ 29]LogSlate: Window 'GameplayGM' being destroyed
[2018.07.30-21.49.56:717][ 29]LogSlate: Window 'GameplayGM' being destroyed
[2018.07.30-21.49.57:725][138]LogAssetEditorManager: Opening Asset editor for Blueprint /Game/Blueprints/Gamemode/GameplayPC.GameplayPC
[2018.07.30-21.49.59:908][368]LogSlate: Window 'GameplayPC' being destroyed
[2018.07.30-21.49.59:969][368]LogAssetEditorManager: Opening Asset editor for Blueprint /Game/Blueprints/Gamemode/GameplayPC.GameplayPC
[2018.07.30-21.50.01:411][503]LogSlate: Window 'GameplayPC' being destroyed
[2018.07.30-21.50.01:414][503]LogSlate: Window 'GameplayPC' being destroyed
[2018.07.30-21.50.04:045][810]LogAssetEditorManager: Opening Asset editor for Blueprint /Game/Blueprints/Lobby/LobbyGM.LobbyGM
[2018.07.30-21.50.06:213][ 42]LogSlate: Window 'LobbyGM' being destroyed
[2018.07.30-21.50.06:274][ 42]LogAssetEditorManager: Opening Asset editor for Blueprint /Game/Blueprints/Lobby/LobbyGM.LobbyGM
[2018.07.30-21.50.07:639][171]LogAssetEditorManager: Opening Asset editor for Blueprint /Game/Blueprints/Lobby/LobbyPC.LobbyPC
[2018.07.30-21.50.09:398][341]LogAssetEditorManager: Opening Asset editor for Blueprint /Game/Blueprints/Lobby/LobbyPC.LobbyPC
[2018.07.30-21.50.11:347][530]LogSlate: Window 'LobbyPC' being destroyed
[2018.07.30-21.50.11:350][530]LogSlate: Window 'LobbyPC' being destroyed
[2018.07.30-21.50.11:409][530]LogActorComponent: UnregisterComponent: (/Engine/Transient.EditorFloorComp) Not registered. Aborting.
[2018.07.30-21.50.17:405][231]LogAssetEditorManager: Opening Asset editor for UserDefinedStruct /Game/Blueprints/AllLevels/PlayerInfo.PlayerInfo
[2018.07.30-21.50.22:828][874]LogAssetEditorManager: Opening Asset editor for Blueprint /Game/Blueprints/AllLevels/Playersavegame.PlayerSavegame
[2018.07.30-21.50.25:110][122]LogSlate: Window 'PlayerSavegame' being destroyed
[2018.07.30-21.50.25:146][122]LogAssetEditorManager: Opening Asset editor for Blueprint /Game/Blueprints/AllLevels/Playersavegame.PlayerSavegame
[2018.07.30-21.50.27:346][359]LogSlate: Window 'PlayerSavegame' being destroyed
[2018.07.30-21.50.27:350][359]LogSlate: Window 'PlayerSavegame' being destroyed
[2018.07.30-21.50.37:712][590]LogAssetEditorManager: Opening Asset editor for WidgetBlueprint /Game/UI/MainMenu/HostMenu.HostMenu
[2018.07.30-21.51.57:110][941]LogSlate: Only BGRA pngs, bmps or icos are supported in by External Image Picker
[2018.07.30-21.51.57:158][942]LogTemp: Executing iPhonePackager certificates Engine -bundlename com.YourCompany.CS205
[2018.07.30-21.51.57:158][942]LogTemp: CWD: C:\Program Files\Epic Games\UE_4.20\Engine\Binaries\DotNET\IOS
[2018.07.30-21.51.57:158][942]LogTemp: Initial Dir: C:\Program Files\Epic Games\UE_4.20
[2018.07.30-21.51.57:158][942]LogTemp: Env CWD: C:\Program Files\Epic Games\UE_4.20\Engine\Binaries\DotNET\IOS
[2018.07.30-21.51.57:158][942]LogTemp: BranchPath = A02065/C/Program Files/Epic Games/UE_4.20/Engine/Binaries --- GameBranchPath = A02065/C/Program Files/Epic Games/UE_4.20/Engine/Binaries
[2018.07.30-21.51.57:171][943]LogTemp: IPP ERROR: Could not find provision directory 'C:\Users\ames\AppData\Local/Apple Computer/MobileDevice/Provisioning Profiles/'.
[2018.07.30-21.52.03:131][656]LogSlate: Prevented a slow task dialog from being summoned while a context menu was open
[2018.07.30-21.52.21:182][740]LogMetaData: Removing '/Game/Blueprints/AllLevels/GameIntsta.GameIntsta_C' ref from Metadata '/Game/Blueprints/AllLevels/Gameinstance.PackageMetaData'
[2018.07.30-21.52.21:182][740]LogMetaData: Removing '/Game/Blueprints/AllLevels/GameIntsta.GameIntsta:DisplayErrorMessage.K2Node_Tunnel_0' ref from Metadata '/Game/Blueprints/AllLevels/Gameinstance.PackageMetaData'
[2018.07.30-21.52.21:182][740]LogMetaData: Removing '/Game/Blueprints/AllLevels/GameIntsta.GameIntsta:DisplayErrorMessage.K2Node_Tunnel_1' ref from Metadata '/Game/Blueprints/AllLevels/Gameinstance.PackageMetaData'
[2018.07.30-21.52.21:182][740]LogMetaData: Removing '/Game/Blueprints/AllLevels/GameIntsta.GameIntsta:TravelErrorToString.K2Node_FunctionResult_0' ref from Metadata '/Game/Blueprints/AllLevels/Gameinstance.PackageMetaData'
[2018.07.30-21.52.21:182][740]LogMetaData: Removing '/Game/Blueprints/AllLevels/GameIntsta.GameIntsta:NetErrorToString.K2Node_FunctionResult_0' ref from Metadata '/Game/Blueprints/AllLevels/Gameinstance.PackageMetaData'
[2018.07.30-21.52.21:182][740]LogMetaData: Removing '/Game/Blueprints/AllLevels/GameIntsta.GameIntsta:TravelErrorToString.K2Node_FunctionEntry_0' ref from Metadata '/Game/Blueprints/AllLevels/Gameinstance.PackageMetaData'
[2018.07.30-21.52.21:182][740]LogMetaData: Removing '/Game/Blueprints/AllLevels/GameIntsta.GameIntsta:NetErrorToString.K2Node_FunctionEntry_0' ref from Metadata '/Game/Blueprints/AllLevels/Gameinstance.PackageMetaData'
[2018.07.30-21.52.21:182][740]LogMetaData: Removing '/Game/Blueprints/AllLevels/GameIntsta.SKEL_GameIntsta_C' ref from Metadata '/Game/Blueprints/AllLevels/Gameinstance.PackageMetaData'
[2018.07.30-21.52.21:203][740]Cmd: OBJ SAVEPACKAGE PACKAGE="/Game/Blueprints/AllLevels/GameIntsta" FILE="../../../../../../Users/ames/Desktop/CS205-Fingureblaster/V0.02/CS205/Content/Blueprints/AllLevels/GameIntsta.uasset" SILENT=true
[2018.07.30-21.52.21:261][740]LogSavePackage: Moving '../../../../../../Users/ames/Desktop/CS205-Fingureblaster/V0.02/CS205/Saved/GameIntstaA34B48CD4AB056CF1C0C1FA5E857C92A.tmp' to '../../../../../../Users/ames/Desktop/CS205-Fingureblaster/V0.02/CS205/Content/Blueprints/AllLevels/GameIntsta.uasset'
[2018.07.30-21.52.21:281][740]LogSavePackage: Moving '../../../../../../Users/ames/Desktop/CS205-Fingureblaster/V0.02/CS205/Saved/Gameinstance73A9E1894D5E4B8FADC674A4C2ADD7E9.tmp' to '../../../../../../Users/ames/Desktop/CS205-Fingureblaster/V0.02/CS205/Content/Blueprints/AllLevels/Gameinstance.uasset'
[2018.07.30-21.52.24:931][173]Cmd: OBJ SAVEPACKAGE PACKAGE="/Game/Map/MainMenu" FILE="../../../../../../Users/ames/Desktop/CS205-Fingureblaster/V0.02/CS205/Content/Map/MainMenu.umap" SILENT=true AUTOSAVING=false KEEPDIRTY=false
[2018.07.30-21.52.25:061][173]LogSavePackage: Moving '../../../../../../Users/ames/Desktop/CS205-Fingureblaster/V0.02/CS205/Saved/MainMenuCEAEE8F94B48075F28A0DCA201134887.tmp' to '../../../../../../Users/ames/Desktop/CS205-Fingureblaster/V0.02/CS205/Content/Map/MainMenu.umap'
[2018.07.30-21.52.25:080][173]Cmd: OBJ SAVEPACKAGE PACKAGE="/Game/Map/MainMenu_BuiltData" FILE="../../../../../../Users/ames/Desktop/CS205-Fingureblaster/V0.02/CS205/Content/Map/MainMenu_BuiltData.uasset" SILENT=true
[2018.07.30-21.52.25:093][173]LogSavePackage: Moving '../../../../../../Users/ames/Desktop/CS205-Fingureblaster/V0.02/CS205/Saved/MainMenu_BuiltData17EF522E4B42E614B619EAA142653D12.tmp' to '../../../../../../Users/ames/Desktop/CS205-Fingureblaster/V0.02/CS205/Content/Map/MainMenu_BuiltData.uasset'
[2018.07.30-21.52.26:820][376]BlueprintLog: New page: Compile MainMenu
[2018.07.30-21.52.27:528][453]Cmd: OBJ SAVEPACKAGE PACKAGE="/Game/UI/MainMenu/MainMenu" FILE="../../../../../../Users/ames/Desktop/CS205-Fingureblaster/V0.02/CS205/Content/UI/MainMenu/MainMenu.uasset" SILENT=true
[2018.07.30-21.52.27:562][453]LogSavePackage: Moving '../../../../../../Users/ames/Desktop/CS205-Fingureblaster/V0.02/CS205/Saved/MainMenu6E21387B4E9063F3D5349A99BD316895.tmp' to '../../../../../../Users/ames/Desktop/CS205-Fingureblaster/V0.02/CS205/Content/UI/MainMenu/MainMenu.uasset'
[2018.07.30-21.52.29:595][695]LogSlate: Prevented a slow task dialog from being summoned while a context menu was open
[2018.07.30-21.52.39:979][920]LogAIModule: Creating AISystem for world FirstPersonExampleMap
[2018.07.30-21.52.50:451][166]LogTemp: Repeating last play command: Standalone Game
[2018.07.30-21.52.52:027][166]LogSlate: Window 'Save Content' being destroyed
[2018.07.30-21.52.52:043][166]Cmd: OBJ SAVEPACKAGE PACKAGE="/Game/UI/MainMenu/CreditsMenu" FILE="../../../../../../Users/ames/Desktop/CS205-Fingureblaster/V0.02/CS205/Content/UI/MainMenu/CreditsMenu.uasset" SILENT=true
[2018.07.30-21.52.52:069][166]LogSavePackage: Moving '../../../../../../Users/ames/Desktop/CS205-Fingureblaster/V0.02/CS205/Saved/CreditsMenuB2ED15B948D20C19DCFB7EB2494A505A.tmp' to '../../../../../../Users/ames/Desktop/CS205-Fingureblaster/V0.02/CS205/Content/UI/MainMenu/CreditsMenu.uasset'
[2018.07.30-21.52.52:075][166]Cmd: OBJ SAVEPACKAGE PACKAGE="/Game/UI/MainMenu/HostMenu" FILE="../../../../../../Users/ames/Desktop/CS205-Fingureblaster/V0.02/CS205/Content/UI/MainMenu/HostMenu.uasset" SILENT=true
[2018.07.30-21.52.52:132][166]LogSavePackage: Moving '../../../../../../Users/ames/Desktop/CS205-Fingureblaster/V0.02/CS205/Saved/HostMenu01A60BBE4E347EF397E48A992737B052.tmp' to '../../../../../../Users/ames/Desktop/CS205-Fingureblaster/V0.02/CS205/Content/UI/MainMenu/HostMenu.uasset'
[2018.07.30-21.52.52:138][166]Cmd: OBJ SAVEPACKAGE PACKAGE="/Game/UI/MainMenu/OptionsMenu" FILE="../../../../../../Users/ames/Desktop/CS205-Fingureblaster/V0.02/CS205/Content/UI/MainMenu/OptionsMenu.uasset" SILENT=true
[2018.07.30-21.52.52:187][166]LogSavePackage: Moving '../../../../../../Users/ames/Desktop/CS205-Fingureblaster/V0.02/CS205/Saved/OptionsMenuC796C7EA4EF32D8EA55ECF8A4F709BEC.tmp' to '../../../../../../Users/ames/Desktop/CS205-Fingureblaster/V0.02/CS205/Content/UI/MainMenu/OptionsMenu.uasset'
[2018.07.30-21.53.53:517][567]LogTemp: Repeating last play command: Standalone Game
[2018.07.30-21.53.54:942][733]LogTemp: Repeating last play command: Standalone Game
[2018.07.30-21.54.12:210][997]LogTemp: Repeating last play command: Standalone Game
[2018.07.30-21.54.12:968][ 82]LogTemp: Repeating last play command: Standalone Game
[2018.07.30-21.54.34:453][419]LogTemp: Repeating last play command: Standalone Game
[2018.07.30-21.55.06:553][732]LogTemp: Repeating last play command: Standalone Game
[2018.07.30-21.55.34:385][ 65]Cmd: OBJ SAVEPACKAGE PACKAGE="/Game/Map/MainMenu" FILE="../../../../../../Users/ames/Desktop/CS205-Fingureblaster/V0.02/CS205/Content/Map/MainMenu.umap" SILENT=true AUTOSAVING=false KEEPDIRTY=false
[2018.07.30-21.55.34:516][ 65]LogSavePackage: Moving '../../../../../../Users/ames/Desktop/CS205-Fingureblaster/V0.02/CS205/Saved/MainMenuD9109DB844659DE95090D1804631D991.tmp' to '../../../../../../Users/ames/Desktop/CS205-Fingureblaster/V0.02/CS205/Content/Map/MainMenu.umap'
[2018.07.30-21.55.34:535][ 65]Cmd: OBJ SAVEPACKAGE PACKAGE="/Game/Map/MainMenu_BuiltData" FILE="../../../../../../Users/ames/Desktop/CS205-Fingureblaster/V0.02/CS205/Content/Map/MainMenu_BuiltData.uasset" SILENT=true
[2018.07.30-21.55.34:550][ 65]LogSavePackage: Moving '../../../../../../Users/ames/Desktop/CS205-Fingureblaster/V0.02/CS205/Saved/MainMenu_BuiltData764E0A844E84C51B404C748B1588BBE2.tmp' to '../../../../../../Users/ames/Desktop/CS205-Fingureblaster/V0.02/CS205/Content/Map/MainMenu_BuiltData.uasset'
[2018.07.30-21.55.35:081][127]Cmd: OBJ SAVEPACKAGE PACKAGE="/Game/Map/MainMenu" FILE="../../../../../../Users/ames/Desktop/CS205-Fingureblaster/V0.02/CS205/Content/Map/MainMenu.umap" SILENT=true AUTOSAVING=false KEEPDIRTY=false
[2018.07.30-21.55.35:210][127]LogSavePackage: Moving '../../../../../../Users/ames/Desktop/CS205-Fingureblaster/V0.02/CS205/Saved/MainMenuA4FA1FE44EE1D160AF6D8EB102B69B86.tmp' to '../../../../../../Users/ames/Desktop/CS205-Fingureblaster/V0.02/CS205/Content/Map/MainMenu.umap'
[2018.07.30-21.55.35:229][127]Cmd: OBJ SAVEPACKAGE PACKAGE="/Game/Map/MainMenu_BuiltData" FILE="../../../../../../Users/ames/Desktop/CS205-Fingureblaster/V0.02/CS205/Content/Map/MainMenu_BuiltData.uasset" SILENT=true
[2018.07.30-21.55.35:243][127]LogSavePackage: Moving '../../../../../../Users/ames/Desktop/CS205-Fingureblaster/V0.02/CS205/Saved/MainMenu_BuiltDataBB03C10A4950948AC1740BA00098B298.tmp' to '../../../../../../Users/ames/Desktop/CS205-Fingureblaster/V0.02/CS205/Content/Map/MainMenu_BuiltData.uasset'
[2018.07.30-21.55.43:176][309]LogSlate: Window 'CS205 - Unreal Editor' being destroyed
[2018.07.30-21.55.43:371][310]Cmd: QUIT_EDITOR
[2018.07.30-21.55.43:450][310]LogWindowsTextInputMethodSystem: Display: IME system now deactivated.
[2018.07.30-21.55.43:477][310]LogExit: Preparing to exit.
[2018.07.30-21.55.44:647][310]LogExit: Editor shut down
[2018.07.30-21.55.44:647][310]LogExit: Transaction tracking system shut down
[2018.07.30-21.55.45:500][310]LogExit: Object subsystem successfully closed.
[2018.07.30-21.55.45:529][310]LogShaderCompilers: Display: Shaders left to compile 0
[2018.07.30-21.55.45:534][310]LogD3D11RHI: Shutdown
[2018.07.30-21.55.45:534][310]LogD3D11RHI: CleanupD3DDevice
[2018.07.30-21.55.45:537][310]LogD3D11RHI: ~FD3D11DynamicRHI
[2018.07.30-21.55.45:620][310]LogModuleManager: Shutting down and abandoning module HierarchicalLODUtilities (618)
[2018.07.30-21.55.45:620][310]LogModuleManager: Shutting down and abandoning module SequencerWidgets (616)
[2018.07.30-21.55.45:620][310]LogModuleManager: Shutting down and abandoning module BlueprintGraph (614)
[2018.07.30-21.55.45:620][310]LogModuleManager: Shutting down and abandoning module HierarchicalLODOutliner (612)
[2018.07.30-21.55.45:620][310]LogModuleManager: Shutting down and abandoning module ExternalImagePicker (610)
[2018.07.30-21.55.45:620][310]LogModuleManager: Shutting down and abandoning module SceneOutliner (608)
[2018.07.30-21.55.45:620][310]LogModuleManager: Shutting down and abandoning module AddContentDialog (606)
[2018.07.30-21.55.45:620][310]LogModuleManager: Shutting down and abandoning module WidgetCarousel (605)
[2018.07.30-21.55.45:620][310]LogModuleManager: Shutting down and abandoning module EditorWidgets (602)
[2018.07.30-21.55.45:620][310]LogModuleManager: Shutting down and abandoning module CollectionManager (600)
[2018.07.30-21.55.45:621][310]LogModuleManager: Shutting down and abandoning module StatsViewer (598)
[2018.07.30-21.55.45:621][310]LogModuleManager: Shutting down and abandoning module FoliageEdit (596)
[2018.07.30-21.55.45:621][310]LogModuleManager: Shutting down and abandoning module LandscapeEditor (594)
[2018.07.30-21.55.45:622][310]LogModuleManager: Shutting down and abandoning module MeshPaintMode (592)
[2018.07.30-21.55.45:622][310]LogModuleManager: Shutting down and abandoning module SceneDepthPickerMode (590)
[2018.07.30-21.55.45:622][310]LogModuleManager: Shutting down and abandoning module ActorPickerMode (588)
[2018.07.30-21.55.45:622][310]LogModuleManager: Shutting down and abandoning module GeometryMode (586)
[2018.07.30-21.55.45:622][310]LogModuleManager: Shutting down and abandoning module TextureAlignMode (584)
[2018.07.30-21.55.45:622][310]LogModuleManager: Shutting down and abandoning module BspMode (582)
[2018.07.30-21.55.45:622][310]LogModuleManager: Shutting down and abandoning module PIEPreviewDeviceProfileSelector (580)
[2018.07.30-21.55.45:622][310]LogModuleManager: Shutting down and abandoning module SequenceRecorderSections (578)
[2018.07.30-21.55.45:622][310]LogModuleManager: Shutting down and abandoning module AutomationWorker (576)
[2018.07.30-21.55.45:622][310]LogModuleManager: Shutting down and abandoning module AudioCaptureEditor (574)
[2018.07.30-21.55.45:622][310]LogModuleManager: Shutting down and abandoning module SequenceRecorder (573)
[2018.07.30-21.55.45:622][310]LogModuleManager: Shutting down and abandoning module MatineeToLevelSequence (570)
[2018.07.30-21.55.45:622][310]LogModuleManager: Shutting down and abandoning module LevelSequenceEditor (568)
[2018.07.30-21.55.45:622][310]LogModuleManager: Shutting down and abandoning module PlacementMode (567)
[2018.07.30-21.55.45:622][310]LogModuleManager: Shutting down and abandoning module MaterialEditor (566)
[2018.07.30-21.55.45:623][310]LogModuleManager: Shutting down and abandoning module WmfMediaFactory (562)
[2018.07.30-21.55.45:623][310]LogModuleManager: Shutting down and abandoning module WmfMediaEditor (560)
[2018.07.30-21.55.45:623][310]LogModuleManager: Shutting down and abandoning module MediaPlayerEditor (558)
[2018.07.30-21.55.45:624][310]LogModuleManager: Shutting down and abandoning module OpenExrWrapper (556)
[2018.07.30-21.55.45:624][310]LogModuleManager: Shutting down and abandoning module ImgMediaFactory (554)
[2018.07.30-21.55.45:624][310]LogModuleManager: Shutting down and abandoning module ImgMediaEditor (552)
[2018.07.30-21.55.45:624][310]LogModuleManager: Shutting down and abandoning module AvfMediaFactory (550)
[2018.07.30-21.55.45:624][310]LogModuleManager: Shutting down and abandoning module AvfMediaEditor (548)
[2018.07.30-21.55.45:624][310]LogModuleManager: Shutting down and abandoning module AndroidMediaFactory (546)
[2018.07.30-21.55.45:624][310]LogModuleManager: Shutting down and abandoning module AndroidMediaEditor (544)
[2018.07.30-21.55.45:624][310]LogModuleManager: Shutting down and abandoning module MagicLeapCameraPreviewFactory (542)
[2018.07.30-21.55.45:624][310]LogModuleManager: Shutting down and abandoning module MagicLeapMediaFactory (540)
[2018.07.30-21.55.45:624][310]LogModuleManager: Shutting down and abandoning module MagicLeapMediaEditor (538)
[2018.07.30-21.55.45:624][310]LogModuleManager: Shutting down and abandoning module CharacterAI (536)
[2018.07.30-21.55.45:624][310]LogModuleManager: Shutting down and abandoning module SmartSnapping (534)
[2018.07.30-21.55.45:624][310]LogModuleManager: Shutting down and abandoning module SessionServices (532)
[2018.07.30-21.55.45:624][310]LogModuleManager: Shutting down and abandoning module ViewportSnapping (530)
[2018.07.30-21.55.45:624][310]LogModuleManager: Shutting down and abandoning module ViewportInteraction (528)
[2018.07.30-21.55.45:624][310]LogModuleManager: Shutting down and abandoning module ClothPainter (526)
[2018.07.30-21.55.45:624][310]LogModuleManager: Shutting down and abandoning module SkeletalMeshEditor (525)
[2018.07.30-21.55.45:626][310]LogModuleManager: Shutting down and abandoning module LogVisualizer (522)
[2018.07.30-21.55.45:626][310]LogModuleManager: Shutting down and abandoning module IntroTutorials (520)
[2018.07.30-21.55.45:626][310]LogModuleManager: Shutting down and abandoning module GameProjectGeneration (519)
[2018.07.30-21.55.45:626][310]LogModuleManager: Shutting down and abandoning module LuminPlatformEditor (516)
[2018.07.30-21.55.45:626][310]LogModuleManager: Shutting down and abandoning module IOSPlatformEditor (514)
[2018.07.30-21.55.45:626][310]LogModuleManager: Shutting down and abandoning module HTML5PlatformEditor (512)
[2018.07.30-21.55.45:626][310]LogModuleManager: Shutting down and abandoning module AndroidPlatformEditor (510)
[2018.07.30-21.55.45:626][310]LogModuleManager: Shutting down and abandoning module AndroidDeviceDetection (509)
[2018.07.30-21.55.46:707][310]LogModuleManager: Shutting down and abandoning module WindowsPlatformEditor (506)
[2018.07.30-21.55.46:707][310]LogModuleManager: Shutting down and abandoning module LuminRuntimeSettings (504)
[2018.07.30-21.55.46:707][310]LogModuleManager: Shutting down and abandoning module IOSRuntimeSettings (502)
[2018.07.30-21.55.46:707][310]LogModuleManager: Shutting down and abandoning module AndroidRuntimeSettings (500)
[2018.07.30-21.55.46:707][310]LogModuleManager: Shutting down and abandoning module InputBindingEditor (498)
[2018.07.30-21.55.46:709][310]LogModuleManager: Shutting down and abandoning module MergeActors (496)
[2018.07.30-21.55.46:709][310]LogModuleManager: Shutting down and abandoning module LocalizationDashboard (494)
[2018.07.30-21.55.46:710][310]LogModuleManager: Shutting down and abandoning module LocalizationService (493)
[2018.07.30-21.55.46:710][310]LogModuleManager: Shutting down and abandoning module HardwareTargeting (490)
[2018.07.30-21.55.46:710][310]LogModuleManager: Shutting down and abandoning module DeviceProfileEditor (488)
[2018.07.30-21.55.46:710][310]LogModuleManager: Shutting down and abandoning module UndoHistory (486)
[2018.07.30-21.55.46:710][310]LogModuleManager: Shutting down and abandoning module XmlParser (484)
[2018.07.30-21.55.46:710][310]LogModuleManager: Shutting down and abandoning module Blutility (482)
[2018.07.30-21.55.46:710][310]LogModuleManager: Shutting down and abandoning module ProjectSettingsViewer (480)
[2018.07.30-21.55.46:710][310]LogModuleManager: Shutting down and abandoning module ProjectTargetPlatformEditor (479)
[2018.07.30-21.55.46:711][310]LogModuleManager: Shutting down and abandoning module EditorSettingsViewer (476)
[2018.07.30-21.55.46:711][310]LogModuleManager: Shutting down and abandoning module SettingsEditor (474)
[2018.07.30-21.55.46:711][310]LogModuleManager: Shutting down and abandoning module ProjectLauncher (472)
[2018.07.30-21.55.46:712][310]LogModuleManager: Shutting down and abandoning module SessionFrontend (470)
[2018.07.30-21.55.46:712][310]LogModuleManager: Shutting down and abandoning module ProfilerClient (468)
[2018.07.30-21.55.46:712][310]LogModuleManager: Shutting down and abandoning module DeviceManager (466)
[2018.07.30-21.55.46:713][310]LogModuleManager: Shutting down and abandoning module TargetDeviceServices (465)
[2018.07.30-21.55.46:767][310]LogModuleManager: Shutting down and abandoning module AutomationController (462)
[2018.07.30-21.55.46:767][310]LogModuleManager: Shutting down and abandoning module AutomationWindow (460)
[2018.07.30-21.55.46:768][310]LogModuleManager: Shutting down and abandoning module Layers (458)
[2018.07.30-21.55.46:771][310]LogModuleManager: Shutting down and abandoning module ComponentVisualizers (456)
[2018.07.30-21.55.46:771][310]LogModuleManager: Shutting down and abandoning module DetailCustomizations (454)
[2018.07.30-21.55.46:771][310]LogModuleManager: Shutting down and abandoning module PackagesDialog (452)
[2018.07.30-21.55.46:771][310]LogModuleManager: Shutting down and abandoning module Persona (450)
[2018.07.30-21.55.46:772][310]LogModuleManager: Shutting down and abandoning module AdvancedPreviewScene (449)
[2018.07.30-21.55.46:773][310]LogModuleManager: Shutting down and abandoning module AnimGraph (447)
[2018.07.30-21.55.46:773][310]LogModuleManager: Shutting down and abandoning module Kismet (444)
[2018.07.30-21.55.46:786][310]LogModuleManager: Shutting down and abandoning module GraphEditor (442)
[2018.07.30-21.55.46:786][310]LogModuleManager: Shutting down and abandoning module ClassViewer (440)
[2018.07.30-21.55.46:790][310]LogModuleManager: Shutting down and abandoning module Toolbox (438)
[2018.07.30-21.55.46:790][310]LogModuleManager: Shutting down and abandoning module ModuleUI (436)
[2018.07.30-21.55.46:790][310]LogModuleManager: Shutting down and abandoning module MovieSceneTools (434)
[2018.07.30-21.55.46:791][310]LogModuleManager: Shutting down and abandoning module OutputLog (432)
[2018.07.30-21.55.46:791][310]LogModuleManager: Shutting down and abandoning module GammaUI (430)
[2018.07.30-21.55.46:791][310]LogModuleManager: Shutting down and abandoning module Documentation (428)
[2018.07.30-21.55.46:792][310]LogModuleManager: Shutting down and abandoning module MovieSceneTracks (426)
[2018.07.30-21.55.46:792][310]LogModuleManager: Shutting down and abandoning module MovieScene (424)
[2018.07.30-21.55.46:792][310]LogModuleManager: Shutting down and abandoning module StreamingPauseRendering (422)
[2018.07.30-21.55.46:792][310]LogModuleManager: Shutting down and abandoning module LauncherPlatform (420)
[2018.07.30-21.55.46:792][310]LogModuleManager: Shutting down and abandoning module AnalyticsET (418)
[2018.07.30-21.55.46:792][310]LogModuleManager: Shutting down and abandoning module PortalServices (416)
[2018.07.30-21.55.46:792][310]LogModuleManager: Shutting down and abandoning module PortalRpc (414)
[2018.07.30-21.55.46:793][310]LogModuleManager: Shutting down and abandoning module MessagingRpc (412)
[2018.07.30-21.55.46:793][310]LogModuleManager: Shutting down and abandoning module AIModule (410)
[2018.07.30-21.55.46:793][310]LogModuleManager: Shutting down and abandoning module GameplayDebugger (409)
[2018.07.30-21.55.46:793][310]LogModuleManager: Shutting down and abandoning module AITestSuite (407)
[2018.07.30-21.55.46:793][310]LogModuleManager: Shutting down and abandoning module NavigationSystem (405)
[2018.07.30-21.55.46:793][310]LogModuleManager: Shutting down and abandoning module DesktopPlatform (402)
[2018.07.30-21.55.46:793][310]LogModuleManager: Shutting down and abandoning module ProfilerService (400)
[2018.07.30-21.55.46:869][310]LogModuleManager: Shutting down and abandoning module TaskGraph (398)
[2018.07.30-21.55.46:869][310]LogModuleManager: Shutting down and abandoning module SteamVRController (396)
[2018.07.30-21.55.46:869][310]LogModuleManager: Shutting down and abandoning module ProceduralMeshComponentEditor (394)
[2018.07.30-21.55.46:869][310]LogModuleManager: Shutting down and abandoning module ProceduralMeshComponent (392)
[2018.07.30-21.55.46:870][310]LogModuleManager: Shutting down and abandoning module OculusInput (390)
[2018.07.30-21.55.46:870][310]LogModuleManager: Shutting down and abandoning module MobilePatchingUtils (388)
[2018.07.30-21.55.46:870][310]LogModuleManager: Shutting down and abandoning module EditableMesh (386)
[2018.07.30-21.55.46:870][310]LogModuleManager: Shutting down and abandoning module CustomMeshComponent (384)
[2018.07.30-21.55.46:870][310]LogModuleManager: Shutting down and abandoning module CableComponent (382)
[2018.07.30-21.55.46:870][310]LogModuleManager: Shutting down and abandoning module AudioCapture (380)
[2018.07.30-21.55.46:870][310]LogModuleManager: Shutting down and abandoning module ArchVisCharacter (378)
[2018.07.30-21.55.46:870][310]LogModuleManager: Shutting down and abandoning module AndroidPermission (376)
[2018.07.30-21.55.46:870][310]LogModuleManager: Shutting down and abandoning module NUTUnrealEngine4 (374)
[2018.07.30-21.55.46:870][310]LogModuleManager: Shutting down and abandoning module NetcodeUnitTest (372)
[2018.07.30-21.55.46:870][310]LogModuleManager: Shutting down and abandoning module MediaCompositingEditor (370)
[2018.07.30-21.55.46:870][310]LogModuleManager: Shutting down and abandoning module MediaCompositing (368)
[2018.07.30-21.55.46:870][310]LogModuleManager: Shutting down and abandoning module LinearTimecode (366)
[2018.07.30-21.55.46:871][310]LogModuleManager: Shutting down and abandoning module ImgMedia (364)
[2018.07.30-21.55.46:881][310]LogModuleManager: Shutting down and abandoning module HTML5Networking (362)
[2018.07.30-21.55.46:881][310]LogModuleManager: Shutting down and abandoning module GeometryCacheTracks (360)
[2018.07.30-21.55.46:881][310]LogModuleManager: Shutting down and abandoning module GeometryCacheSequencer (358)
[2018.07.30-21.55.46:881][310]LogModuleManager: Shutting down and abandoning module BackChannel (356)
[2018.07.30-21.55.46:881][310]LogModuleManager: Shutting down and abandoning module AppleVision (354)
[2018.07.30-21.55.46:881][310]LogModuleManager: Shutting down and abandoning module AppleImageUtils (352)
[2018.07.30-21.55.46:882][310]LogModuleManager: Shutting down and abandoning module AlembicImporter (350)
[2018.07.30-21.55.46:882][310]LogModuleManager: Shutting down and abandoning module AlembicLibrary (349)
[2018.07.30-21.55.46:882][310]LogModuleManager: Shutting down and abandoning module GeometryCache (348)
[2018.07.30-21.55.46:882][310]LogModuleManager: Shutting down and abandoning module GeometryCacheEd (347)
[2018.07.30-21.55.46:882][310]LogModuleManager: Shutting down and abandoning module DatasmithContentEditor (342)
[2018.07.30-21.55.46:882][310]LogModuleManager: Shutting down and abandoning module DatasmithContent (340)
[2018.07.30-21.55.46:883][310]LogModuleManager: Shutting down and abandoning module SpeedTreeImporter (338)
[2018.07.30-21.55.46:883][310]LogModuleManager: Shutting down and abandoning module PluginBrowser (336)
[2018.07.30-21.55.46:884][310]LogModuleManager: Shutting down and abandoning module MobileLauncherProfileWizard (334)
[2018.07.30-21.55.46:884][310]LogModuleManager: Shutting down and abandoning module PolygonModeling (332)
[2018.07.30-21.55.46:884][310]LogModuleManager: Shutting down and abandoning module MeshEditor (330)
[2018.07.30-21.55.46:884][310]LogModuleManager: Shutting down and abandoning module CryptoKeysOpenSSL (328)
[2018.07.30-21.55.46:885][310]LogModuleManager: Shutting down and abandoning module CryptoKeys (326)
[2018.07.30-21.55.46:885][310]LogModuleManager: Shutting down and abandoning module VisualStudioSourceCodeAccess (324)
[2018.07.30-21.55.46:885][310]LogModuleManager: Shutting down and abandoning module VisualStudioCodeSourceCodeAccess (322)
[2018.07.30-21.55.46:885][310]LogModuleManager: Shutting down and abandoning module UObjectPlugin (320)
[2018.07.30-21.55.46:885][310]LogModuleManager: Shutting down and abandoning module SubversionSourceControl (318)
[2018.07.30-21.55.46:885][310]LogModuleManager: Shutting down and abandoning module PerforceSourceControl (316)
[2018.07.30-21.55.46:885][310]LogModuleManager: Shutting down and abandoning module GitSourceControl (314)
[2018.07.30-21.55.46:885][310]LogModuleManager: Shutting down and abandoning module SourceControl (313)
[2018.07.30-21.55.46:886][310]LogModuleManager: Shutting down and abandoning module CLionSourceCodeAccess (310)
[2018.07.30-21.55.46:886][310]LogModuleManager: Shutting down and abandoning module LightPropagationVolumeEditor (308)
[2018.07.30-21.55.46:886][310]LogModuleManager: Shutting down and abandoning module PaperTiledImporter (306)
[2018.07.30-21.55.46:886][310]LogModuleManager: Shutting down and abandoning module PaperSpriteSheetImporter (304)
[2018.07.30-21.55.46:886][310]LogModuleManager: Shutting down and abandoning module Paper2DEditor (302)
[2018.07.30-21.55.46:887][310]LogModuleManager: Shutting down and abandoning module MeshPaint (301)
[2018.07.30-21.55.46:887][310]LogModuleManager: Shutting down and abandoning module RuntimePhysXCooking (298)
[2018.07.30-21.55.46:887][310]LogModuleManager: Shutting down and abandoning module PhysXVehiclesEditor (296)
[2018.07.30-21.55.46:887][310]LogModuleManager: Shutting down and abandoning module PhysXVehicles (294)
[2018.07.30-21.55.46:887][310]LogModuleManager: Shutting down and abandoning module OculusEditor (292)
[2018.07.30-21.55.46:887][310]LogModuleManager: Shutting down and abandoning module LocationServicesBPLibrary (290)
[2018.07.30-21.55.46:887][310]LogModuleManager: Shutting down and abandoning module ImmediatePhysicsEditor (288)
[2018.07.30-21.55.46:887][310]LogModuleManager: Shutting down and abandoning module ImmediatePhysics (286)
[2018.07.30-21.55.46:887][310]LogModuleManager: Shutting down and abandoning module ActorSequence (284)
[2018.07.30-21.55.46:888][310]LogModuleManager: Shutting down and abandoning module UdpMessaging (282)
[2018.07.30-21.55.46:989][310]LogModuleManager: Shutting down and abandoning module TcpMessaging (280)
[2018.07.30-21.55.47:089][310]LogModuleManager: Shutting down and abandoning module MagicLeapAudio (278)
[2018.07.30-21.55.47:089][310]LogModuleManager: Shutting down and abandoning module GameplayTagsEditor (276)
[2018.07.30-21.55.47:089][310]LogModuleManager: Shutting down and abandoning module FacialAnimationEditor (274)
[2018.07.30-21.55.47:089][310]LogModuleManager: Shutting down and abandoning module FacialAnimation (272)
[2018.07.30-21.55.47:089][310]LogModuleManager: Shutting down and abandoning module DataValidation (270)
[2018.07.30-21.55.47:089][310]LogModuleManager: Shutting down and abandoning module AssetManagerEditor (268)
[2018.07.30-21.55.47:089][310]LogModuleManager: Shutting down and abandoning module LevelEditor (267)
[2018.07.30-21.55.47:091][310]LogModuleManager: Shutting down and abandoning module PixelInspectorModule (266)
[2018.07.30-21.55.47:092][310]LogModuleManager: Shutting down and abandoning module CommonMenuExtensions (264)
[2018.07.30-21.55.47:092][310]LogModuleManager: Shutting down and abandoning module MainFrame (262)
[2018.07.30-21.55.47:092][310]LogModuleManager: Shutting down and abandoning module HotReload (261)
[2018.07.30-21.55.47:094][310]LogModuleManager: Shutting down and abandoning module ContentBrowser (257)
[2018.07.30-21.55.47:097][310]LogModuleManager: Shutting down and abandoning module TreeMap (255)
[2018.07.30-21.55.47:097][310]LogModuleManager: Shutting down and abandoning module LightPropagationVolumeRuntime (252)
[2018.07.30-21.55.47:097][310]LogModuleManager: Shutting down and abandoning module AISupportModule (250)
[2018.07.30-21.55.47:097][310]LogModuleManager: Shutting down and abandoning module Paper2D (248)
[2018.07.30-21.55.47:097][310]LogModuleManager: Shutting down and abandoning module WindowsMoviePlayer (246)
[2018.07.30-21.55.47:097][310]LogModuleManager: Shutting down and abandoning module WmfMedia (244)
[2018.07.30-21.55.47:101][310]LogModuleManager: Shutting down and abandoning module Media (243)
[2018.07.30-21.55.47:108][310]LogModuleManager: Shutting down and abandoning module PacketHandler (240)
[2018.07.30-21.55.47:108][310]LogModuleManager: Shutting down and abandoning module ClothingSystemEditor (238)
[2018.07.30-21.55.47:108][310]LogModuleManager: Shutting down and abandoning module ClothingSystemRuntime (236)
[2018.07.30-21.55.47:109][310]LogModuleManager: Shutting down and abandoning module MediaAssets (234)
[2018.07.30-21.55.47:109][310]LogModuleManager: Shutting down and abandoning module Overlay (232)
[2018.07.30-21.55.47:109][310]LogModuleManager: Shutting down and abandoning module OverlayEditor (231)
[2018.07.30-21.55.47:109][310]LogModuleManager: Shutting down and abandoning module VREditor (228)
[2018.07.30-21.55.47:109][310]LogModuleManager: Shutting down and abandoning module StringTableEditor (226)
[2018.07.30-21.55.47:109][310]LogModuleManager: Shutting down and abandoning module GameplayTasksEditor (224)
[2018.07.30-21.55.47:109][310]LogModuleManager: Shutting down and abandoning module BehaviorTreeEditor (222)
[2018.07.30-21.55.47:109][310]LogModuleManager: Shutting down and abandoning module FunctionalTesting (220)
[2018.07.30-21.55.47:109][310]LogModuleManager: Shutting down and abandoning module CollisionAnalyzer (218)
[2018.07.30-21.55.47:109][310]LogModuleManager: Shutting down and abandoning module WorkspaceMenuStructure (217)
[2018.07.30-21.55.47:109][310]LogModuleManager: Shutting down and abandoning module UMG (214)
[2018.07.30-21.55.47:110][310]LogModuleManager: Shutting down and abandoning module UMGEditor (213)
[2018.07.30-21.55.47:110][310]LogModuleManager: Shutting down and abandoning module Sequencer (212)
[2018.07.30-21.55.47:110][310]LogModuleManager: Shutting down and abandoning module MessageLog (209)
[2018.07.30-21.55.47:110][310]LogModuleManager: Shutting down and abandoning module SlateReflector (204)
[2018.07.30-21.55.47:110][310]LogModuleManager: Shutting down and abandoning module Slate (202)
[2018.07.30-21.55.47:110][310]LogModuleManager: Shutting down and abandoning module EditorStyle (200)
[2018.07.30-21.55.47:116][310]LogModuleManager: Shutting down and abandoning module MRMesh (198)
[2018.07.30-21.55.47:116][310]LogModuleManager: Shutting down and abandoning module SourceCodeAccess (196)
[2018.07.30-21.55.47:116][310]LogModuleManager: Shutting down and abandoning module HeadMountedDisplay (194)
[2018.07.30-21.55.47:116][310]LogModuleManager: Shutting down and abandoning module XAudio2 (192)
[2018.07.30-21.55.47:116][310]LogModuleManager: Shutting down and abandoning module Networking (190)
[2018.07.30-21.55.47:116][310]LogModuleManager: Shutting down and abandoning module Core (188)
[2018.07.30-21.55.47:116][310]LogModuleManager: Shutting down and abandoning module LevelSequence (186)
[2018.07.30-21.55.47:117][310]LogModuleManager: Shutting down and abandoning module KismetCompiler (184)
[2018.07.30-21.55.47:117][310]LogModuleManager: Shutting down and abandoning module MeshUtilities (182)
[2018.07.30-21.55.47:117][310]LogModuleManager: Shutting down and abandoning module MeshMergeUtilities (181)
[2018.07.30-21.55.47:117][310]LogModuleManager: Shutting down and abandoning module MeshReductionInterface (180)
[2018.07.30-21.55.47:117][310]LogModuleManager: Shutting down and abandoning module SimplygonSwarm (179)
[2018.07.30-21.55.47:117][310]LogModuleManager: Shutting down and abandoning module ProxyLODMeshReduction (177)
[2018.07.30-21.55.47:117][310]LogModuleManager: Shutting down and abandoning module SimplygonMeshReduction (175)
[2018.07.30-21.55.47:117][310]LogModuleManager: Shutting down and abandoning module QuadricMeshReduction (173)
[2018.07.30-21.55.47:117][310]LogModuleManager: Shutting down and abandoning module MaterialBaking (169)
[2018.07.30-21.55.47:117][310]LogModuleManager: Shutting down and abandoning module DirectoryWatcher (165)
[2018.07.30-21.55.47:118][310]LogModuleManager: Shutting down and abandoning module DerivedDataCache (162)
[2018.07.30-21.55.47:149][310]LogDerivedDataCache: Shutdown
[2018.07.30-21.55.47:149][310]LogModuleManager: Shutting down and abandoning module XGEController (160)
[2018.07.30-21.55.47:149][310]LogXGEController: Cleaning working directory: C:/Users/ames/AppData/Local/Temp/UnrealXGEWorkingDir/
[2018.07.30-21.55.47:150][310]LogModuleManager: Shutting down and abandoning module TargetPlatform (158)
[2018.07.30-21.55.47:150][310]LogModuleManager: Shutting down and abandoning module VulkanShaderFormat (157)
[2018.07.30-21.55.47:150][310]LogModuleManager: Shutting down and abandoning module ShaderFormatVectorVM (155)
[2018.07.30-21.55.47:150][310]LogModuleManager: Shutting down and abandoning module ShaderFormatOpenGL (153)
[2018.07.30-21.55.47:151][310]LogModuleManager: Shutting down and abandoning module ShaderFormatD3D (151)
[2018.07.30-21.55.47:151][310]LogModuleManager: Shutting down and abandoning module MetalShaderFormat (149)
[2018.07.30-21.55.47:151][310]LogModuleManager: Shutting down and abandoning module TextureFormatUncompressed (147)
[2018.07.30-21.55.47:151][310]LogModuleManager: Shutting down and abandoning module TextureFormatPVR (145)
[2018.07.30-21.55.47:151][310]LogModuleManager: Shutting down and abandoning module TextureFormatDXT (143)
[2018.07.30-21.55.47:151][310]LogModuleManager: Shutting down and abandoning module TextureFormatIntelISPCTexComp (141)
[2018.07.30-21.55.47:151][310]LogModuleManager: Shutting down and abandoning module TextureFormatASTC (139)
[2018.07.30-21.55.47:151][310]LogModuleManager: Shutting down and abandoning module ImageWrapper (138)
[2018.07.30-21.55.47:151][310]LogModuleManager: Shutting down and abandoning module TextureFormatAndroid (135)
[2018.07.30-21.55.47:151][310]LogModuleManager: Shutting down and abandoning module AudioFormatOpus (133)
[2018.07.30-21.55.47:152][310]LogModuleManager: Shutting down and abandoning module AudioFormatOgg (131)
[2018.07.30-21.55.47:152][310]LogModuleManager: Shutting down and abandoning module AudioFormatADPCM (129)
[2018.07.30-21.55.47:152][310]LogModuleManager: Shutting down and abandoning module LuminTargetPlatform (127)
[2018.07.30-21.55.47:152][310]LogModuleManager: Shutting down and abandoning module LinuxTargetPlatform (125)
[2018.07.30-21.55.47:152][310]LogModuleManager: Shutting down and abandoning module LinuxServerTargetPlatform (123)
[2018.07.30-21.55.47:152][310]LogModuleManager: Shutting down and abandoning module LinuxNoEditorTargetPlatform (121)
[2018.07.30-21.55.47:152][310]LogModuleManager: Shutting down and abandoning module LinuxClientTargetPlatform (119)
[2018.07.30-21.55.47:152][310]LogModuleManager: Shutting down and abandoning module TVOSTargetPlatform (117)
[2018.07.30-21.55.47:154][310]LogModuleManager: Shutting down and abandoning module Messaging (115)
[2018.07.30-21.55.47:154][310]LogModuleManager: Shutting down and abandoning module IOSTargetPlatform (113)
[2018.07.30-21.55.47:156][310]LogModuleManager: Shutting down and abandoning module HTML5TargetPlatform (111)
[2018.07.30-21.55.47:156][310]LogModuleManager: Shutting down and abandoning module AndroidTargetPlatform (109)
[2018.07.30-21.55.47:173][310]LogModuleManager: Shutting down and abandoning module WindowsTargetPlatform (107)
[2018.07.30-21.55.47:173][310]LogModuleManager: Shutting down and abandoning module WindowsServerTargetPlatform (105)
[2018.07.30-21.55.47:173][310]LogModuleManager: Shutting down and abandoning module WindowsNoEditorTargetPlatform (103)
[2018.07.30-21.55.47:174][310]LogModuleManager: Shutting down and abandoning module WindowsClientTargetPlatform (101)
[2018.07.30-21.55.47:174][310]LogModuleManager: Shutting down and abandoning module MacTargetPlatform (99)
[2018.07.30-21.55.47:174][310]LogModuleManager: Shutting down and abandoning module MacServerTargetPlatform (97)
[2018.07.30-21.55.47:174][310]LogModuleManager: Shutting down and abandoning module MacNoEditorTargetPlatform (95)
[2018.07.30-21.55.47:174][310]LogModuleManager: Shutting down and abandoning module MacClientTargetPlatform (93)
[2018.07.30-21.55.47:174][310]LogModuleManager: Shutting down and abandoning module AllDesktopTargetPlatform (91)
[2018.07.30-21.55.47:174][310]LogModuleManager: Shutting down and abandoning module InputCore (88)
[2018.07.30-21.55.47:174][310]LogModuleManager: Shutting down and abandoning module Settings (86)
[2018.07.30-21.55.47:174][310]LogModuleManager: Shutting down and abandoning module PhysXCooking (84)
[2018.07.30-21.55.47:174][310]LogModuleManager: Shutting down and abandoning module SteamVR (82)
[2018.07.30-21.55.47:175][310]LogModuleManager: Shutting down and abandoning module OculusHMD (80)
[2018.07.30-21.55.47:175][310]LogModuleManager: Shutting down and abandoning module ExampleDeviceProfileSelector (78)
[2018.07.30-21.55.47:175][310]LogModuleManager: Shutting down and abandoning module LauncherChunkInstaller (76)
[2018.07.30-21.55.47:175][310]LogModuleManager: Shutting down and abandoning module OnlineBlueprintSupport (74)
[2018.07.30-21.55.47:175][310]LogModuleManager: Shutting down and abandoning module OnlineSubsystem (70)
[2018.07.30-21.55.47:177][310]LogModuleManager: Shutting down and abandoning module XMPP (65)
[2018.07.30-21.55.47:177][310]LogModuleManager: Shutting down and abandoning module WebSockets (64)
[2018.07.30-21.55.47:201][310]LogModuleManager: Shutting down and abandoning module HTTP (61)
[2018.07.30-21.55.47:201][310]LogHttp: Display: Http module shutting down, but needs to wait on 1 outstanding Http requests:
[2018.07.30-21.55.47:201][310]LogHttp: Display: 	verb=[POST] url=[https://datarouter.ol.epicgames.com/datarouter/api/v1/public/data?SessionID=%7B1371B2D5-4E0C-43A1-FDB5-18843F640BDA%7D&AppID=UEEditor.Rocket.Release&AppVersion=4.20.0-4212847%2B%2B%2BUE4%2BRelease-4.20&UserID=bfb86c0144cdfa8d48051e819cefa2ad%7Cbc15334574d94df5ba3f8e153b4c9d6c%7C6ee1bc56-865b-4470-b12f-446bfea6588d&AppEnvironment=datacollector-binary&UploadType=eteventstream] status=Processing
[2018.07.30-21.55.47:212][310]LogModuleManager: Shutting down and abandoning module SSL (60)
[2018.07.30-21.55.47:216][310]LogModuleManager: Shutting down and abandoning module MagicLeapEmulator (56)
[2018.07.30-21.55.47:216][310]LogModuleManager: Shutting down and abandoning module MagicLeapPrivileges (54)
[2018.07.30-21.55.47:216][310]LogModuleManager: Shutting down and abandoning module MagicLeapIdentity (52)
[2018.07.30-21.55.47:216][310]LogModuleManager: Shutting down and abandoning module MagicLeapHelperVulkan (50)
[2018.07.30-21.55.47:216][310]LogModuleManager: Shutting down and abandoning module MagicLeapHelperOpenGL (48)
[2018.07.30-21.55.47:216][310]LogModuleManager: Shutting down and abandoning module MagicLeapSecureStorage (46)
[2018.07.30-21.55.47:216][310]LogModuleManager: Shutting down and abandoning module MagicLeapGestures (44)
[2018.07.30-21.55.47:216][310]LogModuleManager: Shutting down and abandoning module MagicLeapEyeTracker (42)
[2018.07.30-21.55.47:216][310]LogModuleManager: Shutting down and abandoning module MagicLeapController (40)
[2018.07.30-21.55.47:216][310]LogSlate: Slate User Destroyed.  User Index 0, Is Virtual User: 0
[2018.07.30-21.55.47:217][310]LogModuleManager: Shutting down and abandoning module MagicLeap (38)
[2018.07.30-21.55.47:217][310]LogModuleManager: Shutting down and abandoning module AnimationModifiers (36)
[2018.07.30-21.55.47:217][310]LogModuleManager: Shutting down and abandoning module PropertyEditor (35)
[2018.07.30-21.55.47:217][310]LogModuleManager: Shutting down and abandoning module AudioEditor (32)
[2018.07.30-21.55.47:217][310]LogModuleManager: Shutting down and abandoning module TextureCompressor (30)
[2018.07.30-21.55.47:217][310]LogModuleManager: Shutting down and abandoning module ShaderCore (28)
[2018.07.30-21.55.47:218][310]LogModuleManager: Shutting down and abandoning module Landscape (26)
[2018.07.30-21.55.47:218][310]LogModuleManager: Shutting down and abandoning module SlateRHIRenderer (24)
[2018.07.30-21.55.47:220][310]LogModuleManager: Shutting down and abandoning module OpenGLDrv (22)
[2018.07.30-21.55.47:220][310]LogModuleManager: Shutting down and abandoning module D3D11RHI (20)
[2018.07.30-21.55.47:220][310]LogModuleManager: Shutting down and abandoning module AnimGraphRuntime (18)
[2018.07.30-21.55.47:220][310]LogModuleManager: Shutting down and abandoning module Renderer (16)
[2018.07.30-21.55.47:220][310]LogModuleManager: Shutting down and abandoning module Engine (14)
[2018.07.30-21.55.47:220][310]LogModuleManager: Shutting down and abandoning module CoreUObject (12)
[2018.07.30-21.55.47:220][310]LogModuleManager: Shutting down and abandoning module NetworkFile (10)
[2018.07.30-21.55.47:220][310]LogModuleManager: Shutting down and abandoning module CookedIterativeFile (8)
[2018.07.30-21.55.47:220][310]LogModuleManager: Shutting down and abandoning module StreamingFile (6)
[2018.07.30-21.55.47:220][310]LogModuleManager: Shutting down and abandoning module SandboxFile (4)
[2018.07.30-21.55.47:220][310]LogModuleManager: Shutting down and abandoning module PakFile (2)
[2018.07.30-21.55.47:242][310]LogExit: Exiting.
[2018.07.30-21.55.47:278][310]Log file closed, 07/31/18 09:55:47
